[0.129s] Invoking command in '/home/hgj/arm_ws/build/elite_ec66_moveit_config': CMAKE_PREFIX_PATH=/home/hgj/arm_ws/install/elite_description:/home/hgj/arm_ws/install/elite_ec66_moveit_config:/home/hgj/arm_ws/install/arm_moveit2_config:/home/hgj/arm_ws/install/arm_gripper_moveit2_config:/home/hgj/ros2_ws/install/fishbot_navigation2:/home/hgj/ros2_ws/install/fishbot_cartographer:/home/hgj/ros2_ws/install/elite_ec66_moveit_config:/home/hgj/ros2_ws/install/elite_description:/home/hgj/ros2_ws/install/cartographer_rviz:/home/hgj/ros2_ws/install/cartographer_ros:/home/hgj/ros2_ws/install/cartographer_ros_msgs:/home/hgj/ros2_ws/install/cartographer:/home/hgj/ros_ws/install/ros2_livox_simulation:/home/hgj/ros_ws/install/rm_navigation:/home/hgj/ros_ws/install/rm_decision_interfaces:/home/hgj/ros_ws/install/pointcloud_to_laserscan:/home/hgj/ros_ws/install/pb_rm_simulation:/home/hgj/ros_ws/install/fast_lio:/home/hgj/ros_ws/install/livox_ros_driver2:/home/hgj/ros_ws/install/linefit_ground_segmentation_ros:/home/hgj/ros_ws/install/linefit_ground_segmentation:/home/hgj/ros_ws/install/icp_localization_ros2:/home/hgj/ros2_ws/install/fishbot_description:/home/hgj/ros_ws/install/rm_decision:/opt/ros/humble /usr/bin/cmake /home/hgj/arm_ws/src/elite_robot_ros2/src/elite_moveit2/elite_ec66_moveit_config -DCMAKE_BUILD_TYPE=RelWithDebInfo -DAMENT_CMAKE_SYMLINK_INSTALL=1 -DCMAKE_INSTALL_PREFIX=/home/hgj/arm_ws/install/elite_ec66_moveit_config
[0.143s] -- Found ament_cmake: 1.3.5 (/opt/ros/humble/share/ament_cmake/cmake)
[0.368s] -- Override CMake install command with custom implementation using symlinks instead of copying resources
[0.498s] -- Configuring done
[0.501s] -- Generating done
[0.502s] -- Build files have been written to: /home/hgj/arm_ws/build/elite_ec66_moveit_config
[0.508s] Invoked command in '/home/hgj/arm_ws/build/elite_ec66_moveit_config' returned '0': CMAKE_PREFIX_PATH=/home/hgj/arm_ws/install/elite_description:/home/hgj/arm_ws/install/elite_ec66_moveit_config:/home/hgj/arm_ws/install/arm_moveit2_config:/home/hgj/arm_ws/install/arm_gripper_moveit2_config:/home/hgj/ros2_ws/install/fishbot_navigation2:/home/hgj/ros2_ws/install/fishbot_cartographer:/home/hgj/ros2_ws/install/elite_ec66_moveit_config:/home/hgj/ros2_ws/install/elite_description:/home/hgj/ros2_ws/install/cartographer_rviz:/home/hgj/ros2_ws/install/cartographer_ros:/home/hgj/ros2_ws/install/cartographer_ros_msgs:/home/hgj/ros2_ws/install/cartographer:/home/hgj/ros_ws/install/ros2_livox_simulation:/home/hgj/ros_ws/install/rm_navigation:/home/hgj/ros_ws/install/rm_decision_interfaces:/home/hgj/ros_ws/install/pointcloud_to_laserscan:/home/hgj/ros_ws/install/pb_rm_simulation:/home/hgj/ros_ws/install/fast_lio:/home/hgj/ros_ws/install/livox_ros_driver2:/home/hgj/ros_ws/install/linefit_ground_segmentation_ros:/home/hgj/ros_ws/install/linefit_ground_segmentation:/home/hgj/ros_ws/install/icp_localization_ros2:/home/hgj/ros2_ws/install/fishbot_description:/home/hgj/ros_ws/install/rm_decision:/opt/ros/humble /usr/bin/cmake /home/hgj/arm_ws/src/elite_robot_ros2/src/elite_moveit2/elite_ec66_moveit_config -DCMAKE_BUILD_TYPE=RelWithDebInfo -DAMENT_CMAKE_SYMLINK_INSTALL=1 -DCMAKE_INSTALL_PREFIX=/home/hgj/arm_ws/install/elite_ec66_moveit_config
[0.514s] Invoking command in '/home/hgj/arm_ws/build/elite_ec66_moveit_config': CMAKE_PREFIX_PATH=/home/hgj/arm_ws/install/elite_description:/home/hgj/arm_ws/install/elite_ec66_moveit_config:/home/hgj/arm_ws/install/arm_moveit2_config:/home/hgj/arm_ws/install/arm_gripper_moveit2_config:/home/hgj/ros2_ws/install/fishbot_navigation2:/home/hgj/ros2_ws/install/fishbot_cartographer:/home/hgj/ros2_ws/install/elite_ec66_moveit_config:/home/hgj/ros2_ws/install/elite_description:/home/hgj/ros2_ws/install/cartographer_rviz:/home/hgj/ros2_ws/install/cartographer_ros:/home/hgj/ros2_ws/install/cartographer_ros_msgs:/home/hgj/ros2_ws/install/cartographer:/home/hgj/ros_ws/install/ros2_livox_simulation:/home/hgj/ros_ws/install/rm_navigation:/home/hgj/ros_ws/install/rm_decision_interfaces:/home/hgj/ros_ws/install/pointcloud_to_laserscan:/home/hgj/ros_ws/install/pb_rm_simulation:/home/hgj/ros_ws/install/fast_lio:/home/hgj/ros_ws/install/livox_ros_driver2:/home/hgj/ros_ws/install/linefit_ground_segmentation_ros:/home/hgj/ros_ws/install/linefit_ground_segmentation:/home/hgj/ros_ws/install/icp_localization_ros2:/home/hgj/ros2_ws/install/fishbot_description:/home/hgj/ros_ws/install/rm_decision:/opt/ros/humble /usr/bin/cmake --build /home/hgj/arm_ws/build/elite_ec66_moveit_config -- -j8 -l8
[0.584s] Invoked command in '/home/hgj/arm_ws/build/elite_ec66_moveit_config' returned '0': CMAKE_PREFIX_PATH=/home/hgj/arm_ws/install/elite_description:/home/hgj/arm_ws/install/elite_ec66_moveit_config:/home/hgj/arm_ws/install/arm_moveit2_config:/home/hgj/arm_ws/install/arm_gripper_moveit2_config:/home/hgj/ros2_ws/install/fishbot_navigation2:/home/hgj/ros2_ws/install/fishbot_cartographer:/home/hgj/ros2_ws/install/elite_ec66_moveit_config:/home/hgj/ros2_ws/install/elite_description:/home/hgj/ros2_ws/install/cartographer_rviz:/home/hgj/ros2_ws/install/cartographer_ros:/home/hgj/ros2_ws/install/cartographer_ros_msgs:/home/hgj/ros2_ws/install/cartographer:/home/hgj/ros_ws/install/ros2_livox_simulation:/home/hgj/ros_ws/install/rm_navigation:/home/hgj/ros_ws/install/rm_decision_interfaces:/home/hgj/ros_ws/install/pointcloud_to_laserscan:/home/hgj/ros_ws/install/pb_rm_simulation:/home/hgj/ros_ws/install/fast_lio:/home/hgj/ros_ws/install/livox_ros_driver2:/home/hgj/ros_ws/install/linefit_ground_segmentation_ros:/home/hgj/ros_ws/install/linefit_ground_segmentation:/home/hgj/ros_ws/install/icp_localization_ros2:/home/hgj/ros2_ws/install/fishbot_description:/home/hgj/ros_ws/install/rm_decision:/opt/ros/humble /usr/bin/cmake --build /home/hgj/arm_ws/build/elite_ec66_moveit_config -- -j8 -l8
[0.649s] Invoking command in '/home/hgj/arm_ws/build/elite_ec66_moveit_config': CMAKE_PREFIX_PATH=/home/hgj/arm_ws/install/elite_description:/home/hgj/arm_ws/install/elite_ec66_moveit_config:/home/hgj/arm_ws/install/arm_moveit2_config:/home/hgj/arm_ws/install/arm_gripper_moveit2_config:/home/hgj/ros2_ws/install/fishbot_navigation2:/home/hgj/ros2_ws/install/fishbot_cartographer:/home/hgj/ros2_ws/install/elite_ec66_moveit_config:/home/hgj/ros2_ws/install/elite_description:/home/hgj/ros2_ws/install/cartographer_rviz:/home/hgj/ros2_ws/install/cartographer_ros:/home/hgj/ros2_ws/install/cartographer_ros_msgs:/home/hgj/ros2_ws/install/cartographer:/home/hgj/ros_ws/install/ros2_livox_simulation:/home/hgj/ros_ws/install/rm_navigation:/home/hgj/ros_ws/install/rm_decision_interfaces:/home/hgj/ros_ws/install/pointcloud_to_laserscan:/home/hgj/ros_ws/install/pb_rm_simulation:/home/hgj/ros_ws/install/fast_lio:/home/hgj/ros_ws/install/livox_ros_driver2:/home/hgj/ros_ws/install/linefit_ground_segmentation_ros:/home/hgj/ros_ws/install/linefit_ground_segmentation:/home/hgj/ros_ws/install/icp_localization_ros2:/home/hgj/ros2_ws/install/fishbot_description:/home/hgj/ros_ws/install/rm_decision:/opt/ros/humble /usr/bin/cmake --install /home/hgj/arm_ws/build/elite_ec66_moveit_config
[0.668s] -- Install configuration: "RelWithDebInfo"
[0.669s] -- Execute custom install script
[0.670s] -- Symlinking: /home/hgj/arm_ws/install/elite_ec66_moveit_config/share/ament_index/resource_index/package_run_dependencies/elite_ec66_moveit_config
[0.695s] -- Symlinking: /home/hgj/arm_ws/install/elite_ec66_moveit_config/share/ament_index/resource_index/parent_prefix_path/elite_ec66_moveit_config
[0.717s] -- Symlinking: /home/hgj/arm_ws/install/elite_ec66_moveit_config/share/elite_ec66_moveit_config/environment/ament_prefix_path.sh
[0.734s] -- Symlinking: /home/hgj/arm_ws/install/elite_ec66_moveit_config/share/elite_ec66_moveit_config/environment/ament_prefix_path.dsv
[0.750s] -- Symlinking: /home/hgj/arm_ws/install/elite_ec66_moveit_config/share/elite_ec66_moveit_config/environment/path.sh
[0.778s] -- Symlinking: /home/hgj/arm_ws/install/elite_ec66_moveit_config/share/elite_ec66_moveit_config/environment/path.dsv
[0.803s] -- Symlinking: /home/hgj/arm_ws/install/elite_ec66_moveit_config/share/elite_ec66_moveit_config/local_setup.bash
[0.821s] -- Symlinking: /home/hgj/arm_ws/install/elite_ec66_moveit_config/share/elite_ec66_moveit_config/local_setup.sh
[0.835s] -- Symlinking: /home/hgj/arm_ws/install/elite_ec66_moveit_config/share/elite_ec66_moveit_config/local_setup.zsh
[0.851s] -- Symlinking: /home/hgj/arm_ws/install/elite_ec66_moveit_config/share/elite_ec66_moveit_config/local_setup.dsv
[0.868s] -- Symlinking: /home/hgj/arm_ws/install/elite_ec66_moveit_config/share/elite_ec66_moveit_config/package.dsv
[0.886s] -- Symlinking: /home/hgj/arm_ws/install/elite_ec66_moveit_config/share/ament_index/resource_index/packages/elite_ec66_moveit_config
[0.902s] -- Symlinking: /home/hgj/arm_ws/install/elite_ec66_moveit_config/share/elite_ec66_moveit_config/cmake/elite_ec66_moveit_configConfig.cmake
[0.918s] -- Symlinking: /home/hgj/arm_ws/install/elite_ec66_moveit_config/share/elite_ec66_moveit_config/cmake/elite_ec66_moveit_configConfig-version.cmake
[0.934s] -- Symlinking: /home/hgj/arm_ws/install/elite_ec66_moveit_config/share/elite_ec66_moveit_config/package.xml
[0.952s] -- Symlinking: /home/hgj/arm_ws/install/elite_ec66_moveit_config/share/elite_ec66_moveit_config/launch/demo.launch.py
[0.969s] -- Symlinking: /home/hgj/arm_ws/install/elite_ec66_moveit_config/share/elite_ec66_moveit_config/launch/move_group.launch.py
[0.987s] -- Symlinking: /home/hgj/arm_ws/install/elite_ec66_moveit_config/share/elite_ec66_moveit_config/launch/moveit_rviz.launch.py
[1.004s] -- Symlinking: /home/hgj/arm_ws/install/elite_ec66_moveit_config/share/elite_ec66_moveit_config/launch/rsp.launch.py
[1.025s] -- Symlinking: /home/hgj/arm_ws/install/elite_ec66_moveit_config/share/elite_ec66_moveit_config/launch/setup_assistant.launch.py
[1.042s] -- Symlinking: /home/hgj/arm_ws/install/elite_ec66_moveit_config/share/elite_ec66_moveit_config/launch/spawn_controllers.launch.py
[1.062s] -- Symlinking: /home/hgj/arm_ws/install/elite_ec66_moveit_config/share/elite_ec66_moveit_config/launch/static_virtual_joint_tfs.launch.py
[1.076s] -- Symlinking: /home/hgj/arm_ws/install/elite_ec66_moveit_config/share/elite_ec66_moveit_config/launch/warehouse_db.launch.py
[1.094s] -- Symlinking: /home/hgj/arm_ws/install/elite_ec66_moveit_config/share/elite_ec66_moveit_config/config/bot_arm.urdf
[1.109s] -- Symlinking: /home/hgj/arm_ws/install/elite_ec66_moveit_config/share/elite_ec66_moveit_config/config/ec66.ros2_control.xacro
[1.123s] -- Symlinking: /home/hgj/arm_ws/install/elite_ec66_moveit_config/share/elite_ec66_moveit_config/config/ec66.srdf
[1.136s] -- Symlinking: /home/hgj/arm_ws/install/elite_ec66_moveit_config/share/elite_ec66_moveit_config/config/ec66.urdf.xacro
[1.152s] -- Symlinking: /home/hgj/arm_ws/install/elite_ec66_moveit_config/share/elite_ec66_moveit_config/config/ec66_description.urdf
[1.170s] -- Symlinking: /home/hgj/arm_ws/install/elite_ec66_moveit_config/share/elite_ec66_moveit_config/config/initial_positions.yaml
[1.186s] -- Symlinking: /home/hgj/arm_ws/install/elite_ec66_moveit_config/share/elite_ec66_moveit_config/config/joint_limits.yaml
[1.204s] -- Symlinking: /home/hgj/arm_ws/install/elite_ec66_moveit_config/share/elite_ec66_moveit_config/config/kinematics.yaml
[1.219s] -- Symlinking: /home/hgj/arm_ws/install/elite_ec66_moveit_config/share/elite_ec66_moveit_config/config/moveit.rviz
[1.232s] -- Symlinking: /home/hgj/arm_ws/install/elite_ec66_moveit_config/share/elite_ec66_moveit_config/config/moveit_controllers.yaml
[1.244s] -- Symlinking: /home/hgj/arm_ws/install/elite_ec66_moveit_config/share/elite_ec66_moveit_config/config/pilz_cartesian_limits.yaml
[1.263s] -- Symlinking: /home/hgj/arm_ws/install/elite_ec66_moveit_config/share/elite_ec66_moveit_config/config/ros2_controllers.yaml
[1.280s] -- Symlinking: /home/hgj/arm_ws/install/elite_ec66_moveit_config/share/elite_ec66_moveit_config/.setup_assistant
[1.452s] Invoked command in '/home/hgj/arm_ws/build/elite_ec66_moveit_config' returned '0': CMAKE_PREFIX_PATH=/home/hgj/arm_ws/install/elite_description:/home/hgj/arm_ws/install/elite_ec66_moveit_config:/home/hgj/arm_ws/install/arm_moveit2_config:/home/hgj/arm_ws/install/arm_gripper_moveit2_config:/home/hgj/ros2_ws/install/fishbot_navigation2:/home/hgj/ros2_ws/install/fishbot_cartographer:/home/hgj/ros2_ws/install/elite_ec66_moveit_config:/home/hgj/ros2_ws/install/elite_description:/home/hgj/ros2_ws/install/cartographer_rviz:/home/hgj/ros2_ws/install/cartographer_ros:/home/hgj/ros2_ws/install/cartographer_ros_msgs:/home/hgj/ros2_ws/install/cartographer:/home/hgj/ros_ws/install/ros2_livox_simulation:/home/hgj/ros_ws/install/rm_navigation:/home/hgj/ros_ws/install/rm_decision_interfaces:/home/hgj/ros_ws/install/pointcloud_to_laserscan:/home/hgj/ros_ws/install/pb_rm_simulation:/home/hgj/ros_ws/install/fast_lio:/home/hgj/ros_ws/install/livox_ros_driver2:/home/hgj/ros_ws/install/linefit_ground_segmentation_ros:/home/hgj/ros_ws/install/linefit_ground_segmentation:/home/hgj/ros_ws/install/icp_localization_ros2:/home/hgj/ros2_ws/install/fishbot_description:/home/hgj/ros_ws/install/rm_decision:/opt/ros/humble /usr/bin/cmake --install /home/hgj/arm_ws/build/elite_ec66_moveit_config
