[0.075s] Invoking command in '/home/hgj/arm_ws/build/elite_ec66_moveit_config': AMENT_PREFIX_PATH=/home/hgj/arm_ws/install/elite_description:${AMENT_PREFIX_PATH} CMAKE_PREFIX_PATH=/home/hgj/arm_ws/install/elite_description:/home/hgj/ros2_ws/install/fishbot_navigation2:/home/hgj/ros2_ws/install/fishbot_cartographer:/home/hgj/ros2_ws/install/elite_ec66_moveit_config:/home/hgj/ros2_ws/install/elite_description:/home/hgj/ros2_ws/install/cartographer_rviz:/home/hgj/ros2_ws/install/cartographer_ros:/home/hgj/ros2_ws/install/cartographer_ros_msgs:/home/hgj/ros2_ws/install/cartographer:/home/hgj/ros_ws/install/ros2_livox_simulation:/home/hgj/ros_ws/install/rm_navigation:/home/hgj/ros_ws/install/rm_decision_interfaces:/home/hgj/ros_ws/install/pointcloud_to_laserscan:/home/hgj/ros_ws/install/pb_rm_simulation:/home/hgj/ros_ws/install/fast_lio:/home/hgj/ros_ws/install/livox_ros_driver2:/home/hgj/ros_ws/install/linefit_ground_segmentation_ros:/home/hgj/ros_ws/install/linefit_ground_segmentation:/home/hgj/ros_ws/install/icp_localization_ros2:/home/hgj/ros2_ws/install/fishbot_description:/home/hgj/ros_ws/install/rm_decision:/opt/ros/humble /usr/bin/cmake /home/hgj/arm_ws/src/elite_robot_ros2/src/elite_moveit2/elite_ec66_moveit_config -DCMAKE_INSTALL_PREFIX=/home/hgj/arm_ws/install/elite_ec66_moveit_config
[0.123s] -- The C compiler identification is GNU 11.4.0
[0.165s] -- The CXX compiler identification is GNU 11.4.0
[0.171s] -- Detecting C compiler ABI info
[0.229s] -- Detecting C compiler ABI info - done
[0.234s] -- Check for working C compiler: /usr/bin/cc - skipped
[0.234s] -- Detecting C compile features
[0.235s] -- Detecting C compile features - done
[0.237s] -- Detecting CXX compiler ABI info
[0.308s] -- Detecting CXX compiler ABI info - done
[0.316s] -- Check for working CXX compiler: /usr/bin/c++ - skipped
[0.316s] -- Detecting CXX compile features
[0.317s] -- Detecting CXX compile features - done
[0.320s] -- Found ament_cmake: 1.3.5 (/opt/ros/humble/share/ament_cmake/cmake)
[0.467s] -- Found Python3: /usr/bin/python3.10 (found version "3.10.12") found components: Interpreter 
[0.622s] -- Configuring done
[0.625s] -- Generating done
[0.626s] -- Build files have been written to: /home/hgj/arm_ws/build/elite_ec66_moveit_config
[0.633s] Invoked command in '/home/hgj/arm_ws/build/elite_ec66_moveit_config' returned '0': AMENT_PREFIX_PATH=/home/hgj/arm_ws/install/elite_description:${AMENT_PREFIX_PATH} CMAKE_PREFIX_PATH=/home/hgj/arm_ws/install/elite_description:/home/hgj/ros2_ws/install/fishbot_navigation2:/home/hgj/ros2_ws/install/fishbot_cartographer:/home/hgj/ros2_ws/install/elite_ec66_moveit_config:/home/hgj/ros2_ws/install/elite_description:/home/hgj/ros2_ws/install/cartographer_rviz:/home/hgj/ros2_ws/install/cartographer_ros:/home/hgj/ros2_ws/install/cartographer_ros_msgs:/home/hgj/ros2_ws/install/cartographer:/home/hgj/ros_ws/install/ros2_livox_simulation:/home/hgj/ros_ws/install/rm_navigation:/home/hgj/ros_ws/install/rm_decision_interfaces:/home/hgj/ros_ws/install/pointcloud_to_laserscan:/home/hgj/ros_ws/install/pb_rm_simulation:/home/hgj/ros_ws/install/fast_lio:/home/hgj/ros_ws/install/livox_ros_driver2:/home/hgj/ros_ws/install/linefit_ground_segmentation_ros:/home/hgj/ros_ws/install/linefit_ground_segmentation:/home/hgj/ros_ws/install/icp_localization_ros2:/home/hgj/ros2_ws/install/fishbot_description:/home/hgj/ros_ws/install/rm_decision:/opt/ros/humble /usr/bin/cmake /home/hgj/arm_ws/src/elite_robot_ros2/src/elite_moveit2/elite_ec66_moveit_config -DCMAKE_INSTALL_PREFIX=/home/hgj/arm_ws/install/elite_ec66_moveit_config
[0.634s] Invoking command in '/home/hgj/arm_ws/build/elite_ec66_moveit_config': AMENT_PREFIX_PATH=/home/hgj/arm_ws/install/elite_description:${AMENT_PREFIX_PATH} CMAKE_PREFIX_PATH=/home/hgj/arm_ws/install/elite_description:/home/hgj/ros2_ws/install/fishbot_navigation2:/home/hgj/ros2_ws/install/fishbot_cartographer:/home/hgj/ros2_ws/install/elite_ec66_moveit_config:/home/hgj/ros2_ws/install/elite_description:/home/hgj/ros2_ws/install/cartographer_rviz:/home/hgj/ros2_ws/install/cartographer_ros:/home/hgj/ros2_ws/install/cartographer_ros_msgs:/home/hgj/ros2_ws/install/cartographer:/home/hgj/ros_ws/install/ros2_livox_simulation:/home/hgj/ros_ws/install/rm_navigation:/home/hgj/ros_ws/install/rm_decision_interfaces:/home/hgj/ros_ws/install/pointcloud_to_laserscan:/home/hgj/ros_ws/install/pb_rm_simulation:/home/hgj/ros_ws/install/fast_lio:/home/hgj/ros_ws/install/livox_ros_driver2:/home/hgj/ros_ws/install/linefit_ground_segmentation_ros:/home/hgj/ros_ws/install/linefit_ground_segmentation:/home/hgj/ros_ws/install/icp_localization_ros2:/home/hgj/ros2_ws/install/fishbot_description:/home/hgj/ros_ws/install/rm_decision:/opt/ros/humble /usr/bin/cmake --build /home/hgj/arm_ws/build/elite_ec66_moveit_config -- -j8 -l8
[0.669s] Invoked command in '/home/hgj/arm_ws/build/elite_ec66_moveit_config' returned '0': AMENT_PREFIX_PATH=/home/hgj/arm_ws/install/elite_description:${AMENT_PREFIX_PATH} CMAKE_PREFIX_PATH=/home/hgj/arm_ws/install/elite_description:/home/hgj/ros2_ws/install/fishbot_navigation2:/home/hgj/ros2_ws/install/fishbot_cartographer:/home/hgj/ros2_ws/install/elite_ec66_moveit_config:/home/hgj/ros2_ws/install/elite_description:/home/hgj/ros2_ws/install/cartographer_rviz:/home/hgj/ros2_ws/install/cartographer_ros:/home/hgj/ros2_ws/install/cartographer_ros_msgs:/home/hgj/ros2_ws/install/cartographer:/home/hgj/ros_ws/install/ros2_livox_simulation:/home/hgj/ros_ws/install/rm_navigation:/home/hgj/ros_ws/install/rm_decision_interfaces:/home/hgj/ros_ws/install/pointcloud_to_laserscan:/home/hgj/ros_ws/install/pb_rm_simulation:/home/hgj/ros_ws/install/fast_lio:/home/hgj/ros_ws/install/livox_ros_driver2:/home/hgj/ros_ws/install/linefit_ground_segmentation_ros:/home/hgj/ros_ws/install/linefit_ground_segmentation:/home/hgj/ros_ws/install/icp_localization_ros2:/home/hgj/ros2_ws/install/fishbot_description:/home/hgj/ros_ws/install/rm_decision:/opt/ros/humble /usr/bin/cmake --build /home/hgj/arm_ws/build/elite_ec66_moveit_config -- -j8 -l8
[0.689s] Invoking command in '/home/hgj/arm_ws/build/elite_ec66_moveit_config': AMENT_PREFIX_PATH=/home/hgj/arm_ws/install/elite_description:${AMENT_PREFIX_PATH} CMAKE_PREFIX_PATH=/home/hgj/arm_ws/install/elite_description:/home/hgj/ros2_ws/install/fishbot_navigation2:/home/hgj/ros2_ws/install/fishbot_cartographer:/home/hgj/ros2_ws/install/elite_ec66_moveit_config:/home/hgj/ros2_ws/install/elite_description:/home/hgj/ros2_ws/install/cartographer_rviz:/home/hgj/ros2_ws/install/cartographer_ros:/home/hgj/ros2_ws/install/cartographer_ros_msgs:/home/hgj/ros2_ws/install/cartographer:/home/hgj/ros_ws/install/ros2_livox_simulation:/home/hgj/ros_ws/install/rm_navigation:/home/hgj/ros_ws/install/rm_decision_interfaces:/home/hgj/ros_ws/install/pointcloud_to_laserscan:/home/hgj/ros_ws/install/pb_rm_simulation:/home/hgj/ros_ws/install/fast_lio:/home/hgj/ros_ws/install/livox_ros_driver2:/home/hgj/ros_ws/install/linefit_ground_segmentation_ros:/home/hgj/ros_ws/install/linefit_ground_segmentation:/home/hgj/ros_ws/install/icp_localization_ros2:/home/hgj/ros2_ws/install/fishbot_description:/home/hgj/ros_ws/install/rm_decision:/opt/ros/humble /usr/bin/cmake --install /home/hgj/arm_ws/build/elite_ec66_moveit_config
[0.700s] -- Install configuration: ""
[0.700s] -- Installing: /home/hgj/arm_ws/install/elite_ec66_moveit_config/share/ament_index/resource_index/package_run_dependencies/elite_ec66_moveit_config
[0.700s] -- Installing: /home/hgj/arm_ws/install/elite_ec66_moveit_config/share/ament_index/resource_index/parent_prefix_path/elite_ec66_moveit_config
[0.701s] -- Installing: /home/hgj/arm_ws/install/elite_ec66_moveit_config/share/elite_ec66_moveit_config/environment/ament_prefix_path.sh
[0.702s] -- Installing: /home/hgj/arm_ws/install/elite_ec66_moveit_config/share/elite_ec66_moveit_config/environment/ament_prefix_path.dsv
[0.702s] -- Installing: /home/hgj/arm_ws/install/elite_ec66_moveit_config/share/elite_ec66_moveit_config/environment/path.sh
[0.702s] -- Installing: /home/hgj/arm_ws/install/elite_ec66_moveit_config/share/elite_ec66_moveit_config/environment/path.dsv
[0.702s] -- Installing: /home/hgj/arm_ws/install/elite_ec66_moveit_config/share/elite_ec66_moveit_config/local_setup.bash
[0.702s] -- Installing: /home/hgj/arm_ws/install/elite_ec66_moveit_config/share/elite_ec66_moveit_config/local_setup.sh
[0.702s] -- Installing: /home/hgj/arm_ws/install/elite_ec66_moveit_config/share/elite_ec66_moveit_config/local_setup.zsh
[0.702s] -- Installing: /home/hgj/arm_ws/install/elite_ec66_moveit_config/share/elite_ec66_moveit_config/local_setup.dsv
[0.703s] -- Installing: /home/hgj/arm_ws/install/elite_ec66_moveit_config/share/elite_ec66_moveit_config/package.dsv
[0.703s] -- Installing: /home/hgj/arm_ws/install/elite_ec66_moveit_config/share/ament_index/resource_index/packages/elite_ec66_moveit_config
[0.703s] -- Installing: /home/hgj/arm_ws/install/elite_ec66_moveit_config/share/elite_ec66_moveit_config/cmake/elite_ec66_moveit_configConfig.cmake
[0.703s] -- Installing: /home/hgj/arm_ws/install/elite_ec66_moveit_config/share/elite_ec66_moveit_config/cmake/elite_ec66_moveit_configConfig-version.cmake
[0.703s] -- Installing: /home/hgj/arm_ws/install/elite_ec66_moveit_config/share/elite_ec66_moveit_config/package.xml
[0.703s] -- Installing: /home/hgj/arm_ws/install/elite_ec66_moveit_config/share/elite_ec66_moveit_config/launch
[0.704s] -- Installing: /home/hgj/arm_ws/install/elite_ec66_moveit_config/share/elite_ec66_moveit_config/launch/rsp.launch.py
[0.704s] -- Installing: /home/hgj/arm_ws/install/elite_ec66_moveit_config/share/elite_ec66_moveit_config/launch/moveit_rviz.launch.py
[0.704s] -- Installing: /home/hgj/arm_ws/install/elite_ec66_moveit_config/share/elite_ec66_moveit_config/launch/setup_assistant.launch.py
[0.704s] -- Installing: /home/hgj/arm_ws/install/elite_ec66_moveit_config/share/elite_ec66_moveit_config/launch/demo.launch.py
[0.704s] -- Installing: /home/hgj/arm_ws/install/elite_ec66_moveit_config/share/elite_ec66_moveit_config/launch/static_virtual_joint_tfs.launch.py
[0.704s] -- Installing: /home/hgj/arm_ws/install/elite_ec66_moveit_config/share/elite_ec66_moveit_config/launch/move_group.launch.py
[0.704s] -- Installing: /home/hgj/arm_ws/install/elite_ec66_moveit_config/share/elite_ec66_moveit_config/launch/spawn_controllers.launch.py
[0.704s] -- Installing: /home/hgj/arm_ws/install/elite_ec66_moveit_config/share/elite_ec66_moveit_config/launch/warehouse_db.launch.py
[0.705s] -- Installing: /home/hgj/arm_ws/install/elite_ec66_moveit_config/share/elite_ec66_moveit_config/config
[0.705s] -- Installing: /home/hgj/arm_ws/install/elite_ec66_moveit_config/share/elite_ec66_moveit_config/config/ec66_description.urdf
[0.705s] -- Installing: /home/hgj/arm_ws/install/elite_ec66_moveit_config/share/elite_ec66_moveit_config/config/moveit_controllers.yaml
[0.705s] -- Installing: /home/hgj/arm_ws/install/elite_ec66_moveit_config/share/elite_ec66_moveit_config/config/ec66.srdf
[0.705s] -- Installing: /home/hgj/arm_ws/install/elite_ec66_moveit_config/share/elite_ec66_moveit_config/config/ros2_controllers.yaml
[0.705s] -- Installing: /home/hgj/arm_ws/install/elite_ec66_moveit_config/share/elite_ec66_moveit_config/config/moveit.rviz
[0.705s] -- Installing: /home/hgj/arm_ws/install/elite_ec66_moveit_config/share/elite_ec66_moveit_config/config/ec66.ros2_control.xacro
[0.705s] -- Installing: /home/hgj/arm_ws/install/elite_ec66_moveit_config/share/elite_ec66_moveit_config/config/joint_limits.yaml
[0.705s] -- Installing: /home/hgj/arm_ws/install/elite_ec66_moveit_config/share/elite_ec66_moveit_config/config/kinematics.yaml
[0.705s] -- Installing: /home/hgj/arm_ws/install/elite_ec66_moveit_config/share/elite_ec66_moveit_config/config/ec66.urdf.xacro
[0.705s] -- Installing: /home/hgj/arm_ws/install/elite_ec66_moveit_config/share/elite_ec66_moveit_config/config/bot_arm.urdf
[0.705s] -- Installing: /home/hgj/arm_ws/install/elite_ec66_moveit_config/share/elite_ec66_moveit_config/config/initial_positions.yaml
[0.706s] -- Installing: /home/hgj/arm_ws/install/elite_ec66_moveit_config/share/elite_ec66_moveit_config/config/pilz_cartesian_limits.yaml
[0.706s] -- Installing: /home/hgj/arm_ws/install/elite_ec66_moveit_config/share/elite_ec66_moveit_config/.setup_assistant
[0.707s] Invoked command in '/home/hgj/arm_ws/build/elite_ec66_moveit_config' returned '0': AMENT_PREFIX_PATH=/home/hgj/arm_ws/install/elite_description:${AMENT_PREFIX_PATH} CMAKE_PREFIX_PATH=/home/hgj/arm_ws/install/elite_description:/home/hgj/ros2_ws/install/fishbot_navigation2:/home/hgj/ros2_ws/install/fishbot_cartographer:/home/hgj/ros2_ws/install/elite_ec66_moveit_config:/home/hgj/ros2_ws/install/elite_description:/home/hgj/ros2_ws/install/cartographer_rviz:/home/hgj/ros2_ws/install/cartographer_ros:/home/hgj/ros2_ws/install/cartographer_ros_msgs:/home/hgj/ros2_ws/install/cartographer:/home/hgj/ros_ws/install/ros2_livox_simulation:/home/hgj/ros_ws/install/rm_navigation:/home/hgj/ros_ws/install/rm_decision_interfaces:/home/hgj/ros_ws/install/pointcloud_to_laserscan:/home/hgj/ros_ws/install/pb_rm_simulation:/home/hgj/ros_ws/install/fast_lio:/home/hgj/ros_ws/install/livox_ros_driver2:/home/hgj/ros_ws/install/linefit_ground_segmentation_ros:/home/hgj/ros_ws/install/linefit_ground_segmentation:/home/hgj/ros_ws/install/icp_localization_ros2:/home/hgj/ros2_ws/install/fishbot_description:/home/hgj/ros_ws/install/rm_decision:/opt/ros/humble /usr/bin/cmake --install /home/hgj/arm_ws/build/elite_ec66_moveit_config
