[0.802s] DEBUG:colcon:Command line arguments: ['/usr/bin/colcon', 'build', '--symlink-install', '--event-handlers', 'console_cohesion+', '--base-paths', '/home/hgj/arm_ws', '--cmake-args', '-DCMAKE_BUILD_TYPE=RelWithDebInfo']
[0.802s] DEBUG:colcon:Parsed command line arguments: Namespace(log_base=None, log_level=None, verb_name='build', build_base='build', install_base='install', merge_install=False, symlink_install=True, test_result_base=None, continue_on_error=False, executor='parallel', parallel_workers=8, event_handlers=['console_cohesion+'], ignore_user_meta=False, metas=['./colcon.meta'], base_paths=['/home/hgj/arm_ws'], packages_ignore=None, packages_ignore_regex=None, paths=None, packages_up_to=None, packages_up_to_regex=None, packages_above=None, packages_above_and_dependencies=None, packages_above_depth=None, packages_select_by_dep=None, packages_skip_by_dep=None, packages_skip_up_to=None, packages_select_build_failed=False, packages_skip_build_finished=False, packages_select_test_failures=False, packages_skip_test_passed=False, packages_select=None, packages_skip=None, packages_select_regex=None, packages_skip_regex=None, packages_start=None, packages_end=None, allow_overriding=[], cmake_args=['-DCMAKE_BUILD_TYPE=RelWithDebInfo'], cmake_target=None, cmake_target_skip_unavailable=False, cmake_clean_cache=False, cmake_clean_first=False, cmake_force_configure=False, ament_cmake_args=None, catkin_cmake_args=None, catkin_skip_building_tests=False, verb_parser=<colcon_defaults.argument_parser.defaults.DefaultArgumentsDecorator object at 0x7f72a50e8340>, verb_extension=<colcon_core.verb.build.BuildVerb object at 0x7f72a509d7b0>, main=<bound method BuildVerb.main of <colcon_core.verb.build.BuildVerb object at 0x7f72a509d7b0>>)
[0.842s] Level 1:colcon.colcon_core.package_discovery:discover_packages(colcon_meta) check parameters
[0.842s] Level 1:colcon.colcon_core.package_discovery:discover_packages(recursive) check parameters
[0.842s] Level 1:colcon.colcon_core.package_discovery:discover_packages(ignore) check parameters
[0.842s] Level 1:colcon.colcon_core.package_discovery:discover_packages(path) check parameters
[0.842s] Level 1:colcon.colcon_core.package_discovery:discover_packages(recursive) discover
[0.843s] INFO:colcon.colcon_core.package_discovery:Crawling recursively for packages in '/home/hgj/arm_ws'
[0.843s] Level 1:colcon.colcon_core.package_identification:_identify(/home/hgj/arm_ws) by extensions ['ignore', 'ignore_ament_install']
[0.843s] Level 1:colcon.colcon_core.package_identification:_identify(/home/hgj/arm_ws) by extension 'ignore'
[0.843s] Level 1:colcon.colcon_core.package_identification:_identify(/home/hgj/arm_ws) by extension 'ignore_ament_install'
[0.843s] Level 1:colcon.colcon_core.package_identification:_identify(/home/hgj/arm_ws) by extensions ['colcon_pkg']
[0.843s] Level 1:colcon.colcon_core.package_identification:_identify(/home/hgj/arm_ws) by extension 'colcon_pkg'
[0.843s] Level 1:colcon.colcon_core.package_identification:_identify(/home/hgj/arm_ws) by extensions ['colcon_meta']
[0.843s] Level 1:colcon.colcon_core.package_identification:_identify(/home/hgj/arm_ws) by extension 'colcon_meta'
[0.843s] Level 1:colcon.colcon_core.package_identification:_identify(/home/hgj/arm_ws) by extensions ['ros']
[0.843s] Level 1:colcon.colcon_core.package_identification:_identify(/home/hgj/arm_ws) by extension 'ros'
[0.854s] Level 1:colcon.colcon_core.package_identification:_identify(/home/hgj/arm_ws) by extensions ['cmake', 'python']
[0.854s] Level 1:colcon.colcon_core.package_identification:_identify(/home/hgj/arm_ws) by extension 'cmake'
[0.854s] Level 1:colcon.colcon_core.package_identification:_identify(/home/hgj/arm_ws) by extension 'python'
[0.854s] Level 1:colcon.colcon_core.package_identification:_identify(/home/hgj/arm_ws) by extensions ['python_setup_py']
[0.854s] Level 1:colcon.colcon_core.package_identification:_identify(/home/hgj/arm_ws) by extension 'python_setup_py'
[0.854s] Level 1:colcon.colcon_core.package_identification:_identify(/home/hgj/arm_ws/build) by extensions ['ignore', 'ignore_ament_install']
[0.854s] Level 1:colcon.colcon_core.package_identification:_identify(/home/hgj/arm_ws/build) by extension 'ignore'
[0.854s] Level 1:colcon.colcon_core.package_identification:_identify(/home/hgj/arm_ws/build) ignored
[0.854s] Level 1:colcon.colcon_core.package_identification:_identify(/home/hgj/arm_ws/install) by extensions ['ignore', 'ignore_ament_install']
[0.854s] Level 1:colcon.colcon_core.package_identification:_identify(/home/hgj/arm_ws/install) by extension 'ignore'
[0.854s] Level 1:colcon.colcon_core.package_identification:_identify(/home/hgj/arm_ws/install) ignored
[0.854s] Level 1:colcon.colcon_core.package_identification:_identify(/home/hgj/arm_ws/log) by extensions ['ignore', 'ignore_ament_install']
[0.855s] Level 1:colcon.colcon_core.package_identification:_identify(/home/hgj/arm_ws/log) by extension 'ignore'
[0.855s] Level 1:colcon.colcon_core.package_identification:_identify(/home/hgj/arm_ws/log) ignored
[0.855s] Level 1:colcon.colcon_core.package_identification:_identify(/home/hgj/arm_ws/src) by extensions ['ignore', 'ignore_ament_install']
[0.855s] Level 1:colcon.colcon_core.package_identification:_identify(/home/hgj/arm_ws/src) by extension 'ignore'
[0.855s] Level 1:colcon.colcon_core.package_identification:_identify(/home/hgj/arm_ws/src) by extension 'ignore_ament_install'
[0.855s] Level 1:colcon.colcon_core.package_identification:_identify(/home/hgj/arm_ws/src) by extensions ['colcon_pkg']
[0.855s] Level 1:colcon.colcon_core.package_identification:_identify(/home/hgj/arm_ws/src) by extension 'colcon_pkg'
[0.855s] Level 1:colcon.colcon_core.package_identification:_identify(/home/hgj/arm_ws/src) by extensions ['colcon_meta']
[0.855s] Level 1:colcon.colcon_core.package_identification:_identify(/home/hgj/arm_ws/src) by extension 'colcon_meta'
[0.855s] Level 1:colcon.colcon_core.package_identification:_identify(/home/hgj/arm_ws/src) by extensions ['ros']
[0.855s] Level 1:colcon.colcon_core.package_identification:_identify(/home/hgj/arm_ws/src) by extension 'ros'
[0.855s] Level 1:colcon.colcon_core.package_identification:_identify(/home/hgj/arm_ws/src) by extensions ['cmake', 'python']
[0.855s] Level 1:colcon.colcon_core.package_identification:_identify(/home/hgj/arm_ws/src) by extension 'cmake'
[0.855s] Level 1:colcon.colcon_core.package_identification:_identify(/home/hgj/arm_ws/src) by extension 'python'
[0.855s] Level 1:colcon.colcon_core.package_identification:_identify(/home/hgj/arm_ws/src) by extensions ['python_setup_py']
[0.855s] Level 1:colcon.colcon_core.package_identification:_identify(/home/hgj/arm_ws/src) by extension 'python_setup_py'
[0.855s] Level 1:colcon.colcon_core.package_identification:_identify(/home/hgj/arm_ws/src/arm_gripper_moveit2_config) by extensions ['ignore', 'ignore_ament_install']
[0.855s] Level 1:colcon.colcon_core.package_identification:_identify(/home/hgj/arm_ws/src/arm_gripper_moveit2_config) by extension 'ignore'
[0.855s] Level 1:colcon.colcon_core.package_identification:_identify(/home/hgj/arm_ws/src/arm_gripper_moveit2_config) by extension 'ignore_ament_install'
[0.855s] Level 1:colcon.colcon_core.package_identification:_identify(/home/hgj/arm_ws/src/arm_gripper_moveit2_config) by extensions ['colcon_pkg']
[0.855s] Level 1:colcon.colcon_core.package_identification:_identify(/home/hgj/arm_ws/src/arm_gripper_moveit2_config) by extension 'colcon_pkg'
[0.855s] Level 1:colcon.colcon_core.package_identification:_identify(/home/hgj/arm_ws/src/arm_gripper_moveit2_config) by extensions ['colcon_meta']
[0.855s] Level 1:colcon.colcon_core.package_identification:_identify(/home/hgj/arm_ws/src/arm_gripper_moveit2_config) by extension 'colcon_meta'
[0.856s] Level 1:colcon.colcon_core.package_identification:_identify(/home/hgj/arm_ws/src/arm_gripper_moveit2_config) by extensions ['ros']
[0.856s] Level 1:colcon.colcon_core.package_identification:_identify(/home/hgj/arm_ws/src/arm_gripper_moveit2_config) by extension 'ros'
[0.858s] DEBUG:colcon.colcon_core.package_identification:Package '/home/hgj/arm_ws/src/arm_gripper_moveit2_config' with type 'ros.ament_cmake' and name 'arm_gripper_moveit2_config'
[0.858s] Level 1:colcon.colcon_core.package_identification:_identify(/home/hgj/arm_ws/src/elite_robot_ros2) by extensions ['ignore', 'ignore_ament_install']
[0.858s] Level 1:colcon.colcon_core.package_identification:_identify(/home/hgj/arm_ws/src/elite_robot_ros2) by extension 'ignore'
[0.858s] Level 1:colcon.colcon_core.package_identification:_identify(/home/hgj/arm_ws/src/elite_robot_ros2) by extension 'ignore_ament_install'
[0.858s] Level 1:colcon.colcon_core.package_identification:_identify(/home/hgj/arm_ws/src/elite_robot_ros2) by extensions ['colcon_pkg']
[0.858s] Level 1:colcon.colcon_core.package_identification:_identify(/home/hgj/arm_ws/src/elite_robot_ros2) by extension 'colcon_pkg'
[0.858s] Level 1:colcon.colcon_core.package_identification:_identify(/home/hgj/arm_ws/src/elite_robot_ros2) by extensions ['colcon_meta']
[0.859s] Level 1:colcon.colcon_core.package_identification:_identify(/home/hgj/arm_ws/src/elite_robot_ros2) by extension 'colcon_meta'
[0.859s] Level 1:colcon.colcon_core.package_identification:_identify(/home/hgj/arm_ws/src/elite_robot_ros2) by extensions ['ros']
[0.859s] Level 1:colcon.colcon_core.package_identification:_identify(/home/hgj/arm_ws/src/elite_robot_ros2) by extension 'ros'
[0.859s] Level 1:colcon.colcon_core.package_identification:_identify(/home/hgj/arm_ws/src/elite_robot_ros2) by extensions ['cmake', 'python']
[0.859s] Level 1:colcon.colcon_core.package_identification:_identify(/home/hgj/arm_ws/src/elite_robot_ros2) by extension 'cmake'
[0.859s] Level 1:colcon.colcon_core.package_identification:_identify(/home/hgj/arm_ws/src/elite_robot_ros2) by extension 'python'
[0.859s] Level 1:colcon.colcon_core.package_identification:_identify(/home/hgj/arm_ws/src/elite_robot_ros2) by extensions ['python_setup_py']
[0.859s] Level 1:colcon.colcon_core.package_identification:_identify(/home/hgj/arm_ws/src/elite_robot_ros2) by extension 'python_setup_py'
[0.859s] Level 1:colcon.colcon_core.package_identification:_identify(/home/hgj/arm_ws/src/elite_robot_ros2/config) by extensions ['ignore', 'ignore_ament_install']
[0.859s] Level 1:colcon.colcon_core.package_identification:_identify(/home/hgj/arm_ws/src/elite_robot_ros2/config) by extension 'ignore'
[0.859s] Level 1:colcon.colcon_core.package_identification:_identify(/home/hgj/arm_ws/src/elite_robot_ros2/config) by extension 'ignore_ament_install'
[0.859s] Level 1:colcon.colcon_core.package_identification:_identify(/home/hgj/arm_ws/src/elite_robot_ros2/config) by extensions ['colcon_pkg']
[0.859s] Level 1:colcon.colcon_core.package_identification:_identify(/home/hgj/arm_ws/src/elite_robot_ros2/config) by extension 'colcon_pkg'
[0.859s] Level 1:colcon.colcon_core.package_identification:_identify(/home/hgj/arm_ws/src/elite_robot_ros2/config) by extensions ['colcon_meta']
[0.859s] Level 1:colcon.colcon_core.package_identification:_identify(/home/hgj/arm_ws/src/elite_robot_ros2/config) by extension 'colcon_meta'
[0.859s] Level 1:colcon.colcon_core.package_identification:_identify(/home/hgj/arm_ws/src/elite_robot_ros2/config) by extensions ['ros']
[0.859s] Level 1:colcon.colcon_core.package_identification:_identify(/home/hgj/arm_ws/src/elite_robot_ros2/config) by extension 'ros'
[0.859s] Level 1:colcon.colcon_core.package_identification:_identify(/home/hgj/arm_ws/src/elite_robot_ros2/config) by extensions ['cmake', 'python']
[0.859s] Level 1:colcon.colcon_core.package_identification:_identify(/home/hgj/arm_ws/src/elite_robot_ros2/config) by extension 'cmake'
[0.859s] Level 1:colcon.colcon_core.package_identification:_identify(/home/hgj/arm_ws/src/elite_robot_ros2/config) by extension 'python'
[0.859s] Level 1:colcon.colcon_core.package_identification:_identify(/home/hgj/arm_ws/src/elite_robot_ros2/config) by extensions ['python_setup_py']
[0.859s] Level 1:colcon.colcon_core.package_identification:_identify(/home/hgj/arm_ws/src/elite_robot_ros2/config) by extension 'python_setup_py'
[0.859s] Level 1:colcon.colcon_core.package_identification:_identify(/home/hgj/arm_ws/src/elite_robot_ros2/launch) by extensions ['ignore', 'ignore_ament_install']
[0.859s] Level 1:colcon.colcon_core.package_identification:_identify(/home/hgj/arm_ws/src/elite_robot_ros2/launch) by extension 'ignore'
[0.859s] Level 1:colcon.colcon_core.package_identification:_identify(/home/hgj/arm_ws/src/elite_robot_ros2/launch) by extension 'ignore_ament_install'
[0.859s] Level 1:colcon.colcon_core.package_identification:_identify(/home/hgj/arm_ws/src/elite_robot_ros2/launch) by extensions ['colcon_pkg']
[0.859s] Level 1:colcon.colcon_core.package_identification:_identify(/home/hgj/arm_ws/src/elite_robot_ros2/launch) by extension 'colcon_pkg'
[0.859s] Level 1:colcon.colcon_core.package_identification:_identify(/home/hgj/arm_ws/src/elite_robot_ros2/launch) by extensions ['colcon_meta']
[0.859s] Level 1:colcon.colcon_core.package_identification:_identify(/home/hgj/arm_ws/src/elite_robot_ros2/launch) by extension 'colcon_meta'
[0.860s] Level 1:colcon.colcon_core.package_identification:_identify(/home/hgj/arm_ws/src/elite_robot_ros2/launch) by extensions ['ros']
[0.860s] Level 1:colcon.colcon_core.package_identification:_identify(/home/hgj/arm_ws/src/elite_robot_ros2/launch) by extension 'ros'
[0.860s] Level 1:colcon.colcon_core.package_identification:_identify(/home/hgj/arm_ws/src/elite_robot_ros2/launch) by extensions ['cmake', 'python']
[0.860s] Level 1:colcon.colcon_core.package_identification:_identify(/home/hgj/arm_ws/src/elite_robot_ros2/launch) by extension 'cmake'
[0.860s] Level 1:colcon.colcon_core.package_identification:_identify(/home/hgj/arm_ws/src/elite_robot_ros2/launch) by extension 'python'
[0.860s] Level 1:colcon.colcon_core.package_identification:_identify(/home/hgj/arm_ws/src/elite_robot_ros2/launch) by extensions ['python_setup_py']
[0.860s] Level 1:colcon.colcon_core.package_identification:_identify(/home/hgj/arm_ws/src/elite_robot_ros2/launch) by extension 'python_setup_py'
[0.860s] Level 1:colcon.colcon_core.package_identification:_identify(/home/hgj/arm_ws/src/elite_robot_ros2/src) by extensions ['ignore', 'ignore_ament_install']
[0.860s] Level 1:colcon.colcon_core.package_identification:_identify(/home/hgj/arm_ws/src/elite_robot_ros2/src) by extension 'ignore'
[0.860s] Level 1:colcon.colcon_core.package_identification:_identify(/home/hgj/arm_ws/src/elite_robot_ros2/src) by extension 'ignore_ament_install'
[0.860s] Level 1:colcon.colcon_core.package_identification:_identify(/home/hgj/arm_ws/src/elite_robot_ros2/src) by extensions ['colcon_pkg']
[0.860s] Level 1:colcon.colcon_core.package_identification:_identify(/home/hgj/arm_ws/src/elite_robot_ros2/src) by extension 'colcon_pkg'
[0.860s] Level 1:colcon.colcon_core.package_identification:_identify(/home/hgj/arm_ws/src/elite_robot_ros2/src) by extensions ['colcon_meta']
[0.860s] Level 1:colcon.colcon_core.package_identification:_identify(/home/hgj/arm_ws/src/elite_robot_ros2/src) by extension 'colcon_meta'
[0.860s] Level 1:colcon.colcon_core.package_identification:_identify(/home/hgj/arm_ws/src/elite_robot_ros2/src) by extensions ['ros']
[0.860s] Level 1:colcon.colcon_core.package_identification:_identify(/home/hgj/arm_ws/src/elite_robot_ros2/src) by extension 'ros'
[0.860s] Level 1:colcon.colcon_core.package_identification:_identify(/home/hgj/arm_ws/src/elite_robot_ros2/src) by extensions ['cmake', 'python']
[0.860s] Level 1:colcon.colcon_core.package_identification:_identify(/home/hgj/arm_ws/src/elite_robot_ros2/src) by extension 'cmake'
[0.860s] Level 1:colcon.colcon_core.package_identification:_identify(/home/hgj/arm_ws/src/elite_robot_ros2/src) by extension 'python'
[0.860s] Level 1:colcon.colcon_core.package_identification:_identify(/home/hgj/arm_ws/src/elite_robot_ros2/src) by extensions ['python_setup_py']
[0.860s] Level 1:colcon.colcon_core.package_identification:_identify(/home/hgj/arm_ws/src/elite_robot_ros2/src) by extension 'python_setup_py'
[0.860s] Level 1:colcon.colcon_core.package_identification:_identify(/home/hgj/arm_ws/src/elite_robot_ros2/src/arm_moveit2_config) by extensions ['ignore', 'ignore_ament_install']
[0.860s] Level 1:colcon.colcon_core.package_identification:_identify(/home/hgj/arm_ws/src/elite_robot_ros2/src/arm_moveit2_config) by extension 'ignore'
[0.860s] Level 1:colcon.colcon_core.package_identification:_identify(/home/hgj/arm_ws/src/elite_robot_ros2/src/arm_moveit2_config) by extension 'ignore_ament_install'
[0.860s] Level 1:colcon.colcon_core.package_identification:_identify(/home/hgj/arm_ws/src/elite_robot_ros2/src/arm_moveit2_config) by extensions ['colcon_pkg']
[0.860s] Level 1:colcon.colcon_core.package_identification:_identify(/home/hgj/arm_ws/src/elite_robot_ros2/src/arm_moveit2_config) by extension 'colcon_pkg'
[0.860s] Level 1:colcon.colcon_core.package_identification:_identify(/home/hgj/arm_ws/src/elite_robot_ros2/src/arm_moveit2_config) by extensions ['colcon_meta']
[0.860s] Level 1:colcon.colcon_core.package_identification:_identify(/home/hgj/arm_ws/src/elite_robot_ros2/src/arm_moveit2_config) by extension 'colcon_meta'
[0.861s] Level 1:colcon.colcon_core.package_identification:_identify(/home/hgj/arm_ws/src/elite_robot_ros2/src/arm_moveit2_config) by extensions ['ros']
[0.861s] Level 1:colcon.colcon_core.package_identification:_identify(/home/hgj/arm_ws/src/elite_robot_ros2/src/arm_moveit2_config) by extension 'ros'
[0.861s] DEBUG:colcon.colcon_core.package_identification:Package '/home/hgj/arm_ws/src/elite_robot_ros2/src/arm_moveit2_config' with type 'ros.ament_cmake' and name 'arm_moveit2_config'
[0.861s] Level 1:colcon.colcon_core.package_identification:_identify(/home/hgj/arm_ws/src/elite_robot_ros2/src/elite_description) by extensions ['ignore', 'ignore_ament_install']
[0.861s] Level 1:colcon.colcon_core.package_identification:_identify(/home/hgj/arm_ws/src/elite_robot_ros2/src/elite_description) by extension 'ignore'
[0.861s] Level 1:colcon.colcon_core.package_identification:_identify(/home/hgj/arm_ws/src/elite_robot_ros2/src/elite_description) by extension 'ignore_ament_install'
[0.861s] Level 1:colcon.colcon_core.package_identification:_identify(/home/hgj/arm_ws/src/elite_robot_ros2/src/elite_description) by extensions ['colcon_pkg']
[0.861s] Level 1:colcon.colcon_core.package_identification:_identify(/home/hgj/arm_ws/src/elite_robot_ros2/src/elite_description) by extension 'colcon_pkg'
[0.861s] Level 1:colcon.colcon_core.package_identification:_identify(/home/hgj/arm_ws/src/elite_robot_ros2/src/elite_description) by extensions ['colcon_meta']
[0.861s] Level 1:colcon.colcon_core.package_identification:_identify(/home/hgj/arm_ws/src/elite_robot_ros2/src/elite_description) by extension 'colcon_meta'
[0.862s] Level 1:colcon.colcon_core.package_identification:_identify(/home/hgj/arm_ws/src/elite_robot_ros2/src/elite_description) by extensions ['ros']
[0.862s] Level 1:colcon.colcon_core.package_identification:_identify(/home/hgj/arm_ws/src/elite_robot_ros2/src/elite_description) by extension 'ros'
[0.862s] DEBUG:colcon.colcon_core.package_identification:Package '/home/hgj/arm_ws/src/elite_robot_ros2/src/elite_description' with type 'ros.ament_cmake' and name 'elite_description'
[0.862s] Level 1:colcon.colcon_core.package_identification:_identify(/home/hgj/arm_ws/src/elite_robot_ros2/src/elite_moveit2) by extensions ['ignore', 'ignore_ament_install']
[0.862s] Level 1:colcon.colcon_core.package_identification:_identify(/home/hgj/arm_ws/src/elite_robot_ros2/src/elite_moveit2) by extension 'ignore'
[0.862s] Level 1:colcon.colcon_core.package_identification:_identify(/home/hgj/arm_ws/src/elite_robot_ros2/src/elite_moveit2) by extension 'ignore_ament_install'
[0.862s] Level 1:colcon.colcon_core.package_identification:_identify(/home/hgj/arm_ws/src/elite_robot_ros2/src/elite_moveit2) by extensions ['colcon_pkg']
[0.862s] Level 1:colcon.colcon_core.package_identification:_identify(/home/hgj/arm_ws/src/elite_robot_ros2/src/elite_moveit2) by extension 'colcon_pkg'
[0.862s] Level 1:colcon.colcon_core.package_identification:_identify(/home/hgj/arm_ws/src/elite_robot_ros2/src/elite_moveit2) by extensions ['colcon_meta']
[0.862s] Level 1:colcon.colcon_core.package_identification:_identify(/home/hgj/arm_ws/src/elite_robot_ros2/src/elite_moveit2) by extension 'colcon_meta'
[0.862s] Level 1:colcon.colcon_core.package_identification:_identify(/home/hgj/arm_ws/src/elite_robot_ros2/src/elite_moveit2) by extensions ['ros']
[0.862s] Level 1:colcon.colcon_core.package_identification:_identify(/home/hgj/arm_ws/src/elite_robot_ros2/src/elite_moveit2) by extension 'ros'
[0.862s] Level 1:colcon.colcon_core.package_identification:_identify(/home/hgj/arm_ws/src/elite_robot_ros2/src/elite_moveit2) by extensions ['cmake', 'python']
[0.862s] Level 1:colcon.colcon_core.package_identification:_identify(/home/hgj/arm_ws/src/elite_robot_ros2/src/elite_moveit2) by extension 'cmake'
[0.862s] Level 1:colcon.colcon_core.package_identification:_identify(/home/hgj/arm_ws/src/elite_robot_ros2/src/elite_moveit2) by extension 'python'
[0.862s] Level 1:colcon.colcon_core.package_identification:_identify(/home/hgj/arm_ws/src/elite_robot_ros2/src/elite_moveit2) by extensions ['python_setup_py']
[0.862s] Level 1:colcon.colcon_core.package_identification:_identify(/home/hgj/arm_ws/src/elite_robot_ros2/src/elite_moveit2) by extension 'python_setup_py'
[0.862s] Level 1:colcon.colcon_core.package_identification:_identify(/home/hgj/arm_ws/src/elite_robot_ros2/src/elite_moveit2/elite_ec66_moveit_config) by extensions ['ignore', 'ignore_ament_install']
[0.862s] Level 1:colcon.colcon_core.package_identification:_identify(/home/hgj/arm_ws/src/elite_robot_ros2/src/elite_moveit2/elite_ec66_moveit_config) by extension 'ignore'
[0.863s] Level 1:colcon.colcon_core.package_identification:_identify(/home/hgj/arm_ws/src/elite_robot_ros2/src/elite_moveit2/elite_ec66_moveit_config) by extension 'ignore_ament_install'
[0.863s] Level 1:colcon.colcon_core.package_identification:_identify(/home/hgj/arm_ws/src/elite_robot_ros2/src/elite_moveit2/elite_ec66_moveit_config) by extensions ['colcon_pkg']
[0.863s] Level 1:colcon.colcon_core.package_identification:_identify(/home/hgj/arm_ws/src/elite_robot_ros2/src/elite_moveit2/elite_ec66_moveit_config) by extension 'colcon_pkg'
[0.863s] Level 1:colcon.colcon_core.package_identification:_identify(/home/hgj/arm_ws/src/elite_robot_ros2/src/elite_moveit2/elite_ec66_moveit_config) by extensions ['colcon_meta']
[0.863s] Level 1:colcon.colcon_core.package_identification:_identify(/home/hgj/arm_ws/src/elite_robot_ros2/src/elite_moveit2/elite_ec66_moveit_config) by extension 'colcon_meta'
[0.863s] Level 1:colcon.colcon_core.package_identification:_identify(/home/hgj/arm_ws/src/elite_robot_ros2/src/elite_moveit2/elite_ec66_moveit_config) by extensions ['ros']
[0.863s] Level 1:colcon.colcon_core.package_identification:_identify(/home/hgj/arm_ws/src/elite_robot_ros2/src/elite_moveit2/elite_ec66_moveit_config) by extension 'ros'
[0.864s] DEBUG:colcon.colcon_core.package_identification:Package '/home/hgj/arm_ws/src/elite_robot_ros2/src/elite_moveit2/elite_ec66_moveit_config' with type 'ros.ament_cmake' and name 'elite_ec66_moveit_config'
[0.864s] Level 1:colcon.colcon_core.package_discovery:discover_packages(recursive) using defaults
[0.952s] Level 1:colcon.colcon_core.package_discovery:discover_packages(prefix_path) check parameters
[0.952s] Level 1:colcon.colcon_core.package_discovery:discover_packages(prefix_path) discover
[0.976s] DEBUG:colcon.colcon_installed_package_information.package_discovery:Found 4 installed packages in /home/hgj/arm_ws/install
[0.988s] DEBUG:colcon.colcon_installed_package_information.package_discovery:Found 9 installed packages in /home/hgj/ros2_ws/install
[1.016s] DEBUG:colcon.colcon_installed_package_information.package_discovery:Found 12 installed packages in /home/hgj/ros_ws/install
[1.028s] DEBUG:colcon.colcon_installed_package_information.package_discovery:Found 1 installed packages in /home/hgj/ES_ws/install
[1.040s] DEBUG:colcon.colcon_installed_package_information.package_discovery:Found 460 installed packages in /opt/ros/humble
[1.042s] Level 1:colcon.colcon_core.package_discovery:discover_packages(prefix_path) using defaults
[1.127s] Level 5:colcon.colcon_core.verb:set package 'elite_description' build argument 'cmake_args' from command line to '['-DCMAKE_BUILD_TYPE=RelWithDebInfo']'
[1.127s] Level 5:colcon.colcon_core.verb:set package 'elite_description' build argument 'cmake_target' from command line to 'None'
[1.127s] Level 5:colcon.colcon_core.verb:set package 'elite_description' build argument 'cmake_target_skip_unavailable' from command line to 'False'
[1.127s] Level 5:colcon.colcon_core.verb:set package 'elite_description' build argument 'cmake_clean_cache' from command line to 'False'
[1.127s] Level 5:colcon.colcon_core.verb:set package 'elite_description' build argument 'cmake_clean_first' from command line to 'False'
[1.127s] Level 5:colcon.colcon_core.verb:set package 'elite_description' build argument 'cmake_force_configure' from command line to 'False'
[1.127s] Level 5:colcon.colcon_core.verb:set package 'elite_description' build argument 'ament_cmake_args' from command line to 'None'
[1.127s] Level 5:colcon.colcon_core.verb:set package 'elite_description' build argument 'catkin_cmake_args' from command line to 'None'
[1.127s] Level 5:colcon.colcon_core.verb:set package 'elite_description' build argument 'catkin_skip_building_tests' from command line to 'False'
[1.127s] DEBUG:colcon.colcon_core.verb:Building package 'elite_description' with the following arguments: {'ament_cmake_args': None, 'build_base': '/home/hgj/arm_ws/build/elite_description', 'catkin_cmake_args': None, 'catkin_skip_building_tests': False, 'cmake_args': ['-DCMAKE_BUILD_TYPE=RelWithDebInfo'], 'cmake_clean_cache': False, 'cmake_clean_first': False, 'cmake_force_configure': False, 'cmake_target': None, 'cmake_target_skip_unavailable': False, 'install_base': '/home/hgj/arm_ws/install/elite_description', 'merge_install': False, 'path': '/home/hgj/arm_ws/src/elite_robot_ros2/src/elite_description', 'symlink_install': True, 'test_result_base': None}
[1.138s] Level 5:colcon.colcon_core.verb:set package 'arm_gripper_moveit2_config' build argument 'cmake_args' from command line to '['-DCMAKE_BUILD_TYPE=RelWithDebInfo']'
[1.138s] Level 5:colcon.colcon_core.verb:set package 'arm_gripper_moveit2_config' build argument 'cmake_target' from command line to 'None'
[1.138s] Level 5:colcon.colcon_core.verb:set package 'arm_gripper_moveit2_config' build argument 'cmake_target_skip_unavailable' from command line to 'False'
[1.138s] Level 5:colcon.colcon_core.verb:set package 'arm_gripper_moveit2_config' build argument 'cmake_clean_cache' from command line to 'False'
[1.138s] Level 5:colcon.colcon_core.verb:set package 'arm_gripper_moveit2_config' build argument 'cmake_clean_first' from command line to 'False'
[1.138s] Level 5:colcon.colcon_core.verb:set package 'arm_gripper_moveit2_config' build argument 'cmake_force_configure' from command line to 'False'
[1.138s] Level 5:colcon.colcon_core.verb:set package 'arm_gripper_moveit2_config' build argument 'ament_cmake_args' from command line to 'None'
[1.138s] Level 5:colcon.colcon_core.verb:set package 'arm_gripper_moveit2_config' build argument 'catkin_cmake_args' from command line to 'None'
[1.139s] Level 5:colcon.colcon_core.verb:set package 'arm_gripper_moveit2_config' build argument 'catkin_skip_building_tests' from command line to 'False'
[1.139s] DEBUG:colcon.colcon_core.verb:Building package 'arm_gripper_moveit2_config' with the following arguments: {'ament_cmake_args': None, 'build_base': '/home/hgj/arm_ws/build/arm_gripper_moveit2_config', 'catkin_cmake_args': None, 'catkin_skip_building_tests': False, 'cmake_args': ['-DCMAKE_BUILD_TYPE=RelWithDebInfo'], 'cmake_clean_cache': False, 'cmake_clean_first': False, 'cmake_force_configure': False, 'cmake_target': None, 'cmake_target_skip_unavailable': False, 'install_base': '/home/hgj/arm_ws/install/arm_gripper_moveit2_config', 'merge_install': False, 'path': '/home/hgj/arm_ws/src/arm_gripper_moveit2_config', 'symlink_install': True, 'test_result_base': None}
[1.149s] Level 5:colcon.colcon_core.verb:set package 'arm_moveit2_config' build argument 'cmake_args' from command line to '['-DCMAKE_BUILD_TYPE=RelWithDebInfo']'
[1.150s] Level 5:colcon.colcon_core.verb:set package 'arm_moveit2_config' build argument 'cmake_target' from command line to 'None'
[1.150s] Level 5:colcon.colcon_core.verb:set package 'arm_moveit2_config' build argument 'cmake_target_skip_unavailable' from command line to 'False'
[1.150s] Level 5:colcon.colcon_core.verb:set package 'arm_moveit2_config' build argument 'cmake_clean_cache' from command line to 'False'
[1.150s] Level 5:colcon.colcon_core.verb:set package 'arm_moveit2_config' build argument 'cmake_clean_first' from command line to 'False'
[1.150s] Level 5:colcon.colcon_core.verb:set package 'arm_moveit2_config' build argument 'cmake_force_configure' from command line to 'False'
[1.150s] Level 5:colcon.colcon_core.verb:set package 'arm_moveit2_config' build argument 'ament_cmake_args' from command line to 'None'
[1.150s] Level 5:colcon.colcon_core.verb:set package 'arm_moveit2_config' build argument 'catkin_cmake_args' from command line to 'None'
[1.150s] Level 5:colcon.colcon_core.verb:set package 'arm_moveit2_config' build argument 'catkin_skip_building_tests' from command line to 'False'
[1.150s] DEBUG:colcon.colcon_core.verb:Building package 'arm_moveit2_config' with the following arguments: {'ament_cmake_args': None, 'build_base': '/home/hgj/arm_ws/build/arm_moveit2_config', 'catkin_cmake_args': None, 'catkin_skip_building_tests': False, 'cmake_args': ['-DCMAKE_BUILD_TYPE=RelWithDebInfo'], 'cmake_clean_cache': False, 'cmake_clean_first': False, 'cmake_force_configure': False, 'cmake_target': None, 'cmake_target_skip_unavailable': False, 'install_base': '/home/hgj/arm_ws/install/arm_moveit2_config', 'merge_install': False, 'path': '/home/hgj/arm_ws/src/elite_robot_ros2/src/arm_moveit2_config', 'symlink_install': True, 'test_result_base': None}
[1.160s] Level 5:colcon.colcon_core.verb:set package 'elite_ec66_moveit_config' build argument 'cmake_args' from command line to '['-DCMAKE_BUILD_TYPE=RelWithDebInfo']'
[1.161s] Level 5:colcon.colcon_core.verb:set package 'elite_ec66_moveit_config' build argument 'cmake_target' from command line to 'None'
[1.161s] Level 5:colcon.colcon_core.verb:set package 'elite_ec66_moveit_config' build argument 'cmake_target_skip_unavailable' from command line to 'False'
[1.161s] Level 5:colcon.colcon_core.verb:set package 'elite_ec66_moveit_config' build argument 'cmake_clean_cache' from command line to 'False'
[1.161s] Level 5:colcon.colcon_core.verb:set package 'elite_ec66_moveit_config' build argument 'cmake_clean_first' from command line to 'False'
[1.161s] Level 5:colcon.colcon_core.verb:set package 'elite_ec66_moveit_config' build argument 'cmake_force_configure' from command line to 'False'
[1.161s] Level 5:colcon.colcon_core.verb:set package 'elite_ec66_moveit_config' build argument 'ament_cmake_args' from command line to 'None'
[1.161s] Level 5:colcon.colcon_core.verb:set package 'elite_ec66_moveit_config' build argument 'catkin_cmake_args' from command line to 'None'
[1.161s] Level 5:colcon.colcon_core.verb:set package 'elite_ec66_moveit_config' build argument 'catkin_skip_building_tests' from command line to 'False'
[1.161s] DEBUG:colcon.colcon_core.verb:Building package 'elite_ec66_moveit_config' with the following arguments: {'ament_cmake_args': None, 'build_base': '/home/hgj/arm_ws/build/elite_ec66_moveit_config', 'catkin_cmake_args': None, 'catkin_skip_building_tests': False, 'cmake_args': ['-DCMAKE_BUILD_TYPE=RelWithDebInfo'], 'cmake_clean_cache': False, 'cmake_clean_first': False, 'cmake_force_configure': False, 'cmake_target': None, 'cmake_target_skip_unavailable': False, 'install_base': '/home/hgj/arm_ws/install/elite_ec66_moveit_config', 'merge_install': False, 'path': '/home/hgj/arm_ws/src/elite_robot_ros2/src/elite_moveit2/elite_ec66_moveit_config', 'symlink_install': True, 'test_result_base': None}
[1.172s] INFO:colcon.colcon_core.executor:Executing jobs using 'parallel' executor
[1.184s] DEBUG:colcon.colcon_parallel_executor.executor.parallel:run_until_complete
[1.185s] INFO:colcon.colcon_ros.task.ament_cmake.build:Building ROS package in '/home/hgj/arm_ws/src/elite_robot_ros2/src/elite_description' with build type 'ament_cmake'
[1.185s] INFO:colcon.colcon_cmake.task.cmake.build:Building CMake package in '/home/hgj/arm_ws/src/elite_robot_ros2/src/elite_description'
[1.202s] INFO:colcon.colcon_core.plugin_system:Skipping extension 'colcon_core.shell.bat': Not used on non-Windows systems
[1.203s] INFO:colcon.colcon_core.shell:Skip shell extension 'powershell' for command environment: Not usable outside of PowerShell
[1.203s] DEBUG:colcon.colcon_core.shell:Skip shell extension 'dsv' for command environment
[1.279s] DEBUG:colcon.colcon_core.event_handler.log_command:Invoking command in '/home/hgj/arm_ws/build/elite_description': CMAKE_PREFIX_PATH=${CMAKE_PREFIX_PATH}:/home/hgj/ros2_ws/install/fishbot_description:/home/hgj/ros_ws/install/rm_decision:/opt/ros/humble /usr/bin/cmake --build /home/hgj/arm_ws/build/elite_description -- -j8 -l8
[1.314s] DEBUG:colcon.colcon_core.event_handler.log_command:Invoked command in '/home/hgj/arm_ws/build/elite_description' returned '0': CMAKE_PREFIX_PATH=${CMAKE_PREFIX_PATH}:/home/hgj/ros2_ws/install/fishbot_description:/home/hgj/ros_ws/install/rm_decision:/opt/ros/humble /usr/bin/cmake --build /home/hgj/arm_ws/build/elite_description -- -j8 -l8
[1.346s] DEBUG:colcon.colcon_core.event_handler.log_command:Invoking command in '/home/hgj/arm_ws/build/elite_description': CMAKE_PREFIX_PATH=${CMAKE_PREFIX_PATH}:/home/hgj/ros2_ws/install/fishbot_description:/home/hgj/ros_ws/install/rm_decision:/opt/ros/humble /usr/bin/cmake --install /home/hgj/arm_ws/build/elite_description
[1.371s] Level 1:colcon.colcon_core.environment:create_environment_scripts_only(elite_description)
[1.372s] DEBUG:colcon.colcon_core.event_handler.log_command:Invoked command in '/home/hgj/arm_ws/build/elite_description' returned '0': CMAKE_PREFIX_PATH=${CMAKE_PREFIX_PATH}:/home/hgj/ros2_ws/install/fishbot_description:/home/hgj/ros_ws/install/rm_decision:/opt/ros/humble /usr/bin/cmake --install /home/hgj/arm_ws/build/elite_description
[1.387s] Level 1:colcon.colcon_core.environment:checking '/home/hgj/arm_ws/install/elite_description' for CMake module files
[1.388s] Level 1:colcon.colcon_core.environment:checking '/home/hgj/arm_ws/install/elite_description' for CMake config files
[1.388s] Level 1:colcon.colcon_core.shell:create_environment_hook('elite_description', 'cmake_prefix_path')
[1.403s] INFO:colcon.colcon_core.shell:Creating environment hook '/home/hgj/arm_ws/install/elite_description/share/elite_description/hook/cmake_prefix_path.ps1'
[1.404s] INFO:colcon.colcon_core.shell:Creating environment descriptor '/home/hgj/arm_ws/install/elite_description/share/elite_description/hook/cmake_prefix_path.dsv'
[1.405s] INFO:colcon.colcon_core.shell:Creating environment hook '/home/hgj/arm_ws/install/elite_description/share/elite_description/hook/cmake_prefix_path.sh'
[1.406s] Level 1:colcon.colcon_core.environment:checking '/home/hgj/arm_ws/install/elite_description/bin'
[1.406s] Level 1:colcon.colcon_core.environment:checking '/home/hgj/arm_ws/install/elite_description/lib/pkgconfig/elite_description.pc'
[1.406s] Level 1:colcon.colcon_core.environment:checking '/home/hgj/arm_ws/install/elite_description/lib/python3.10/site-packages'
[1.406s] Level 1:colcon.colcon_core.environment:checking '/home/hgj/arm_ws/install/elite_description/bin'
[1.418s] INFO:colcon.colcon_core.shell:Creating package script '/home/hgj/arm_ws/install/elite_description/share/elite_description/package.ps1'
[1.419s] INFO:colcon.colcon_core.shell:Creating package descriptor '/home/hgj/arm_ws/install/elite_description/share/elite_description/package.dsv'
[1.420s] INFO:colcon.colcon_core.shell:Creating package script '/home/hgj/arm_ws/install/elite_description/share/elite_description/package.sh'
[1.420s] INFO:colcon.colcon_core.shell:Creating package script '/home/hgj/arm_ws/install/elite_description/share/elite_description/package.bash'
[1.421s] INFO:colcon.colcon_core.shell:Creating package script '/home/hgj/arm_ws/install/elite_description/share/elite_description/package.zsh'
[1.421s] Level 1:colcon.colcon_core.environment:create_file_with_runtime_dependencies(/home/hgj/arm_ws/install/elite_description/share/colcon-core/packages/elite_description)
[1.476s] Level 1:colcon.colcon_core.environment:create_environment_scripts_only(elite_description)
[1.493s] Level 1:colcon.colcon_core.environment:checking '/home/hgj/arm_ws/install/elite_description' for CMake module files
[1.494s] Level 1:colcon.colcon_core.environment:checking '/home/hgj/arm_ws/install/elite_description' for CMake config files
[1.494s] Level 1:colcon.colcon_core.shell:create_environment_hook('elite_description', 'cmake_prefix_path')
[1.507s] INFO:colcon.colcon_core.shell:Creating environment hook '/home/hgj/arm_ws/install/elite_description/share/elite_description/hook/cmake_prefix_path.ps1'
[1.507s] INFO:colcon.colcon_core.shell:Creating environment descriptor '/home/hgj/arm_ws/install/elite_description/share/elite_description/hook/cmake_prefix_path.dsv'
[1.507s] INFO:colcon.colcon_core.shell:Creating environment hook '/home/hgj/arm_ws/install/elite_description/share/elite_description/hook/cmake_prefix_path.sh'
[1.508s] Level 1:colcon.colcon_core.environment:checking '/home/hgj/arm_ws/install/elite_description/bin'
[1.508s] Level 1:colcon.colcon_core.environment:checking '/home/hgj/arm_ws/install/elite_description/lib/pkgconfig/elite_description.pc'
[1.508s] Level 1:colcon.colcon_core.environment:checking '/home/hgj/arm_ws/install/elite_description/lib/python3.10/site-packages'
[1.508s] Level 1:colcon.colcon_core.environment:checking '/home/hgj/arm_ws/install/elite_description/bin'
[1.521s] INFO:colcon.colcon_core.shell:Creating package script '/home/hgj/arm_ws/install/elite_description/share/elite_description/package.ps1'
[1.522s] INFO:colcon.colcon_core.shell:Creating package descriptor '/home/hgj/arm_ws/install/elite_description/share/elite_description/package.dsv'
[1.522s] INFO:colcon.colcon_core.shell:Creating package script '/home/hgj/arm_ws/install/elite_description/share/elite_description/package.sh'
[1.523s] INFO:colcon.colcon_core.shell:Creating package script '/home/hgj/arm_ws/install/elite_description/share/elite_description/package.bash'
[1.524s] INFO:colcon.colcon_core.shell:Creating package script '/home/hgj/arm_ws/install/elite_description/share/elite_description/package.zsh'
[1.524s] Level 1:colcon.colcon_core.environment:create_file_with_runtime_dependencies(/home/hgj/arm_ws/install/elite_description/share/colcon-core/packages/elite_description)
[1.524s] INFO:colcon.colcon_ros.task.ament_cmake.build:Building ROS package in '/home/hgj/arm_ws/src/arm_gripper_moveit2_config' with build type 'ament_cmake'
[1.525s] INFO:colcon.colcon_cmake.task.cmake.build:Building CMake package in '/home/hgj/arm_ws/src/arm_gripper_moveit2_config'
[1.539s] INFO:colcon.colcon_core.shell:Skip shell extension 'powershell' for command environment: Not usable outside of PowerShell
[1.539s] DEBUG:colcon.colcon_core.shell:Skip shell extension 'dsv' for command environment
[1.645s] INFO:colcon.colcon_ros.task.ament_cmake.build:Building ROS package in '/home/hgj/arm_ws/src/elite_robot_ros2/src/arm_moveit2_config' with build type 'ament_cmake'
[1.645s] INFO:colcon.colcon_cmake.task.cmake.build:Building CMake package in '/home/hgj/arm_ws/src/elite_robot_ros2/src/arm_moveit2_config'
[1.660s] INFO:colcon.colcon_core.shell:Skip shell extension 'powershell' for command environment: Not usable outside of PowerShell
[1.661s] DEBUG:colcon.colcon_core.shell:Skip shell extension 'dsv' for command environment
[1.741s] INFO:colcon.colcon_ros.task.ament_cmake.build:Building ROS package in '/home/hgj/arm_ws/src/elite_robot_ros2/src/elite_moveit2/elite_ec66_moveit_config' with build type 'ament_cmake'
[1.741s] INFO:colcon.colcon_cmake.task.cmake.build:Building CMake package in '/home/hgj/arm_ws/src/elite_robot_ros2/src/elite_moveit2/elite_ec66_moveit_config'
[1.754s] INFO:colcon.colcon_core.shell:Skip shell extension 'powershell' for command environment: Not usable outside of PowerShell
[1.754s] DEBUG:colcon.colcon_core.shell:Skip shell extension 'dsv' for command environment
[1.835s] DEBUG:colcon.colcon_core.event_handler.log_command:Invoking command in '/home/hgj/arm_ws/build/arm_gripper_moveit2_config': CMAKE_PREFIX_PATH=/home/hgj/arm_ws/install/elite_description:/home/hgj/arm_ws/install/elite_ec66_moveit_config:/home/hgj/arm_ws/install/arm_moveit2_config:/home/hgj/arm_ws/install/arm_gripper_moveit2_config:/home/hgj/ros2_ws/install/fishbot_navigation2:/home/hgj/ros2_ws/install/fishbot_cartographer:/home/hgj/ros2_ws/install/elite_ec66_moveit_config:/home/hgj/ros2_ws/install/elite_description:/home/hgj/ros2_ws/install/cartographer_rviz:/home/hgj/ros2_ws/install/cartographer_ros:/home/hgj/ros2_ws/install/cartographer_ros_msgs:/home/hgj/ros2_ws/install/cartographer:/home/hgj/ros_ws/install/ros2_livox_simulation:/home/hgj/ros_ws/install/rm_navigation:/home/hgj/ros_ws/install/rm_decision_interfaces:/home/hgj/ros_ws/install/pointcloud_to_laserscan:/home/hgj/ros_ws/install/pb_rm_simulation:/home/hgj/ros_ws/install/fast_lio:/home/hgj/ros_ws/install/livox_ros_driver2:/home/hgj/ros_ws/install/linefit_ground_segmentation_ros:/home/hgj/ros_ws/install/linefit_ground_segmentation:/home/hgj/ros_ws/install/icp_localization_ros2:/home/hgj/ros2_ws/install/fishbot_description:/home/hgj/ros_ws/install/rm_decision:/opt/ros/humble /usr/bin/cmake --build /home/hgj/arm_ws/build/arm_gripper_moveit2_config -- -j8 -l8
[1.839s] DEBUG:colcon.colcon_core.event_handler.log_command:Invoking command in '/home/hgj/arm_ws/build/arm_moveit2_config': CMAKE_PREFIX_PATH=/home/hgj/arm_ws/install/elite_description:/home/hgj/arm_ws/install/elite_ec66_moveit_config:/home/hgj/arm_ws/install/arm_moveit2_config:/home/hgj/arm_ws/install/arm_gripper_moveit2_config:/home/hgj/ros2_ws/install/fishbot_navigation2:/home/hgj/ros2_ws/install/fishbot_cartographer:/home/hgj/ros2_ws/install/elite_ec66_moveit_config:/home/hgj/ros2_ws/install/elite_description:/home/hgj/ros2_ws/install/cartographer_rviz:/home/hgj/ros2_ws/install/cartographer_ros:/home/hgj/ros2_ws/install/cartographer_ros_msgs:/home/hgj/ros2_ws/install/cartographer:/home/hgj/ros_ws/install/ros2_livox_simulation:/home/hgj/ros_ws/install/rm_navigation:/home/hgj/ros_ws/install/rm_decision_interfaces:/home/hgj/ros_ws/install/pointcloud_to_laserscan:/home/hgj/ros_ws/install/pb_rm_simulation:/home/hgj/ros_ws/install/fast_lio:/home/hgj/ros_ws/install/livox_ros_driver2:/home/hgj/ros_ws/install/linefit_ground_segmentation_ros:/home/hgj/ros_ws/install/linefit_ground_segmentation:/home/hgj/ros_ws/install/icp_localization_ros2:/home/hgj/ros2_ws/install/fishbot_description:/home/hgj/ros_ws/install/rm_decision:/opt/ros/humble /usr/bin/cmake --build /home/hgj/arm_ws/build/arm_moveit2_config -- -j8 -l8
[1.842s] DEBUG:colcon.colcon_core.event_handler.log_command:Invoking command in '/home/hgj/arm_ws/build/elite_ec66_moveit_config': CMAKE_PREFIX_PATH=/home/hgj/arm_ws/install/elite_description:/home/hgj/arm_ws/install/elite_ec66_moveit_config:/home/hgj/arm_ws/install/arm_moveit2_config:/home/hgj/arm_ws/install/arm_gripper_moveit2_config:/home/hgj/ros2_ws/install/fishbot_navigation2:/home/hgj/ros2_ws/install/fishbot_cartographer:/home/hgj/ros2_ws/install/elite_ec66_moveit_config:/home/hgj/ros2_ws/install/elite_description:/home/hgj/ros2_ws/install/cartographer_rviz:/home/hgj/ros2_ws/install/cartographer_ros:/home/hgj/ros2_ws/install/cartographer_ros_msgs:/home/hgj/ros2_ws/install/cartographer:/home/hgj/ros_ws/install/ros2_livox_simulation:/home/hgj/ros_ws/install/rm_navigation:/home/hgj/ros_ws/install/rm_decision_interfaces:/home/hgj/ros_ws/install/pointcloud_to_laserscan:/home/hgj/ros_ws/install/pb_rm_simulation:/home/hgj/ros_ws/install/fast_lio:/home/hgj/ros_ws/install/livox_ros_driver2:/home/hgj/ros_ws/install/linefit_ground_segmentation_ros:/home/hgj/ros_ws/install/linefit_ground_segmentation:/home/hgj/ros_ws/install/icp_localization_ros2:/home/hgj/ros2_ws/install/fishbot_description:/home/hgj/ros_ws/install/rm_decision:/opt/ros/humble /usr/bin/cmake --build /home/hgj/arm_ws/build/elite_ec66_moveit_config -- -j8 -l8
[1.873s] DEBUG:colcon.colcon_core.event_handler.log_command:Invoked command in '/home/hgj/arm_ws/build/arm_gripper_moveit2_config' returned '0': CMAKE_PREFIX_PATH=/home/hgj/arm_ws/install/elite_description:/home/hgj/arm_ws/install/elite_ec66_moveit_config:/home/hgj/arm_ws/install/arm_moveit2_config:/home/hgj/arm_ws/install/arm_gripper_moveit2_config:/home/hgj/ros2_ws/install/fishbot_navigation2:/home/hgj/ros2_ws/install/fishbot_cartographer:/home/hgj/ros2_ws/install/elite_ec66_moveit_config:/home/hgj/ros2_ws/install/elite_description:/home/hgj/ros2_ws/install/cartographer_rviz:/home/hgj/ros2_ws/install/cartographer_ros:/home/hgj/ros2_ws/install/cartographer_ros_msgs:/home/hgj/ros2_ws/install/cartographer:/home/hgj/ros_ws/install/ros2_livox_simulation:/home/hgj/ros_ws/install/rm_navigation:/home/hgj/ros_ws/install/rm_decision_interfaces:/home/hgj/ros_ws/install/pointcloud_to_laserscan:/home/hgj/ros_ws/install/pb_rm_simulation:/home/hgj/ros_ws/install/fast_lio:/home/hgj/ros_ws/install/livox_ros_driver2:/home/hgj/ros_ws/install/linefit_ground_segmentation_ros:/home/hgj/ros_ws/install/linefit_ground_segmentation:/home/hgj/ros_ws/install/icp_localization_ros2:/home/hgj/ros2_ws/install/fishbot_description:/home/hgj/ros_ws/install/rm_decision:/opt/ros/humble /usr/bin/cmake --build /home/hgj/arm_ws/build/arm_gripper_moveit2_config -- -j8 -l8
[1.875s] DEBUG:colcon.colcon_core.event_handler.log_command:Invoked command in '/home/hgj/arm_ws/build/arm_moveit2_config' returned '0': CMAKE_PREFIX_PATH=/home/hgj/arm_ws/install/elite_description:/home/hgj/arm_ws/install/elite_ec66_moveit_config:/home/hgj/arm_ws/install/arm_moveit2_config:/home/hgj/arm_ws/install/arm_gripper_moveit2_config:/home/hgj/ros2_ws/install/fishbot_navigation2:/home/hgj/ros2_ws/install/fishbot_cartographer:/home/hgj/ros2_ws/install/elite_ec66_moveit_config:/home/hgj/ros2_ws/install/elite_description:/home/hgj/ros2_ws/install/cartographer_rviz:/home/hgj/ros2_ws/install/cartographer_ros:/home/hgj/ros2_ws/install/cartographer_ros_msgs:/home/hgj/ros2_ws/install/cartographer:/home/hgj/ros_ws/install/ros2_livox_simulation:/home/hgj/ros_ws/install/rm_navigation:/home/hgj/ros_ws/install/rm_decision_interfaces:/home/hgj/ros_ws/install/pointcloud_to_laserscan:/home/hgj/ros_ws/install/pb_rm_simulation:/home/hgj/ros_ws/install/fast_lio:/home/hgj/ros_ws/install/livox_ros_driver2:/home/hgj/ros_ws/install/linefit_ground_segmentation_ros:/home/hgj/ros_ws/install/linefit_ground_segmentation:/home/hgj/ros_ws/install/icp_localization_ros2:/home/hgj/ros2_ws/install/fishbot_description:/home/hgj/ros_ws/install/rm_decision:/opt/ros/humble /usr/bin/cmake --build /home/hgj/arm_ws/build/arm_moveit2_config -- -j8 -l8
[1.883s] DEBUG:colcon.colcon_core.event_handler.log_command:Invoked command in '/home/hgj/arm_ws/build/elite_ec66_moveit_config' returned '0': CMAKE_PREFIX_PATH=/home/hgj/arm_ws/install/elite_description:/home/hgj/arm_ws/install/elite_ec66_moveit_config:/home/hgj/arm_ws/install/arm_moveit2_config:/home/hgj/arm_ws/install/arm_gripper_moveit2_config:/home/hgj/ros2_ws/install/fishbot_navigation2:/home/hgj/ros2_ws/install/fishbot_cartographer:/home/hgj/ros2_ws/install/elite_ec66_moveit_config:/home/hgj/ros2_ws/install/elite_description:/home/hgj/ros2_ws/install/cartographer_rviz:/home/hgj/ros2_ws/install/cartographer_ros:/home/hgj/ros2_ws/install/cartographer_ros_msgs:/home/hgj/ros2_ws/install/cartographer:/home/hgj/ros_ws/install/ros2_livox_simulation:/home/hgj/ros_ws/install/rm_navigation:/home/hgj/ros_ws/install/rm_decision_interfaces:/home/hgj/ros_ws/install/pointcloud_to_laserscan:/home/hgj/ros_ws/install/pb_rm_simulation:/home/hgj/ros_ws/install/fast_lio:/home/hgj/ros_ws/install/livox_ros_driver2:/home/hgj/ros_ws/install/linefit_ground_segmentation_ros:/home/hgj/ros_ws/install/linefit_ground_segmentation:/home/hgj/ros_ws/install/icp_localization_ros2:/home/hgj/ros2_ws/install/fishbot_description:/home/hgj/ros_ws/install/rm_decision:/opt/ros/humble /usr/bin/cmake --build /home/hgj/arm_ws/build/elite_ec66_moveit_config -- -j8 -l8
[1.897s] DEBUG:colcon.colcon_core.event_handler.log_command:Invoking command in '/home/hgj/arm_ws/build/arm_moveit2_config': CMAKE_PREFIX_PATH=/home/hgj/arm_ws/install/elite_description:/home/hgj/arm_ws/install/elite_ec66_moveit_config:/home/hgj/arm_ws/install/arm_moveit2_config:/home/hgj/arm_ws/install/arm_gripper_moveit2_config:/home/hgj/ros2_ws/install/fishbot_navigation2:/home/hgj/ros2_ws/install/fishbot_cartographer:/home/hgj/ros2_ws/install/elite_ec66_moveit_config:/home/hgj/ros2_ws/install/elite_description:/home/hgj/ros2_ws/install/cartographer_rviz:/home/hgj/ros2_ws/install/cartographer_ros:/home/hgj/ros2_ws/install/cartographer_ros_msgs:/home/hgj/ros2_ws/install/cartographer:/home/hgj/ros_ws/install/ros2_livox_simulation:/home/hgj/ros_ws/install/rm_navigation:/home/hgj/ros_ws/install/rm_decision_interfaces:/home/hgj/ros_ws/install/pointcloud_to_laserscan:/home/hgj/ros_ws/install/pb_rm_simulation:/home/hgj/ros_ws/install/fast_lio:/home/hgj/ros_ws/install/livox_ros_driver2:/home/hgj/ros_ws/install/linefit_ground_segmentation_ros:/home/hgj/ros_ws/install/linefit_ground_segmentation:/home/hgj/ros_ws/install/icp_localization_ros2:/home/hgj/ros2_ws/install/fishbot_description:/home/hgj/ros_ws/install/rm_decision:/opt/ros/humble /usr/bin/cmake --install /home/hgj/arm_ws/build/arm_moveit2_config
[1.901s] DEBUG:colcon.colcon_core.event_handler.log_command:Invoking command in '/home/hgj/arm_ws/build/arm_gripper_moveit2_config': CMAKE_PREFIX_PATH=/home/hgj/arm_ws/install/elite_description:/home/hgj/arm_ws/install/elite_ec66_moveit_config:/home/hgj/arm_ws/install/arm_moveit2_config:/home/hgj/arm_ws/install/arm_gripper_moveit2_config:/home/hgj/ros2_ws/install/fishbot_navigation2:/home/hgj/ros2_ws/install/fishbot_cartographer:/home/hgj/ros2_ws/install/elite_ec66_moveit_config:/home/hgj/ros2_ws/install/elite_description:/home/hgj/ros2_ws/install/cartographer_rviz:/home/hgj/ros2_ws/install/cartographer_ros:/home/hgj/ros2_ws/install/cartographer_ros_msgs:/home/hgj/ros2_ws/install/cartographer:/home/hgj/ros_ws/install/ros2_livox_simulation:/home/hgj/ros_ws/install/rm_navigation:/home/hgj/ros_ws/install/rm_decision_interfaces:/home/hgj/ros_ws/install/pointcloud_to_laserscan:/home/hgj/ros_ws/install/pb_rm_simulation:/home/hgj/ros_ws/install/fast_lio:/home/hgj/ros_ws/install/livox_ros_driver2:/home/hgj/ros_ws/install/linefit_ground_segmentation_ros:/home/hgj/ros_ws/install/linefit_ground_segmentation:/home/hgj/ros_ws/install/icp_localization_ros2:/home/hgj/ros2_ws/install/fishbot_description:/home/hgj/ros_ws/install/rm_decision:/opt/ros/humble /usr/bin/cmake --install /home/hgj/arm_ws/build/arm_gripper_moveit2_config
[1.912s] DEBUG:colcon.colcon_core.event_handler.log_command:Invoking command in '/home/hgj/arm_ws/build/elite_ec66_moveit_config': CMAKE_PREFIX_PATH=/home/hgj/arm_ws/install/elite_description:/home/hgj/arm_ws/install/elite_ec66_moveit_config:/home/hgj/arm_ws/install/arm_moveit2_config:/home/hgj/arm_ws/install/arm_gripper_moveit2_config:/home/hgj/ros2_ws/install/fishbot_navigation2:/home/hgj/ros2_ws/install/fishbot_cartographer:/home/hgj/ros2_ws/install/elite_ec66_moveit_config:/home/hgj/ros2_ws/install/elite_description:/home/hgj/ros2_ws/install/cartographer_rviz:/home/hgj/ros2_ws/install/cartographer_ros:/home/hgj/ros2_ws/install/cartographer_ros_msgs:/home/hgj/ros2_ws/install/cartographer:/home/hgj/ros_ws/install/ros2_livox_simulation:/home/hgj/ros_ws/install/rm_navigation:/home/hgj/ros_ws/install/rm_decision_interfaces:/home/hgj/ros_ws/install/pointcloud_to_laserscan:/home/hgj/ros_ws/install/pb_rm_simulation:/home/hgj/ros_ws/install/fast_lio:/home/hgj/ros_ws/install/livox_ros_driver2:/home/hgj/ros_ws/install/linefit_ground_segmentation_ros:/home/hgj/ros_ws/install/linefit_ground_segmentation:/home/hgj/ros_ws/install/icp_localization_ros2:/home/hgj/ros2_ws/install/fishbot_description:/home/hgj/ros_ws/install/rm_decision:/opt/ros/humble /usr/bin/cmake --install /home/hgj/arm_ws/build/elite_ec66_moveit_config
[1.929s] Level 1:colcon.colcon_core.environment:create_environment_scripts_only(arm_gripper_moveit2_config)
[1.930s] DEBUG:colcon.colcon_core.event_handler.log_command:Invoked command in '/home/hgj/arm_ws/build/arm_gripper_moveit2_config' returned '0': CMAKE_PREFIX_PATH=/home/hgj/arm_ws/install/elite_description:/home/hgj/arm_ws/install/elite_ec66_moveit_config:/home/hgj/arm_ws/install/arm_moveit2_config:/home/hgj/arm_ws/install/arm_gripper_moveit2_config:/home/hgj/ros2_ws/install/fishbot_navigation2:/home/hgj/ros2_ws/install/fishbot_cartographer:/home/hgj/ros2_ws/install/elite_ec66_moveit_config:/home/hgj/ros2_ws/install/elite_description:/home/hgj/ros2_ws/install/cartographer_rviz:/home/hgj/ros2_ws/install/cartographer_ros:/home/hgj/ros2_ws/install/cartographer_ros_msgs:/home/hgj/ros2_ws/install/cartographer:/home/hgj/ros_ws/install/ros2_livox_simulation:/home/hgj/ros_ws/install/rm_navigation:/home/hgj/ros_ws/install/rm_decision_interfaces:/home/hgj/ros_ws/install/pointcloud_to_laserscan:/home/hgj/ros_ws/install/pb_rm_simulation:/home/hgj/ros_ws/install/fast_lio:/home/hgj/ros_ws/install/livox_ros_driver2:/home/hgj/ros_ws/install/linefit_ground_segmentation_ros:/home/hgj/ros_ws/install/linefit_ground_segmentation:/home/hgj/ros_ws/install/icp_localization_ros2:/home/hgj/ros2_ws/install/fishbot_description:/home/hgj/ros_ws/install/rm_decision:/opt/ros/humble /usr/bin/cmake --install /home/hgj/arm_ws/build/arm_gripper_moveit2_config
[1.946s] Level 1:colcon.colcon_core.environment:checking '/home/hgj/arm_ws/install/arm_gripper_moveit2_config' for CMake module files
[1.947s] Level 1:colcon.colcon_core.environment:checking '/home/hgj/arm_ws/install/arm_gripper_moveit2_config' for CMake config files
[1.947s] Level 1:colcon.colcon_core.shell:create_environment_hook('arm_gripper_moveit2_config', 'cmake_prefix_path')
[1.958s] INFO:colcon.colcon_core.shell:Creating environment hook '/home/hgj/arm_ws/install/arm_gripper_moveit2_config/share/arm_gripper_moveit2_config/hook/cmake_prefix_path.ps1'
[1.959s] INFO:colcon.colcon_core.shell:Creating environment descriptor '/home/hgj/arm_ws/install/arm_gripper_moveit2_config/share/arm_gripper_moveit2_config/hook/cmake_prefix_path.dsv'
[1.959s] INFO:colcon.colcon_core.shell:Creating environment hook '/home/hgj/arm_ws/install/arm_gripper_moveit2_config/share/arm_gripper_moveit2_config/hook/cmake_prefix_path.sh'
[1.960s] Level 1:colcon.colcon_core.environment:checking '/home/hgj/arm_ws/install/arm_gripper_moveit2_config/bin'
[1.960s] Level 1:colcon.colcon_core.environment:checking '/home/hgj/arm_ws/install/arm_gripper_moveit2_config/lib/pkgconfig/arm_gripper_moveit2_config.pc'
[1.960s] Level 1:colcon.colcon_core.environment:checking '/home/hgj/arm_ws/install/arm_gripper_moveit2_config/lib/python3.10/site-packages'
[1.960s] Level 1:colcon.colcon_core.environment:checking '/home/hgj/arm_ws/install/arm_gripper_moveit2_config/bin'
[1.973s] INFO:colcon.colcon_core.shell:Creating package script '/home/hgj/arm_ws/install/arm_gripper_moveit2_config/share/arm_gripper_moveit2_config/package.ps1'
[1.974s] INFO:colcon.colcon_core.shell:Creating package descriptor '/home/hgj/arm_ws/install/arm_gripper_moveit2_config/share/arm_gripper_moveit2_config/package.dsv'
[1.974s] INFO:colcon.colcon_core.shell:Creating package script '/home/hgj/arm_ws/install/arm_gripper_moveit2_config/share/arm_gripper_moveit2_config/package.sh'
[1.974s] INFO:colcon.colcon_core.shell:Creating package script '/home/hgj/arm_ws/install/arm_gripper_moveit2_config/share/arm_gripper_moveit2_config/package.bash'
[1.974s] INFO:colcon.colcon_core.shell:Creating package script '/home/hgj/arm_ws/install/arm_gripper_moveit2_config/share/arm_gripper_moveit2_config/package.zsh'
[1.974s] Level 1:colcon.colcon_core.environment:create_file_with_runtime_dependencies(/home/hgj/arm_ws/install/arm_gripper_moveit2_config/share/colcon-core/packages/arm_gripper_moveit2_config)
[1.976s] Level 1:colcon.colcon_core.environment:create_environment_scripts_only(elite_ec66_moveit_config)
[1.976s] DEBUG:colcon.colcon_core.event_handler.log_command:Invoked command in '/home/hgj/arm_ws/build/elite_ec66_moveit_config' returned '0': CMAKE_PREFIX_PATH=/home/hgj/arm_ws/install/elite_description:/home/hgj/arm_ws/install/elite_ec66_moveit_config:/home/hgj/arm_ws/install/arm_moveit2_config:/home/hgj/arm_ws/install/arm_gripper_moveit2_config:/home/hgj/ros2_ws/install/fishbot_navigation2:/home/hgj/ros2_ws/install/fishbot_cartographer:/home/hgj/ros2_ws/install/elite_ec66_moveit_config:/home/hgj/ros2_ws/install/elite_description:/home/hgj/ros2_ws/install/cartographer_rviz:/home/hgj/ros2_ws/install/cartographer_ros:/home/hgj/ros2_ws/install/cartographer_ros_msgs:/home/hgj/ros2_ws/install/cartographer:/home/hgj/ros_ws/install/ros2_livox_simulation:/home/hgj/ros_ws/install/rm_navigation:/home/hgj/ros_ws/install/rm_decision_interfaces:/home/hgj/ros_ws/install/pointcloud_to_laserscan:/home/hgj/ros_ws/install/pb_rm_simulation:/home/hgj/ros_ws/install/fast_lio:/home/hgj/ros_ws/install/livox_ros_driver2:/home/hgj/ros_ws/install/linefit_ground_segmentation_ros:/home/hgj/ros_ws/install/linefit_ground_segmentation:/home/hgj/ros_ws/install/icp_localization_ros2:/home/hgj/ros2_ws/install/fishbot_description:/home/hgj/ros_ws/install/rm_decision:/opt/ros/humble /usr/bin/cmake --install /home/hgj/arm_ws/build/elite_ec66_moveit_config
[2.005s] Level 1:colcon.colcon_core.environment:checking '/home/hgj/arm_ws/install/elite_ec66_moveit_config' for CMake module files
[2.006s] Level 1:colcon.colcon_core.environment:checking '/home/hgj/arm_ws/install/elite_ec66_moveit_config' for CMake config files
[2.006s] Level 1:colcon.colcon_core.shell:create_environment_hook('elite_ec66_moveit_config', 'cmake_prefix_path')
[2.018s] INFO:colcon.colcon_core.shell:Creating environment hook '/home/hgj/arm_ws/install/elite_ec66_moveit_config/share/elite_ec66_moveit_config/hook/cmake_prefix_path.ps1'
[2.018s] INFO:colcon.colcon_core.shell:Creating environment descriptor '/home/hgj/arm_ws/install/elite_ec66_moveit_config/share/elite_ec66_moveit_config/hook/cmake_prefix_path.dsv'
[2.019s] INFO:colcon.colcon_core.shell:Creating environment hook '/home/hgj/arm_ws/install/elite_ec66_moveit_config/share/elite_ec66_moveit_config/hook/cmake_prefix_path.sh'
[2.019s] Level 1:colcon.colcon_core.environment:checking '/home/hgj/arm_ws/install/elite_ec66_moveit_config/bin'
[2.019s] Level 1:colcon.colcon_core.environment:checking '/home/hgj/arm_ws/install/elite_ec66_moveit_config/lib/pkgconfig/elite_ec66_moveit_config.pc'
[2.019s] Level 1:colcon.colcon_core.environment:checking '/home/hgj/arm_ws/install/elite_ec66_moveit_config/lib/python3.10/site-packages'
[2.019s] Level 1:colcon.colcon_core.environment:checking '/home/hgj/arm_ws/install/elite_ec66_moveit_config/bin'
[2.031s] INFO:colcon.colcon_core.shell:Creating package script '/home/hgj/arm_ws/install/elite_ec66_moveit_config/share/elite_ec66_moveit_config/package.ps1'
[2.032s] INFO:colcon.colcon_core.shell:Creating package descriptor '/home/hgj/arm_ws/install/elite_ec66_moveit_config/share/elite_ec66_moveit_config/package.dsv'
[2.034s] INFO:colcon.colcon_core.shell:Creating package script '/home/hgj/arm_ws/install/elite_ec66_moveit_config/share/elite_ec66_moveit_config/package.sh'
[2.034s] INFO:colcon.colcon_core.shell:Creating package script '/home/hgj/arm_ws/install/elite_ec66_moveit_config/share/elite_ec66_moveit_config/package.bash'
[2.034s] INFO:colcon.colcon_core.shell:Creating package script '/home/hgj/arm_ws/install/elite_ec66_moveit_config/share/elite_ec66_moveit_config/package.zsh'
[2.034s] Level 1:colcon.colcon_core.environment:create_file_with_runtime_dependencies(/home/hgj/arm_ws/install/elite_ec66_moveit_config/share/colcon-core/packages/elite_ec66_moveit_config)
[2.035s] Level 1:colcon.colcon_core.environment:create_environment_scripts_only(arm_moveit2_config)
[2.037s] DEBUG:colcon.colcon_core.event_handler.log_command:Invoked command in '/home/hgj/arm_ws/build/arm_moveit2_config' returned '0': CMAKE_PREFIX_PATH=/home/hgj/arm_ws/install/elite_description:/home/hgj/arm_ws/install/elite_ec66_moveit_config:/home/hgj/arm_ws/install/arm_moveit2_config:/home/hgj/arm_ws/install/arm_gripper_moveit2_config:/home/hgj/ros2_ws/install/fishbot_navigation2:/home/hgj/ros2_ws/install/fishbot_cartographer:/home/hgj/ros2_ws/install/elite_ec66_moveit_config:/home/hgj/ros2_ws/install/elite_description:/home/hgj/ros2_ws/install/cartographer_rviz:/home/hgj/ros2_ws/install/cartographer_ros:/home/hgj/ros2_ws/install/cartographer_ros_msgs:/home/hgj/ros2_ws/install/cartographer:/home/hgj/ros_ws/install/ros2_livox_simulation:/home/hgj/ros_ws/install/rm_navigation:/home/hgj/ros_ws/install/rm_decision_interfaces:/home/hgj/ros_ws/install/pointcloud_to_laserscan:/home/hgj/ros_ws/install/pb_rm_simulation:/home/hgj/ros_ws/install/fast_lio:/home/hgj/ros_ws/install/livox_ros_driver2:/home/hgj/ros_ws/install/linefit_ground_segmentation_ros:/home/hgj/ros_ws/install/linefit_ground_segmentation:/home/hgj/ros_ws/install/icp_localization_ros2:/home/hgj/ros2_ws/install/fishbot_description:/home/hgj/ros_ws/install/rm_decision:/opt/ros/humble /usr/bin/cmake --install /home/hgj/arm_ws/build/arm_moveit2_config
[2.052s] Level 1:colcon.colcon_core.environment:checking '/home/hgj/arm_ws/install/arm_moveit2_config' for CMake module files
[2.053s] Level 1:colcon.colcon_core.environment:checking '/home/hgj/arm_ws/install/arm_moveit2_config' for CMake config files
[2.053s] Level 1:colcon.colcon_core.shell:create_environment_hook('arm_moveit2_config', 'cmake_prefix_path')
[2.067s] INFO:colcon.colcon_core.shell:Creating environment hook '/home/hgj/arm_ws/install/arm_moveit2_config/share/arm_moveit2_config/hook/cmake_prefix_path.ps1'
[2.068s] INFO:colcon.colcon_core.shell:Creating environment descriptor '/home/hgj/arm_ws/install/arm_moveit2_config/share/arm_moveit2_config/hook/cmake_prefix_path.dsv'
[2.068s] INFO:colcon.colcon_core.shell:Creating environment hook '/home/hgj/arm_ws/install/arm_moveit2_config/share/arm_moveit2_config/hook/cmake_prefix_path.sh'
[2.069s] Level 1:colcon.colcon_core.environment:checking '/home/hgj/arm_ws/install/arm_moveit2_config/bin'
[2.069s] Level 1:colcon.colcon_core.environment:checking '/home/hgj/arm_ws/install/arm_moveit2_config/lib/pkgconfig/arm_moveit2_config.pc'
[2.069s] Level 1:colcon.colcon_core.environment:checking '/home/hgj/arm_ws/install/arm_moveit2_config/lib/python3.10/site-packages'
[2.069s] Level 1:colcon.colcon_core.environment:checking '/home/hgj/arm_ws/install/arm_moveit2_config/bin'
[2.082s] INFO:colcon.colcon_core.shell:Creating package script '/home/hgj/arm_ws/install/arm_moveit2_config/share/arm_moveit2_config/package.ps1'
[2.083s] INFO:colcon.colcon_core.shell:Creating package descriptor '/home/hgj/arm_ws/install/arm_moveit2_config/share/arm_moveit2_config/package.dsv'
[2.084s] INFO:colcon.colcon_core.shell:Creating package script '/home/hgj/arm_ws/install/arm_moveit2_config/share/arm_moveit2_config/package.sh'
[2.084s] INFO:colcon.colcon_core.shell:Creating package script '/home/hgj/arm_ws/install/arm_moveit2_config/share/arm_moveit2_config/package.bash'
[2.085s] INFO:colcon.colcon_core.shell:Creating package script '/home/hgj/arm_ws/install/arm_moveit2_config/share/arm_moveit2_config/package.zsh'
[2.085s] Level 1:colcon.colcon_core.environment:create_file_with_runtime_dependencies(/home/hgj/arm_ws/install/arm_moveit2_config/share/colcon-core/packages/arm_moveit2_config)
[2.098s] Level 1:colcon.colcon_core.environment:create_environment_scripts_only(arm_gripper_moveit2_config)
[2.113s] Level 1:colcon.colcon_core.environment:checking '/home/hgj/arm_ws/install/arm_gripper_moveit2_config' for CMake module files
[2.113s] Level 1:colcon.colcon_core.environment:checking '/home/hgj/arm_ws/install/arm_gripper_moveit2_config' for CMake config files
[2.113s] Level 1:colcon.colcon_core.shell:create_environment_hook('arm_gripper_moveit2_config', 'cmake_prefix_path')
[2.125s] INFO:colcon.colcon_core.shell:Creating environment hook '/home/hgj/arm_ws/install/arm_gripper_moveit2_config/share/arm_gripper_moveit2_config/hook/cmake_prefix_path.ps1'
[2.126s] INFO:colcon.colcon_core.shell:Creating environment descriptor '/home/hgj/arm_ws/install/arm_gripper_moveit2_config/share/arm_gripper_moveit2_config/hook/cmake_prefix_path.dsv'
[2.126s] INFO:colcon.colcon_core.shell:Creating environment hook '/home/hgj/arm_ws/install/arm_gripper_moveit2_config/share/arm_gripper_moveit2_config/hook/cmake_prefix_path.sh'
[2.126s] Level 1:colcon.colcon_core.environment:checking '/home/hgj/arm_ws/install/arm_gripper_moveit2_config/bin'
[2.127s] Level 1:colcon.colcon_core.environment:checking '/home/hgj/arm_ws/install/arm_gripper_moveit2_config/lib/pkgconfig/arm_gripper_moveit2_config.pc'
[2.127s] Level 1:colcon.colcon_core.environment:checking '/home/hgj/arm_ws/install/arm_gripper_moveit2_config/lib/python3.10/site-packages'
[2.127s] Level 1:colcon.colcon_core.environment:checking '/home/hgj/arm_ws/install/arm_gripper_moveit2_config/bin'
[2.140s] INFO:colcon.colcon_core.shell:Creating package script '/home/hgj/arm_ws/install/arm_gripper_moveit2_config/share/arm_gripper_moveit2_config/package.ps1'
[2.140s] INFO:colcon.colcon_core.shell:Creating package descriptor '/home/hgj/arm_ws/install/arm_gripper_moveit2_config/share/arm_gripper_moveit2_config/package.dsv'
[2.141s] INFO:colcon.colcon_core.shell:Creating package script '/home/hgj/arm_ws/install/arm_gripper_moveit2_config/share/arm_gripper_moveit2_config/package.sh'
[2.141s] INFO:colcon.colcon_core.shell:Creating package script '/home/hgj/arm_ws/install/arm_gripper_moveit2_config/share/arm_gripper_moveit2_config/package.bash'
[2.141s] INFO:colcon.colcon_core.shell:Creating package script '/home/hgj/arm_ws/install/arm_gripper_moveit2_config/share/arm_gripper_moveit2_config/package.zsh'
[2.141s] Level 1:colcon.colcon_core.environment:create_file_with_runtime_dependencies(/home/hgj/arm_ws/install/arm_gripper_moveit2_config/share/colcon-core/packages/arm_gripper_moveit2_config)
[2.157s] Level 1:colcon.colcon_core.environment:create_environment_scripts_only(elite_ec66_moveit_config)
[2.170s] Level 1:colcon.colcon_core.environment:checking '/home/hgj/arm_ws/install/elite_ec66_moveit_config' for CMake module files
[2.171s] Level 1:colcon.colcon_core.environment:checking '/home/hgj/arm_ws/install/elite_ec66_moveit_config' for CMake config files
[2.171s] Level 1:colcon.colcon_core.shell:create_environment_hook('elite_ec66_moveit_config', 'cmake_prefix_path')
[2.183s] INFO:colcon.colcon_core.shell:Creating environment hook '/home/hgj/arm_ws/install/elite_ec66_moveit_config/share/elite_ec66_moveit_config/hook/cmake_prefix_path.ps1'
[2.184s] INFO:colcon.colcon_core.shell:Creating environment descriptor '/home/hgj/arm_ws/install/elite_ec66_moveit_config/share/elite_ec66_moveit_config/hook/cmake_prefix_path.dsv'
[2.184s] INFO:colcon.colcon_core.shell:Creating environment hook '/home/hgj/arm_ws/install/elite_ec66_moveit_config/share/elite_ec66_moveit_config/hook/cmake_prefix_path.sh'
[2.185s] Level 1:colcon.colcon_core.environment:checking '/home/hgj/arm_ws/install/elite_ec66_moveit_config/bin'
[2.185s] Level 1:colcon.colcon_core.environment:checking '/home/hgj/arm_ws/install/elite_ec66_moveit_config/lib/pkgconfig/elite_ec66_moveit_config.pc'
[2.185s] Level 1:colcon.colcon_core.environment:checking '/home/hgj/arm_ws/install/elite_ec66_moveit_config/lib/python3.10/site-packages'
[2.185s] Level 1:colcon.colcon_core.environment:checking '/home/hgj/arm_ws/install/elite_ec66_moveit_config/bin'
[2.198s] INFO:colcon.colcon_core.shell:Creating package script '/home/hgj/arm_ws/install/elite_ec66_moveit_config/share/elite_ec66_moveit_config/package.ps1'
[2.200s] INFO:colcon.colcon_core.shell:Creating package descriptor '/home/hgj/arm_ws/install/elite_ec66_moveit_config/share/elite_ec66_moveit_config/package.dsv'
[2.201s] INFO:colcon.colcon_core.shell:Creating package script '/home/hgj/arm_ws/install/elite_ec66_moveit_config/share/elite_ec66_moveit_config/package.sh'
[2.201s] INFO:colcon.colcon_core.shell:Creating package script '/home/hgj/arm_ws/install/elite_ec66_moveit_config/share/elite_ec66_moveit_config/package.bash'
[2.201s] INFO:colcon.colcon_core.shell:Creating package script '/home/hgj/arm_ws/install/elite_ec66_moveit_config/share/elite_ec66_moveit_config/package.zsh'
[2.202s] Level 1:colcon.colcon_core.environment:create_file_with_runtime_dependencies(/home/hgj/arm_ws/install/elite_ec66_moveit_config/share/colcon-core/packages/elite_ec66_moveit_config)
[2.217s] Level 1:colcon.colcon_core.environment:create_environment_scripts_only(arm_moveit2_config)
[2.229s] Level 1:colcon.colcon_core.environment:checking '/home/hgj/arm_ws/install/arm_moveit2_config' for CMake module files
[2.229s] Level 1:colcon.colcon_core.environment:checking '/home/hgj/arm_ws/install/arm_moveit2_config' for CMake config files
[2.230s] Level 1:colcon.colcon_core.shell:create_environment_hook('arm_moveit2_config', 'cmake_prefix_path')
[2.242s] INFO:colcon.colcon_core.shell:Creating environment hook '/home/hgj/arm_ws/install/arm_moveit2_config/share/arm_moveit2_config/hook/cmake_prefix_path.ps1'
[2.243s] INFO:colcon.colcon_core.shell:Creating environment descriptor '/home/hgj/arm_ws/install/arm_moveit2_config/share/arm_moveit2_config/hook/cmake_prefix_path.dsv'
[2.243s] INFO:colcon.colcon_core.shell:Creating environment hook '/home/hgj/arm_ws/install/arm_moveit2_config/share/arm_moveit2_config/hook/cmake_prefix_path.sh'
[2.243s] Level 1:colcon.colcon_core.environment:checking '/home/hgj/arm_ws/install/arm_moveit2_config/bin'
[2.243s] Level 1:colcon.colcon_core.environment:checking '/home/hgj/arm_ws/install/arm_moveit2_config/lib/pkgconfig/arm_moveit2_config.pc'
[2.243s] Level 1:colcon.colcon_core.environment:checking '/home/hgj/arm_ws/install/arm_moveit2_config/lib/python3.10/site-packages'
[2.244s] Level 1:colcon.colcon_core.environment:checking '/home/hgj/arm_ws/install/arm_moveit2_config/bin'
[2.256s] INFO:colcon.colcon_core.shell:Creating package script '/home/hgj/arm_ws/install/arm_moveit2_config/share/arm_moveit2_config/package.ps1'
[2.257s] INFO:colcon.colcon_core.shell:Creating package descriptor '/home/hgj/arm_ws/install/arm_moveit2_config/share/arm_moveit2_config/package.dsv'
[2.257s] INFO:colcon.colcon_core.shell:Creating package script '/home/hgj/arm_ws/install/arm_moveit2_config/share/arm_moveit2_config/package.sh'
[2.257s] INFO:colcon.colcon_core.shell:Creating package script '/home/hgj/arm_ws/install/arm_moveit2_config/share/arm_moveit2_config/package.bash'
[2.258s] INFO:colcon.colcon_core.shell:Creating package script '/home/hgj/arm_ws/install/arm_moveit2_config/share/arm_moveit2_config/package.zsh'
[2.258s] Level 1:colcon.colcon_core.environment:create_file_with_runtime_dependencies(/home/hgj/arm_ws/install/arm_moveit2_config/share/colcon-core/packages/arm_moveit2_config)
[2.258s] DEBUG:colcon.colcon_parallel_executor.executor.parallel:closing loop
[2.258s] DEBUG:colcon.colcon_parallel_executor.executor.parallel:loop closed
[2.259s] DEBUG:colcon.colcon_parallel_executor.executor.parallel:run_until_complete finished with '0'
[2.259s] DEBUG:colcon.colcon_core.event_reactor:joining thread
[2.278s] INFO:colcon.colcon_core.plugin_system:Skipping extension 'colcon_notification.desktop_notification.terminal_notifier': Not used on non-Darwin systems
[2.278s] INFO:colcon.colcon_core.plugin_system:Skipping extension 'colcon_notification.desktop_notification.win32': Not used on non-Windows systems
[2.278s] INFO:colcon.colcon_notification.desktop_notification:Sending desktop notification using 'notify2'
[2.288s] DEBUG:colcon.colcon_core.event_reactor:joined thread
[2.301s] INFO:colcon.colcon_core.shell:Creating prefix script '/home/hgj/arm_ws/install/local_setup.ps1'
[2.302s] INFO:colcon.colcon_core.shell:Creating prefix util module '/home/hgj/arm_ws/install/_local_setup_util_ps1.py'
[2.303s] INFO:colcon.colcon_core.shell:Creating prefix chain script '/home/hgj/arm_ws/install/setup.ps1'
[2.316s] INFO:colcon.colcon_core.shell:Creating prefix script '/home/hgj/arm_ws/install/local_setup.sh'
[2.317s] INFO:colcon.colcon_core.shell:Creating prefix util module '/home/hgj/arm_ws/install/_local_setup_util_sh.py'
[2.317s] INFO:colcon.colcon_core.shell:Creating prefix chain script '/home/hgj/arm_ws/install/setup.sh'
[2.331s] INFO:colcon.colcon_core.shell:Creating prefix script '/home/hgj/arm_ws/install/local_setup.bash'
[2.332s] INFO:colcon.colcon_core.shell:Creating prefix chain script '/home/hgj/arm_ws/install/setup.bash'
[2.345s] INFO:colcon.colcon_core.shell:Creating prefix script '/home/hgj/arm_ws/install/local_setup.zsh'
[2.346s] INFO:colcon.colcon_core.shell:Creating prefix chain script '/home/hgj/arm_ws/install/setup.zsh'
