[0.935s] DEBUG:colcon:Command line arguments: ['/usr/bin/colcon', 'build', '--symlink-install', '--event-handlers', 'console_cohesion+', '--base-paths', '/home/hgj/arm_ws', '--cmake-args', '-DCMAKE_BUILD_TYPE=RelWithDebInfo']
[0.935s] DEBUG:colcon:Parsed command line arguments: Namespace(log_base=None, log_level=None, verb_name='build', build_base='build', install_base='install', merge_install=False, symlink_install=True, test_result_base=None, continue_on_error=False, executor='parallel', parallel_workers=8, event_handlers=['console_cohesion+'], ignore_user_meta=False, metas=['./colcon.meta'], base_paths=['/home/hgj/arm_ws'], packages_ignore=None, packages_ignore_regex=None, paths=None, packages_up_to=None, packages_up_to_regex=None, packages_above=None, packages_above_and_dependencies=None, packages_above_depth=None, packages_select_by_dep=None, packages_skip_by_dep=None, packages_skip_up_to=None, packages_select_build_failed=False, packages_skip_build_finished=False, packages_select_test_failures=False, packages_skip_test_passed=False, packages_select=None, packages_skip=None, packages_select_regex=None, packages_skip_regex=None, packages_start=None, packages_end=None, allow_overriding=[], cmake_args=['-DCMAKE_BUILD_TYPE=RelWithDebInfo'], cmake_target=None, cmake_target_skip_unavailable=False, cmake_clean_cache=False, cmake_clean_first=False, cmake_force_configure=False, ament_cmake_args=None, catkin_cmake_args=None, catkin_skip_building_tests=False, verb_parser=<colcon_defaults.argument_parser.defaults.DefaultArgumentsDecorator object at 0x7febcded9b70>, verb_extension=<colcon_core.verb.build.BuildVerb object at 0x7febcde577f0>, main=<bound method BuildVerb.main of <colcon_core.verb.build.BuildVerb object at 0x7febcde577f0>>)
[0.982s] Level 1:colcon.colcon_core.package_discovery:discover_packages(colcon_meta) check parameters
[0.982s] Level 1:colcon.colcon_core.package_discovery:discover_packages(recursive) check parameters
[0.982s] Level 1:colcon.colcon_core.package_discovery:discover_packages(ignore) check parameters
[0.982s] Level 1:colcon.colcon_core.package_discovery:discover_packages(path) check parameters
[0.982s] Level 1:colcon.colcon_core.package_discovery:discover_packages(recursive) discover
[0.982s] INFO:colcon.colcon_core.package_discovery:Crawling recursively for packages in '/home/hgj/arm_ws'
[0.982s] Level 1:colcon.colcon_core.package_identification:_identify(/home/hgj/arm_ws) by extensions ['ignore', 'ignore_ament_install']
[0.982s] Level 1:colcon.colcon_core.package_identification:_identify(/home/hgj/arm_ws) by extension 'ignore'
[0.982s] Level 1:colcon.colcon_core.package_identification:_identify(/home/hgj/arm_ws) by extension 'ignore_ament_install'
[0.982s] Level 1:colcon.colcon_core.package_identification:_identify(/home/hgj/arm_ws) by extensions ['colcon_pkg']
[0.982s] Level 1:colcon.colcon_core.package_identification:_identify(/home/hgj/arm_ws) by extension 'colcon_pkg'
[0.982s] Level 1:colcon.colcon_core.package_identification:_identify(/home/hgj/arm_ws) by extensions ['colcon_meta']
[0.982s] Level 1:colcon.colcon_core.package_identification:_identify(/home/hgj/arm_ws) by extension 'colcon_meta'
[0.982s] Level 1:colcon.colcon_core.package_identification:_identify(/home/hgj/arm_ws) by extensions ['ros']
[0.982s] Level 1:colcon.colcon_core.package_identification:_identify(/home/hgj/arm_ws) by extension 'ros'
[0.992s] Level 1:colcon.colcon_core.package_identification:_identify(/home/hgj/arm_ws) by extensions ['cmake', 'python']
[0.992s] Level 1:colcon.colcon_core.package_identification:_identify(/home/hgj/arm_ws) by extension 'cmake'
[0.992s] Level 1:colcon.colcon_core.package_identification:_identify(/home/hgj/arm_ws) by extension 'python'
[0.992s] Level 1:colcon.colcon_core.package_identification:_identify(/home/hgj/arm_ws) by extensions ['python_setup_py']
[0.992s] Level 1:colcon.colcon_core.package_identification:_identify(/home/hgj/arm_ws) by extension 'python_setup_py'
[0.992s] Level 1:colcon.colcon_core.package_identification:_identify(/home/hgj/arm_ws/build) by extensions ['ignore', 'ignore_ament_install']
[0.993s] Level 1:colcon.colcon_core.package_identification:_identify(/home/hgj/arm_ws/build) by extension 'ignore'
[0.993s] Level 1:colcon.colcon_core.package_identification:_identify(/home/hgj/arm_ws/build) ignored
[0.993s] Level 1:colcon.colcon_core.package_identification:_identify(/home/hgj/arm_ws/install) by extensions ['ignore', 'ignore_ament_install']
[0.993s] Level 1:colcon.colcon_core.package_identification:_identify(/home/hgj/arm_ws/install) by extension 'ignore'
[0.993s] Level 1:colcon.colcon_core.package_identification:_identify(/home/hgj/arm_ws/install) ignored
[0.993s] Level 1:colcon.colcon_core.package_identification:_identify(/home/hgj/arm_ws/log) by extensions ['ignore', 'ignore_ament_install']
[0.993s] Level 1:colcon.colcon_core.package_identification:_identify(/home/hgj/arm_ws/log) by extension 'ignore'
[0.993s] Level 1:colcon.colcon_core.package_identification:_identify(/home/hgj/arm_ws/log) ignored
[0.993s] Level 1:colcon.colcon_core.package_identification:_identify(/home/hgj/arm_ws/src) by extensions ['ignore', 'ignore_ament_install']
[0.993s] Level 1:colcon.colcon_core.package_identification:_identify(/home/hgj/arm_ws/src) by extension 'ignore'
[0.993s] Level 1:colcon.colcon_core.package_identification:_identify(/home/hgj/arm_ws/src) by extension 'ignore_ament_install'
[0.993s] Level 1:colcon.colcon_core.package_identification:_identify(/home/hgj/arm_ws/src) by extensions ['colcon_pkg']
[0.993s] Level 1:colcon.colcon_core.package_identification:_identify(/home/hgj/arm_ws/src) by extension 'colcon_pkg'
[0.993s] Level 1:colcon.colcon_core.package_identification:_identify(/home/hgj/arm_ws/src) by extensions ['colcon_meta']
[0.993s] Level 1:colcon.colcon_core.package_identification:_identify(/home/hgj/arm_ws/src) by extension 'colcon_meta'
[0.993s] Level 1:colcon.colcon_core.package_identification:_identify(/home/hgj/arm_ws/src) by extensions ['ros']
[0.994s] Level 1:colcon.colcon_core.package_identification:_identify(/home/hgj/arm_ws/src) by extension 'ros'
[0.994s] Level 1:colcon.colcon_core.package_identification:_identify(/home/hgj/arm_ws/src) by extensions ['cmake', 'python']
[0.994s] Level 1:colcon.colcon_core.package_identification:_identify(/home/hgj/arm_ws/src) by extension 'cmake'
[0.994s] Level 1:colcon.colcon_core.package_identification:_identify(/home/hgj/arm_ws/src) by extension 'python'
[0.994s] Level 1:colcon.colcon_core.package_identification:_identify(/home/hgj/arm_ws/src) by extensions ['python_setup_py']
[0.994s] Level 1:colcon.colcon_core.package_identification:_identify(/home/hgj/arm_ws/src) by extension 'python_setup_py'
[0.994s] Level 1:colcon.colcon_core.package_identification:_identify(/home/hgj/arm_ws/src/arm_gripper_moveit2_config) by extensions ['ignore', 'ignore_ament_install']
[0.994s] Level 1:colcon.colcon_core.package_identification:_identify(/home/hgj/arm_ws/src/arm_gripper_moveit2_config) by extension 'ignore'
[0.994s] Level 1:colcon.colcon_core.package_identification:_identify(/home/hgj/arm_ws/src/arm_gripper_moveit2_config) by extension 'ignore_ament_install'
[0.994s] Level 1:colcon.colcon_core.package_identification:_identify(/home/hgj/arm_ws/src/arm_gripper_moveit2_config) by extensions ['colcon_pkg']
[0.994s] Level 1:colcon.colcon_core.package_identification:_identify(/home/hgj/arm_ws/src/arm_gripper_moveit2_config) by extension 'colcon_pkg'
[0.994s] Level 1:colcon.colcon_core.package_identification:_identify(/home/hgj/arm_ws/src/arm_gripper_moveit2_config) by extensions ['colcon_meta']
[0.994s] Level 1:colcon.colcon_core.package_identification:_identify(/home/hgj/arm_ws/src/arm_gripper_moveit2_config) by extension 'colcon_meta'
[0.994s] Level 1:colcon.colcon_core.package_identification:_identify(/home/hgj/arm_ws/src/arm_gripper_moveit2_config) by extensions ['ros']
[0.994s] Level 1:colcon.colcon_core.package_identification:_identify(/home/hgj/arm_ws/src/arm_gripper_moveit2_config) by extension 'ros'
[0.997s] DEBUG:colcon.colcon_core.package_identification:Package '/home/hgj/arm_ws/src/arm_gripper_moveit2_config' with type 'ros.ament_cmake' and name 'arm_gripper_moveit2_config'
[0.997s] Level 1:colcon.colcon_core.package_identification:_identify(/home/hgj/arm_ws/src/elite_robot_ros2) by extensions ['ignore', 'ignore_ament_install']
[0.997s] Level 1:colcon.colcon_core.package_identification:_identify(/home/hgj/arm_ws/src/elite_robot_ros2) by extension 'ignore'
[0.997s] Level 1:colcon.colcon_core.package_identification:_identify(/home/hgj/arm_ws/src/elite_robot_ros2) by extension 'ignore_ament_install'
[0.997s] Level 1:colcon.colcon_core.package_identification:_identify(/home/hgj/arm_ws/src/elite_robot_ros2) by extensions ['colcon_pkg']
[0.997s] Level 1:colcon.colcon_core.package_identification:_identify(/home/hgj/arm_ws/src/elite_robot_ros2) by extension 'colcon_pkg'
[0.997s] Level 1:colcon.colcon_core.package_identification:_identify(/home/hgj/arm_ws/src/elite_robot_ros2) by extensions ['colcon_meta']
[0.997s] Level 1:colcon.colcon_core.package_identification:_identify(/home/hgj/arm_ws/src/elite_robot_ros2) by extension 'colcon_meta'
[0.997s] Level 1:colcon.colcon_core.package_identification:_identify(/home/hgj/arm_ws/src/elite_robot_ros2) by extensions ['ros']
[0.997s] Level 1:colcon.colcon_core.package_identification:_identify(/home/hgj/arm_ws/src/elite_robot_ros2) by extension 'ros'
[0.997s] Level 1:colcon.colcon_core.package_identification:_identify(/home/hgj/arm_ws/src/elite_robot_ros2) by extensions ['cmake', 'python']
[0.997s] Level 1:colcon.colcon_core.package_identification:_identify(/home/hgj/arm_ws/src/elite_robot_ros2) by extension 'cmake'
[0.997s] Level 1:colcon.colcon_core.package_identification:_identify(/home/hgj/arm_ws/src/elite_robot_ros2) by extension 'python'
[0.997s] Level 1:colcon.colcon_core.package_identification:_identify(/home/hgj/arm_ws/src/elite_robot_ros2) by extensions ['python_setup_py']
[0.997s] Level 1:colcon.colcon_core.package_identification:_identify(/home/hgj/arm_ws/src/elite_robot_ros2) by extension 'python_setup_py'
[0.997s] Level 1:colcon.colcon_core.package_identification:_identify(/home/hgj/arm_ws/src/elite_robot_ros2/config) by extensions ['ignore', 'ignore_ament_install']
[0.997s] Level 1:colcon.colcon_core.package_identification:_identify(/home/hgj/arm_ws/src/elite_robot_ros2/config) by extension 'ignore'
[0.997s] Level 1:colcon.colcon_core.package_identification:_identify(/home/hgj/arm_ws/src/elite_robot_ros2/config) by extension 'ignore_ament_install'
[0.997s] Level 1:colcon.colcon_core.package_identification:_identify(/home/hgj/arm_ws/src/elite_robot_ros2/config) by extensions ['colcon_pkg']
[0.998s] Level 1:colcon.colcon_core.package_identification:_identify(/home/hgj/arm_ws/src/elite_robot_ros2/config) by extension 'colcon_pkg'
[0.998s] Level 1:colcon.colcon_core.package_identification:_identify(/home/hgj/arm_ws/src/elite_robot_ros2/config) by extensions ['colcon_meta']
[0.998s] Level 1:colcon.colcon_core.package_identification:_identify(/home/hgj/arm_ws/src/elite_robot_ros2/config) by extension 'colcon_meta'
[0.998s] Level 1:colcon.colcon_core.package_identification:_identify(/home/hgj/arm_ws/src/elite_robot_ros2/config) by extensions ['ros']
[0.998s] Level 1:colcon.colcon_core.package_identification:_identify(/home/hgj/arm_ws/src/elite_robot_ros2/config) by extension 'ros'
[0.998s] Level 1:colcon.colcon_core.package_identification:_identify(/home/hgj/arm_ws/src/elite_robot_ros2/config) by extensions ['cmake', 'python']
[0.998s] Level 1:colcon.colcon_core.package_identification:_identify(/home/hgj/arm_ws/src/elite_robot_ros2/config) by extension 'cmake'
[0.998s] Level 1:colcon.colcon_core.package_identification:_identify(/home/hgj/arm_ws/src/elite_robot_ros2/config) by extension 'python'
[0.998s] Level 1:colcon.colcon_core.package_identification:_identify(/home/hgj/arm_ws/src/elite_robot_ros2/config) by extensions ['python_setup_py']
[0.998s] Level 1:colcon.colcon_core.package_identification:_identify(/home/hgj/arm_ws/src/elite_robot_ros2/config) by extension 'python_setup_py'
[0.998s] Level 1:colcon.colcon_core.package_identification:_identify(/home/hgj/arm_ws/src/elite_robot_ros2/launch) by extensions ['ignore', 'ignore_ament_install']
[0.998s] Level 1:colcon.colcon_core.package_identification:_identify(/home/hgj/arm_ws/src/elite_robot_ros2/launch) by extension 'ignore'
[0.998s] Level 1:colcon.colcon_core.package_identification:_identify(/home/hgj/arm_ws/src/elite_robot_ros2/launch) by extension 'ignore_ament_install'
[0.998s] Level 1:colcon.colcon_core.package_identification:_identify(/home/hgj/arm_ws/src/elite_robot_ros2/launch) by extensions ['colcon_pkg']
[0.998s] Level 1:colcon.colcon_core.package_identification:_identify(/home/hgj/arm_ws/src/elite_robot_ros2/launch) by extension 'colcon_pkg'
[0.998s] Level 1:colcon.colcon_core.package_identification:_identify(/home/hgj/arm_ws/src/elite_robot_ros2/launch) by extensions ['colcon_meta']
[0.998s] Level 1:colcon.colcon_core.package_identification:_identify(/home/hgj/arm_ws/src/elite_robot_ros2/launch) by extension 'colcon_meta'
[0.998s] Level 1:colcon.colcon_core.package_identification:_identify(/home/hgj/arm_ws/src/elite_robot_ros2/launch) by extensions ['ros']
[0.998s] Level 1:colcon.colcon_core.package_identification:_identify(/home/hgj/arm_ws/src/elite_robot_ros2/launch) by extension 'ros'
[0.998s] Level 1:colcon.colcon_core.package_identification:_identify(/home/hgj/arm_ws/src/elite_robot_ros2/launch) by extensions ['cmake', 'python']
[0.998s] Level 1:colcon.colcon_core.package_identification:_identify(/home/hgj/arm_ws/src/elite_robot_ros2/launch) by extension 'cmake'
[0.998s] Level 1:colcon.colcon_core.package_identification:_identify(/home/hgj/arm_ws/src/elite_robot_ros2/launch) by extension 'python'
[0.998s] Level 1:colcon.colcon_core.package_identification:_identify(/home/hgj/arm_ws/src/elite_robot_ros2/launch) by extensions ['python_setup_py']
[0.998s] Level 1:colcon.colcon_core.package_identification:_identify(/home/hgj/arm_ws/src/elite_robot_ros2/launch) by extension 'python_setup_py'
[0.998s] Level 1:colcon.colcon_core.package_identification:_identify(/home/hgj/arm_ws/src/elite_robot_ros2/src) by extensions ['ignore', 'ignore_ament_install']
[0.998s] Level 1:colcon.colcon_core.package_identification:_identify(/home/hgj/arm_ws/src/elite_robot_ros2/src) by extension 'ignore'
[0.998s] Level 1:colcon.colcon_core.package_identification:_identify(/home/hgj/arm_ws/src/elite_robot_ros2/src) by extension 'ignore_ament_install'
[0.998s] Level 1:colcon.colcon_core.package_identification:_identify(/home/hgj/arm_ws/src/elite_robot_ros2/src) by extensions ['colcon_pkg']
[0.999s] Level 1:colcon.colcon_core.package_identification:_identify(/home/hgj/arm_ws/src/elite_robot_ros2/src) by extension 'colcon_pkg'
[0.999s] Level 1:colcon.colcon_core.package_identification:_identify(/home/hgj/arm_ws/src/elite_robot_ros2/src) by extensions ['colcon_meta']
[0.999s] Level 1:colcon.colcon_core.package_identification:_identify(/home/hgj/arm_ws/src/elite_robot_ros2/src) by extension 'colcon_meta'
[0.999s] Level 1:colcon.colcon_core.package_identification:_identify(/home/hgj/arm_ws/src/elite_robot_ros2/src) by extensions ['ros']
[0.999s] Level 1:colcon.colcon_core.package_identification:_identify(/home/hgj/arm_ws/src/elite_robot_ros2/src) by extension 'ros'
[0.999s] Level 1:colcon.colcon_core.package_identification:_identify(/home/hgj/arm_ws/src/elite_robot_ros2/src) by extensions ['cmake', 'python']
[0.999s] Level 1:colcon.colcon_core.package_identification:_identify(/home/hgj/arm_ws/src/elite_robot_ros2/src) by extension 'cmake'
[0.999s] Level 1:colcon.colcon_core.package_identification:_identify(/home/hgj/arm_ws/src/elite_robot_ros2/src) by extension 'python'
[0.999s] Level 1:colcon.colcon_core.package_identification:_identify(/home/hgj/arm_ws/src/elite_robot_ros2/src) by extensions ['python_setup_py']
[0.999s] Level 1:colcon.colcon_core.package_identification:_identify(/home/hgj/arm_ws/src/elite_robot_ros2/src) by extension 'python_setup_py'
[0.999s] Level 1:colcon.colcon_core.package_identification:_identify(/home/hgj/arm_ws/src/elite_robot_ros2/src/arm_moveit2_config) by extensions ['ignore', 'ignore_ament_install']
[0.999s] Level 1:colcon.colcon_core.package_identification:_identify(/home/hgj/arm_ws/src/elite_robot_ros2/src/arm_moveit2_config) by extension 'ignore'
[0.999s] Level 1:colcon.colcon_core.package_identification:_identify(/home/hgj/arm_ws/src/elite_robot_ros2/src/arm_moveit2_config) by extension 'ignore_ament_install'
[0.999s] Level 1:colcon.colcon_core.package_identification:_identify(/home/hgj/arm_ws/src/elite_robot_ros2/src/arm_moveit2_config) by extensions ['colcon_pkg']
[0.999s] Level 1:colcon.colcon_core.package_identification:_identify(/home/hgj/arm_ws/src/elite_robot_ros2/src/arm_moveit2_config) by extension 'colcon_pkg'
[0.999s] Level 1:colcon.colcon_core.package_identification:_identify(/home/hgj/arm_ws/src/elite_robot_ros2/src/arm_moveit2_config) by extensions ['colcon_meta']
[0.999s] Level 1:colcon.colcon_core.package_identification:_identify(/home/hgj/arm_ws/src/elite_robot_ros2/src/arm_moveit2_config) by extension 'colcon_meta'
[0.999s] Level 1:colcon.colcon_core.package_identification:_identify(/home/hgj/arm_ws/src/elite_robot_ros2/src/arm_moveit2_config) by extensions ['ros']
[0.999s] Level 1:colcon.colcon_core.package_identification:_identify(/home/hgj/arm_ws/src/elite_robot_ros2/src/arm_moveit2_config) by extension 'ros'
[1.000s] DEBUG:colcon.colcon_core.package_identification:Package '/home/hgj/arm_ws/src/elite_robot_ros2/src/arm_moveit2_config' with type 'ros.ament_cmake' and name 'arm_moveit2_config'
[1.000s] Level 1:colcon.colcon_core.package_identification:_identify(/home/hgj/arm_ws/src/elite_robot_ros2/src/elite_description) by extensions ['ignore', 'ignore_ament_install']
[1.000s] Level 1:colcon.colcon_core.package_identification:_identify(/home/hgj/arm_ws/src/elite_robot_ros2/src/elite_description) by extension 'ignore'
[1.000s] Level 1:colcon.colcon_core.package_identification:_identify(/home/hgj/arm_ws/src/elite_robot_ros2/src/elite_description) by extension 'ignore_ament_install'
[1.000s] Level 1:colcon.colcon_core.package_identification:_identify(/home/hgj/arm_ws/src/elite_robot_ros2/src/elite_description) by extensions ['colcon_pkg']
[1.000s] Level 1:colcon.colcon_core.package_identification:_identify(/home/hgj/arm_ws/src/elite_robot_ros2/src/elite_description) by extension 'colcon_pkg'
[1.000s] Level 1:colcon.colcon_core.package_identification:_identify(/home/hgj/arm_ws/src/elite_robot_ros2/src/elite_description) by extensions ['colcon_meta']
[1.000s] Level 1:colcon.colcon_core.package_identification:_identify(/home/hgj/arm_ws/src/elite_robot_ros2/src/elite_description) by extension 'colcon_meta'
[1.000s] Level 1:colcon.colcon_core.package_identification:_identify(/home/hgj/arm_ws/src/elite_robot_ros2/src/elite_description) by extensions ['ros']
[1.000s] Level 1:colcon.colcon_core.package_identification:_identify(/home/hgj/arm_ws/src/elite_robot_ros2/src/elite_description) by extension 'ros'
[1.000s] DEBUG:colcon.colcon_core.package_identification:Package '/home/hgj/arm_ws/src/elite_robot_ros2/src/elite_description' with type 'ros.ament_cmake' and name 'elite_description'
[1.001s] Level 1:colcon.colcon_core.package_identification:_identify(/home/hgj/arm_ws/src/elite_robot_ros2/src/elite_moveit2) by extensions ['ignore', 'ignore_ament_install']
[1.001s] Level 1:colcon.colcon_core.package_identification:_identify(/home/hgj/arm_ws/src/elite_robot_ros2/src/elite_moveit2) by extension 'ignore'
[1.001s] Level 1:colcon.colcon_core.package_identification:_identify(/home/hgj/arm_ws/src/elite_robot_ros2/src/elite_moveit2) by extension 'ignore_ament_install'
[1.001s] Level 1:colcon.colcon_core.package_identification:_identify(/home/hgj/arm_ws/src/elite_robot_ros2/src/elite_moveit2) by extensions ['colcon_pkg']
[1.001s] Level 1:colcon.colcon_core.package_identification:_identify(/home/hgj/arm_ws/src/elite_robot_ros2/src/elite_moveit2) by extension 'colcon_pkg'
[1.001s] Level 1:colcon.colcon_core.package_identification:_identify(/home/hgj/arm_ws/src/elite_robot_ros2/src/elite_moveit2) by extensions ['colcon_meta']
[1.001s] Level 1:colcon.colcon_core.package_identification:_identify(/home/hgj/arm_ws/src/elite_robot_ros2/src/elite_moveit2) by extension 'colcon_meta'
[1.001s] Level 1:colcon.colcon_core.package_identification:_identify(/home/hgj/arm_ws/src/elite_robot_ros2/src/elite_moveit2) by extensions ['ros']
[1.001s] Level 1:colcon.colcon_core.package_identification:_identify(/home/hgj/arm_ws/src/elite_robot_ros2/src/elite_moveit2) by extension 'ros'
[1.001s] Level 1:colcon.colcon_core.package_identification:_identify(/home/hgj/arm_ws/src/elite_robot_ros2/src/elite_moveit2) by extensions ['cmake', 'python']
[1.001s] Level 1:colcon.colcon_core.package_identification:_identify(/home/hgj/arm_ws/src/elite_robot_ros2/src/elite_moveit2) by extension 'cmake'
[1.001s] Level 1:colcon.colcon_core.package_identification:_identify(/home/hgj/arm_ws/src/elite_robot_ros2/src/elite_moveit2) by extension 'python'
[1.001s] Level 1:colcon.colcon_core.package_identification:_identify(/home/hgj/arm_ws/src/elite_robot_ros2/src/elite_moveit2) by extensions ['python_setup_py']
[1.001s] Level 1:colcon.colcon_core.package_identification:_identify(/home/hgj/arm_ws/src/elite_robot_ros2/src/elite_moveit2) by extension 'python_setup_py'
[1.001s] Level 1:colcon.colcon_core.package_identification:_identify(/home/hgj/arm_ws/src/elite_robot_ros2/src/elite_moveit2/elite_ec66_moveit_config) by extensions ['ignore', 'ignore_ament_install']
[1.001s] Level 1:colcon.colcon_core.package_identification:_identify(/home/hgj/arm_ws/src/elite_robot_ros2/src/elite_moveit2/elite_ec66_moveit_config) by extension 'ignore'
[1.001s] Level 1:colcon.colcon_core.package_identification:_identify(/home/hgj/arm_ws/src/elite_robot_ros2/src/elite_moveit2/elite_ec66_moveit_config) by extension 'ignore_ament_install'
[1.001s] Level 1:colcon.colcon_core.package_identification:_identify(/home/hgj/arm_ws/src/elite_robot_ros2/src/elite_moveit2/elite_ec66_moveit_config) by extensions ['colcon_pkg']
[1.001s] Level 1:colcon.colcon_core.package_identification:_identify(/home/hgj/arm_ws/src/elite_robot_ros2/src/elite_moveit2/elite_ec66_moveit_config) by extension 'colcon_pkg'
[1.001s] Level 1:colcon.colcon_core.package_identification:_identify(/home/hgj/arm_ws/src/elite_robot_ros2/src/elite_moveit2/elite_ec66_moveit_config) by extensions ['colcon_meta']
[1.001s] Level 1:colcon.colcon_core.package_identification:_identify(/home/hgj/arm_ws/src/elite_robot_ros2/src/elite_moveit2/elite_ec66_moveit_config) by extension 'colcon_meta'
[1.001s] Level 1:colcon.colcon_core.package_identification:_identify(/home/hgj/arm_ws/src/elite_robot_ros2/src/elite_moveit2/elite_ec66_moveit_config) by extensions ['ros']
[1.001s] Level 1:colcon.colcon_core.package_identification:_identify(/home/hgj/arm_ws/src/elite_robot_ros2/src/elite_moveit2/elite_ec66_moveit_config) by extension 'ros'
[1.002s] DEBUG:colcon.colcon_core.package_identification:Package '/home/hgj/arm_ws/src/elite_robot_ros2/src/elite_moveit2/elite_ec66_moveit_config' with type 'ros.ament_cmake' and name 'elite_ec66_moveit_config'
[1.003s] Level 1:colcon.colcon_core.package_discovery:discover_packages(recursive) using defaults
[1.082s] Level 1:colcon.colcon_core.package_discovery:discover_packages(prefix_path) check parameters
[1.082s] Level 1:colcon.colcon_core.package_discovery:discover_packages(prefix_path) discover
[1.106s] DEBUG:colcon.colcon_installed_package_information.package_discovery:Found 4 installed packages in /home/hgj/arm_ws/install
[1.118s] DEBUG:colcon.colcon_installed_package_information.package_discovery:Found 9 installed packages in /home/hgj/ros2_ws/install
[1.145s] DEBUG:colcon.colcon_installed_package_information.package_discovery:Found 12 installed packages in /home/hgj/ros_ws/install
[1.158s] DEBUG:colcon.colcon_installed_package_information.package_discovery:Found 1 installed packages in /home/hgj/ES_ws/install
[1.170s] DEBUG:colcon.colcon_installed_package_information.package_discovery:Found 460 installed packages in /opt/ros/humble
[1.172s] Level 1:colcon.colcon_core.package_discovery:discover_packages(prefix_path) using defaults
[1.261s] Level 5:colcon.colcon_core.verb:set package 'elite_description' build argument 'cmake_args' from command line to '['-DCMAKE_BUILD_TYPE=RelWithDebInfo']'
[1.261s] Level 5:colcon.colcon_core.verb:set package 'elite_description' build argument 'cmake_target' from command line to 'None'
[1.261s] Level 5:colcon.colcon_core.verb:set package 'elite_description' build argument 'cmake_target_skip_unavailable' from command line to 'False'
[1.261s] Level 5:colcon.colcon_core.verb:set package 'elite_description' build argument 'cmake_clean_cache' from command line to 'False'
[1.261s] Level 5:colcon.colcon_core.verb:set package 'elite_description' build argument 'cmake_clean_first' from command line to 'False'
[1.261s] Level 5:colcon.colcon_core.verb:set package 'elite_description' build argument 'cmake_force_configure' from command line to 'False'
[1.261s] Level 5:colcon.colcon_core.verb:set package 'elite_description' build argument 'ament_cmake_args' from command line to 'None'
[1.261s] Level 5:colcon.colcon_core.verb:set package 'elite_description' build argument 'catkin_cmake_args' from command line to 'None'
[1.261s] Level 5:colcon.colcon_core.verb:set package 'elite_description' build argument 'catkin_skip_building_tests' from command line to 'False'
[1.261s] DEBUG:colcon.colcon_core.verb:Building package 'elite_description' with the following arguments: {'ament_cmake_args': None, 'build_base': '/home/hgj/arm_ws/build/elite_description', 'catkin_cmake_args': None, 'catkin_skip_building_tests': False, 'cmake_args': ['-DCMAKE_BUILD_TYPE=RelWithDebInfo'], 'cmake_clean_cache': False, 'cmake_clean_first': False, 'cmake_force_configure': False, 'cmake_target': None, 'cmake_target_skip_unavailable': False, 'install_base': '/home/hgj/arm_ws/install/elite_description', 'merge_install': False, 'path': '/home/hgj/arm_ws/src/elite_robot_ros2/src/elite_description', 'symlink_install': True, 'test_result_base': None}
[1.273s] Level 5:colcon.colcon_core.verb:set package 'arm_gripper_moveit2_config' build argument 'cmake_args' from command line to '['-DCMAKE_BUILD_TYPE=RelWithDebInfo']'
[1.274s] Level 5:colcon.colcon_core.verb:set package 'arm_gripper_moveit2_config' build argument 'cmake_target' from command line to 'None'
[1.274s] Level 5:colcon.colcon_core.verb:set package 'arm_gripper_moveit2_config' build argument 'cmake_target_skip_unavailable' from command line to 'False'
[1.274s] Level 5:colcon.colcon_core.verb:set package 'arm_gripper_moveit2_config' build argument 'cmake_clean_cache' from command line to 'False'
[1.274s] Level 5:colcon.colcon_core.verb:set package 'arm_gripper_moveit2_config' build argument 'cmake_clean_first' from command line to 'False'
[1.274s] Level 5:colcon.colcon_core.verb:set package 'arm_gripper_moveit2_config' build argument 'cmake_force_configure' from command line to 'False'
[1.274s] Level 5:colcon.colcon_core.verb:set package 'arm_gripper_moveit2_config' build argument 'ament_cmake_args' from command line to 'None'
[1.274s] Level 5:colcon.colcon_core.verb:set package 'arm_gripper_moveit2_config' build argument 'catkin_cmake_args' from command line to 'None'
[1.274s] Level 5:colcon.colcon_core.verb:set package 'arm_gripper_moveit2_config' build argument 'catkin_skip_building_tests' from command line to 'False'
[1.274s] DEBUG:colcon.colcon_core.verb:Building package 'arm_gripper_moveit2_config' with the following arguments: {'ament_cmake_args': None, 'build_base': '/home/hgj/arm_ws/build/arm_gripper_moveit2_config', 'catkin_cmake_args': None, 'catkin_skip_building_tests': False, 'cmake_args': ['-DCMAKE_BUILD_TYPE=RelWithDebInfo'], 'cmake_clean_cache': False, 'cmake_clean_first': False, 'cmake_force_configure': False, 'cmake_target': None, 'cmake_target_skip_unavailable': False, 'install_base': '/home/hgj/arm_ws/install/arm_gripper_moveit2_config', 'merge_install': False, 'path': '/home/hgj/arm_ws/src/arm_gripper_moveit2_config', 'symlink_install': True, 'test_result_base': None}
[1.286s] Level 5:colcon.colcon_core.verb:set package 'arm_moveit2_config' build argument 'cmake_args' from command line to '['-DCMAKE_BUILD_TYPE=RelWithDebInfo']'
[1.286s] Level 5:colcon.colcon_core.verb:set package 'arm_moveit2_config' build argument 'cmake_target' from command line to 'None'
[1.286s] Level 5:colcon.colcon_core.verb:set package 'arm_moveit2_config' build argument 'cmake_target_skip_unavailable' from command line to 'False'
[1.286s] Level 5:colcon.colcon_core.verb:set package 'arm_moveit2_config' build argument 'cmake_clean_cache' from command line to 'False'
[1.286s] Level 5:colcon.colcon_core.verb:set package 'arm_moveit2_config' build argument 'cmake_clean_first' from command line to 'False'
[1.286s] Level 5:colcon.colcon_core.verb:set package 'arm_moveit2_config' build argument 'cmake_force_configure' from command line to 'False'
[1.286s] Level 5:colcon.colcon_core.verb:set package 'arm_moveit2_config' build argument 'ament_cmake_args' from command line to 'None'
[1.286s] Level 5:colcon.colcon_core.verb:set package 'arm_moveit2_config' build argument 'catkin_cmake_args' from command line to 'None'
[1.286s] Level 5:colcon.colcon_core.verb:set package 'arm_moveit2_config' build argument 'catkin_skip_building_tests' from command line to 'False'
[1.286s] DEBUG:colcon.colcon_core.verb:Building package 'arm_moveit2_config' with the following arguments: {'ament_cmake_args': None, 'build_base': '/home/hgj/arm_ws/build/arm_moveit2_config', 'catkin_cmake_args': None, 'catkin_skip_building_tests': False, 'cmake_args': ['-DCMAKE_BUILD_TYPE=RelWithDebInfo'], 'cmake_clean_cache': False, 'cmake_clean_first': False, 'cmake_force_configure': False, 'cmake_target': None, 'cmake_target_skip_unavailable': False, 'install_base': '/home/hgj/arm_ws/install/arm_moveit2_config', 'merge_install': False, 'path': '/home/hgj/arm_ws/src/elite_robot_ros2/src/arm_moveit2_config', 'symlink_install': True, 'test_result_base': None}
[1.298s] Level 5:colcon.colcon_core.verb:set package 'elite_ec66_moveit_config' build argument 'cmake_args' from command line to '['-DCMAKE_BUILD_TYPE=RelWithDebInfo']'
[1.299s] Level 5:colcon.colcon_core.verb:set package 'elite_ec66_moveit_config' build argument 'cmake_target' from command line to 'None'
[1.299s] Level 5:colcon.colcon_core.verb:set package 'elite_ec66_moveit_config' build argument 'cmake_target_skip_unavailable' from command line to 'False'
[1.299s] Level 5:colcon.colcon_core.verb:set package 'elite_ec66_moveit_config' build argument 'cmake_clean_cache' from command line to 'False'
[1.299s] Level 5:colcon.colcon_core.verb:set package 'elite_ec66_moveit_config' build argument 'cmake_clean_first' from command line to 'False'
[1.299s] Level 5:colcon.colcon_core.verb:set package 'elite_ec66_moveit_config' build argument 'cmake_force_configure' from command line to 'False'
[1.299s] Level 5:colcon.colcon_core.verb:set package 'elite_ec66_moveit_config' build argument 'ament_cmake_args' from command line to 'None'
[1.299s] Level 5:colcon.colcon_core.verb:set package 'elite_ec66_moveit_config' build argument 'catkin_cmake_args' from command line to 'None'
[1.299s] Level 5:colcon.colcon_core.verb:set package 'elite_ec66_moveit_config' build argument 'catkin_skip_building_tests' from command line to 'False'
[1.299s] DEBUG:colcon.colcon_core.verb:Building package 'elite_ec66_moveit_config' with the following arguments: {'ament_cmake_args': None, 'build_base': '/home/hgj/arm_ws/build/elite_ec66_moveit_config', 'catkin_cmake_args': None, 'catkin_skip_building_tests': False, 'cmake_args': ['-DCMAKE_BUILD_TYPE=RelWithDebInfo'], 'cmake_clean_cache': False, 'cmake_clean_first': False, 'cmake_force_configure': False, 'cmake_target': None, 'cmake_target_skip_unavailable': False, 'install_base': '/home/hgj/arm_ws/install/elite_ec66_moveit_config', 'merge_install': False, 'path': '/home/hgj/arm_ws/src/elite_robot_ros2/src/elite_moveit2/elite_ec66_moveit_config', 'symlink_install': True, 'test_result_base': None}
[1.310s] INFO:colcon.colcon_core.executor:Executing jobs using 'parallel' executor
[1.322s] DEBUG:colcon.colcon_parallel_executor.executor.parallel:run_until_complete
[1.323s] INFO:colcon.colcon_ros.task.ament_cmake.build:Building ROS package in '/home/hgj/arm_ws/src/elite_robot_ros2/src/elite_description' with build type 'ament_cmake'
[1.323s] INFO:colcon.colcon_cmake.task.cmake.build:Building CMake package in '/home/hgj/arm_ws/src/elite_robot_ros2/src/elite_description'
[1.337s] INFO:colcon.colcon_core.plugin_system:Skipping extension 'colcon_core.shell.bat': Not used on non-Windows systems
[1.337s] INFO:colcon.colcon_core.shell:Skip shell extension 'powershell' for command environment: Not usable outside of PowerShell
[1.337s] DEBUG:colcon.colcon_core.shell:Skip shell extension 'dsv' for command environment
[1.420s] DEBUG:colcon.colcon_core.event_handler.log_command:Invoking command in '/home/hgj/arm_ws/build/elite_description': CMAKE_PREFIX_PATH=${CMAKE_PREFIX_PATH}:/home/hgj/ros2_ws/install/fishbot_description:/home/hgj/ros_ws/install/rm_decision:/opt/ros/humble /usr/bin/cmake --build /home/hgj/arm_ws/build/elite_description -- -j8 -l8
[1.459s] DEBUG:colcon.colcon_core.event_handler.log_command:Invoked command in '/home/hgj/arm_ws/build/elite_description' returned '0': CMAKE_PREFIX_PATH=${CMAKE_PREFIX_PATH}:/home/hgj/ros2_ws/install/fishbot_description:/home/hgj/ros_ws/install/rm_decision:/opt/ros/humble /usr/bin/cmake --build /home/hgj/arm_ws/build/elite_description -- -j8 -l8
[1.492s] DEBUG:colcon.colcon_core.event_handler.log_command:Invoking command in '/home/hgj/arm_ws/build/elite_description': CMAKE_PREFIX_PATH=${CMAKE_PREFIX_PATH}:/home/hgj/ros2_ws/install/fishbot_description:/home/hgj/ros_ws/install/rm_decision:/opt/ros/humble /usr/bin/cmake --install /home/hgj/arm_ws/build/elite_description
[1.515s] Level 1:colcon.colcon_core.environment:create_environment_scripts_only(elite_description)
[1.516s] DEBUG:colcon.colcon_core.event_handler.log_command:Invoked command in '/home/hgj/arm_ws/build/elite_description' returned '0': CMAKE_PREFIX_PATH=${CMAKE_PREFIX_PATH}:/home/hgj/ros2_ws/install/fishbot_description:/home/hgj/ros_ws/install/rm_decision:/opt/ros/humble /usr/bin/cmake --install /home/hgj/arm_ws/build/elite_description
[1.535s] Level 1:colcon.colcon_core.environment:checking '/home/hgj/arm_ws/install/elite_description' for CMake module files
[1.535s] Level 1:colcon.colcon_core.environment:checking '/home/hgj/arm_ws/install/elite_description' for CMake config files
[1.535s] Level 1:colcon.colcon_core.shell:create_environment_hook('elite_description', 'cmake_prefix_path')
[1.548s] INFO:colcon.colcon_core.shell:Creating environment hook '/home/hgj/arm_ws/install/elite_description/share/elite_description/hook/cmake_prefix_path.ps1'
[1.548s] INFO:colcon.colcon_core.shell:Creating environment descriptor '/home/hgj/arm_ws/install/elite_description/share/elite_description/hook/cmake_prefix_path.dsv'
[1.548s] INFO:colcon.colcon_core.shell:Creating environment hook '/home/hgj/arm_ws/install/elite_description/share/elite_description/hook/cmake_prefix_path.sh'
[1.549s] Level 1:colcon.colcon_core.environment:checking '/home/hgj/arm_ws/install/elite_description/bin'
[1.549s] Level 1:colcon.colcon_core.environment:checking '/home/hgj/arm_ws/install/elite_description/lib/pkgconfig/elite_description.pc'
[1.549s] Level 1:colcon.colcon_core.environment:checking '/home/hgj/arm_ws/install/elite_description/lib/python3.10/site-packages'
[1.549s] Level 1:colcon.colcon_core.environment:checking '/home/hgj/arm_ws/install/elite_description/bin'
[1.562s] INFO:colcon.colcon_core.shell:Creating package script '/home/hgj/arm_ws/install/elite_description/share/elite_description/package.ps1'
[1.563s] INFO:colcon.colcon_core.shell:Creating package descriptor '/home/hgj/arm_ws/install/elite_description/share/elite_description/package.dsv'
[1.563s] INFO:colcon.colcon_core.shell:Creating package script '/home/hgj/arm_ws/install/elite_description/share/elite_description/package.sh'
[1.564s] INFO:colcon.colcon_core.shell:Creating package script '/home/hgj/arm_ws/install/elite_description/share/elite_description/package.bash'
[1.564s] INFO:colcon.colcon_core.shell:Creating package script '/home/hgj/arm_ws/install/elite_description/share/elite_description/package.zsh'
[1.565s] Level 1:colcon.colcon_core.environment:create_file_with_runtime_dependencies(/home/hgj/arm_ws/install/elite_description/share/colcon-core/packages/elite_description)
[1.601s] Level 1:colcon.colcon_core.environment:create_environment_scripts_only(elite_description)
[1.613s] Level 1:colcon.colcon_core.environment:checking '/home/hgj/arm_ws/install/elite_description' for CMake module files
[1.614s] Level 1:colcon.colcon_core.environment:checking '/home/hgj/arm_ws/install/elite_description' for CMake config files
[1.615s] Level 1:colcon.colcon_core.shell:create_environment_hook('elite_description', 'cmake_prefix_path')
[1.628s] INFO:colcon.colcon_core.shell:Creating environment hook '/home/hgj/arm_ws/install/elite_description/share/elite_description/hook/cmake_prefix_path.ps1'
[1.628s] INFO:colcon.colcon_core.shell:Creating environment descriptor '/home/hgj/arm_ws/install/elite_description/share/elite_description/hook/cmake_prefix_path.dsv'
[1.628s] INFO:colcon.colcon_core.shell:Creating environment hook '/home/hgj/arm_ws/install/elite_description/share/elite_description/hook/cmake_prefix_path.sh'
[1.629s] Level 1:colcon.colcon_core.environment:checking '/home/hgj/arm_ws/install/elite_description/bin'
[1.629s] Level 1:colcon.colcon_core.environment:checking '/home/hgj/arm_ws/install/elite_description/lib/pkgconfig/elite_description.pc'
[1.629s] Level 1:colcon.colcon_core.environment:checking '/home/hgj/arm_ws/install/elite_description/lib/python3.10/site-packages'
[1.629s] Level 1:colcon.colcon_core.environment:checking '/home/hgj/arm_ws/install/elite_description/bin'
[1.641s] INFO:colcon.colcon_core.shell:Creating package script '/home/hgj/arm_ws/install/elite_description/share/elite_description/package.ps1'
[1.642s] INFO:colcon.colcon_core.shell:Creating package descriptor '/home/hgj/arm_ws/install/elite_description/share/elite_description/package.dsv'
[1.642s] INFO:colcon.colcon_core.shell:Creating package script '/home/hgj/arm_ws/install/elite_description/share/elite_description/package.sh'
[1.642s] INFO:colcon.colcon_core.shell:Creating package script '/home/hgj/arm_ws/install/elite_description/share/elite_description/package.bash'
[1.643s] INFO:colcon.colcon_core.shell:Creating package script '/home/hgj/arm_ws/install/elite_description/share/elite_description/package.zsh'
[1.643s] Level 1:colcon.colcon_core.environment:create_file_with_runtime_dependencies(/home/hgj/arm_ws/install/elite_description/share/colcon-core/packages/elite_description)
[1.643s] INFO:colcon.colcon_ros.task.ament_cmake.build:Building ROS package in '/home/hgj/arm_ws/src/arm_gripper_moveit2_config' with build type 'ament_cmake'
[1.643s] INFO:colcon.colcon_cmake.task.cmake.build:Building CMake package in '/home/hgj/arm_ws/src/arm_gripper_moveit2_config'
[1.658s] INFO:colcon.colcon_core.shell:Skip shell extension 'powershell' for command environment: Not usable outside of PowerShell
[1.659s] DEBUG:colcon.colcon_core.shell:Skip shell extension 'dsv' for command environment
[1.748s] INFO:colcon.colcon_ros.task.ament_cmake.build:Building ROS package in '/home/hgj/arm_ws/src/elite_robot_ros2/src/arm_moveit2_config' with build type 'ament_cmake'
[1.749s] INFO:colcon.colcon_cmake.task.cmake.build:Building CMake package in '/home/hgj/arm_ws/src/elite_robot_ros2/src/arm_moveit2_config'
[1.762s] INFO:colcon.colcon_core.shell:Skip shell extension 'powershell' for command environment: Not usable outside of PowerShell
[1.762s] DEBUG:colcon.colcon_core.shell:Skip shell extension 'dsv' for command environment
[1.853s] INFO:colcon.colcon_ros.task.ament_cmake.build:Building ROS package in '/home/hgj/arm_ws/src/elite_robot_ros2/src/elite_moveit2/elite_ec66_moveit_config' with build type 'ament_cmake'
[1.853s] INFO:colcon.colcon_cmake.task.cmake.build:Building CMake package in '/home/hgj/arm_ws/src/elite_robot_ros2/src/elite_moveit2/elite_ec66_moveit_config'
[1.868s] INFO:colcon.colcon_core.shell:Skip shell extension 'powershell' for command environment: Not usable outside of PowerShell
[1.868s] DEBUG:colcon.colcon_core.shell:Skip shell extension 'dsv' for command environment
[1.952s] DEBUG:colcon.colcon_core.event_handler.log_command:Invoking command in '/home/hgj/arm_ws/build/arm_gripper_moveit2_config': CMAKE_PREFIX_PATH=/home/hgj/arm_ws/install/elite_description:/home/hgj/arm_ws/install/elite_ec66_moveit_config:/home/hgj/arm_ws/install/arm_moveit2_config:/home/hgj/arm_ws/install/arm_gripper_moveit2_config:/home/hgj/ros2_ws/install/fishbot_navigation2:/home/hgj/ros2_ws/install/fishbot_cartographer:/home/hgj/ros2_ws/install/elite_ec66_moveit_config:/home/hgj/ros2_ws/install/elite_description:/home/hgj/ros2_ws/install/cartographer_rviz:/home/hgj/ros2_ws/install/cartographer_ros:/home/hgj/ros2_ws/install/cartographer_ros_msgs:/home/hgj/ros2_ws/install/cartographer:/home/hgj/ros_ws/install/ros2_livox_simulation:/home/hgj/ros_ws/install/rm_navigation:/home/hgj/ros_ws/install/rm_decision_interfaces:/home/hgj/ros_ws/install/pointcloud_to_laserscan:/home/hgj/ros_ws/install/pb_rm_simulation:/home/hgj/ros_ws/install/fast_lio:/home/hgj/ros_ws/install/livox_ros_driver2:/home/hgj/ros_ws/install/linefit_ground_segmentation_ros:/home/hgj/ros_ws/install/linefit_ground_segmentation:/home/hgj/ros_ws/install/icp_localization_ros2:/home/hgj/ros2_ws/install/fishbot_description:/home/hgj/ros_ws/install/rm_decision:/opt/ros/humble /usr/bin/cmake --build /home/hgj/arm_ws/build/arm_gripper_moveit2_config -- -j8 -l8
[1.956s] DEBUG:colcon.colcon_core.event_handler.log_command:Invoking command in '/home/hgj/arm_ws/build/arm_moveit2_config': CMAKE_PREFIX_PATH=/home/hgj/arm_ws/install/elite_description:/home/hgj/arm_ws/install/elite_ec66_moveit_config:/home/hgj/arm_ws/install/arm_moveit2_config:/home/hgj/arm_ws/install/arm_gripper_moveit2_config:/home/hgj/ros2_ws/install/fishbot_navigation2:/home/hgj/ros2_ws/install/fishbot_cartographer:/home/hgj/ros2_ws/install/elite_ec66_moveit_config:/home/hgj/ros2_ws/install/elite_description:/home/hgj/ros2_ws/install/cartographer_rviz:/home/hgj/ros2_ws/install/cartographer_ros:/home/hgj/ros2_ws/install/cartographer_ros_msgs:/home/hgj/ros2_ws/install/cartographer:/home/hgj/ros_ws/install/ros2_livox_simulation:/home/hgj/ros_ws/install/rm_navigation:/home/hgj/ros_ws/install/rm_decision_interfaces:/home/hgj/ros_ws/install/pointcloud_to_laserscan:/home/hgj/ros_ws/install/pb_rm_simulation:/home/hgj/ros_ws/install/fast_lio:/home/hgj/ros_ws/install/livox_ros_driver2:/home/hgj/ros_ws/install/linefit_ground_segmentation_ros:/home/hgj/ros_ws/install/linefit_ground_segmentation:/home/hgj/ros_ws/install/icp_localization_ros2:/home/hgj/ros2_ws/install/fishbot_description:/home/hgj/ros_ws/install/rm_decision:/opt/ros/humble /usr/bin/cmake --build /home/hgj/arm_ws/build/arm_moveit2_config -- -j8 -l8
[1.960s] DEBUG:colcon.colcon_core.event_handler.log_command:Invoking command in '/home/hgj/arm_ws/build/elite_ec66_moveit_config': CMAKE_PREFIX_PATH=/home/hgj/arm_ws/install/elite_description:/home/hgj/arm_ws/install/elite_ec66_moveit_config:/home/hgj/arm_ws/install/arm_moveit2_config:/home/hgj/arm_ws/install/arm_gripper_moveit2_config:/home/hgj/ros2_ws/install/fishbot_navigation2:/home/hgj/ros2_ws/install/fishbot_cartographer:/home/hgj/ros2_ws/install/elite_ec66_moveit_config:/home/hgj/ros2_ws/install/elite_description:/home/hgj/ros2_ws/install/cartographer_rviz:/home/hgj/ros2_ws/install/cartographer_ros:/home/hgj/ros2_ws/install/cartographer_ros_msgs:/home/hgj/ros2_ws/install/cartographer:/home/hgj/ros_ws/install/ros2_livox_simulation:/home/hgj/ros_ws/install/rm_navigation:/home/hgj/ros_ws/install/rm_decision_interfaces:/home/hgj/ros_ws/install/pointcloud_to_laserscan:/home/hgj/ros_ws/install/pb_rm_simulation:/home/hgj/ros_ws/install/fast_lio:/home/hgj/ros_ws/install/livox_ros_driver2:/home/hgj/ros_ws/install/linefit_ground_segmentation_ros:/home/hgj/ros_ws/install/linefit_ground_segmentation:/home/hgj/ros_ws/install/icp_localization_ros2:/home/hgj/ros2_ws/install/fishbot_description:/home/hgj/ros_ws/install/rm_decision:/opt/ros/humble /usr/bin/cmake --build /home/hgj/arm_ws/build/elite_ec66_moveit_config -- -j8 -l8
[1.996s] DEBUG:colcon.colcon_core.event_handler.log_command:Invoked command in '/home/hgj/arm_ws/build/arm_gripper_moveit2_config' returned '0': CMAKE_PREFIX_PATH=/home/hgj/arm_ws/install/elite_description:/home/hgj/arm_ws/install/elite_ec66_moveit_config:/home/hgj/arm_ws/install/arm_moveit2_config:/home/hgj/arm_ws/install/arm_gripper_moveit2_config:/home/hgj/ros2_ws/install/fishbot_navigation2:/home/hgj/ros2_ws/install/fishbot_cartographer:/home/hgj/ros2_ws/install/elite_ec66_moveit_config:/home/hgj/ros2_ws/install/elite_description:/home/hgj/ros2_ws/install/cartographer_rviz:/home/hgj/ros2_ws/install/cartographer_ros:/home/hgj/ros2_ws/install/cartographer_ros_msgs:/home/hgj/ros2_ws/install/cartographer:/home/hgj/ros_ws/install/ros2_livox_simulation:/home/hgj/ros_ws/install/rm_navigation:/home/hgj/ros_ws/install/rm_decision_interfaces:/home/hgj/ros_ws/install/pointcloud_to_laserscan:/home/hgj/ros_ws/install/pb_rm_simulation:/home/hgj/ros_ws/install/fast_lio:/home/hgj/ros_ws/install/livox_ros_driver2:/home/hgj/ros_ws/install/linefit_ground_segmentation_ros:/home/hgj/ros_ws/install/linefit_ground_segmentation:/home/hgj/ros_ws/install/icp_localization_ros2:/home/hgj/ros2_ws/install/fishbot_description:/home/hgj/ros_ws/install/rm_decision:/opt/ros/humble /usr/bin/cmake --build /home/hgj/arm_ws/build/arm_gripper_moveit2_config -- -j8 -l8
[2.000s] DEBUG:colcon.colcon_core.event_handler.log_command:Invoked command in '/home/hgj/arm_ws/build/arm_moveit2_config' returned '0': CMAKE_PREFIX_PATH=/home/hgj/arm_ws/install/elite_description:/home/hgj/arm_ws/install/elite_ec66_moveit_config:/home/hgj/arm_ws/install/arm_moveit2_config:/home/hgj/arm_ws/install/arm_gripper_moveit2_config:/home/hgj/ros2_ws/install/fishbot_navigation2:/home/hgj/ros2_ws/install/fishbot_cartographer:/home/hgj/ros2_ws/install/elite_ec66_moveit_config:/home/hgj/ros2_ws/install/elite_description:/home/hgj/ros2_ws/install/cartographer_rviz:/home/hgj/ros2_ws/install/cartographer_ros:/home/hgj/ros2_ws/install/cartographer_ros_msgs:/home/hgj/ros2_ws/install/cartographer:/home/hgj/ros_ws/install/ros2_livox_simulation:/home/hgj/ros_ws/install/rm_navigation:/home/hgj/ros_ws/install/rm_decision_interfaces:/home/hgj/ros_ws/install/pointcloud_to_laserscan:/home/hgj/ros_ws/install/pb_rm_simulation:/home/hgj/ros_ws/install/fast_lio:/home/hgj/ros_ws/install/livox_ros_driver2:/home/hgj/ros_ws/install/linefit_ground_segmentation_ros:/home/hgj/ros_ws/install/linefit_ground_segmentation:/home/hgj/ros_ws/install/icp_localization_ros2:/home/hgj/ros2_ws/install/fishbot_description:/home/hgj/ros_ws/install/rm_decision:/opt/ros/humble /usr/bin/cmake --build /home/hgj/arm_ws/build/arm_moveit2_config -- -j8 -l8
[2.004s] DEBUG:colcon.colcon_core.event_handler.log_command:Invoked command in '/home/hgj/arm_ws/build/elite_ec66_moveit_config' returned '0': CMAKE_PREFIX_PATH=/home/hgj/arm_ws/install/elite_description:/home/hgj/arm_ws/install/elite_ec66_moveit_config:/home/hgj/arm_ws/install/arm_moveit2_config:/home/hgj/arm_ws/install/arm_gripper_moveit2_config:/home/hgj/ros2_ws/install/fishbot_navigation2:/home/hgj/ros2_ws/install/fishbot_cartographer:/home/hgj/ros2_ws/install/elite_ec66_moveit_config:/home/hgj/ros2_ws/install/elite_description:/home/hgj/ros2_ws/install/cartographer_rviz:/home/hgj/ros2_ws/install/cartographer_ros:/home/hgj/ros2_ws/install/cartographer_ros_msgs:/home/hgj/ros2_ws/install/cartographer:/home/hgj/ros_ws/install/ros2_livox_simulation:/home/hgj/ros_ws/install/rm_navigation:/home/hgj/ros_ws/install/rm_decision_interfaces:/home/hgj/ros_ws/install/pointcloud_to_laserscan:/home/hgj/ros_ws/install/pb_rm_simulation:/home/hgj/ros_ws/install/fast_lio:/home/hgj/ros_ws/install/livox_ros_driver2:/home/hgj/ros_ws/install/linefit_ground_segmentation_ros:/home/hgj/ros_ws/install/linefit_ground_segmentation:/home/hgj/ros_ws/install/icp_localization_ros2:/home/hgj/ros2_ws/install/fishbot_description:/home/hgj/ros_ws/install/rm_decision:/opt/ros/humble /usr/bin/cmake --build /home/hgj/arm_ws/build/elite_ec66_moveit_config -- -j8 -l8
[2.021s] DEBUG:colcon.colcon_core.event_handler.log_command:Invoking command in '/home/hgj/arm_ws/build/arm_gripper_moveit2_config': CMAKE_PREFIX_PATH=/home/hgj/arm_ws/install/elite_description:/home/hgj/arm_ws/install/elite_ec66_moveit_config:/home/hgj/arm_ws/install/arm_moveit2_config:/home/hgj/arm_ws/install/arm_gripper_moveit2_config:/home/hgj/ros2_ws/install/fishbot_navigation2:/home/hgj/ros2_ws/install/fishbot_cartographer:/home/hgj/ros2_ws/install/elite_ec66_moveit_config:/home/hgj/ros2_ws/install/elite_description:/home/hgj/ros2_ws/install/cartographer_rviz:/home/hgj/ros2_ws/install/cartographer_ros:/home/hgj/ros2_ws/install/cartographer_ros_msgs:/home/hgj/ros2_ws/install/cartographer:/home/hgj/ros_ws/install/ros2_livox_simulation:/home/hgj/ros_ws/install/rm_navigation:/home/hgj/ros_ws/install/rm_decision_interfaces:/home/hgj/ros_ws/install/pointcloud_to_laserscan:/home/hgj/ros_ws/install/pb_rm_simulation:/home/hgj/ros_ws/install/fast_lio:/home/hgj/ros_ws/install/livox_ros_driver2:/home/hgj/ros_ws/install/linefit_ground_segmentation_ros:/home/hgj/ros_ws/install/linefit_ground_segmentation:/home/hgj/ros_ws/install/icp_localization_ros2:/home/hgj/ros2_ws/install/fishbot_description:/home/hgj/ros_ws/install/rm_decision:/opt/ros/humble /usr/bin/cmake --install /home/hgj/arm_ws/build/arm_gripper_moveit2_config
[2.028s] DEBUG:colcon.colcon_core.event_handler.log_command:Invoking command in '/home/hgj/arm_ws/build/arm_moveit2_config': CMAKE_PREFIX_PATH=/home/hgj/arm_ws/install/elite_description:/home/hgj/arm_ws/install/elite_ec66_moveit_config:/home/hgj/arm_ws/install/arm_moveit2_config:/home/hgj/arm_ws/install/arm_gripper_moveit2_config:/home/hgj/ros2_ws/install/fishbot_navigation2:/home/hgj/ros2_ws/install/fishbot_cartographer:/home/hgj/ros2_ws/install/elite_ec66_moveit_config:/home/hgj/ros2_ws/install/elite_description:/home/hgj/ros2_ws/install/cartographer_rviz:/home/hgj/ros2_ws/install/cartographer_ros:/home/hgj/ros2_ws/install/cartographer_ros_msgs:/home/hgj/ros2_ws/install/cartographer:/home/hgj/ros_ws/install/ros2_livox_simulation:/home/hgj/ros_ws/install/rm_navigation:/home/hgj/ros_ws/install/rm_decision_interfaces:/home/hgj/ros_ws/install/pointcloud_to_laserscan:/home/hgj/ros_ws/install/pb_rm_simulation:/home/hgj/ros_ws/install/fast_lio:/home/hgj/ros_ws/install/livox_ros_driver2:/home/hgj/ros_ws/install/linefit_ground_segmentation_ros:/home/hgj/ros_ws/install/linefit_ground_segmentation:/home/hgj/ros_ws/install/icp_localization_ros2:/home/hgj/ros2_ws/install/fishbot_description:/home/hgj/ros_ws/install/rm_decision:/opt/ros/humble /usr/bin/cmake --install /home/hgj/arm_ws/build/arm_moveit2_config
[2.036s] DEBUG:colcon.colcon_core.event_handler.log_command:Invoking command in '/home/hgj/arm_ws/build/elite_ec66_moveit_config': CMAKE_PREFIX_PATH=/home/hgj/arm_ws/install/elite_description:/home/hgj/arm_ws/install/elite_ec66_moveit_config:/home/hgj/arm_ws/install/arm_moveit2_config:/home/hgj/arm_ws/install/arm_gripper_moveit2_config:/home/hgj/ros2_ws/install/fishbot_navigation2:/home/hgj/ros2_ws/install/fishbot_cartographer:/home/hgj/ros2_ws/install/elite_ec66_moveit_config:/home/hgj/ros2_ws/install/elite_description:/home/hgj/ros2_ws/install/cartographer_rviz:/home/hgj/ros2_ws/install/cartographer_ros:/home/hgj/ros2_ws/install/cartographer_ros_msgs:/home/hgj/ros2_ws/install/cartographer:/home/hgj/ros_ws/install/ros2_livox_simulation:/home/hgj/ros_ws/install/rm_navigation:/home/hgj/ros_ws/install/rm_decision_interfaces:/home/hgj/ros_ws/install/pointcloud_to_laserscan:/home/hgj/ros_ws/install/pb_rm_simulation:/home/hgj/ros_ws/install/fast_lio:/home/hgj/ros_ws/install/livox_ros_driver2:/home/hgj/ros_ws/install/linefit_ground_segmentation_ros:/home/hgj/ros_ws/install/linefit_ground_segmentation:/home/hgj/ros_ws/install/icp_localization_ros2:/home/hgj/ros2_ws/install/fishbot_description:/home/hgj/ros_ws/install/rm_decision:/opt/ros/humble /usr/bin/cmake --install /home/hgj/arm_ws/build/elite_ec66_moveit_config
[2.052s] Level 1:colcon.colcon_core.environment:create_environment_scripts_only(arm_gripper_moveit2_config)
[2.053s] DEBUG:colcon.colcon_core.event_handler.log_command:Invoked command in '/home/hgj/arm_ws/build/arm_gripper_moveit2_config' returned '0': CMAKE_PREFIX_PATH=/home/hgj/arm_ws/install/elite_description:/home/hgj/arm_ws/install/elite_ec66_moveit_config:/home/hgj/arm_ws/install/arm_moveit2_config:/home/hgj/arm_ws/install/arm_gripper_moveit2_config:/home/hgj/ros2_ws/install/fishbot_navigation2:/home/hgj/ros2_ws/install/fishbot_cartographer:/home/hgj/ros2_ws/install/elite_ec66_moveit_config:/home/hgj/ros2_ws/install/elite_description:/home/hgj/ros2_ws/install/cartographer_rviz:/home/hgj/ros2_ws/install/cartographer_ros:/home/hgj/ros2_ws/install/cartographer_ros_msgs:/home/hgj/ros2_ws/install/cartographer:/home/hgj/ros_ws/install/ros2_livox_simulation:/home/hgj/ros_ws/install/rm_navigation:/home/hgj/ros_ws/install/rm_decision_interfaces:/home/hgj/ros_ws/install/pointcloud_to_laserscan:/home/hgj/ros_ws/install/pb_rm_simulation:/home/hgj/ros_ws/install/fast_lio:/home/hgj/ros_ws/install/livox_ros_driver2:/home/hgj/ros_ws/install/linefit_ground_segmentation_ros:/home/hgj/ros_ws/install/linefit_ground_segmentation:/home/hgj/ros_ws/install/icp_localization_ros2:/home/hgj/ros2_ws/install/fishbot_description:/home/hgj/ros_ws/install/rm_decision:/opt/ros/humble /usr/bin/cmake --install /home/hgj/arm_ws/build/arm_gripper_moveit2_config
[2.074s] Level 1:colcon.colcon_core.environment:checking '/home/hgj/arm_ws/install/arm_gripper_moveit2_config' for CMake module files
[2.075s] Level 1:colcon.colcon_core.environment:checking '/home/hgj/arm_ws/install/arm_gripper_moveit2_config' for CMake config files
[2.075s] Level 1:colcon.colcon_core.shell:create_environment_hook('arm_gripper_moveit2_config', 'cmake_prefix_path')
[2.086s] INFO:colcon.colcon_core.shell:Creating environment hook '/home/hgj/arm_ws/install/arm_gripper_moveit2_config/share/arm_gripper_moveit2_config/hook/cmake_prefix_path.ps1'
[2.087s] INFO:colcon.colcon_core.shell:Creating environment descriptor '/home/hgj/arm_ws/install/arm_gripper_moveit2_config/share/arm_gripper_moveit2_config/hook/cmake_prefix_path.dsv'
[2.087s] INFO:colcon.colcon_core.shell:Creating environment hook '/home/hgj/arm_ws/install/arm_gripper_moveit2_config/share/arm_gripper_moveit2_config/hook/cmake_prefix_path.sh'
[2.087s] Level 1:colcon.colcon_core.environment:checking '/home/hgj/arm_ws/install/arm_gripper_moveit2_config/bin'
[2.087s] Level 1:colcon.colcon_core.environment:checking '/home/hgj/arm_ws/install/arm_gripper_moveit2_config/lib/pkgconfig/arm_gripper_moveit2_config.pc'
[2.088s] Level 1:colcon.colcon_core.environment:checking '/home/hgj/arm_ws/install/arm_gripper_moveit2_config/lib/python3.10/site-packages'
[2.088s] Level 1:colcon.colcon_core.environment:checking '/home/hgj/arm_ws/install/arm_gripper_moveit2_config/bin'
[2.100s] INFO:colcon.colcon_core.shell:Creating package script '/home/hgj/arm_ws/install/arm_gripper_moveit2_config/share/arm_gripper_moveit2_config/package.ps1'
[2.101s] INFO:colcon.colcon_core.shell:Creating package descriptor '/home/hgj/arm_ws/install/arm_gripper_moveit2_config/share/arm_gripper_moveit2_config/package.dsv'
[2.101s] INFO:colcon.colcon_core.shell:Creating package script '/home/hgj/arm_ws/install/arm_gripper_moveit2_config/share/arm_gripper_moveit2_config/package.sh'
[2.101s] INFO:colcon.colcon_core.shell:Creating package script '/home/hgj/arm_ws/install/arm_gripper_moveit2_config/share/arm_gripper_moveit2_config/package.bash'
[2.102s] INFO:colcon.colcon_core.shell:Creating package script '/home/hgj/arm_ws/install/arm_gripper_moveit2_config/share/arm_gripper_moveit2_config/package.zsh'
[2.102s] Level 1:colcon.colcon_core.environment:create_file_with_runtime_dependencies(/home/hgj/arm_ws/install/arm_gripper_moveit2_config/share/colcon-core/packages/arm_gripper_moveit2_config)
[2.103s] Level 1:colcon.colcon_core.environment:create_environment_scripts_only(arm_moveit2_config)
[2.104s] DEBUG:colcon.colcon_core.event_handler.log_command:Invoked command in '/home/hgj/arm_ws/build/arm_moveit2_config' returned '0': CMAKE_PREFIX_PATH=/home/hgj/arm_ws/install/elite_description:/home/hgj/arm_ws/install/elite_ec66_moveit_config:/home/hgj/arm_ws/install/arm_moveit2_config:/home/hgj/arm_ws/install/arm_gripper_moveit2_config:/home/hgj/ros2_ws/install/fishbot_navigation2:/home/hgj/ros2_ws/install/fishbot_cartographer:/home/hgj/ros2_ws/install/elite_ec66_moveit_config:/home/hgj/ros2_ws/install/elite_description:/home/hgj/ros2_ws/install/cartographer_rviz:/home/hgj/ros2_ws/install/cartographer_ros:/home/hgj/ros2_ws/install/cartographer_ros_msgs:/home/hgj/ros2_ws/install/cartographer:/home/hgj/ros_ws/install/ros2_livox_simulation:/home/hgj/ros_ws/install/rm_navigation:/home/hgj/ros_ws/install/rm_decision_interfaces:/home/hgj/ros_ws/install/pointcloud_to_laserscan:/home/hgj/ros_ws/install/pb_rm_simulation:/home/hgj/ros_ws/install/fast_lio:/home/hgj/ros_ws/install/livox_ros_driver2:/home/hgj/ros_ws/install/linefit_ground_segmentation_ros:/home/hgj/ros_ws/install/linefit_ground_segmentation:/home/hgj/ros_ws/install/icp_localization_ros2:/home/hgj/ros2_ws/install/fishbot_description:/home/hgj/ros_ws/install/rm_decision:/opt/ros/humble /usr/bin/cmake --install /home/hgj/arm_ws/build/arm_moveit2_config
[2.134s] Level 1:colcon.colcon_core.environment:checking '/home/hgj/arm_ws/install/arm_moveit2_config' for CMake module files
[2.135s] Level 1:colcon.colcon_core.environment:checking '/home/hgj/arm_ws/install/arm_moveit2_config' for CMake config files
[2.135s] Level 1:colcon.colcon_core.shell:create_environment_hook('arm_moveit2_config', 'cmake_prefix_path')
[2.148s] INFO:colcon.colcon_core.shell:Creating environment hook '/home/hgj/arm_ws/install/arm_moveit2_config/share/arm_moveit2_config/hook/cmake_prefix_path.ps1'
[2.148s] INFO:colcon.colcon_core.shell:Creating environment descriptor '/home/hgj/arm_ws/install/arm_moveit2_config/share/arm_moveit2_config/hook/cmake_prefix_path.dsv'
[2.149s] INFO:colcon.colcon_core.shell:Creating environment hook '/home/hgj/arm_ws/install/arm_moveit2_config/share/arm_moveit2_config/hook/cmake_prefix_path.sh'
[2.149s] Level 1:colcon.colcon_core.environment:checking '/home/hgj/arm_ws/install/arm_moveit2_config/bin'
[2.149s] Level 1:colcon.colcon_core.environment:checking '/home/hgj/arm_ws/install/arm_moveit2_config/lib/pkgconfig/arm_moveit2_config.pc'
[2.149s] Level 1:colcon.colcon_core.environment:checking '/home/hgj/arm_ws/install/arm_moveit2_config/lib/python3.10/site-packages'
[2.150s] Level 1:colcon.colcon_core.environment:checking '/home/hgj/arm_ws/install/arm_moveit2_config/bin'
[2.163s] INFO:colcon.colcon_core.shell:Creating package script '/home/hgj/arm_ws/install/arm_moveit2_config/share/arm_moveit2_config/package.ps1'
[2.163s] INFO:colcon.colcon_core.shell:Creating package descriptor '/home/hgj/arm_ws/install/arm_moveit2_config/share/arm_moveit2_config/package.dsv'
[2.163s] INFO:colcon.colcon_core.shell:Creating package script '/home/hgj/arm_ws/install/arm_moveit2_config/share/arm_moveit2_config/package.sh'
[2.164s] INFO:colcon.colcon_core.shell:Creating package script '/home/hgj/arm_ws/install/arm_moveit2_config/share/arm_moveit2_config/package.bash'
[2.164s] INFO:colcon.colcon_core.shell:Creating package script '/home/hgj/arm_ws/install/arm_moveit2_config/share/arm_moveit2_config/package.zsh'
[2.164s] Level 1:colcon.colcon_core.environment:create_file_with_runtime_dependencies(/home/hgj/arm_ws/install/arm_moveit2_config/share/colcon-core/packages/arm_moveit2_config)
[2.165s] Level 1:colcon.colcon_core.environment:create_environment_scripts_only(elite_ec66_moveit_config)
[2.166s] DEBUG:colcon.colcon_core.event_handler.log_command:Invoked command in '/home/hgj/arm_ws/build/elite_ec66_moveit_config' returned '0': CMAKE_PREFIX_PATH=/home/hgj/arm_ws/install/elite_description:/home/hgj/arm_ws/install/elite_ec66_moveit_config:/home/hgj/arm_ws/install/arm_moveit2_config:/home/hgj/arm_ws/install/arm_gripper_moveit2_config:/home/hgj/ros2_ws/install/fishbot_navigation2:/home/hgj/ros2_ws/install/fishbot_cartographer:/home/hgj/ros2_ws/install/elite_ec66_moveit_config:/home/hgj/ros2_ws/install/elite_description:/home/hgj/ros2_ws/install/cartographer_rviz:/home/hgj/ros2_ws/install/cartographer_ros:/home/hgj/ros2_ws/install/cartographer_ros_msgs:/home/hgj/ros2_ws/install/cartographer:/home/hgj/ros_ws/install/ros2_livox_simulation:/home/hgj/ros_ws/install/rm_navigation:/home/hgj/ros_ws/install/rm_decision_interfaces:/home/hgj/ros_ws/install/pointcloud_to_laserscan:/home/hgj/ros_ws/install/pb_rm_simulation:/home/hgj/ros_ws/install/fast_lio:/home/hgj/ros_ws/install/livox_ros_driver2:/home/hgj/ros_ws/install/linefit_ground_segmentation_ros:/home/hgj/ros_ws/install/linefit_ground_segmentation:/home/hgj/ros_ws/install/icp_localization_ros2:/home/hgj/ros2_ws/install/fishbot_description:/home/hgj/ros_ws/install/rm_decision:/opt/ros/humble /usr/bin/cmake --install /home/hgj/arm_ws/build/elite_ec66_moveit_config
[2.179s] Level 1:colcon.colcon_core.environment:checking '/home/hgj/arm_ws/install/elite_ec66_moveit_config' for CMake module files
[2.180s] Level 1:colcon.colcon_core.environment:checking '/home/hgj/arm_ws/install/elite_ec66_moveit_config' for CMake config files
[2.180s] Level 1:colcon.colcon_core.shell:create_environment_hook('elite_ec66_moveit_config', 'cmake_prefix_path')
[2.193s] INFO:colcon.colcon_core.shell:Creating environment hook '/home/hgj/arm_ws/install/elite_ec66_moveit_config/share/elite_ec66_moveit_config/hook/cmake_prefix_path.ps1'
[2.194s] INFO:colcon.colcon_core.shell:Creating environment descriptor '/home/hgj/arm_ws/install/elite_ec66_moveit_config/share/elite_ec66_moveit_config/hook/cmake_prefix_path.dsv'
[2.194s] INFO:colcon.colcon_core.shell:Creating environment hook '/home/hgj/arm_ws/install/elite_ec66_moveit_config/share/elite_ec66_moveit_config/hook/cmake_prefix_path.sh'
[2.194s] Level 1:colcon.colcon_core.environment:checking '/home/hgj/arm_ws/install/elite_ec66_moveit_config/bin'
[2.195s] Level 1:colcon.colcon_core.environment:checking '/home/hgj/arm_ws/install/elite_ec66_moveit_config/lib/pkgconfig/elite_ec66_moveit_config.pc'
[2.195s] Level 1:colcon.colcon_core.environment:checking '/home/hgj/arm_ws/install/elite_ec66_moveit_config/lib/python3.10/site-packages'
[2.195s] Level 1:colcon.colcon_core.environment:checking '/home/hgj/arm_ws/install/elite_ec66_moveit_config/bin'
[2.206s] INFO:colcon.colcon_core.shell:Creating package script '/home/hgj/arm_ws/install/elite_ec66_moveit_config/share/elite_ec66_moveit_config/package.ps1'
[2.207s] INFO:colcon.colcon_core.shell:Creating package descriptor '/home/hgj/arm_ws/install/elite_ec66_moveit_config/share/elite_ec66_moveit_config/package.dsv'
[2.208s] INFO:colcon.colcon_core.shell:Creating package script '/home/hgj/arm_ws/install/elite_ec66_moveit_config/share/elite_ec66_moveit_config/package.sh'
[2.208s] INFO:colcon.colcon_core.shell:Creating package script '/home/hgj/arm_ws/install/elite_ec66_moveit_config/share/elite_ec66_moveit_config/package.bash'
[2.208s] INFO:colcon.colcon_core.shell:Creating package script '/home/hgj/arm_ws/install/elite_ec66_moveit_config/share/elite_ec66_moveit_config/package.zsh'
[2.209s] Level 1:colcon.colcon_core.environment:create_file_with_runtime_dependencies(/home/hgj/arm_ws/install/elite_ec66_moveit_config/share/colcon-core/packages/elite_ec66_moveit_config)
[2.223s] Level 1:colcon.colcon_core.environment:create_environment_scripts_only(arm_gripper_moveit2_config)
[2.235s] Level 1:colcon.colcon_core.environment:checking '/home/hgj/arm_ws/install/arm_gripper_moveit2_config' for CMake module files
[2.235s] Level 1:colcon.colcon_core.environment:checking '/home/hgj/arm_ws/install/arm_gripper_moveit2_config' for CMake config files
[2.236s] Level 1:colcon.colcon_core.shell:create_environment_hook('arm_gripper_moveit2_config', 'cmake_prefix_path')
[2.248s] INFO:colcon.colcon_core.shell:Creating environment hook '/home/hgj/arm_ws/install/arm_gripper_moveit2_config/share/arm_gripper_moveit2_config/hook/cmake_prefix_path.ps1'
[2.248s] INFO:colcon.colcon_core.shell:Creating environment descriptor '/home/hgj/arm_ws/install/arm_gripper_moveit2_config/share/arm_gripper_moveit2_config/hook/cmake_prefix_path.dsv'
[2.248s] INFO:colcon.colcon_core.shell:Creating environment hook '/home/hgj/arm_ws/install/arm_gripper_moveit2_config/share/arm_gripper_moveit2_config/hook/cmake_prefix_path.sh'
[2.249s] Level 1:colcon.colcon_core.environment:checking '/home/hgj/arm_ws/install/arm_gripper_moveit2_config/bin'
[2.249s] Level 1:colcon.colcon_core.environment:checking '/home/hgj/arm_ws/install/arm_gripper_moveit2_config/lib/pkgconfig/arm_gripper_moveit2_config.pc'
[2.249s] Level 1:colcon.colcon_core.environment:checking '/home/hgj/arm_ws/install/arm_gripper_moveit2_config/lib/python3.10/site-packages'
[2.249s] Level 1:colcon.colcon_core.environment:checking '/home/hgj/arm_ws/install/arm_gripper_moveit2_config/bin'
[2.263s] INFO:colcon.colcon_core.shell:Creating package script '/home/hgj/arm_ws/install/arm_gripper_moveit2_config/share/arm_gripper_moveit2_config/package.ps1'
[2.264s] INFO:colcon.colcon_core.shell:Creating package descriptor '/home/hgj/arm_ws/install/arm_gripper_moveit2_config/share/arm_gripper_moveit2_config/package.dsv'
[2.264s] INFO:colcon.colcon_core.shell:Creating package script '/home/hgj/arm_ws/install/arm_gripper_moveit2_config/share/arm_gripper_moveit2_config/package.sh'
[2.264s] INFO:colcon.colcon_core.shell:Creating package script '/home/hgj/arm_ws/install/arm_gripper_moveit2_config/share/arm_gripper_moveit2_config/package.bash'
[2.264s] INFO:colcon.colcon_core.shell:Creating package script '/home/hgj/arm_ws/install/arm_gripper_moveit2_config/share/arm_gripper_moveit2_config/package.zsh'
[2.265s] Level 1:colcon.colcon_core.environment:create_file_with_runtime_dependencies(/home/hgj/arm_ws/install/arm_gripper_moveit2_config/share/colcon-core/packages/arm_gripper_moveit2_config)
[2.278s] Level 1:colcon.colcon_core.environment:create_environment_scripts_only(arm_moveit2_config)
[2.290s] Level 1:colcon.colcon_core.environment:checking '/home/hgj/arm_ws/install/arm_moveit2_config' for CMake module files
[2.290s] Level 1:colcon.colcon_core.environment:checking '/home/hgj/arm_ws/install/arm_moveit2_config' for CMake config files
[2.291s] Level 1:colcon.colcon_core.shell:create_environment_hook('arm_moveit2_config', 'cmake_prefix_path')
[2.302s] INFO:colcon.colcon_core.shell:Creating environment hook '/home/hgj/arm_ws/install/arm_moveit2_config/share/arm_moveit2_config/hook/cmake_prefix_path.ps1'
[2.303s] INFO:colcon.colcon_core.shell:Creating environment descriptor '/home/hgj/arm_ws/install/arm_moveit2_config/share/arm_moveit2_config/hook/cmake_prefix_path.dsv'
[2.303s] INFO:colcon.colcon_core.shell:Creating environment hook '/home/hgj/arm_ws/install/arm_moveit2_config/share/arm_moveit2_config/hook/cmake_prefix_path.sh'
[2.303s] Level 1:colcon.colcon_core.environment:checking '/home/hgj/arm_ws/install/arm_moveit2_config/bin'
[2.303s] Level 1:colcon.colcon_core.environment:checking '/home/hgj/arm_ws/install/arm_moveit2_config/lib/pkgconfig/arm_moveit2_config.pc'
[2.304s] Level 1:colcon.colcon_core.environment:checking '/home/hgj/arm_ws/install/arm_moveit2_config/lib/python3.10/site-packages'
[2.304s] Level 1:colcon.colcon_core.environment:checking '/home/hgj/arm_ws/install/arm_moveit2_config/bin'
[2.316s] INFO:colcon.colcon_core.shell:Creating package script '/home/hgj/arm_ws/install/arm_moveit2_config/share/arm_moveit2_config/package.ps1'
[2.316s] INFO:colcon.colcon_core.shell:Creating package descriptor '/home/hgj/arm_ws/install/arm_moveit2_config/share/arm_moveit2_config/package.dsv'
[2.316s] INFO:colcon.colcon_core.shell:Creating package script '/home/hgj/arm_ws/install/arm_moveit2_config/share/arm_moveit2_config/package.sh'
[2.317s] INFO:colcon.colcon_core.shell:Creating package script '/home/hgj/arm_ws/install/arm_moveit2_config/share/arm_moveit2_config/package.bash'
[2.317s] INFO:colcon.colcon_core.shell:Creating package script '/home/hgj/arm_ws/install/arm_moveit2_config/share/arm_moveit2_config/package.zsh'
[2.317s] Level 1:colcon.colcon_core.environment:create_file_with_runtime_dependencies(/home/hgj/arm_ws/install/arm_moveit2_config/share/colcon-core/packages/arm_moveit2_config)
[2.331s] Level 1:colcon.colcon_core.environment:create_environment_scripts_only(elite_ec66_moveit_config)
[2.345s] Level 1:colcon.colcon_core.environment:checking '/home/hgj/arm_ws/install/elite_ec66_moveit_config' for CMake module files
[2.345s] Level 1:colcon.colcon_core.environment:checking '/home/hgj/arm_ws/install/elite_ec66_moveit_config' for CMake config files
[2.346s] Level 1:colcon.colcon_core.shell:create_environment_hook('elite_ec66_moveit_config', 'cmake_prefix_path')
[2.359s] INFO:colcon.colcon_core.shell:Creating environment hook '/home/hgj/arm_ws/install/elite_ec66_moveit_config/share/elite_ec66_moveit_config/hook/cmake_prefix_path.ps1'
[2.360s] INFO:colcon.colcon_core.shell:Creating environment descriptor '/home/hgj/arm_ws/install/elite_ec66_moveit_config/share/elite_ec66_moveit_config/hook/cmake_prefix_path.dsv'
[2.361s] INFO:colcon.colcon_core.shell:Creating environment hook '/home/hgj/arm_ws/install/elite_ec66_moveit_config/share/elite_ec66_moveit_config/hook/cmake_prefix_path.sh'
[2.361s] Level 1:colcon.colcon_core.environment:checking '/home/hgj/arm_ws/install/elite_ec66_moveit_config/bin'
[2.361s] Level 1:colcon.colcon_core.environment:checking '/home/hgj/arm_ws/install/elite_ec66_moveit_config/lib/pkgconfig/elite_ec66_moveit_config.pc'
[2.362s] Level 1:colcon.colcon_core.environment:checking '/home/hgj/arm_ws/install/elite_ec66_moveit_config/lib/python3.10/site-packages'
[2.362s] Level 1:colcon.colcon_core.environment:checking '/home/hgj/arm_ws/install/elite_ec66_moveit_config/bin'
[2.373s] INFO:colcon.colcon_core.shell:Creating package script '/home/hgj/arm_ws/install/elite_ec66_moveit_config/share/elite_ec66_moveit_config/package.ps1'
[2.374s] INFO:colcon.colcon_core.shell:Creating package descriptor '/home/hgj/arm_ws/install/elite_ec66_moveit_config/share/elite_ec66_moveit_config/package.dsv'
[2.375s] INFO:colcon.colcon_core.shell:Creating package script '/home/hgj/arm_ws/install/elite_ec66_moveit_config/share/elite_ec66_moveit_config/package.sh'
[2.375s] INFO:colcon.colcon_core.shell:Creating package script '/home/hgj/arm_ws/install/elite_ec66_moveit_config/share/elite_ec66_moveit_config/package.bash'
[2.375s] INFO:colcon.colcon_core.shell:Creating package script '/home/hgj/arm_ws/install/elite_ec66_moveit_config/share/elite_ec66_moveit_config/package.zsh'
[2.376s] Level 1:colcon.colcon_core.environment:create_file_with_runtime_dependencies(/home/hgj/arm_ws/install/elite_ec66_moveit_config/share/colcon-core/packages/elite_ec66_moveit_config)
[2.376s] DEBUG:colcon.colcon_parallel_executor.executor.parallel:closing loop
[2.376s] DEBUG:colcon.colcon_parallel_executor.executor.parallel:loop closed
[2.376s] DEBUG:colcon.colcon_parallel_executor.executor.parallel:run_until_complete finished with '0'
[2.376s] DEBUG:colcon.colcon_core.event_reactor:joining thread
[2.396s] INFO:colcon.colcon_core.plugin_system:Skipping extension 'colcon_notification.desktop_notification.terminal_notifier': Not used on non-Darwin systems
[2.396s] INFO:colcon.colcon_core.plugin_system:Skipping extension 'colcon_notification.desktop_notification.win32': Not used on non-Windows systems
[2.396s] INFO:colcon.colcon_notification.desktop_notification:Sending desktop notification using 'notify2'
[2.405s] DEBUG:colcon.colcon_core.event_reactor:joined thread
[2.419s] INFO:colcon.colcon_core.shell:Creating prefix script '/home/hgj/arm_ws/install/local_setup.ps1'
[2.420s] INFO:colcon.colcon_core.shell:Creating prefix util module '/home/hgj/arm_ws/install/_local_setup_util_ps1.py'
[2.421s] INFO:colcon.colcon_core.shell:Creating prefix chain script '/home/hgj/arm_ws/install/setup.ps1'
[2.434s] INFO:colcon.colcon_core.shell:Creating prefix script '/home/hgj/arm_ws/install/local_setup.sh'
[2.435s] INFO:colcon.colcon_core.shell:Creating prefix util module '/home/hgj/arm_ws/install/_local_setup_util_sh.py'
[2.435s] INFO:colcon.colcon_core.shell:Creating prefix chain script '/home/hgj/arm_ws/install/setup.sh'
[2.449s] INFO:colcon.colcon_core.shell:Creating prefix script '/home/hgj/arm_ws/install/local_setup.bash'
[2.449s] INFO:colcon.colcon_core.shell:Creating prefix chain script '/home/hgj/arm_ws/install/setup.bash'
[2.462s] INFO:colcon.colcon_core.shell:Creating prefix script '/home/hgj/arm_ws/install/local_setup.zsh'
[2.462s] INFO:colcon.colcon_core.shell:Creating prefix chain script '/home/hgj/arm_ws/install/setup.zsh'
