[0.741s] DEBUG:colcon:Command line arguments: ['/usr/bin/colcon', 'build']
[0.741s] DEBUG:colcon:Parsed command line arguments: Namespace(log_base=None, log_level=None, verb_name='build', build_base='build', install_base='install', merge_install=False, symlink_install=False, test_result_base=None, continue_on_error=False, executor='parallel', parallel_workers=8, event_handlers=None, ignore_user_meta=False, metas=['./colcon.meta'], base_paths=['.'], packages_ignore=None, packages_ignore_regex=None, paths=None, packages_up_to=None, packages_up_to_regex=None, packages_above=None, packages_above_and_dependencies=None, packages_above_depth=None, packages_select_by_dep=None, packages_skip_by_dep=None, packages_skip_up_to=None, packages_select_build_failed=False, packages_skip_build_finished=False, packages_select_test_failures=False, packages_skip_test_passed=False, packages_select=None, packages_skip=None, packages_select_regex=None, packages_skip_regex=None, packages_start=None, packages_end=None, allow_overriding=[], cmake_args=None, cmake_target=None, cmake_target_skip_unavailable=False, cmake_clean_cache=False, cmake_clean_first=False, cmake_force_configure=False, ament_cmake_args=None, catkin_cmake_args=None, catkin_skip_building_tests=False, verb_parser=<colcon_defaults.argument_parser.defaults.DefaultArgumentsDecorator object at 0x7f0d939d4cd0>, verb_extension=<colcon_core.verb.build.BuildVerb object at 0x7f0d93996320>, main=<bound method BuildVerb.main of <colcon_core.verb.build.BuildVerb object at 0x7f0d93996320>>)
[0.773s] Level 1:colcon.colcon_core.package_discovery:discover_packages(colcon_meta) check parameters
[0.773s] Level 1:colcon.colcon_core.package_discovery:discover_packages(recursive) check parameters
[0.773s] Level 1:colcon.colcon_core.package_discovery:discover_packages(ignore) check parameters
[0.773s] Level 1:colcon.colcon_core.package_discovery:discover_packages(path) check parameters
[0.773s] Level 1:colcon.colcon_core.package_discovery:discover_packages(colcon_meta) discover
[0.773s] Level 1:colcon.colcon_core.package_discovery:discover_packages(recursive) discover
[0.773s] INFO:colcon.colcon_core.package_discovery:Crawling recursively for packages in '/home/hgj/arm_ws'
[0.773s] Level 1:colcon.colcon_core.package_identification:_identify(.) by extensions ['ignore', 'ignore_ament_install']
[0.773s] Level 1:colcon.colcon_core.package_identification:_identify(.) by extension 'ignore'
[0.774s] Level 1:colcon.colcon_core.package_identification:_identify(.) by extension 'ignore_ament_install'
[0.774s] Level 1:colcon.colcon_core.package_identification:_identify(.) by extensions ['colcon_pkg']
[0.774s] Level 1:colcon.colcon_core.package_identification:_identify(.) by extension 'colcon_pkg'
[0.774s] Level 1:colcon.colcon_core.package_identification:_identify(.) by extensions ['colcon_meta']
[0.774s] Level 1:colcon.colcon_core.package_identification:_identify(.) by extension 'colcon_meta'
[0.774s] Level 1:colcon.colcon_core.package_identification:_identify(.) by extensions ['ros']
[0.774s] Level 1:colcon.colcon_core.package_identification:_identify(.) by extension 'ros'
[0.782s] Level 1:colcon.colcon_core.package_identification:_identify(.) by extensions ['cmake', 'python']
[0.782s] Level 1:colcon.colcon_core.package_identification:_identify(.) by extension 'cmake'
[0.782s] Level 1:colcon.colcon_core.package_identification:_identify(.) by extension 'python'
[0.782s] Level 1:colcon.colcon_core.package_identification:_identify(.) by extensions ['python_setup_py']
[0.782s] Level 1:colcon.colcon_core.package_identification:_identify(.) by extension 'python_setup_py'
[0.782s] Level 1:colcon.colcon_core.package_identification:_identify(build) by extensions ['ignore', 'ignore_ament_install']
[0.782s] Level 1:colcon.colcon_core.package_identification:_identify(build) by extension 'ignore'
[0.782s] Level 1:colcon.colcon_core.package_identification:_identify(build) ignored
[0.782s] Level 1:colcon.colcon_core.package_identification:_identify(install) by extensions ['ignore', 'ignore_ament_install']
[0.782s] Level 1:colcon.colcon_core.package_identification:_identify(install) by extension 'ignore'
[0.782s] Level 1:colcon.colcon_core.package_identification:_identify(install) ignored
[0.782s] Level 1:colcon.colcon_core.package_identification:_identify(log) by extensions ['ignore', 'ignore_ament_install']
[0.782s] Level 1:colcon.colcon_core.package_identification:_identify(log) by extension 'ignore'
[0.783s] Level 1:colcon.colcon_core.package_identification:_identify(log) ignored
[0.783s] Level 1:colcon.colcon_core.package_identification:_identify(src) by extensions ['ignore', 'ignore_ament_install']
[0.783s] Level 1:colcon.colcon_core.package_identification:_identify(src) by extension 'ignore'
[0.783s] Level 1:colcon.colcon_core.package_identification:_identify(src) by extension 'ignore_ament_install'
[0.783s] Level 1:colcon.colcon_core.package_identification:_identify(src) by extensions ['colcon_pkg']
[0.783s] Level 1:colcon.colcon_core.package_identification:_identify(src) by extension 'colcon_pkg'
[0.783s] Level 1:colcon.colcon_core.package_identification:_identify(src) by extensions ['colcon_meta']
[0.783s] Level 1:colcon.colcon_core.package_identification:_identify(src) by extension 'colcon_meta'
[0.783s] Level 1:colcon.colcon_core.package_identification:_identify(src) by extensions ['ros']
[0.783s] Level 1:colcon.colcon_core.package_identification:_identify(src) by extension 'ros'
[0.783s] Level 1:colcon.colcon_core.package_identification:_identify(src) by extensions ['cmake', 'python']
[0.783s] Level 1:colcon.colcon_core.package_identification:_identify(src) by extension 'cmake'
[0.783s] Level 1:colcon.colcon_core.package_identification:_identify(src) by extension 'python'
[0.783s] Level 1:colcon.colcon_core.package_identification:_identify(src) by extensions ['python_setup_py']
[0.783s] Level 1:colcon.colcon_core.package_identification:_identify(src) by extension 'python_setup_py'
[0.783s] Level 1:colcon.colcon_core.package_identification:_identify(src/arm_gripper_moveit2_config) by extensions ['ignore', 'ignore_ament_install']
[0.783s] Level 1:colcon.colcon_core.package_identification:_identify(src/arm_gripper_moveit2_config) by extension 'ignore'
[0.783s] Level 1:colcon.colcon_core.package_identification:_identify(src/arm_gripper_moveit2_config) by extension 'ignore_ament_install'
[0.783s] Level 1:colcon.colcon_core.package_identification:_identify(src/arm_gripper_moveit2_config) by extensions ['colcon_pkg']
[0.783s] Level 1:colcon.colcon_core.package_identification:_identify(src/arm_gripper_moveit2_config) by extension 'colcon_pkg'
[0.783s] Level 1:colcon.colcon_core.package_identification:_identify(src/arm_gripper_moveit2_config) by extensions ['colcon_meta']
[0.783s] Level 1:colcon.colcon_core.package_identification:_identify(src/arm_gripper_moveit2_config) by extension 'colcon_meta'
[0.783s] Level 1:colcon.colcon_core.package_identification:_identify(src/arm_gripper_moveit2_config) by extensions ['ros']
[0.783s] Level 1:colcon.colcon_core.package_identification:_identify(src/arm_gripper_moveit2_config) by extension 'ros'
[0.786s] DEBUG:colcon.colcon_core.package_identification:Package 'src/arm_gripper_moveit2_config' with type 'ros.ament_cmake' and name 'arm_gripper_moveit2_config'
[0.786s] Level 1:colcon.colcon_core.package_identification:_identify(src/elite_robot_ros2) by extensions ['ignore', 'ignore_ament_install']
[0.786s] Level 1:colcon.colcon_core.package_identification:_identify(src/elite_robot_ros2) by extension 'ignore'
[0.786s] Level 1:colcon.colcon_core.package_identification:_identify(src/elite_robot_ros2) by extension 'ignore_ament_install'
[0.786s] Level 1:colcon.colcon_core.package_identification:_identify(src/elite_robot_ros2) by extensions ['colcon_pkg']
[0.786s] Level 1:colcon.colcon_core.package_identification:_identify(src/elite_robot_ros2) by extension 'colcon_pkg'
[0.786s] Level 1:colcon.colcon_core.package_identification:_identify(src/elite_robot_ros2) by extensions ['colcon_meta']
[0.786s] Level 1:colcon.colcon_core.package_identification:_identify(src/elite_robot_ros2) by extension 'colcon_meta'
[0.786s] Level 1:colcon.colcon_core.package_identification:_identify(src/elite_robot_ros2) by extensions ['ros']
[0.786s] Level 1:colcon.colcon_core.package_identification:_identify(src/elite_robot_ros2) by extension 'ros'
[0.787s] Level 1:colcon.colcon_core.package_identification:_identify(src/elite_robot_ros2) by extensions ['cmake', 'python']
[0.787s] Level 1:colcon.colcon_core.package_identification:_identify(src/elite_robot_ros2) by extension 'cmake'
[0.787s] Level 1:colcon.colcon_core.package_identification:_identify(src/elite_robot_ros2) by extension 'python'
[0.787s] Level 1:colcon.colcon_core.package_identification:_identify(src/elite_robot_ros2) by extensions ['python_setup_py']
[0.787s] Level 1:colcon.colcon_core.package_identification:_identify(src/elite_robot_ros2) by extension 'python_setup_py'
[0.787s] Level 1:colcon.colcon_core.package_identification:_identify(src/elite_robot_ros2/src) by extensions ['ignore', 'ignore_ament_install']
[0.787s] Level 1:colcon.colcon_core.package_identification:_identify(src/elite_robot_ros2/src) by extension 'ignore'
[0.787s] Level 1:colcon.colcon_core.package_identification:_identify(src/elite_robot_ros2/src) by extension 'ignore_ament_install'
[0.787s] Level 1:colcon.colcon_core.package_identification:_identify(src/elite_robot_ros2/src) by extensions ['colcon_pkg']
[0.787s] Level 1:colcon.colcon_core.package_identification:_identify(src/elite_robot_ros2/src) by extension 'colcon_pkg'
[0.787s] Level 1:colcon.colcon_core.package_identification:_identify(src/elite_robot_ros2/src) by extensions ['colcon_meta']
[0.787s] Level 1:colcon.colcon_core.package_identification:_identify(src/elite_robot_ros2/src) by extension 'colcon_meta'
[0.787s] Level 1:colcon.colcon_core.package_identification:_identify(src/elite_robot_ros2/src) by extensions ['ros']
[0.787s] Level 1:colcon.colcon_core.package_identification:_identify(src/elite_robot_ros2/src) by extension 'ros'
[0.787s] Level 1:colcon.colcon_core.package_identification:_identify(src/elite_robot_ros2/src) by extensions ['cmake', 'python']
[0.787s] Level 1:colcon.colcon_core.package_identification:_identify(src/elite_robot_ros2/src) by extension 'cmake'
[0.787s] Level 1:colcon.colcon_core.package_identification:_identify(src/elite_robot_ros2/src) by extension 'python'
[0.787s] Level 1:colcon.colcon_core.package_identification:_identify(src/elite_robot_ros2/src) by extensions ['python_setup_py']
[0.787s] Level 1:colcon.colcon_core.package_identification:_identify(src/elite_robot_ros2/src) by extension 'python_setup_py'
[0.787s] Level 1:colcon.colcon_core.package_identification:_identify(src/elite_robot_ros2/src/arm_moveit2_config) by extensions ['ignore', 'ignore_ament_install']
[0.787s] Level 1:colcon.colcon_core.package_identification:_identify(src/elite_robot_ros2/src/arm_moveit2_config) by extension 'ignore'
[0.787s] Level 1:colcon.colcon_core.package_identification:_identify(src/elite_robot_ros2/src/arm_moveit2_config) by extension 'ignore_ament_install'
[0.787s] Level 1:colcon.colcon_core.package_identification:_identify(src/elite_robot_ros2/src/arm_moveit2_config) by extensions ['colcon_pkg']
[0.787s] Level 1:colcon.colcon_core.package_identification:_identify(src/elite_robot_ros2/src/arm_moveit2_config) by extension 'colcon_pkg'
[0.787s] Level 1:colcon.colcon_core.package_identification:_identify(src/elite_robot_ros2/src/arm_moveit2_config) by extensions ['colcon_meta']
[0.787s] Level 1:colcon.colcon_core.package_identification:_identify(src/elite_robot_ros2/src/arm_moveit2_config) by extension 'colcon_meta'
[0.787s] Level 1:colcon.colcon_core.package_identification:_identify(src/elite_robot_ros2/src/arm_moveit2_config) by extensions ['ros']
[0.787s] Level 1:colcon.colcon_core.package_identification:_identify(src/elite_robot_ros2/src/arm_moveit2_config) by extension 'ros'
[0.788s] DEBUG:colcon.colcon_core.package_identification:Package 'src/elite_robot_ros2/src/arm_moveit2_config' with type 'ros.ament_cmake' and name 'arm_moveit2_config'
[0.788s] Level 1:colcon.colcon_core.package_identification:_identify(src/elite_robot_ros2/src/elite_description) by extensions ['ignore', 'ignore_ament_install']
[0.788s] Level 1:colcon.colcon_core.package_identification:_identify(src/elite_robot_ros2/src/elite_description) by extension 'ignore'
[0.788s] Level 1:colcon.colcon_core.package_identification:_identify(src/elite_robot_ros2/src/elite_description) by extension 'ignore_ament_install'
[0.788s] Level 1:colcon.colcon_core.package_identification:_identify(src/elite_robot_ros2/src/elite_description) by extensions ['colcon_pkg']
[0.788s] Level 1:colcon.colcon_core.package_identification:_identify(src/elite_robot_ros2/src/elite_description) by extension 'colcon_pkg'
[0.788s] Level 1:colcon.colcon_core.package_identification:_identify(src/elite_robot_ros2/src/elite_description) by extensions ['colcon_meta']
[0.788s] Level 1:colcon.colcon_core.package_identification:_identify(src/elite_robot_ros2/src/elite_description) by extension 'colcon_meta'
[0.788s] Level 1:colcon.colcon_core.package_identification:_identify(src/elite_robot_ros2/src/elite_description) by extensions ['ros']
[0.788s] Level 1:colcon.colcon_core.package_identification:_identify(src/elite_robot_ros2/src/elite_description) by extension 'ros'
[0.789s] DEBUG:colcon.colcon_core.package_identification:Package 'src/elite_robot_ros2/src/elite_description' with type 'ros.ament_cmake' and name 'elite_description'
[0.789s] Level 1:colcon.colcon_core.package_identification:_identify(src/elite_robot_ros2/src/elite_moveit2) by extensions ['ignore', 'ignore_ament_install']
[0.789s] Level 1:colcon.colcon_core.package_identification:_identify(src/elite_robot_ros2/src/elite_moveit2) by extension 'ignore'
[0.789s] Level 1:colcon.colcon_core.package_identification:_identify(src/elite_robot_ros2/src/elite_moveit2) by extension 'ignore_ament_install'
[0.789s] Level 1:colcon.colcon_core.package_identification:_identify(src/elite_robot_ros2/src/elite_moveit2) by extensions ['colcon_pkg']
[0.789s] Level 1:colcon.colcon_core.package_identification:_identify(src/elite_robot_ros2/src/elite_moveit2) by extension 'colcon_pkg'
[0.789s] Level 1:colcon.colcon_core.package_identification:_identify(src/elite_robot_ros2/src/elite_moveit2) by extensions ['colcon_meta']
[0.789s] Level 1:colcon.colcon_core.package_identification:_identify(src/elite_robot_ros2/src/elite_moveit2) by extension 'colcon_meta'
[0.789s] Level 1:colcon.colcon_core.package_identification:_identify(src/elite_robot_ros2/src/elite_moveit2) by extensions ['ros']
[0.789s] Level 1:colcon.colcon_core.package_identification:_identify(src/elite_robot_ros2/src/elite_moveit2) by extension 'ros'
[0.789s] Level 1:colcon.colcon_core.package_identification:_identify(src/elite_robot_ros2/src/elite_moveit2) by extensions ['cmake', 'python']
[0.789s] Level 1:colcon.colcon_core.package_identification:_identify(src/elite_robot_ros2/src/elite_moveit2) by extension 'cmake'
[0.789s] Level 1:colcon.colcon_core.package_identification:_identify(src/elite_robot_ros2/src/elite_moveit2) by extension 'python'
[0.789s] Level 1:colcon.colcon_core.package_identification:_identify(src/elite_robot_ros2/src/elite_moveit2) by extensions ['python_setup_py']
[0.789s] Level 1:colcon.colcon_core.package_identification:_identify(src/elite_robot_ros2/src/elite_moveit2) by extension 'python_setup_py'
[0.789s] Level 1:colcon.colcon_core.package_identification:_identify(src/elite_robot_ros2/src/elite_moveit2/elite_ec66_moveit_config) by extensions ['ignore', 'ignore_ament_install']
[0.789s] Level 1:colcon.colcon_core.package_identification:_identify(src/elite_robot_ros2/src/elite_moveit2/elite_ec66_moveit_config) by extension 'ignore'
[0.789s] Level 1:colcon.colcon_core.package_identification:_identify(src/elite_robot_ros2/src/elite_moveit2/elite_ec66_moveit_config) by extension 'ignore_ament_install'
[0.789s] Level 1:colcon.colcon_core.package_identification:_identify(src/elite_robot_ros2/src/elite_moveit2/elite_ec66_moveit_config) by extensions ['colcon_pkg']
[0.789s] Level 1:colcon.colcon_core.package_identification:_identify(src/elite_robot_ros2/src/elite_moveit2/elite_ec66_moveit_config) by extension 'colcon_pkg'
[0.789s] Level 1:colcon.colcon_core.package_identification:_identify(src/elite_robot_ros2/src/elite_moveit2/elite_ec66_moveit_config) by extensions ['colcon_meta']
[0.789s] Level 1:colcon.colcon_core.package_identification:_identify(src/elite_robot_ros2/src/elite_moveit2/elite_ec66_moveit_config) by extension 'colcon_meta'
[0.789s] Level 1:colcon.colcon_core.package_identification:_identify(src/elite_robot_ros2/src/elite_moveit2/elite_ec66_moveit_config) by extensions ['ros']
[0.789s] Level 1:colcon.colcon_core.package_identification:_identify(src/elite_robot_ros2/src/elite_moveit2/elite_ec66_moveit_config) by extension 'ros'
[0.790s] DEBUG:colcon.colcon_core.package_identification:Package 'src/elite_robot_ros2/src/elite_moveit2/elite_ec66_moveit_config' with type 'ros.ament_cmake' and name 'elite_ec66_moveit_config'
[0.790s] Level 1:colcon.colcon_core.package_discovery:discover_packages(recursive) using defaults
[0.790s] Level 1:colcon.colcon_core.package_discovery:discover_packages(ignore) discover
[0.790s] Level 1:colcon.colcon_core.package_discovery:discover_packages(ignore) using defaults
[0.790s] Level 1:colcon.colcon_core.package_discovery:discover_packages(path) discover
[0.790s] Level 1:colcon.colcon_core.package_discovery:discover_packages(path) using defaults
[0.855s] Level 1:colcon.colcon_core.package_discovery:discover_packages(prefix_path) check parameters
[0.855s] Level 1:colcon.colcon_core.package_discovery:discover_packages(prefix_path) discover
[0.878s] DEBUG:colcon.colcon_installed_package_information.package_discovery:Found 9 installed packages in /home/hgj/ros2_ws/install
[0.890s] DEBUG:colcon.colcon_installed_package_information.package_discovery:Found 12 installed packages in /home/hgj/ros_ws/install
[0.910s] DEBUG:colcon.colcon_installed_package_information.package_discovery:Found 1 installed packages in /home/hgj/ES_ws/install
[0.922s] DEBUG:colcon.colcon_installed_package_information.package_discovery:Found 460 installed packages in /opt/ros/humble
[0.924s] Level 1:colcon.colcon_core.package_discovery:discover_packages(prefix_path) using defaults
[1.002s] Level 5:colcon.colcon_core.verb:set package 'elite_description' build argument 'cmake_args' from command line to 'None'
[1.002s] Level 5:colcon.colcon_core.verb:set package 'elite_description' build argument 'cmake_target' from command line to 'None'
[1.002s] Level 5:colcon.colcon_core.verb:set package 'elite_description' build argument 'cmake_target_skip_unavailable' from command line to 'False'
[1.003s] Level 5:colcon.colcon_core.verb:set package 'elite_description' build argument 'cmake_clean_cache' from command line to 'False'
[1.003s] Level 5:colcon.colcon_core.verb:set package 'elite_description' build argument 'cmake_clean_first' from command line to 'False'
[1.003s] Level 5:colcon.colcon_core.verb:set package 'elite_description' build argument 'cmake_force_configure' from command line to 'False'
[1.003s] Level 5:colcon.colcon_core.verb:set package 'elite_description' build argument 'ament_cmake_args' from command line to 'None'
[1.003s] Level 5:colcon.colcon_core.verb:set package 'elite_description' build argument 'catkin_cmake_args' from command line to 'None'
[1.003s] Level 5:colcon.colcon_core.verb:set package 'elite_description' build argument 'catkin_skip_building_tests' from command line to 'False'
[1.003s] DEBUG:colcon.colcon_core.verb:Building package 'elite_description' with the following arguments: {'ament_cmake_args': None, 'build_base': '/home/hgj/arm_ws/build/elite_description', 'catkin_cmake_args': None, 'catkin_skip_building_tests': False, 'cmake_args': None, 'cmake_clean_cache': False, 'cmake_clean_first': False, 'cmake_force_configure': False, 'cmake_target': None, 'cmake_target_skip_unavailable': False, 'install_base': '/home/hgj/arm_ws/install/elite_description', 'merge_install': False, 'path': '/home/hgj/arm_ws/src/elite_robot_ros2/src/elite_description', 'symlink_install': False, 'test_result_base': None}
[1.013s] Level 5:colcon.colcon_core.verb:set package 'arm_gripper_moveit2_config' build argument 'cmake_args' from command line to 'None'
[1.013s] Level 5:colcon.colcon_core.verb:set package 'arm_gripper_moveit2_config' build argument 'cmake_target' from command line to 'None'
[1.013s] Level 5:colcon.colcon_core.verb:set package 'arm_gripper_moveit2_config' build argument 'cmake_target_skip_unavailable' from command line to 'False'
[1.013s] Level 5:colcon.colcon_core.verb:set package 'arm_gripper_moveit2_config' build argument 'cmake_clean_cache' from command line to 'False'
[1.013s] Level 5:colcon.colcon_core.verb:set package 'arm_gripper_moveit2_config' build argument 'cmake_clean_first' from command line to 'False'
[1.013s] Level 5:colcon.colcon_core.verb:set package 'arm_gripper_moveit2_config' build argument 'cmake_force_configure' from command line to 'False'
[1.013s] Level 5:colcon.colcon_core.verb:set package 'arm_gripper_moveit2_config' build argument 'ament_cmake_args' from command line to 'None'
[1.013s] Level 5:colcon.colcon_core.verb:set package 'arm_gripper_moveit2_config' build argument 'catkin_cmake_args' from command line to 'None'
[1.013s] Level 5:colcon.colcon_core.verb:set package 'arm_gripper_moveit2_config' build argument 'catkin_skip_building_tests' from command line to 'False'
[1.013s] DEBUG:colcon.colcon_core.verb:Building package 'arm_gripper_moveit2_config' with the following arguments: {'ament_cmake_args': None, 'build_base': '/home/hgj/arm_ws/build/arm_gripper_moveit2_config', 'catkin_cmake_args': None, 'catkin_skip_building_tests': False, 'cmake_args': None, 'cmake_clean_cache': False, 'cmake_clean_first': False, 'cmake_force_configure': False, 'cmake_target': None, 'cmake_target_skip_unavailable': False, 'install_base': '/home/hgj/arm_ws/install/arm_gripper_moveit2_config', 'merge_install': False, 'path': '/home/hgj/arm_ws/src/arm_gripper_moveit2_config', 'symlink_install': False, 'test_result_base': None}
[1.024s] Level 5:colcon.colcon_core.verb:set package 'arm_moveit2_config' build argument 'cmake_args' from command line to 'None'
[1.024s] Level 5:colcon.colcon_core.verb:set package 'arm_moveit2_config' build argument 'cmake_target' from command line to 'None'
[1.024s] Level 5:colcon.colcon_core.verb:set package 'arm_moveit2_config' build argument 'cmake_target_skip_unavailable' from command line to 'False'
[1.024s] Level 5:colcon.colcon_core.verb:set package 'arm_moveit2_config' build argument 'cmake_clean_cache' from command line to 'False'
[1.024s] Level 5:colcon.colcon_core.verb:set package 'arm_moveit2_config' build argument 'cmake_clean_first' from command line to 'False'
[1.024s] Level 5:colcon.colcon_core.verb:set package 'arm_moveit2_config' build argument 'cmake_force_configure' from command line to 'False'
[1.024s] Level 5:colcon.colcon_core.verb:set package 'arm_moveit2_config' build argument 'ament_cmake_args' from command line to 'None'
[1.024s] Level 5:colcon.colcon_core.verb:set package 'arm_moveit2_config' build argument 'catkin_cmake_args' from command line to 'None'
[1.024s] Level 5:colcon.colcon_core.verb:set package 'arm_moveit2_config' build argument 'catkin_skip_building_tests' from command line to 'False'
[1.024s] DEBUG:colcon.colcon_core.verb:Building package 'arm_moveit2_config' with the following arguments: {'ament_cmake_args': None, 'build_base': '/home/hgj/arm_ws/build/arm_moveit2_config', 'catkin_cmake_args': None, 'catkin_skip_building_tests': False, 'cmake_args': None, 'cmake_clean_cache': False, 'cmake_clean_first': False, 'cmake_force_configure': False, 'cmake_target': None, 'cmake_target_skip_unavailable': False, 'install_base': '/home/hgj/arm_ws/install/arm_moveit2_config', 'merge_install': False, 'path': '/home/hgj/arm_ws/src/elite_robot_ros2/src/arm_moveit2_config', 'symlink_install': False, 'test_result_base': None}
[1.035s] Level 5:colcon.colcon_core.verb:set package 'elite_ec66_moveit_config' build argument 'cmake_args' from command line to 'None'
[1.035s] Level 5:colcon.colcon_core.verb:set package 'elite_ec66_moveit_config' build argument 'cmake_target' from command line to 'None'
[1.035s] Level 5:colcon.colcon_core.verb:set package 'elite_ec66_moveit_config' build argument 'cmake_target_skip_unavailable' from command line to 'False'
[1.035s] Level 5:colcon.colcon_core.verb:set package 'elite_ec66_moveit_config' build argument 'cmake_clean_cache' from command line to 'False'
[1.035s] Level 5:colcon.colcon_core.verb:set package 'elite_ec66_moveit_config' build argument 'cmake_clean_first' from command line to 'False'
[1.035s] Level 5:colcon.colcon_core.verb:set package 'elite_ec66_moveit_config' build argument 'cmake_force_configure' from command line to 'False'
[1.035s] Level 5:colcon.colcon_core.verb:set package 'elite_ec66_moveit_config' build argument 'ament_cmake_args' from command line to 'None'
[1.035s] Level 5:colcon.colcon_core.verb:set package 'elite_ec66_moveit_config' build argument 'catkin_cmake_args' from command line to 'None'
[1.035s] Level 5:colcon.colcon_core.verb:set package 'elite_ec66_moveit_config' build argument 'catkin_skip_building_tests' from command line to 'False'
[1.035s] DEBUG:colcon.colcon_core.verb:Building package 'elite_ec66_moveit_config' with the following arguments: {'ament_cmake_args': None, 'build_base': '/home/hgj/arm_ws/build/elite_ec66_moveit_config', 'catkin_cmake_args': None, 'catkin_skip_building_tests': False, 'cmake_args': None, 'cmake_clean_cache': False, 'cmake_clean_first': False, 'cmake_force_configure': False, 'cmake_target': None, 'cmake_target_skip_unavailable': False, 'install_base': '/home/hgj/arm_ws/install/elite_ec66_moveit_config', 'merge_install': False, 'path': '/home/hgj/arm_ws/src/elite_robot_ros2/src/elite_moveit2/elite_ec66_moveit_config', 'symlink_install': False, 'test_result_base': None}
[1.045s] INFO:colcon.colcon_core.executor:Executing jobs using 'parallel' executor
[1.057s] DEBUG:colcon.colcon_parallel_executor.executor.parallel:run_until_complete
[1.057s] INFO:colcon.colcon_ros.task.ament_cmake.build:Building ROS package in '/home/hgj/arm_ws/src/elite_robot_ros2/src/elite_description' with build type 'ament_cmake'
[1.057s] INFO:colcon.colcon_cmake.task.cmake.build:Building CMake package in '/home/hgj/arm_ws/src/elite_robot_ros2/src/elite_description'
[1.069s] INFO:colcon.colcon_core.plugin_system:Skipping extension 'colcon_core.shell.bat': Not used on non-Windows systems
[1.069s] INFO:colcon.colcon_core.shell:Skip shell extension 'powershell' for command environment: Not usable outside of PowerShell
[1.069s] DEBUG:colcon.colcon_core.shell:Skip shell extension 'dsv' for command environment
[1.130s] DEBUG:colcon.colcon_core.event_handler.log_command:Invoking command in '/home/hgj/arm_ws/build/elite_description': CMAKE_PREFIX_PATH=${CMAKE_PREFIX_PATH}:/home/hgj/ros2_ws/install/fishbot_description:/home/hgj/ros_ws/install/rm_decision:/opt/ros/humble /usr/bin/cmake /home/hgj/arm_ws/src/elite_robot_ros2/src/elite_description -DCMAKE_INSTALL_PREFIX=/home/hgj/arm_ws/install/elite_description
[1.638s] DEBUG:colcon.colcon_core.event_handler.log_command:Invoked command in '/home/hgj/arm_ws/build/elite_description' returned '0': CMAKE_PREFIX_PATH=${CMAKE_PREFIX_PATH}:/home/hgj/ros2_ws/install/fishbot_description:/home/hgj/ros_ws/install/rm_decision:/opt/ros/humble /usr/bin/cmake /home/hgj/arm_ws/src/elite_robot_ros2/src/elite_description -DCMAKE_INSTALL_PREFIX=/home/hgj/arm_ws/install/elite_description
[1.640s] DEBUG:colcon.colcon_core.event_handler.log_command:Invoking command in '/home/hgj/arm_ws/build/elite_description': CMAKE_PREFIX_PATH=${CMAKE_PREFIX_PATH}:/home/hgj/ros2_ws/install/fishbot_description:/home/hgj/ros_ws/install/rm_decision:/opt/ros/humble /usr/bin/cmake --build /home/hgj/arm_ws/build/elite_description -- -j8 -l8
[1.669s] DEBUG:colcon.colcon_core.event_handler.log_command:Invoked command in '/home/hgj/arm_ws/build/elite_description' returned '0': CMAKE_PREFIX_PATH=${CMAKE_PREFIX_PATH}:/home/hgj/ros2_ws/install/fishbot_description:/home/hgj/ros_ws/install/rm_decision:/opt/ros/humble /usr/bin/cmake --build /home/hgj/arm_ws/build/elite_description -- -j8 -l8
[1.695s] DEBUG:colcon.colcon_core.event_handler.log_command:Invoking command in '/home/hgj/arm_ws/build/elite_description': CMAKE_PREFIX_PATH=${CMAKE_PREFIX_PATH}:/home/hgj/ros2_ws/install/fishbot_description:/home/hgj/ros_ws/install/rm_decision:/opt/ros/humble /usr/bin/cmake --install /home/hgj/arm_ws/build/elite_description
[1.738s] Level 1:colcon.colcon_core.environment:create_environment_scripts_only(elite_description)
[1.738s] DEBUG:colcon.colcon_core.event_handler.log_command:Invoked command in '/home/hgj/arm_ws/build/elite_description' returned '0': CMAKE_PREFIX_PATH=${CMAKE_PREFIX_PATH}:/home/hgj/ros2_ws/install/fishbot_description:/home/hgj/ros_ws/install/rm_decision:/opt/ros/humble /usr/bin/cmake --install /home/hgj/arm_ws/build/elite_description
[1.750s] Level 1:colcon.colcon_core.environment:checking '/home/hgj/arm_ws/install/elite_description' for CMake module files
[1.750s] Level 1:colcon.colcon_core.environment:checking '/home/hgj/arm_ws/install/elite_description' for CMake config files
[1.750s] Level 1:colcon.colcon_core.shell:create_environment_hook('elite_description', 'cmake_prefix_path')
[1.761s] INFO:colcon.colcon_core.shell:Creating environment hook '/home/hgj/arm_ws/install/elite_description/share/elite_description/hook/cmake_prefix_path.ps1'
[1.761s] INFO:colcon.colcon_core.shell:Creating environment descriptor '/home/hgj/arm_ws/install/elite_description/share/elite_description/hook/cmake_prefix_path.dsv'
[1.762s] INFO:colcon.colcon_core.shell:Creating environment hook '/home/hgj/arm_ws/install/elite_description/share/elite_description/hook/cmake_prefix_path.sh'
[1.762s] Level 1:colcon.colcon_core.environment:checking '/home/hgj/arm_ws/install/elite_description/bin'
[1.762s] Level 1:colcon.colcon_core.environment:checking '/home/hgj/arm_ws/install/elite_description/lib/pkgconfig/elite_description.pc'
[1.762s] Level 1:colcon.colcon_core.environment:checking '/home/hgj/arm_ws/install/elite_description/lib/python3.10/site-packages'
[1.762s] Level 1:colcon.colcon_core.environment:checking '/home/hgj/arm_ws/install/elite_description/bin'
[1.774s] INFO:colcon.colcon_core.shell:Creating package script '/home/hgj/arm_ws/install/elite_description/share/elite_description/package.ps1'
[1.774s] INFO:colcon.colcon_core.shell:Creating package descriptor '/home/hgj/arm_ws/install/elite_description/share/elite_description/package.dsv'
[1.775s] INFO:colcon.colcon_core.shell:Creating package script '/home/hgj/arm_ws/install/elite_description/share/elite_description/package.sh'
[1.775s] INFO:colcon.colcon_core.shell:Creating package script '/home/hgj/arm_ws/install/elite_description/share/elite_description/package.bash'
[1.775s] INFO:colcon.colcon_core.shell:Creating package script '/home/hgj/arm_ws/install/elite_description/share/elite_description/package.zsh'
[1.776s] Level 1:colcon.colcon_core.environment:create_file_with_runtime_dependencies(/home/hgj/arm_ws/install/elite_description/share/colcon-core/packages/elite_description)
[1.810s] Level 1:colcon.colcon_core.environment:create_environment_scripts_only(elite_description)
[1.821s] Level 1:colcon.colcon_core.environment:checking '/home/hgj/arm_ws/install/elite_description' for CMake module files
[1.821s] Level 1:colcon.colcon_core.environment:checking '/home/hgj/arm_ws/install/elite_description' for CMake config files
[1.821s] Level 1:colcon.colcon_core.shell:create_environment_hook('elite_description', 'cmake_prefix_path')
[1.832s] INFO:colcon.colcon_core.shell:Creating environment hook '/home/hgj/arm_ws/install/elite_description/share/elite_description/hook/cmake_prefix_path.ps1'
[1.832s] INFO:colcon.colcon_core.shell:Creating environment descriptor '/home/hgj/arm_ws/install/elite_description/share/elite_description/hook/cmake_prefix_path.dsv'
[1.832s] INFO:colcon.colcon_core.shell:Creating environment hook '/home/hgj/arm_ws/install/elite_description/share/elite_description/hook/cmake_prefix_path.sh'
[1.833s] Level 1:colcon.colcon_core.environment:checking '/home/hgj/arm_ws/install/elite_description/bin'
[1.833s] Level 1:colcon.colcon_core.environment:checking '/home/hgj/arm_ws/install/elite_description/lib/pkgconfig/elite_description.pc'
[1.833s] Level 1:colcon.colcon_core.environment:checking '/home/hgj/arm_ws/install/elite_description/lib/python3.10/site-packages'
[1.833s] Level 1:colcon.colcon_core.environment:checking '/home/hgj/arm_ws/install/elite_description/bin'
[1.844s] INFO:colcon.colcon_core.shell:Creating package script '/home/hgj/arm_ws/install/elite_description/share/elite_description/package.ps1'
[1.845s] INFO:colcon.colcon_core.shell:Creating package descriptor '/home/hgj/arm_ws/install/elite_description/share/elite_description/package.dsv'
[1.845s] INFO:colcon.colcon_core.shell:Creating package script '/home/hgj/arm_ws/install/elite_description/share/elite_description/package.sh'
[1.845s] INFO:colcon.colcon_core.shell:Creating package script '/home/hgj/arm_ws/install/elite_description/share/elite_description/package.bash'
[1.845s] INFO:colcon.colcon_core.shell:Creating package script '/home/hgj/arm_ws/install/elite_description/share/elite_description/package.zsh'
[1.846s] Level 1:colcon.colcon_core.environment:create_file_with_runtime_dependencies(/home/hgj/arm_ws/install/elite_description/share/colcon-core/packages/elite_description)
[1.846s] INFO:colcon.colcon_ros.task.ament_cmake.build:Building ROS package in '/home/hgj/arm_ws/src/arm_gripper_moveit2_config' with build type 'ament_cmake'
[1.846s] INFO:colcon.colcon_cmake.task.cmake.build:Building CMake package in '/home/hgj/arm_ws/src/arm_gripper_moveit2_config'
[1.859s] INFO:colcon.colcon_core.shell:Skip shell extension 'powershell' for command environment: Not usable outside of PowerShell
[1.859s] DEBUG:colcon.colcon_core.shell:Skip shell extension 'dsv' for command environment
[1.916s] INFO:colcon.colcon_ros.task.ament_cmake.build:Building ROS package in '/home/hgj/arm_ws/src/elite_robot_ros2/src/arm_moveit2_config' with build type 'ament_cmake'
[1.917s] INFO:colcon.colcon_cmake.task.cmake.build:Building CMake package in '/home/hgj/arm_ws/src/elite_robot_ros2/src/arm_moveit2_config'
[1.927s] INFO:colcon.colcon_core.shell:Skip shell extension 'powershell' for command environment: Not usable outside of PowerShell
[1.927s] DEBUG:colcon.colcon_core.shell:Skip shell extension 'dsv' for command environment
[1.987s] INFO:colcon.colcon_ros.task.ament_cmake.build:Building ROS package in '/home/hgj/arm_ws/src/elite_robot_ros2/src/elite_moveit2/elite_ec66_moveit_config' with build type 'ament_cmake'
[1.987s] INFO:colcon.colcon_cmake.task.cmake.build:Building CMake package in '/home/hgj/arm_ws/src/elite_robot_ros2/src/elite_moveit2/elite_ec66_moveit_config'
[1.999s] INFO:colcon.colcon_core.shell:Skip shell extension 'powershell' for command environment: Not usable outside of PowerShell
[1.999s] DEBUG:colcon.colcon_core.shell:Skip shell extension 'dsv' for command environment
[2.058s] DEBUG:colcon.colcon_core.event_handler.log_command:Invoking command in '/home/hgj/arm_ws/build/arm_gripper_moveit2_config': AMENT_PREFIX_PATH=/home/hgj/arm_ws/install/elite_description:${AMENT_PREFIX_PATH} CMAKE_PREFIX_PATH=/home/hgj/arm_ws/install/elite_description:/home/hgj/ros2_ws/install/fishbot_navigation2:/home/hgj/ros2_ws/install/fishbot_cartographer:/home/hgj/ros2_ws/install/elite_ec66_moveit_config:/home/hgj/ros2_ws/install/elite_description:/home/hgj/ros2_ws/install/cartographer_rviz:/home/hgj/ros2_ws/install/cartographer_ros:/home/hgj/ros2_ws/install/cartographer_ros_msgs:/home/hgj/ros2_ws/install/cartographer:/home/hgj/ros_ws/install/ros2_livox_simulation:/home/hgj/ros_ws/install/rm_navigation:/home/hgj/ros_ws/install/rm_decision_interfaces:/home/hgj/ros_ws/install/pointcloud_to_laserscan:/home/hgj/ros_ws/install/pb_rm_simulation:/home/hgj/ros_ws/install/fast_lio:/home/hgj/ros_ws/install/livox_ros_driver2:/home/hgj/ros_ws/install/linefit_ground_segmentation_ros:/home/hgj/ros_ws/install/linefit_ground_segmentation:/home/hgj/ros_ws/install/icp_localization_ros2:/home/hgj/ros2_ws/install/fishbot_description:/home/hgj/ros_ws/install/rm_decision:/opt/ros/humble /usr/bin/cmake /home/hgj/arm_ws/src/arm_gripper_moveit2_config -DCMAKE_INSTALL_PREFIX=/home/hgj/arm_ws/install/arm_gripper_moveit2_config
[2.061s] DEBUG:colcon.colcon_core.event_handler.log_command:Invoking command in '/home/hgj/arm_ws/build/arm_moveit2_config': AMENT_PREFIX_PATH=/home/hgj/arm_ws/install/elite_description:${AMENT_PREFIX_PATH} CMAKE_PREFIX_PATH=/home/hgj/arm_ws/install/elite_description:/home/hgj/ros2_ws/install/fishbot_navigation2:/home/hgj/ros2_ws/install/fishbot_cartographer:/home/hgj/ros2_ws/install/elite_ec66_moveit_config:/home/hgj/ros2_ws/install/elite_description:/home/hgj/ros2_ws/install/cartographer_rviz:/home/hgj/ros2_ws/install/cartographer_ros:/home/hgj/ros2_ws/install/cartographer_ros_msgs:/home/hgj/ros2_ws/install/cartographer:/home/hgj/ros_ws/install/ros2_livox_simulation:/home/hgj/ros_ws/install/rm_navigation:/home/hgj/ros_ws/install/rm_decision_interfaces:/home/hgj/ros_ws/install/pointcloud_to_laserscan:/home/hgj/ros_ws/install/pb_rm_simulation:/home/hgj/ros_ws/install/fast_lio:/home/hgj/ros_ws/install/livox_ros_driver2:/home/hgj/ros_ws/install/linefit_ground_segmentation_ros:/home/hgj/ros_ws/install/linefit_ground_segmentation:/home/hgj/ros_ws/install/icp_localization_ros2:/home/hgj/ros2_ws/install/fishbot_description:/home/hgj/ros_ws/install/rm_decision:/opt/ros/humble /usr/bin/cmake /home/hgj/arm_ws/src/elite_robot_ros2/src/arm_moveit2_config -DCMAKE_INSTALL_PREFIX=/home/hgj/arm_ws/install/arm_moveit2_config
[2.063s] DEBUG:colcon.colcon_core.event_handler.log_command:Invoking command in '/home/hgj/arm_ws/build/elite_ec66_moveit_config': AMENT_PREFIX_PATH=/home/hgj/arm_ws/install/elite_description:${AMENT_PREFIX_PATH} CMAKE_PREFIX_PATH=/home/hgj/arm_ws/install/elite_description:/home/hgj/ros2_ws/install/fishbot_navigation2:/home/hgj/ros2_ws/install/fishbot_cartographer:/home/hgj/ros2_ws/install/elite_ec66_moveit_config:/home/hgj/ros2_ws/install/elite_description:/home/hgj/ros2_ws/install/cartographer_rviz:/home/hgj/ros2_ws/install/cartographer_ros:/home/hgj/ros2_ws/install/cartographer_ros_msgs:/home/hgj/ros2_ws/install/cartographer:/home/hgj/ros_ws/install/ros2_livox_simulation:/home/hgj/ros_ws/install/rm_navigation:/home/hgj/ros_ws/install/rm_decision_interfaces:/home/hgj/ros_ws/install/pointcloud_to_laserscan:/home/hgj/ros_ws/install/pb_rm_simulation:/home/hgj/ros_ws/install/fast_lio:/home/hgj/ros_ws/install/livox_ros_driver2:/home/hgj/ros_ws/install/linefit_ground_segmentation_ros:/home/hgj/ros_ws/install/linefit_ground_segmentation:/home/hgj/ros_ws/install/icp_localization_ros2:/home/hgj/ros2_ws/install/fishbot_description:/home/hgj/ros_ws/install/rm_decision:/opt/ros/humble /usr/bin/cmake /home/hgj/arm_ws/src/elite_robot_ros2/src/elite_moveit2/elite_ec66_moveit_config -DCMAKE_INSTALL_PREFIX=/home/hgj/arm_ws/install/elite_ec66_moveit_config
[2.620s] DEBUG:colcon.colcon_core.event_handler.log_command:Invoked command in '/home/hgj/arm_ws/build/elite_ec66_moveit_config' returned '0': AMENT_PREFIX_PATH=/home/hgj/arm_ws/install/elite_description:${AMENT_PREFIX_PATH} CMAKE_PREFIX_PATH=/home/hgj/arm_ws/install/elite_description:/home/hgj/ros2_ws/install/fishbot_navigation2:/home/hgj/ros2_ws/install/fishbot_cartographer:/home/hgj/ros2_ws/install/elite_ec66_moveit_config:/home/hgj/ros2_ws/install/elite_description:/home/hgj/ros2_ws/install/cartographer_rviz:/home/hgj/ros2_ws/install/cartographer_ros:/home/hgj/ros2_ws/install/cartographer_ros_msgs:/home/hgj/ros2_ws/install/cartographer:/home/hgj/ros_ws/install/ros2_livox_simulation:/home/hgj/ros_ws/install/rm_navigation:/home/hgj/ros_ws/install/rm_decision_interfaces:/home/hgj/ros_ws/install/pointcloud_to_laserscan:/home/hgj/ros_ws/install/pb_rm_simulation:/home/hgj/ros_ws/install/fast_lio:/home/hgj/ros_ws/install/livox_ros_driver2:/home/hgj/ros_ws/install/linefit_ground_segmentation_ros:/home/hgj/ros_ws/install/linefit_ground_segmentation:/home/hgj/ros_ws/install/icp_localization_ros2:/home/hgj/ros2_ws/install/fishbot_description:/home/hgj/ros_ws/install/rm_decision:/opt/ros/humble /usr/bin/cmake /home/hgj/arm_ws/src/elite_robot_ros2/src/elite_moveit2/elite_ec66_moveit_config -DCMAKE_INSTALL_PREFIX=/home/hgj/arm_ws/install/elite_ec66_moveit_config
[2.622s] DEBUG:colcon.colcon_core.event_handler.log_command:Invoking command in '/home/hgj/arm_ws/build/elite_ec66_moveit_config': AMENT_PREFIX_PATH=/home/hgj/arm_ws/install/elite_description:${AMENT_PREFIX_PATH} CMAKE_PREFIX_PATH=/home/hgj/arm_ws/install/elite_description:/home/hgj/ros2_ws/install/fishbot_navigation2:/home/hgj/ros2_ws/install/fishbot_cartographer:/home/hgj/ros2_ws/install/elite_ec66_moveit_config:/home/hgj/ros2_ws/install/elite_description:/home/hgj/ros2_ws/install/cartographer_rviz:/home/hgj/ros2_ws/install/cartographer_ros:/home/hgj/ros2_ws/install/cartographer_ros_msgs:/home/hgj/ros2_ws/install/cartographer:/home/hgj/ros_ws/install/ros2_livox_simulation:/home/hgj/ros_ws/install/rm_navigation:/home/hgj/ros_ws/install/rm_decision_interfaces:/home/hgj/ros_ws/install/pointcloud_to_laserscan:/home/hgj/ros_ws/install/pb_rm_simulation:/home/hgj/ros_ws/install/fast_lio:/home/hgj/ros_ws/install/livox_ros_driver2:/home/hgj/ros_ws/install/linefit_ground_segmentation_ros:/home/hgj/ros_ws/install/linefit_ground_segmentation:/home/hgj/ros_ws/install/icp_localization_ros2:/home/hgj/ros2_ws/install/fishbot_description:/home/hgj/ros_ws/install/rm_decision:/opt/ros/humble /usr/bin/cmake --build /home/hgj/arm_ws/build/elite_ec66_moveit_config -- -j8 -l8
[2.623s] DEBUG:colcon.colcon_core.event_handler.log_command:Invoked command in '/home/hgj/arm_ws/build/arm_moveit2_config' returned '0': AMENT_PREFIX_PATH=/home/hgj/arm_ws/install/elite_description:${AMENT_PREFIX_PATH} CMAKE_PREFIX_PATH=/home/hgj/arm_ws/install/elite_description:/home/hgj/ros2_ws/install/fishbot_navigation2:/home/hgj/ros2_ws/install/fishbot_cartographer:/home/hgj/ros2_ws/install/elite_ec66_moveit_config:/home/hgj/ros2_ws/install/elite_description:/home/hgj/ros2_ws/install/cartographer_rviz:/home/hgj/ros2_ws/install/cartographer_ros:/home/hgj/ros2_ws/install/cartographer_ros_msgs:/home/hgj/ros2_ws/install/cartographer:/home/hgj/ros_ws/install/ros2_livox_simulation:/home/hgj/ros_ws/install/rm_navigation:/home/hgj/ros_ws/install/rm_decision_interfaces:/home/hgj/ros_ws/install/pointcloud_to_laserscan:/home/hgj/ros_ws/install/pb_rm_simulation:/home/hgj/ros_ws/install/fast_lio:/home/hgj/ros_ws/install/livox_ros_driver2:/home/hgj/ros_ws/install/linefit_ground_segmentation_ros:/home/hgj/ros_ws/install/linefit_ground_segmentation:/home/hgj/ros_ws/install/icp_localization_ros2:/home/hgj/ros2_ws/install/fishbot_description:/home/hgj/ros_ws/install/rm_decision:/opt/ros/humble /usr/bin/cmake /home/hgj/arm_ws/src/elite_robot_ros2/src/arm_moveit2_config -DCMAKE_INSTALL_PREFIX=/home/hgj/arm_ws/install/arm_moveit2_config
[2.625s] DEBUG:colcon.colcon_core.event_handler.log_command:Invoking command in '/home/hgj/arm_ws/build/arm_moveit2_config': AMENT_PREFIX_PATH=/home/hgj/arm_ws/install/elite_description:${AMENT_PREFIX_PATH} CMAKE_PREFIX_PATH=/home/hgj/arm_ws/install/elite_description:/home/hgj/ros2_ws/install/fishbot_navigation2:/home/hgj/ros2_ws/install/fishbot_cartographer:/home/hgj/ros2_ws/install/elite_ec66_moveit_config:/home/hgj/ros2_ws/install/elite_description:/home/hgj/ros2_ws/install/cartographer_rviz:/home/hgj/ros2_ws/install/cartographer_ros:/home/hgj/ros2_ws/install/cartographer_ros_msgs:/home/hgj/ros2_ws/install/cartographer:/home/hgj/ros_ws/install/ros2_livox_simulation:/home/hgj/ros_ws/install/rm_navigation:/home/hgj/ros_ws/install/rm_decision_interfaces:/home/hgj/ros_ws/install/pointcloud_to_laserscan:/home/hgj/ros_ws/install/pb_rm_simulation:/home/hgj/ros_ws/install/fast_lio:/home/hgj/ros_ws/install/livox_ros_driver2:/home/hgj/ros_ws/install/linefit_ground_segmentation_ros:/home/hgj/ros_ws/install/linefit_ground_segmentation:/home/hgj/ros_ws/install/icp_localization_ros2:/home/hgj/ros2_ws/install/fishbot_description:/home/hgj/ros_ws/install/rm_decision:/opt/ros/humble /usr/bin/cmake --build /home/hgj/arm_ws/build/arm_moveit2_config -- -j8 -l8
[2.627s] DEBUG:colcon.colcon_core.event_handler.log_command:Invoked command in '/home/hgj/arm_ws/build/arm_gripper_moveit2_config' returned '0': AMENT_PREFIX_PATH=/home/hgj/arm_ws/install/elite_description:${AMENT_PREFIX_PATH} CMAKE_PREFIX_PATH=/home/hgj/arm_ws/install/elite_description:/home/hgj/ros2_ws/install/fishbot_navigation2:/home/hgj/ros2_ws/install/fishbot_cartographer:/home/hgj/ros2_ws/install/elite_ec66_moveit_config:/home/hgj/ros2_ws/install/elite_description:/home/hgj/ros2_ws/install/cartographer_rviz:/home/hgj/ros2_ws/install/cartographer_ros:/home/hgj/ros2_ws/install/cartographer_ros_msgs:/home/hgj/ros2_ws/install/cartographer:/home/hgj/ros_ws/install/ros2_livox_simulation:/home/hgj/ros_ws/install/rm_navigation:/home/hgj/ros_ws/install/rm_decision_interfaces:/home/hgj/ros_ws/install/pointcloud_to_laserscan:/home/hgj/ros_ws/install/pb_rm_simulation:/home/hgj/ros_ws/install/fast_lio:/home/hgj/ros_ws/install/livox_ros_driver2:/home/hgj/ros_ws/install/linefit_ground_segmentation_ros:/home/hgj/ros_ws/install/linefit_ground_segmentation:/home/hgj/ros_ws/install/icp_localization_ros2:/home/hgj/ros2_ws/install/fishbot_description:/home/hgj/ros_ws/install/rm_decision:/opt/ros/humble /usr/bin/cmake /home/hgj/arm_ws/src/arm_gripper_moveit2_config -DCMAKE_INSTALL_PREFIX=/home/hgj/arm_ws/install/arm_gripper_moveit2_config
[2.628s] DEBUG:colcon.colcon_core.event_handler.log_command:Invoking command in '/home/hgj/arm_ws/build/arm_gripper_moveit2_config': AMENT_PREFIX_PATH=/home/hgj/arm_ws/install/elite_description:${AMENT_PREFIX_PATH} CMAKE_PREFIX_PATH=/home/hgj/arm_ws/install/elite_description:/home/hgj/ros2_ws/install/fishbot_navigation2:/home/hgj/ros2_ws/install/fishbot_cartographer:/home/hgj/ros2_ws/install/elite_ec66_moveit_config:/home/hgj/ros2_ws/install/elite_description:/home/hgj/ros2_ws/install/cartographer_rviz:/home/hgj/ros2_ws/install/cartographer_ros:/home/hgj/ros2_ws/install/cartographer_ros_msgs:/home/hgj/ros2_ws/install/cartographer:/home/hgj/ros_ws/install/ros2_livox_simulation:/home/hgj/ros_ws/install/rm_navigation:/home/hgj/ros_ws/install/rm_decision_interfaces:/home/hgj/ros_ws/install/pointcloud_to_laserscan:/home/hgj/ros_ws/install/pb_rm_simulation:/home/hgj/ros_ws/install/fast_lio:/home/hgj/ros_ws/install/livox_ros_driver2:/home/hgj/ros_ws/install/linefit_ground_segmentation_ros:/home/hgj/ros_ws/install/linefit_ground_segmentation:/home/hgj/ros_ws/install/icp_localization_ros2:/home/hgj/ros2_ws/install/fishbot_description:/home/hgj/ros_ws/install/rm_decision:/opt/ros/humble /usr/bin/cmake --build /home/hgj/arm_ws/build/arm_gripper_moveit2_config -- -j8 -l8
[2.656s] DEBUG:colcon.colcon_core.event_handler.log_command:Invoked command in '/home/hgj/arm_ws/build/elite_ec66_moveit_config' returned '0': AMENT_PREFIX_PATH=/home/hgj/arm_ws/install/elite_description:${AMENT_PREFIX_PATH} CMAKE_PREFIX_PATH=/home/hgj/arm_ws/install/elite_description:/home/hgj/ros2_ws/install/fishbot_navigation2:/home/hgj/ros2_ws/install/fishbot_cartographer:/home/hgj/ros2_ws/install/elite_ec66_moveit_config:/home/hgj/ros2_ws/install/elite_description:/home/hgj/ros2_ws/install/cartographer_rviz:/home/hgj/ros2_ws/install/cartographer_ros:/home/hgj/ros2_ws/install/cartographer_ros_msgs:/home/hgj/ros2_ws/install/cartographer:/home/hgj/ros_ws/install/ros2_livox_simulation:/home/hgj/ros_ws/install/rm_navigation:/home/hgj/ros_ws/install/rm_decision_interfaces:/home/hgj/ros_ws/install/pointcloud_to_laserscan:/home/hgj/ros_ws/install/pb_rm_simulation:/home/hgj/ros_ws/install/fast_lio:/home/hgj/ros_ws/install/livox_ros_driver2:/home/hgj/ros_ws/install/linefit_ground_segmentation_ros:/home/hgj/ros_ws/install/linefit_ground_segmentation:/home/hgj/ros_ws/install/icp_localization_ros2:/home/hgj/ros2_ws/install/fishbot_description:/home/hgj/ros_ws/install/rm_decision:/opt/ros/humble /usr/bin/cmake --build /home/hgj/arm_ws/build/elite_ec66_moveit_config -- -j8 -l8
[2.659s] DEBUG:colcon.colcon_core.event_handler.log_command:Invoked command in '/home/hgj/arm_ws/build/arm_moveit2_config' returned '0': AMENT_PREFIX_PATH=/home/hgj/arm_ws/install/elite_description:${AMENT_PREFIX_PATH} CMAKE_PREFIX_PATH=/home/hgj/arm_ws/install/elite_description:/home/hgj/ros2_ws/install/fishbot_navigation2:/home/hgj/ros2_ws/install/fishbot_cartographer:/home/hgj/ros2_ws/install/elite_ec66_moveit_config:/home/hgj/ros2_ws/install/elite_description:/home/hgj/ros2_ws/install/cartographer_rviz:/home/hgj/ros2_ws/install/cartographer_ros:/home/hgj/ros2_ws/install/cartographer_ros_msgs:/home/hgj/ros2_ws/install/cartographer:/home/hgj/ros_ws/install/ros2_livox_simulation:/home/hgj/ros_ws/install/rm_navigation:/home/hgj/ros_ws/install/rm_decision_interfaces:/home/hgj/ros_ws/install/pointcloud_to_laserscan:/home/hgj/ros_ws/install/pb_rm_simulation:/home/hgj/ros_ws/install/fast_lio:/home/hgj/ros_ws/install/livox_ros_driver2:/home/hgj/ros_ws/install/linefit_ground_segmentation_ros:/home/hgj/ros_ws/install/linefit_ground_segmentation:/home/hgj/ros_ws/install/icp_localization_ros2:/home/hgj/ros2_ws/install/fishbot_description:/home/hgj/ros_ws/install/rm_decision:/opt/ros/humble /usr/bin/cmake --build /home/hgj/arm_ws/build/arm_moveit2_config -- -j8 -l8
[2.663s] DEBUG:colcon.colcon_core.event_handler.log_command:Invoked command in '/home/hgj/arm_ws/build/arm_gripper_moveit2_config' returned '0': AMENT_PREFIX_PATH=/home/hgj/arm_ws/install/elite_description:${AMENT_PREFIX_PATH} CMAKE_PREFIX_PATH=/home/hgj/arm_ws/install/elite_description:/home/hgj/ros2_ws/install/fishbot_navigation2:/home/hgj/ros2_ws/install/fishbot_cartographer:/home/hgj/ros2_ws/install/elite_ec66_moveit_config:/home/hgj/ros2_ws/install/elite_description:/home/hgj/ros2_ws/install/cartographer_rviz:/home/hgj/ros2_ws/install/cartographer_ros:/home/hgj/ros2_ws/install/cartographer_ros_msgs:/home/hgj/ros2_ws/install/cartographer:/home/hgj/ros_ws/install/ros2_livox_simulation:/home/hgj/ros_ws/install/rm_navigation:/home/hgj/ros_ws/install/rm_decision_interfaces:/home/hgj/ros_ws/install/pointcloud_to_laserscan:/home/hgj/ros_ws/install/pb_rm_simulation:/home/hgj/ros_ws/install/fast_lio:/home/hgj/ros_ws/install/livox_ros_driver2:/home/hgj/ros_ws/install/linefit_ground_segmentation_ros:/home/hgj/ros_ws/install/linefit_ground_segmentation:/home/hgj/ros_ws/install/icp_localization_ros2:/home/hgj/ros2_ws/install/fishbot_description:/home/hgj/ros_ws/install/rm_decision:/opt/ros/humble /usr/bin/cmake --build /home/hgj/arm_ws/build/arm_gripper_moveit2_config -- -j8 -l8
[2.677s] DEBUG:colcon.colcon_core.event_handler.log_command:Invoking command in '/home/hgj/arm_ws/build/elite_ec66_moveit_config': AMENT_PREFIX_PATH=/home/hgj/arm_ws/install/elite_description:${AMENT_PREFIX_PATH} CMAKE_PREFIX_PATH=/home/hgj/arm_ws/install/elite_description:/home/hgj/ros2_ws/install/fishbot_navigation2:/home/hgj/ros2_ws/install/fishbot_cartographer:/home/hgj/ros2_ws/install/elite_ec66_moveit_config:/home/hgj/ros2_ws/install/elite_description:/home/hgj/ros2_ws/install/cartographer_rviz:/home/hgj/ros2_ws/install/cartographer_ros:/home/hgj/ros2_ws/install/cartographer_ros_msgs:/home/hgj/ros2_ws/install/cartographer:/home/hgj/ros_ws/install/ros2_livox_simulation:/home/hgj/ros_ws/install/rm_navigation:/home/hgj/ros_ws/install/rm_decision_interfaces:/home/hgj/ros_ws/install/pointcloud_to_laserscan:/home/hgj/ros_ws/install/pb_rm_simulation:/home/hgj/ros_ws/install/fast_lio:/home/hgj/ros_ws/install/livox_ros_driver2:/home/hgj/ros_ws/install/linefit_ground_segmentation_ros:/home/hgj/ros_ws/install/linefit_ground_segmentation:/home/hgj/ros_ws/install/icp_localization_ros2:/home/hgj/ros2_ws/install/fishbot_description:/home/hgj/ros_ws/install/rm_decision:/opt/ros/humble /usr/bin/cmake --install /home/hgj/arm_ws/build/elite_ec66_moveit_config
[2.679s] DEBUG:colcon.colcon_core.event_handler.log_command:Invoking command in '/home/hgj/arm_ws/build/arm_moveit2_config': AMENT_PREFIX_PATH=/home/hgj/arm_ws/install/elite_description:${AMENT_PREFIX_PATH} CMAKE_PREFIX_PATH=/home/hgj/arm_ws/install/elite_description:/home/hgj/ros2_ws/install/fishbot_navigation2:/home/hgj/ros2_ws/install/fishbot_cartographer:/home/hgj/ros2_ws/install/elite_ec66_moveit_config:/home/hgj/ros2_ws/install/elite_description:/home/hgj/ros2_ws/install/cartographer_rviz:/home/hgj/ros2_ws/install/cartographer_ros:/home/hgj/ros2_ws/install/cartographer_ros_msgs:/home/hgj/ros2_ws/install/cartographer:/home/hgj/ros_ws/install/ros2_livox_simulation:/home/hgj/ros_ws/install/rm_navigation:/home/hgj/ros_ws/install/rm_decision_interfaces:/home/hgj/ros_ws/install/pointcloud_to_laserscan:/home/hgj/ros_ws/install/pb_rm_simulation:/home/hgj/ros_ws/install/fast_lio:/home/hgj/ros_ws/install/livox_ros_driver2:/home/hgj/ros_ws/install/linefit_ground_segmentation_ros:/home/hgj/ros_ws/install/linefit_ground_segmentation:/home/hgj/ros_ws/install/icp_localization_ros2:/home/hgj/ros2_ws/install/fishbot_description:/home/hgj/ros_ws/install/rm_decision:/opt/ros/humble /usr/bin/cmake --install /home/hgj/arm_ws/build/arm_moveit2_config
[2.689s] DEBUG:colcon.colcon_core.event_handler.log_command:Invoking command in '/home/hgj/arm_ws/build/arm_gripper_moveit2_config': AMENT_PREFIX_PATH=/home/hgj/arm_ws/install/elite_description:${AMENT_PREFIX_PATH} CMAKE_PREFIX_PATH=/home/hgj/arm_ws/install/elite_description:/home/hgj/ros2_ws/install/fishbot_navigation2:/home/hgj/ros2_ws/install/fishbot_cartographer:/home/hgj/ros2_ws/install/elite_ec66_moveit_config:/home/hgj/ros2_ws/install/elite_description:/home/hgj/ros2_ws/install/cartographer_rviz:/home/hgj/ros2_ws/install/cartographer_ros:/home/hgj/ros2_ws/install/cartographer_ros_msgs:/home/hgj/ros2_ws/install/cartographer:/home/hgj/ros_ws/install/ros2_livox_simulation:/home/hgj/ros_ws/install/rm_navigation:/home/hgj/ros_ws/install/rm_decision_interfaces:/home/hgj/ros_ws/install/pointcloud_to_laserscan:/home/hgj/ros_ws/install/pb_rm_simulation:/home/hgj/ros_ws/install/fast_lio:/home/hgj/ros_ws/install/livox_ros_driver2:/home/hgj/ros_ws/install/linefit_ground_segmentation_ros:/home/hgj/ros_ws/install/linefit_ground_segmentation:/home/hgj/ros_ws/install/icp_localization_ros2:/home/hgj/ros2_ws/install/fishbot_description:/home/hgj/ros_ws/install/rm_decision:/opt/ros/humble /usr/bin/cmake --install /home/hgj/arm_ws/build/arm_gripper_moveit2_config
[2.691s] Level 1:colcon.colcon_core.environment:create_environment_scripts_only(elite_ec66_moveit_config)
[2.695s] DEBUG:colcon.colcon_core.event_handler.log_command:Invoked command in '/home/hgj/arm_ws/build/elite_ec66_moveit_config' returned '0': AMENT_PREFIX_PATH=/home/hgj/arm_ws/install/elite_description:${AMENT_PREFIX_PATH} CMAKE_PREFIX_PATH=/home/hgj/arm_ws/install/elite_description:/home/hgj/ros2_ws/install/fishbot_navigation2:/home/hgj/ros2_ws/install/fishbot_cartographer:/home/hgj/ros2_ws/install/elite_ec66_moveit_config:/home/hgj/ros2_ws/install/elite_description:/home/hgj/ros2_ws/install/cartographer_rviz:/home/hgj/ros2_ws/install/cartographer_ros:/home/hgj/ros2_ws/install/cartographer_ros_msgs:/home/hgj/ros2_ws/install/cartographer:/home/hgj/ros_ws/install/ros2_livox_simulation:/home/hgj/ros_ws/install/rm_navigation:/home/hgj/ros_ws/install/rm_decision_interfaces:/home/hgj/ros_ws/install/pointcloud_to_laserscan:/home/hgj/ros_ws/install/pb_rm_simulation:/home/hgj/ros_ws/install/fast_lio:/home/hgj/ros_ws/install/livox_ros_driver2:/home/hgj/ros_ws/install/linefit_ground_segmentation_ros:/home/hgj/ros_ws/install/linefit_ground_segmentation:/home/hgj/ros_ws/install/icp_localization_ros2:/home/hgj/ros2_ws/install/fishbot_description:/home/hgj/ros_ws/install/rm_decision:/opt/ros/humble /usr/bin/cmake --install /home/hgj/arm_ws/build/elite_ec66_moveit_config
[2.711s] Level 1:colcon.colcon_core.environment:checking '/home/hgj/arm_ws/install/elite_ec66_moveit_config' for CMake module files
[2.711s] Level 1:colcon.colcon_core.environment:checking '/home/hgj/arm_ws/install/elite_ec66_moveit_config' for CMake config files
[2.711s] Level 1:colcon.colcon_core.shell:create_environment_hook('elite_ec66_moveit_config', 'cmake_prefix_path')
[2.722s] INFO:colcon.colcon_core.shell:Creating environment hook '/home/hgj/arm_ws/install/elite_ec66_moveit_config/share/elite_ec66_moveit_config/hook/cmake_prefix_path.ps1'
[2.722s] INFO:colcon.colcon_core.shell:Creating environment descriptor '/home/hgj/arm_ws/install/elite_ec66_moveit_config/share/elite_ec66_moveit_config/hook/cmake_prefix_path.dsv'
[2.723s] INFO:colcon.colcon_core.shell:Creating environment hook '/home/hgj/arm_ws/install/elite_ec66_moveit_config/share/elite_ec66_moveit_config/hook/cmake_prefix_path.sh'
[2.723s] Level 1:colcon.colcon_core.environment:checking '/home/hgj/arm_ws/install/elite_ec66_moveit_config/bin'
[2.723s] Level 1:colcon.colcon_core.environment:checking '/home/hgj/arm_ws/install/elite_ec66_moveit_config/lib/pkgconfig/elite_ec66_moveit_config.pc'
[2.723s] Level 1:colcon.colcon_core.environment:checking '/home/hgj/arm_ws/install/elite_ec66_moveit_config/lib/python3.10/site-packages'
[2.723s] Level 1:colcon.colcon_core.environment:checking '/home/hgj/arm_ws/install/elite_ec66_moveit_config/bin'
[2.734s] INFO:colcon.colcon_core.shell:Creating package script '/home/hgj/arm_ws/install/elite_ec66_moveit_config/share/elite_ec66_moveit_config/package.ps1'
[2.734s] INFO:colcon.colcon_core.shell:Creating package descriptor '/home/hgj/arm_ws/install/elite_ec66_moveit_config/share/elite_ec66_moveit_config/package.dsv'
[2.734s] INFO:colcon.colcon_core.shell:Creating package script '/home/hgj/arm_ws/install/elite_ec66_moveit_config/share/elite_ec66_moveit_config/package.sh'
[2.734s] INFO:colcon.colcon_core.shell:Creating package script '/home/hgj/arm_ws/install/elite_ec66_moveit_config/share/elite_ec66_moveit_config/package.bash'
[2.735s] INFO:colcon.colcon_core.shell:Creating package script '/home/hgj/arm_ws/install/elite_ec66_moveit_config/share/elite_ec66_moveit_config/package.zsh'
[2.735s] Level 1:colcon.colcon_core.environment:create_file_with_runtime_dependencies(/home/hgj/arm_ws/install/elite_ec66_moveit_config/share/colcon-core/packages/elite_ec66_moveit_config)
[2.736s] Level 1:colcon.colcon_core.environment:create_environment_scripts_only(arm_moveit2_config)
[2.737s] DEBUG:colcon.colcon_core.event_handler.log_command:Invoked command in '/home/hgj/arm_ws/build/arm_moveit2_config' returned '0': AMENT_PREFIX_PATH=/home/hgj/arm_ws/install/elite_description:${AMENT_PREFIX_PATH} CMAKE_PREFIX_PATH=/home/hgj/arm_ws/install/elite_description:/home/hgj/ros2_ws/install/fishbot_navigation2:/home/hgj/ros2_ws/install/fishbot_cartographer:/home/hgj/ros2_ws/install/elite_ec66_moveit_config:/home/hgj/ros2_ws/install/elite_description:/home/hgj/ros2_ws/install/cartographer_rviz:/home/hgj/ros2_ws/install/cartographer_ros:/home/hgj/ros2_ws/install/cartographer_ros_msgs:/home/hgj/ros2_ws/install/cartographer:/home/hgj/ros_ws/install/ros2_livox_simulation:/home/hgj/ros_ws/install/rm_navigation:/home/hgj/ros_ws/install/rm_decision_interfaces:/home/hgj/ros_ws/install/pointcloud_to_laserscan:/home/hgj/ros_ws/install/pb_rm_simulation:/home/hgj/ros_ws/install/fast_lio:/home/hgj/ros_ws/install/livox_ros_driver2:/home/hgj/ros_ws/install/linefit_ground_segmentation_ros:/home/hgj/ros_ws/install/linefit_ground_segmentation:/home/hgj/ros_ws/install/icp_localization_ros2:/home/hgj/ros2_ws/install/fishbot_description:/home/hgj/ros_ws/install/rm_decision:/opt/ros/humble /usr/bin/cmake --install /home/hgj/arm_ws/build/arm_moveit2_config
[2.748s] Level 1:colcon.colcon_core.environment:checking '/home/hgj/arm_ws/install/arm_moveit2_config' for CMake module files
[2.748s] Level 1:colcon.colcon_core.environment:checking '/home/hgj/arm_ws/install/arm_moveit2_config' for CMake config files
[2.748s] Level 1:colcon.colcon_core.shell:create_environment_hook('arm_moveit2_config', 'cmake_prefix_path')
[2.759s] INFO:colcon.colcon_core.shell:Creating environment hook '/home/hgj/arm_ws/install/arm_moveit2_config/share/arm_moveit2_config/hook/cmake_prefix_path.ps1'
[2.759s] INFO:colcon.colcon_core.shell:Creating environment descriptor '/home/hgj/arm_ws/install/arm_moveit2_config/share/arm_moveit2_config/hook/cmake_prefix_path.dsv'
[2.759s] INFO:colcon.colcon_core.shell:Creating environment hook '/home/hgj/arm_ws/install/arm_moveit2_config/share/arm_moveit2_config/hook/cmake_prefix_path.sh'
[2.760s] Level 1:colcon.colcon_core.environment:checking '/home/hgj/arm_ws/install/arm_moveit2_config/bin'
[2.760s] Level 1:colcon.colcon_core.environment:checking '/home/hgj/arm_ws/install/arm_moveit2_config/lib/pkgconfig/arm_moveit2_config.pc'
[2.760s] Level 1:colcon.colcon_core.environment:checking '/home/hgj/arm_ws/install/arm_moveit2_config/lib/python3.10/site-packages'
[2.760s] Level 1:colcon.colcon_core.environment:checking '/home/hgj/arm_ws/install/arm_moveit2_config/bin'
[2.771s] INFO:colcon.colcon_core.shell:Creating package script '/home/hgj/arm_ws/install/arm_moveit2_config/share/arm_moveit2_config/package.ps1'
[2.772s] INFO:colcon.colcon_core.shell:Creating package descriptor '/home/hgj/arm_ws/install/arm_moveit2_config/share/arm_moveit2_config/package.dsv'
[2.772s] INFO:colcon.colcon_core.shell:Creating package script '/home/hgj/arm_ws/install/arm_moveit2_config/share/arm_moveit2_config/package.sh'
[2.772s] INFO:colcon.colcon_core.shell:Creating package script '/home/hgj/arm_ws/install/arm_moveit2_config/share/arm_moveit2_config/package.bash'
[2.772s] INFO:colcon.colcon_core.shell:Creating package script '/home/hgj/arm_ws/install/arm_moveit2_config/share/arm_moveit2_config/package.zsh'
[2.772s] Level 1:colcon.colcon_core.environment:create_file_with_runtime_dependencies(/home/hgj/arm_ws/install/arm_moveit2_config/share/colcon-core/packages/arm_moveit2_config)
[2.773s] Level 1:colcon.colcon_core.environment:create_environment_scripts_only(arm_gripper_moveit2_config)
[2.774s] DEBUG:colcon.colcon_core.event_handler.log_command:Invoked command in '/home/hgj/arm_ws/build/arm_gripper_moveit2_config' returned '0': AMENT_PREFIX_PATH=/home/hgj/arm_ws/install/elite_description:${AMENT_PREFIX_PATH} CMAKE_PREFIX_PATH=/home/hgj/arm_ws/install/elite_description:/home/hgj/ros2_ws/install/fishbot_navigation2:/home/hgj/ros2_ws/install/fishbot_cartographer:/home/hgj/ros2_ws/install/elite_ec66_moveit_config:/home/hgj/ros2_ws/install/elite_description:/home/hgj/ros2_ws/install/cartographer_rviz:/home/hgj/ros2_ws/install/cartographer_ros:/home/hgj/ros2_ws/install/cartographer_ros_msgs:/home/hgj/ros2_ws/install/cartographer:/home/hgj/ros_ws/install/ros2_livox_simulation:/home/hgj/ros_ws/install/rm_navigation:/home/hgj/ros_ws/install/rm_decision_interfaces:/home/hgj/ros_ws/install/pointcloud_to_laserscan:/home/hgj/ros_ws/install/pb_rm_simulation:/home/hgj/ros_ws/install/fast_lio:/home/hgj/ros_ws/install/livox_ros_driver2:/home/hgj/ros_ws/install/linefit_ground_segmentation_ros:/home/hgj/ros_ws/install/linefit_ground_segmentation:/home/hgj/ros_ws/install/icp_localization_ros2:/home/hgj/ros2_ws/install/fishbot_description:/home/hgj/ros_ws/install/rm_decision:/opt/ros/humble /usr/bin/cmake --install /home/hgj/arm_ws/build/arm_gripper_moveit2_config
[2.786s] Level 1:colcon.colcon_core.environment:checking '/home/hgj/arm_ws/install/arm_gripper_moveit2_config' for CMake module files
[2.786s] Level 1:colcon.colcon_core.environment:checking '/home/hgj/arm_ws/install/arm_gripper_moveit2_config' for CMake config files
[2.786s] Level 1:colcon.colcon_core.shell:create_environment_hook('arm_gripper_moveit2_config', 'cmake_prefix_path')
[2.810s] INFO:colcon.colcon_core.shell:Creating environment hook '/home/hgj/arm_ws/install/arm_gripper_moveit2_config/share/arm_gripper_moveit2_config/hook/cmake_prefix_path.ps1'
[2.810s] INFO:colcon.colcon_core.shell:Creating environment descriptor '/home/hgj/arm_ws/install/arm_gripper_moveit2_config/share/arm_gripper_moveit2_config/hook/cmake_prefix_path.dsv'
[2.810s] INFO:colcon.colcon_core.shell:Creating environment hook '/home/hgj/arm_ws/install/arm_gripper_moveit2_config/share/arm_gripper_moveit2_config/hook/cmake_prefix_path.sh'
[2.811s] Level 1:colcon.colcon_core.environment:checking '/home/hgj/arm_ws/install/arm_gripper_moveit2_config/bin'
[2.811s] Level 1:colcon.colcon_core.environment:checking '/home/hgj/arm_ws/install/arm_gripper_moveit2_config/lib/pkgconfig/arm_gripper_moveit2_config.pc'
[2.811s] Level 1:colcon.colcon_core.environment:checking '/home/hgj/arm_ws/install/arm_gripper_moveit2_config/lib/python3.10/site-packages'
[2.811s] Level 1:colcon.colcon_core.environment:checking '/home/hgj/arm_ws/install/arm_gripper_moveit2_config/bin'
[2.822s] INFO:colcon.colcon_core.shell:Creating package script '/home/hgj/arm_ws/install/arm_gripper_moveit2_config/share/arm_gripper_moveit2_config/package.ps1'
[2.822s] INFO:colcon.colcon_core.shell:Creating package descriptor '/home/hgj/arm_ws/install/arm_gripper_moveit2_config/share/arm_gripper_moveit2_config/package.dsv'
[2.822s] INFO:colcon.colcon_core.shell:Creating package script '/home/hgj/arm_ws/install/arm_gripper_moveit2_config/share/arm_gripper_moveit2_config/package.sh'
[2.823s] INFO:colcon.colcon_core.shell:Creating package script '/home/hgj/arm_ws/install/arm_gripper_moveit2_config/share/arm_gripper_moveit2_config/package.bash'
[2.823s] INFO:colcon.colcon_core.shell:Creating package script '/home/hgj/arm_ws/install/arm_gripper_moveit2_config/share/arm_gripper_moveit2_config/package.zsh'
[2.823s] Level 1:colcon.colcon_core.environment:create_file_with_runtime_dependencies(/home/hgj/arm_ws/install/arm_gripper_moveit2_config/share/colcon-core/packages/arm_gripper_moveit2_config)
[2.835s] Level 1:colcon.colcon_core.environment:create_environment_scripts_only(elite_ec66_moveit_config)
[2.847s] Level 1:colcon.colcon_core.environment:checking '/home/hgj/arm_ws/install/elite_ec66_moveit_config' for CMake module files
[2.848s] Level 1:colcon.colcon_core.environment:checking '/home/hgj/arm_ws/install/elite_ec66_moveit_config' for CMake config files
[2.848s] Level 1:colcon.colcon_core.shell:create_environment_hook('elite_ec66_moveit_config', 'cmake_prefix_path')
[2.859s] INFO:colcon.colcon_core.shell:Creating environment hook '/home/hgj/arm_ws/install/elite_ec66_moveit_config/share/elite_ec66_moveit_config/hook/cmake_prefix_path.ps1'
[2.859s] INFO:colcon.colcon_core.shell:Creating environment descriptor '/home/hgj/arm_ws/install/elite_ec66_moveit_config/share/elite_ec66_moveit_config/hook/cmake_prefix_path.dsv'
[2.859s] INFO:colcon.colcon_core.shell:Creating environment hook '/home/hgj/arm_ws/install/elite_ec66_moveit_config/share/elite_ec66_moveit_config/hook/cmake_prefix_path.sh'
[2.860s] Level 1:colcon.colcon_core.environment:checking '/home/hgj/arm_ws/install/elite_ec66_moveit_config/bin'
[2.860s] Level 1:colcon.colcon_core.environment:checking '/home/hgj/arm_ws/install/elite_ec66_moveit_config/lib/pkgconfig/elite_ec66_moveit_config.pc'
[2.860s] Level 1:colcon.colcon_core.environment:checking '/home/hgj/arm_ws/install/elite_ec66_moveit_config/lib/python3.10/site-packages'
[2.860s] Level 1:colcon.colcon_core.environment:checking '/home/hgj/arm_ws/install/elite_ec66_moveit_config/bin'
[2.871s] INFO:colcon.colcon_core.shell:Creating package script '/home/hgj/arm_ws/install/elite_ec66_moveit_config/share/elite_ec66_moveit_config/package.ps1'
[2.872s] INFO:colcon.colcon_core.shell:Creating package descriptor '/home/hgj/arm_ws/install/elite_ec66_moveit_config/share/elite_ec66_moveit_config/package.dsv'
[2.872s] INFO:colcon.colcon_core.shell:Creating package script '/home/hgj/arm_ws/install/elite_ec66_moveit_config/share/elite_ec66_moveit_config/package.sh'
[2.872s] INFO:colcon.colcon_core.shell:Creating package script '/home/hgj/arm_ws/install/elite_ec66_moveit_config/share/elite_ec66_moveit_config/package.bash'
[2.873s] INFO:colcon.colcon_core.shell:Creating package script '/home/hgj/arm_ws/install/elite_ec66_moveit_config/share/elite_ec66_moveit_config/package.zsh'
[2.873s] Level 1:colcon.colcon_core.environment:create_file_with_runtime_dependencies(/home/hgj/arm_ws/install/elite_ec66_moveit_config/share/colcon-core/packages/elite_ec66_moveit_config)
[2.885s] Level 1:colcon.colcon_core.environment:create_environment_scripts_only(arm_moveit2_config)
[2.896s] Level 1:colcon.colcon_core.environment:checking '/home/hgj/arm_ws/install/arm_moveit2_config' for CMake module files
[2.897s] Level 1:colcon.colcon_core.environment:checking '/home/hgj/arm_ws/install/arm_moveit2_config' for CMake config files
[2.897s] Level 1:colcon.colcon_core.shell:create_environment_hook('arm_moveit2_config', 'cmake_prefix_path')
[2.910s] INFO:colcon.colcon_core.shell:Creating environment hook '/home/hgj/arm_ws/install/arm_moveit2_config/share/arm_moveit2_config/hook/cmake_prefix_path.ps1'
[2.910s] INFO:colcon.colcon_core.shell:Creating environment descriptor '/home/hgj/arm_ws/install/arm_moveit2_config/share/arm_moveit2_config/hook/cmake_prefix_path.dsv'
[2.910s] INFO:colcon.colcon_core.shell:Creating environment hook '/home/hgj/arm_ws/install/arm_moveit2_config/share/arm_moveit2_config/hook/cmake_prefix_path.sh'
[2.910s] Level 1:colcon.colcon_core.environment:checking '/home/hgj/arm_ws/install/arm_moveit2_config/bin'
[2.911s] Level 1:colcon.colcon_core.environment:checking '/home/hgj/arm_ws/install/arm_moveit2_config/lib/pkgconfig/arm_moveit2_config.pc'
[2.911s] Level 1:colcon.colcon_core.environment:checking '/home/hgj/arm_ws/install/arm_moveit2_config/lib/python3.10/site-packages'
[2.911s] Level 1:colcon.colcon_core.environment:checking '/home/hgj/arm_ws/install/arm_moveit2_config/bin'
[2.922s] INFO:colcon.colcon_core.shell:Creating package script '/home/hgj/arm_ws/install/arm_moveit2_config/share/arm_moveit2_config/package.ps1'
[2.922s] INFO:colcon.colcon_core.shell:Creating package descriptor '/home/hgj/arm_ws/install/arm_moveit2_config/share/arm_moveit2_config/package.dsv'
[2.923s] INFO:colcon.colcon_core.shell:Creating package script '/home/hgj/arm_ws/install/arm_moveit2_config/share/arm_moveit2_config/package.sh'
[2.923s] INFO:colcon.colcon_core.shell:Creating package script '/home/hgj/arm_ws/install/arm_moveit2_config/share/arm_moveit2_config/package.bash'
[2.923s] INFO:colcon.colcon_core.shell:Creating package script '/home/hgj/arm_ws/install/arm_moveit2_config/share/arm_moveit2_config/package.zsh'
[2.923s] Level 1:colcon.colcon_core.environment:create_file_with_runtime_dependencies(/home/hgj/arm_ws/install/arm_moveit2_config/share/colcon-core/packages/arm_moveit2_config)
[2.935s] Level 1:colcon.colcon_core.environment:create_environment_scripts_only(arm_gripper_moveit2_config)
[2.946s] Level 1:colcon.colcon_core.environment:checking '/home/hgj/arm_ws/install/arm_gripper_moveit2_config' for CMake module files
[2.947s] Level 1:colcon.colcon_core.environment:checking '/home/hgj/arm_ws/install/arm_gripper_moveit2_config' for CMake config files
[2.947s] Level 1:colcon.colcon_core.shell:create_environment_hook('arm_gripper_moveit2_config', 'cmake_prefix_path')
[2.958s] INFO:colcon.colcon_core.shell:Creating environment hook '/home/hgj/arm_ws/install/arm_gripper_moveit2_config/share/arm_gripper_moveit2_config/hook/cmake_prefix_path.ps1'
[2.958s] INFO:colcon.colcon_core.shell:Creating environment descriptor '/home/hgj/arm_ws/install/arm_gripper_moveit2_config/share/arm_gripper_moveit2_config/hook/cmake_prefix_path.dsv'
[2.959s] INFO:colcon.colcon_core.shell:Creating environment hook '/home/hgj/arm_ws/install/arm_gripper_moveit2_config/share/arm_gripper_moveit2_config/hook/cmake_prefix_path.sh'
[2.959s] Level 1:colcon.colcon_core.environment:checking '/home/hgj/arm_ws/install/arm_gripper_moveit2_config/bin'
[2.959s] Level 1:colcon.colcon_core.environment:checking '/home/hgj/arm_ws/install/arm_gripper_moveit2_config/lib/pkgconfig/arm_gripper_moveit2_config.pc'
[2.959s] Level 1:colcon.colcon_core.environment:checking '/home/hgj/arm_ws/install/arm_gripper_moveit2_config/lib/python3.10/site-packages'
[2.959s] Level 1:colcon.colcon_core.environment:checking '/home/hgj/arm_ws/install/arm_gripper_moveit2_config/bin'
[2.971s] INFO:colcon.colcon_core.shell:Creating package script '/home/hgj/arm_ws/install/arm_gripper_moveit2_config/share/arm_gripper_moveit2_config/package.ps1'
[2.972s] INFO:colcon.colcon_core.shell:Creating package descriptor '/home/hgj/arm_ws/install/arm_gripper_moveit2_config/share/arm_gripper_moveit2_config/package.dsv'
[2.972s] INFO:colcon.colcon_core.shell:Creating package script '/home/hgj/arm_ws/install/arm_gripper_moveit2_config/share/arm_gripper_moveit2_config/package.sh'
[2.972s] INFO:colcon.colcon_core.shell:Creating package script '/home/hgj/arm_ws/install/arm_gripper_moveit2_config/share/arm_gripper_moveit2_config/package.bash'
[2.973s] INFO:colcon.colcon_core.shell:Creating package script '/home/hgj/arm_ws/install/arm_gripper_moveit2_config/share/arm_gripper_moveit2_config/package.zsh'
[2.973s] Level 1:colcon.colcon_core.environment:create_file_with_runtime_dependencies(/home/hgj/arm_ws/install/arm_gripper_moveit2_config/share/colcon-core/packages/arm_gripper_moveit2_config)
[2.973s] DEBUG:colcon.colcon_parallel_executor.executor.parallel:closing loop
[2.973s] DEBUG:colcon.colcon_parallel_executor.executor.parallel:loop closed
[2.973s] DEBUG:colcon.colcon_parallel_executor.executor.parallel:run_until_complete finished with '0'
[2.973s] DEBUG:colcon.colcon_core.event_reactor:joining thread
[2.991s] INFO:colcon.colcon_core.plugin_system:Skipping extension 'colcon_notification.desktop_notification.terminal_notifier': Not used on non-Darwin systems
[2.991s] INFO:colcon.colcon_core.plugin_system:Skipping extension 'colcon_notification.desktop_notification.win32': Not used on non-Windows systems
[2.991s] INFO:colcon.colcon_notification.desktop_notification:Sending desktop notification using 'notify2'
[2.998s] DEBUG:colcon.colcon_core.event_reactor:joined thread
[3.009s] INFO:colcon.colcon_core.shell:Creating prefix script '/home/hgj/arm_ws/install/local_setup.ps1'
[3.010s] INFO:colcon.colcon_core.shell:Creating prefix util module '/home/hgj/arm_ws/install/_local_setup_util_ps1.py'
[3.011s] INFO:colcon.colcon_core.shell:Creating prefix chain script '/home/hgj/arm_ws/install/setup.ps1'
[3.022s] INFO:colcon.colcon_core.shell:Creating prefix script '/home/hgj/arm_ws/install/local_setup.sh'
[3.022s] INFO:colcon.colcon_core.shell:Creating prefix util module '/home/hgj/arm_ws/install/_local_setup_util_sh.py'
[3.023s] INFO:colcon.colcon_core.shell:Creating prefix chain script '/home/hgj/arm_ws/install/setup.sh'
[3.034s] INFO:colcon.colcon_core.shell:Creating prefix script '/home/hgj/arm_ws/install/local_setup.bash'
[3.035s] INFO:colcon.colcon_core.shell:Creating prefix chain script '/home/hgj/arm_ws/install/setup.bash'
[3.047s] INFO:colcon.colcon_core.shell:Creating prefix script '/home/hgj/arm_ws/install/local_setup.zsh'
[3.048s] INFO:colcon.colcon_core.shell:Creating prefix chain script '/home/hgj/arm_ws/install/setup.zsh'
