[0.144s] Invoking command in '/home/hgj/arm_ws/build/arm_moveit2_config': AMENT_PREFIX_PATH=/home/hgj/arm_ws/install/elite_description:${AMENT_PREFIX_PATH} CMAKE_PREFIX_PATH=/home/hgj/arm_ws/install/elite_description:/home/hgj/ros2_ws/install/fishbot_navigation2:/home/hgj/ros2_ws/install/fishbot_cartographer:/home/hgj/ros2_ws/install/elite_ec66_moveit_config:/home/hgj/ros2_ws/install/elite_description:/home/hgj/ros2_ws/install/cartographer_rviz:/home/hgj/ros2_ws/install/cartographer_ros:/home/hgj/ros2_ws/install/cartographer_ros_msgs:/home/hgj/ros2_ws/install/cartographer:/home/hgj/ros_ws/install/ros2_livox_simulation:/home/hgj/ros_ws/install/rm_navigation:/home/hgj/ros_ws/install/rm_decision_interfaces:/home/hgj/ros_ws/install/pointcloud_to_laserscan:/home/hgj/ros_ws/install/pb_rm_simulation:/home/hgj/ros_ws/install/fast_lio:/home/hgj/ros_ws/install/livox_ros_driver2:/home/hgj/ros_ws/install/linefit_ground_segmentation_ros:/home/hgj/ros_ws/install/linefit_ground_segmentation:/home/hgj/ros_ws/install/icp_localization_ros2:/home/hgj/ros2_ws/install/fishbot_description:/home/hgj/ros_ws/install/rm_decision:/opt/ros/humble /usr/bin/cmake /home/hgj/arm_ws/src/elite_robot_ros2/src/arm_moveit2_config -DCMAKE_INSTALL_PREFIX=/home/hgj/arm_ws/install/arm_moveit2_config
[0.193s] -- The C compiler identification is GNU 11.4.0
[0.236s] -- The CXX compiler identification is GNU 11.4.0
[0.242s] -- Detecting C compiler ABI info
[0.300s] -- Detecting C compiler ABI info - done
[0.305s] -- Check for working C compiler: /usr/bin/cc - skipped
[0.305s] -- Detecting C compile features
[0.305s] -- Detecting C compile features - done
[0.307s] -- Detecting CXX compiler ABI info
[0.378s] -- Detecting CXX compiler ABI info - done
[0.385s] -- Check for working CXX compiler: /usr/bin/c++ - skipped
[0.385s] -- Detecting CXX compile features
[0.385s] -- Detecting CXX compile features - done
[0.390s] -- Found ament_cmake: 1.3.5 (/opt/ros/humble/share/ament_cmake/cmake)
[0.544s] -- Found Python3: /usr/bin/python3.10 (found version "3.10.12") found components: Interpreter 
[0.699s] -- Configuring done
[0.702s] -- Generating done
[0.703s] -- Build files have been written to: /home/hgj/arm_ws/build/arm_moveit2_config
[0.706s] Invoked command in '/home/hgj/arm_ws/build/arm_moveit2_config' returned '0': AMENT_PREFIX_PATH=/home/hgj/arm_ws/install/elite_description:${AMENT_PREFIX_PATH} CMAKE_PREFIX_PATH=/home/hgj/arm_ws/install/elite_description:/home/hgj/ros2_ws/install/fishbot_navigation2:/home/hgj/ros2_ws/install/fishbot_cartographer:/home/hgj/ros2_ws/install/elite_ec66_moveit_config:/home/hgj/ros2_ws/install/elite_description:/home/hgj/ros2_ws/install/cartographer_rviz:/home/hgj/ros2_ws/install/cartographer_ros:/home/hgj/ros2_ws/install/cartographer_ros_msgs:/home/hgj/ros2_ws/install/cartographer:/home/hgj/ros_ws/install/ros2_livox_simulation:/home/hgj/ros_ws/install/rm_navigation:/home/hgj/ros_ws/install/rm_decision_interfaces:/home/hgj/ros_ws/install/pointcloud_to_laserscan:/home/hgj/ros_ws/install/pb_rm_simulation:/home/hgj/ros_ws/install/fast_lio:/home/hgj/ros_ws/install/livox_ros_driver2:/home/hgj/ros_ws/install/linefit_ground_segmentation_ros:/home/hgj/ros_ws/install/linefit_ground_segmentation:/home/hgj/ros_ws/install/icp_localization_ros2:/home/hgj/ros2_ws/install/fishbot_description:/home/hgj/ros_ws/install/rm_decision:/opt/ros/humble /usr/bin/cmake /home/hgj/arm_ws/src/elite_robot_ros2/src/arm_moveit2_config -DCMAKE_INSTALL_PREFIX=/home/hgj/arm_ws/install/arm_moveit2_config
[0.708s] Invoking command in '/home/hgj/arm_ws/build/arm_moveit2_config': AMENT_PREFIX_PATH=/home/hgj/arm_ws/install/elite_description:${AMENT_PREFIX_PATH} CMAKE_PREFIX_PATH=/home/hgj/arm_ws/install/elite_description:/home/hgj/ros2_ws/install/fishbot_navigation2:/home/hgj/ros2_ws/install/fishbot_cartographer:/home/hgj/ros2_ws/install/elite_ec66_moveit_config:/home/hgj/ros2_ws/install/elite_description:/home/hgj/ros2_ws/install/cartographer_rviz:/home/hgj/ros2_ws/install/cartographer_ros:/home/hgj/ros2_ws/install/cartographer_ros_msgs:/home/hgj/ros2_ws/install/cartographer:/home/hgj/ros_ws/install/ros2_livox_simulation:/home/hgj/ros_ws/install/rm_navigation:/home/hgj/ros_ws/install/rm_decision_interfaces:/home/hgj/ros_ws/install/pointcloud_to_laserscan:/home/hgj/ros_ws/install/pb_rm_simulation:/home/hgj/ros_ws/install/fast_lio:/home/hgj/ros_ws/install/livox_ros_driver2:/home/hgj/ros_ws/install/linefit_ground_segmentation_ros:/home/hgj/ros_ws/install/linefit_ground_segmentation:/home/hgj/ros_ws/install/icp_localization_ros2:/home/hgj/ros2_ws/install/fishbot_description:/home/hgj/ros_ws/install/rm_decision:/opt/ros/humble /usr/bin/cmake --build /home/hgj/arm_ws/build/arm_moveit2_config -- -j8 -l8
[0.742s] Invoked command in '/home/hgj/arm_ws/build/arm_moveit2_config' returned '0': AMENT_PREFIX_PATH=/home/hgj/arm_ws/install/elite_description:${AMENT_PREFIX_PATH} CMAKE_PREFIX_PATH=/home/hgj/arm_ws/install/elite_description:/home/hgj/ros2_ws/install/fishbot_navigation2:/home/hgj/ros2_ws/install/fishbot_cartographer:/home/hgj/ros2_ws/install/elite_ec66_moveit_config:/home/hgj/ros2_ws/install/elite_description:/home/hgj/ros2_ws/install/cartographer_rviz:/home/hgj/ros2_ws/install/cartographer_ros:/home/hgj/ros2_ws/install/cartographer_ros_msgs:/home/hgj/ros2_ws/install/cartographer:/home/hgj/ros_ws/install/ros2_livox_simulation:/home/hgj/ros_ws/install/rm_navigation:/home/hgj/ros_ws/install/rm_decision_interfaces:/home/hgj/ros_ws/install/pointcloud_to_laserscan:/home/hgj/ros_ws/install/pb_rm_simulation:/home/hgj/ros_ws/install/fast_lio:/home/hgj/ros_ws/install/livox_ros_driver2:/home/hgj/ros_ws/install/linefit_ground_segmentation_ros:/home/hgj/ros_ws/install/linefit_ground_segmentation:/home/hgj/ros_ws/install/icp_localization_ros2:/home/hgj/ros2_ws/install/fishbot_description:/home/hgj/ros_ws/install/rm_decision:/opt/ros/humble /usr/bin/cmake --build /home/hgj/arm_ws/build/arm_moveit2_config -- -j8 -l8
[0.762s] Invoking command in '/home/hgj/arm_ws/build/arm_moveit2_config': AMENT_PREFIX_PATH=/home/hgj/arm_ws/install/elite_description:${AMENT_PREFIX_PATH} CMAKE_PREFIX_PATH=/home/hgj/arm_ws/install/elite_description:/home/hgj/ros2_ws/install/fishbot_navigation2:/home/hgj/ros2_ws/install/fishbot_cartographer:/home/hgj/ros2_ws/install/elite_ec66_moveit_config:/home/hgj/ros2_ws/install/elite_description:/home/hgj/ros2_ws/install/cartographer_rviz:/home/hgj/ros2_ws/install/cartographer_ros:/home/hgj/ros2_ws/install/cartographer_ros_msgs:/home/hgj/ros2_ws/install/cartographer:/home/hgj/ros_ws/install/ros2_livox_simulation:/home/hgj/ros_ws/install/rm_navigation:/home/hgj/ros_ws/install/rm_decision_interfaces:/home/hgj/ros_ws/install/pointcloud_to_laserscan:/home/hgj/ros_ws/install/pb_rm_simulation:/home/hgj/ros_ws/install/fast_lio:/home/hgj/ros_ws/install/livox_ros_driver2:/home/hgj/ros_ws/install/linefit_ground_segmentation_ros:/home/hgj/ros_ws/install/linefit_ground_segmentation:/home/hgj/ros_ws/install/icp_localization_ros2:/home/hgj/ros2_ws/install/fishbot_description:/home/hgj/ros_ws/install/rm_decision:/opt/ros/humble /usr/bin/cmake --install /home/hgj/arm_ws/build/arm_moveit2_config
[0.773s] -- Install configuration: ""
[0.773s] -- Installing: /home/hgj/arm_ws/install/arm_moveit2_config/share/ament_index/resource_index/package_run_dependencies/arm_moveit2_config
[0.773s] -- Installing: /home/hgj/arm_ws/install/arm_moveit2_config/share/ament_index/resource_index/parent_prefix_path/arm_moveit2_config
[0.773s] -- Installing: /home/hgj/arm_ws/install/arm_moveit2_config/share/arm_moveit2_config/environment/ament_prefix_path.sh
[0.773s] -- Installing: /home/hgj/arm_ws/install/arm_moveit2_config/share/arm_moveit2_config/environment/ament_prefix_path.dsv
[0.773s] -- Installing: /home/hgj/arm_ws/install/arm_moveit2_config/share/arm_moveit2_config/environment/path.sh
[0.773s] -- Installing: /home/hgj/arm_ws/install/arm_moveit2_config/share/arm_moveit2_config/environment/path.dsv
[0.773s] -- Installing: /home/hgj/arm_ws/install/arm_moveit2_config/share/arm_moveit2_config/local_setup.bash
[0.773s] -- Installing: /home/hgj/arm_ws/install/arm_moveit2_config/share/arm_moveit2_config/local_setup.sh
[0.773s] -- Installing: /home/hgj/arm_ws/install/arm_moveit2_config/share/arm_moveit2_config/local_setup.zsh
[0.773s] -- Installing: /home/hgj/arm_ws/install/arm_moveit2_config/share/arm_moveit2_config/local_setup.dsv
[0.773s] -- Installing: /home/hgj/arm_ws/install/arm_moveit2_config/share/arm_moveit2_config/package.dsv
[0.776s] -- Installing: /home/hgj/arm_ws/install/arm_moveit2_config/share/ament_index/resource_index/packages/arm_moveit2_config
[0.776s] -- Installing: /home/hgj/arm_ws/install/arm_moveit2_config/share/arm_moveit2_config/cmake/arm_moveit2_configConfig.cmake
[0.776s] -- Installing: /home/hgj/arm_ws/install/arm_moveit2_config/share/arm_moveit2_config/cmake/arm_moveit2_configConfig-version.cmake
[0.776s] -- Installing: /home/hgj/arm_ws/install/arm_moveit2_config/share/arm_moveit2_config/package.xml
[0.777s] -- Installing: /home/hgj/arm_ws/install/arm_moveit2_config/share/arm_moveit2_config/launch
[0.777s] -- Installing: /home/hgj/arm_ws/install/arm_moveit2_config/share/arm_moveit2_config/launch/rsp.launch.py
[0.777s] -- Installing: /home/hgj/arm_ws/install/arm_moveit2_config/share/arm_moveit2_config/launch/moveit_rviz.launch.py
[0.777s] -- Installing: /home/hgj/arm_ws/install/arm_moveit2_config/share/arm_moveit2_config/launch/setup_assistant.launch.py
[0.777s] -- Installing: /home/hgj/arm_ws/install/arm_moveit2_config/share/arm_moveit2_config/launch/demo.launch.py
[0.777s] -- Installing: /home/hgj/arm_ws/install/arm_moveit2_config/share/arm_moveit2_config/launch/static_virtual_joint_tfs.launch.py
[0.777s] -- Installing: /home/hgj/arm_ws/install/arm_moveit2_config/share/arm_moveit2_config/launch/move_group.launch.py
[0.777s] -- Installing: /home/hgj/arm_ws/install/arm_moveit2_config/share/arm_moveit2_config/launch/spawn_controllers.launch.py
[0.777s] -- Installing: /home/hgj/arm_ws/install/arm_moveit2_config/share/arm_moveit2_config/launch/warehouse_db.launch.py
[0.777s] -- Installing: /home/hgj/arm_ws/install/arm_moveit2_config/share/arm_moveit2_config/config
[0.777s] -- Installing: /home/hgj/arm_ws/install/arm_moveit2_config/share/arm_moveit2_config/config/moveit_controllers.yaml
[0.777s] -- Installing: /home/hgj/arm_ws/install/arm_moveit2_config/share/arm_moveit2_config/config/ec66.srdf
[0.777s] -- Installing: /home/hgj/arm_ws/install/arm_moveit2_config/share/arm_moveit2_config/config/ros2_controllers.yaml
[0.777s] -- Installing: /home/hgj/arm_ws/install/arm_moveit2_config/share/arm_moveit2_config/config/sensors_3d.yaml
[0.778s] -- Installing: /home/hgj/arm_ws/install/arm_moveit2_config/share/arm_moveit2_config/config/moveit.rviz
[0.778s] -- Installing: /home/hgj/arm_ws/install/arm_moveit2_config/share/arm_moveit2_config/config/ec66.ros2_control.xacro
[0.778s] -- Installing: /home/hgj/arm_ws/install/arm_moveit2_config/share/arm_moveit2_config/config/joint_limits.yaml
[0.778s] -- Installing: /home/hgj/arm_ws/install/arm_moveit2_config/share/arm_moveit2_config/config/kinematics.yaml
[0.778s] -- Installing: /home/hgj/arm_ws/install/arm_moveit2_config/share/arm_moveit2_config/config/ec66.urdf.xacro
[0.778s] -- Installing: /home/hgj/arm_ws/install/arm_moveit2_config/share/arm_moveit2_config/config/initial_positions.yaml
[0.778s] -- Installing: /home/hgj/arm_ws/install/arm_moveit2_config/share/arm_moveit2_config/config/pilz_cartesian_limits.yaml
[0.779s] -- Installing: /home/hgj/arm_ws/install/arm_moveit2_config/share/arm_moveit2_config/.setup_assistant
[0.820s] Invoked command in '/home/hgj/arm_ws/build/arm_moveit2_config' returned '0': AMENT_PREFIX_PATH=/home/hgj/arm_ws/install/elite_description:${AMENT_PREFIX_PATH} CMAKE_PREFIX_PATH=/home/hgj/arm_ws/install/elite_description:/home/hgj/ros2_ws/install/fishbot_navigation2:/home/hgj/ros2_ws/install/fishbot_cartographer:/home/hgj/ros2_ws/install/elite_ec66_moveit_config:/home/hgj/ros2_ws/install/elite_description:/home/hgj/ros2_ws/install/cartographer_rviz:/home/hgj/ros2_ws/install/cartographer_ros:/home/hgj/ros2_ws/install/cartographer_ros_msgs:/home/hgj/ros2_ws/install/cartographer:/home/hgj/ros_ws/install/ros2_livox_simulation:/home/hgj/ros_ws/install/rm_navigation:/home/hgj/ros_ws/install/rm_decision_interfaces:/home/hgj/ros_ws/install/pointcloud_to_laserscan:/home/hgj/ros_ws/install/pb_rm_simulation:/home/hgj/ros_ws/install/fast_lio:/home/hgj/ros_ws/install/livox_ros_driver2:/home/hgj/ros_ws/install/linefit_ground_segmentation_ros:/home/hgj/ros_ws/install/linefit_ground_segmentation:/home/hgj/ros_ws/install/icp_localization_ros2:/home/hgj/ros2_ws/install/fishbot_description:/home/hgj/ros_ws/install/rm_decision:/opt/ros/humble /usr/bin/cmake --install /home/hgj/arm_ws/build/arm_moveit2_config
