[0.072s] Invoking command in '/home/hgj/arm_ws/build/elite_description': CMAKE_PREFIX_PATH=${CMAKE_PREFIX_PATH}:/home/hgj/ros2_ws/install/fishbot_description:/home/hgj/ros_ws/install/rm_decision:/opt/ros/humble /usr/bin/cmake /home/hgj/arm_ws/src/elite_robot_ros2/src/elite_description -DCMAKE_INSTALL_PREFIX=/home/hgj/arm_ws/install/elite_description
[0.115s] -- The C compiler identification is GNU 11.4.0
[0.156s] -- The CXX compiler identification is GNU 11.4.0
[0.161s] -- Detecting C compiler ABI info
[0.213s] -- Detecting C compiler ABI info - done
[0.218s] -- Check for working C compiler: /usr/bin/cc - skipped
[0.218s] -- Detecting C compile features
[0.219s] -- Detecting C compile features - done
[0.220s] -- Detecting CXX compiler ABI info
[0.282s] -- Detecting CXX compiler ABI info - done
[0.287s] -- Check for working CXX compiler: /usr/bin/c++ - skipped
[0.287s] -- Detecting CXX compile features
[0.288s] -- Detecting CXX compile features - done
[0.291s] -- Found ament_cmake: 1.3.5 (/opt/ros/humble/share/ament_cmake/cmake)
[0.426s] -- Found Python3: /usr/bin/python3.10 (found version "3.10.12") found components: Interpreter 
[0.507s] -- Found ament_lint_auto: 0.12.8 (/opt/ros/humble/share/ament_lint_auto/cmake)
[0.573s] -- Added test 'lint_cmake' to check CMake code style
[0.574s] -- Added test 'xmllint' to check XML markup files
[0.575s] -- Configuring done
[0.577s] -- Generating done
[0.577s] -- Build files have been written to: /home/hgj/arm_ws/build/elite_description
[0.581s] Invoked command in '/home/hgj/arm_ws/build/elite_description' returned '0': CMAKE_PREFIX_PATH=${CMAKE_PREFIX_PATH}:/home/hgj/ros2_ws/install/fishbot_description:/home/hgj/ros_ws/install/rm_decision:/opt/ros/humble /usr/bin/cmake /home/hgj/arm_ws/src/elite_robot_ros2/src/elite_description -DCMAKE_INSTALL_PREFIX=/home/hgj/arm_ws/install/elite_description
[0.582s] Invoking command in '/home/hgj/arm_ws/build/elite_description': CMAKE_PREFIX_PATH=${CMAKE_PREFIX_PATH}:/home/hgj/ros2_ws/install/fishbot_description:/home/hgj/ros_ws/install/rm_decision:/opt/ros/humble /usr/bin/cmake --build /home/hgj/arm_ws/build/elite_description -- -j8 -l8
[0.612s] Invoked command in '/home/hgj/arm_ws/build/elite_description' returned '0': CMAKE_PREFIX_PATH=${CMAKE_PREFIX_PATH}:/home/hgj/ros2_ws/install/fishbot_description:/home/hgj/ros_ws/install/rm_decision:/opt/ros/humble /usr/bin/cmake --build /home/hgj/arm_ws/build/elite_description -- -j8 -l8
[0.638s] Invoking command in '/home/hgj/arm_ws/build/elite_description': CMAKE_PREFIX_PATH=${CMAKE_PREFIX_PATH}:/home/hgj/ros2_ws/install/fishbot_description:/home/hgj/ros_ws/install/rm_decision:/opt/ros/humble /usr/bin/cmake --install /home/hgj/arm_ws/build/elite_description
[0.647s] -- Install configuration: ""
[0.647s] -- Installing: /home/hgj/arm_ws/install/elite_description/share/elite_description/config
[0.648s] -- Installing: /home/hgj/arm_ws/install/elite_description/share/elite_description/config/urdf.rviz
[0.648s] -- Installing: /home/hgj/arm_ws/install/elite_description/share/elite_description/config/joint_names_ec66_description.yaml
[0.648s] -- Installing: /home/hgj/arm_ws/install/elite_description/share/elite_description/meshes
[0.648s] -- Installing: /home/hgj/arm_ws/install/elite_description/share/elite_description/meshes/ec66
[0.648s] -- Installing: /home/hgj/arm_ws/install/elite_description/share/elite_description/meshes/ec66/link2.STL
[0.649s] -- Installing: /home/hgj/arm_ws/install/elite_description/share/elite_description/meshes/ec66/link1.STL
[0.649s] -- Installing: /home/hgj/arm_ws/install/elite_description/share/elite_description/meshes/ec66/base_link.STL
[0.650s] -- Installing: /home/hgj/arm_ws/install/elite_description/share/elite_description/meshes/ec66/link5.STL
[0.650s] -- Installing: /home/hgj/arm_ws/install/elite_description/share/elite_description/meshes/ec66/link3.STL
[0.651s] -- Installing: /home/hgj/arm_ws/install/elite_description/share/elite_description/meshes/ec66/link4.STL
[0.652s] -- Installing: /home/hgj/arm_ws/install/elite_description/share/elite_description/meshes/ec66/link6.STL
[0.652s] -- Installing: /home/hgj/arm_ws/install/elite_description/share/elite_description/meshes/ec63
[0.652s] -- Installing: /home/hgj/arm_ws/install/elite_description/share/elite_description/meshes/ec63/link2.STL
[0.653s] -- Installing: /home/hgj/arm_ws/install/elite_description/share/elite_description/meshes/ec63/link1.STL
[0.654s] -- Installing: /home/hgj/arm_ws/install/elite_description/share/elite_description/meshes/ec63/base_link.STL
[0.654s] -- Installing: /home/hgj/arm_ws/install/elite_description/share/elite_description/meshes/ec63/link5.STL
[0.655s] -- Installing: /home/hgj/arm_ws/install/elite_description/share/elite_description/meshes/ec63/link3.STL
[0.657s] -- Installing: /home/hgj/arm_ws/install/elite_description/share/elite_description/meshes/ec63/link4.STL
[0.658s] -- Installing: /home/hgj/arm_ws/install/elite_description/share/elite_description/meshes/ec63/link6.STL
[0.658s] -- Installing: /home/hgj/arm_ws/install/elite_description/share/elite_description/meshes/ec612
[0.658s] -- Installing: /home/hgj/arm_ws/install/elite_description/share/elite_description/meshes/ec612/link2.STL
[0.659s] -- Installing: /home/hgj/arm_ws/install/elite_description/share/elite_description/meshes/ec612/link1.STL
[0.659s] -- Installing: /home/hgj/arm_ws/install/elite_description/share/elite_description/meshes/ec612/base_link.STL
[0.660s] -- Installing: /home/hgj/arm_ws/install/elite_description/share/elite_description/meshes/ec612/link5.STL
[0.660s] -- Installing: /home/hgj/arm_ws/install/elite_description/share/elite_description/meshes/ec612/link3.STL
[0.661s] -- Installing: /home/hgj/arm_ws/install/elite_description/share/elite_description/meshes/ec612/link4.STL
[0.662s] -- Installing: /home/hgj/arm_ws/install/elite_description/share/elite_description/meshes/ec612/link6.STL
[0.662s] -- Installing: /home/hgj/arm_ws/install/elite_description/share/elite_description/urdf
[0.663s] -- Installing: /home/hgj/arm_ws/install/elite_description/share/elite_description/urdf/ec66_description.urdf
[0.663s] -- Installing: /home/hgj/arm_ws/install/elite_description/share/elite_description/urdf/gazebo
[0.663s] -- Installing: /home/hgj/arm_ws/install/elite_description/share/elite_description/urdf/gazebo/ec66_description.urdf
[0.663s] -- Installing: /home/hgj/arm_ws/install/elite_description/share/elite_description/urdf/gazebo/ec63_description.urdf
[0.663s] -- Installing: /home/hgj/arm_ws/install/elite_description/share/elite_description/urdf/gazebo/ec612_description.urdf
[0.663s] -- Installing: /home/hgj/arm_ws/install/elite_description/share/elite_description/urdf/ec63_description.urdf
[0.663s] -- Installing: /home/hgj/arm_ws/install/elite_description/share/elite_description/urdf/ec612_description.urdf
[0.663s] -- Installing: /home/hgj/arm_ws/install/elite_description/share/elite_description/urdf/ec66_description.dae
[0.679s] -- Installing: /home/hgj/arm_ws/install/elite_description/share/ament_index/resource_index/package_run_dependencies/elite_description
[0.679s] -- Installing: /home/hgj/arm_ws/install/elite_description/share/ament_index/resource_index/parent_prefix_path/elite_description
[0.679s] -- Installing: /home/hgj/arm_ws/install/elite_description/share/elite_description/environment/ament_prefix_path.sh
[0.679s] -- Installing: /home/hgj/arm_ws/install/elite_description/share/elite_description/environment/ament_prefix_path.dsv
[0.679s] -- Installing: /home/hgj/arm_ws/install/elite_description/share/elite_description/environment/path.sh
[0.679s] -- Installing: /home/hgj/arm_ws/install/elite_description/share/elite_description/environment/path.dsv
[0.679s] -- Installing: /home/hgj/arm_ws/install/elite_description/share/elite_description/local_setup.bash
[0.679s] -- Installing: /home/hgj/arm_ws/install/elite_description/share/elite_description/local_setup.sh
[0.679s] -- Installing: /home/hgj/arm_ws/install/elite_description/share/elite_description/local_setup.zsh
[0.679s] -- Installing: /home/hgj/arm_ws/install/elite_description/share/elite_description/local_setup.dsv
[0.679s] -- Installing: /home/hgj/arm_ws/install/elite_description/share/elite_description/package.dsv
[0.679s] -- Installing: /home/hgj/arm_ws/install/elite_description/share/ament_index/resource_index/packages/elite_description
[0.679s] -- Installing: /home/hgj/arm_ws/install/elite_description/share/elite_description/cmake/elite_descriptionConfig.cmake
[0.679s] -- Installing: /home/hgj/arm_ws/install/elite_description/share/elite_description/cmake/elite_descriptionConfig-version.cmake
[0.679s] -- Installing: /home/hgj/arm_ws/install/elite_description/share/elite_description/package.xml
[0.681s] Invoked command in '/home/hgj/arm_ws/build/elite_description' returned '0': CMAKE_PREFIX_PATH=${CMAKE_PREFIX_PATH}:/home/hgj/ros2_ws/install/fishbot_description:/home/hgj/ros_ws/install/rm_decision:/opt/ros/humble /usr/bin/cmake --install /home/hgj/arm_ws/build/elite_description
