[0.780s] DEBUG:colcon:Command line arguments: ['/usr/bin/colcon', 'build', '--symlink-install', '--event-handlers', 'console_cohesion+', '--base-paths', '/home/hgj/arm_ws', '--cmake-args', '-DCMAKE_BUILD_TYPE=RelWithDebInfo']
[0.780s] DEBUG:colcon:Parsed command line arguments: Namespace(log_base=None, log_level=None, verb_name='build', build_base='build', install_base='install', merge_install=False, symlink_install=True, test_result_base=None, continue_on_error=False, executor='parallel', parallel_workers=8, event_handlers=['console_cohesion+'], ignore_user_meta=False, metas=['./colcon.meta'], base_paths=['/home/hgj/arm_ws'], packages_ignore=None, packages_ignore_regex=None, paths=None, packages_up_to=None, packages_up_to_regex=None, packages_above=None, packages_above_and_dependencies=None, packages_above_depth=None, packages_select_by_dep=None, packages_skip_by_dep=None, packages_skip_up_to=None, packages_select_build_failed=False, packages_skip_build_finished=False, packages_select_test_failures=False, packages_skip_test_passed=False, packages_select=None, packages_skip=None, packages_select_regex=None, packages_skip_regex=None, packages_start=None, packages_end=None, allow_overriding=[], cmake_args=['-DCMAKE_BUILD_TYPE=RelWithDebInfo'], cmake_target=None, cmake_target_skip_unavailable=False, cmake_clean_cache=False, cmake_clean_first=False, cmake_force_configure=False, ament_cmake_args=None, catkin_cmake_args=None, catkin_skip_building_tests=False, verb_parser=<colcon_defaults.argument_parser.defaults.DefaultArgumentsDecorator object at 0x7f2ea00e61d0>, verb_extension=<colcon_core.verb.build.BuildVerb object at 0x7f2ea00a7850>, main=<bound method BuildVerb.main of <colcon_core.verb.build.BuildVerb object at 0x7f2ea00a7850>>)
[0.825s] Level 1:colcon.colcon_core.package_discovery:discover_packages(colcon_meta) check parameters
[0.825s] Level 1:colcon.colcon_core.package_discovery:discover_packages(recursive) check parameters
[0.826s] Level 1:colcon.colcon_core.package_discovery:discover_packages(ignore) check parameters
[0.826s] Level 1:colcon.colcon_core.package_discovery:discover_packages(path) check parameters
[0.826s] Level 1:colcon.colcon_core.package_discovery:discover_packages(recursive) discover
[0.826s] INFO:colcon.colcon_core.package_discovery:Crawling recursively for packages in '/home/hgj/arm_ws'
[0.826s] Level 1:colcon.colcon_core.package_identification:_identify(/home/hgj/arm_ws) by extensions ['ignore', 'ignore_ament_install']
[0.826s] Level 1:colcon.colcon_core.package_identification:_identify(/home/hgj/arm_ws) by extension 'ignore'
[0.826s] Level 1:colcon.colcon_core.package_identification:_identify(/home/hgj/arm_ws) by extension 'ignore_ament_install'
[0.826s] Level 1:colcon.colcon_core.package_identification:_identify(/home/hgj/arm_ws) by extensions ['colcon_pkg']
[0.827s] Level 1:colcon.colcon_core.package_identification:_identify(/home/hgj/arm_ws) by extension 'colcon_pkg'
[0.827s] Level 1:colcon.colcon_core.package_identification:_identify(/home/hgj/arm_ws) by extensions ['colcon_meta']
[0.827s] Level 1:colcon.colcon_core.package_identification:_identify(/home/hgj/arm_ws) by extension 'colcon_meta'
[0.827s] Level 1:colcon.colcon_core.package_identification:_identify(/home/hgj/arm_ws) by extensions ['ros']
[0.827s] Level 1:colcon.colcon_core.package_identification:_identify(/home/hgj/arm_ws) by extension 'ros'
[0.842s] Level 1:colcon.colcon_core.package_identification:_identify(/home/hgj/arm_ws) by extensions ['cmake', 'python']
[0.843s] Level 1:colcon.colcon_core.package_identification:_identify(/home/hgj/arm_ws) by extension 'cmake'
[0.843s] Level 1:colcon.colcon_core.package_identification:_identify(/home/hgj/arm_ws) by extension 'python'
[0.843s] Level 1:colcon.colcon_core.package_identification:_identify(/home/hgj/arm_ws) by extensions ['python_setup_py']
[0.843s] Level 1:colcon.colcon_core.package_identification:_identify(/home/hgj/arm_ws) by extension 'python_setup_py'
[0.843s] Level 1:colcon.colcon_core.package_identification:_identify(/home/hgj/arm_ws/build) by extensions ['ignore', 'ignore_ament_install']
[0.843s] Level 1:colcon.colcon_core.package_identification:_identify(/home/hgj/arm_ws/build) by extension 'ignore'
[0.843s] Level 1:colcon.colcon_core.package_identification:_identify(/home/hgj/arm_ws/build) ignored
[0.844s] Level 1:colcon.colcon_core.package_identification:_identify(/home/hgj/arm_ws/install) by extensions ['ignore', 'ignore_ament_install']
[0.844s] Level 1:colcon.colcon_core.package_identification:_identify(/home/hgj/arm_ws/install) by extension 'ignore'
[0.844s] Level 1:colcon.colcon_core.package_identification:_identify(/home/hgj/arm_ws/install) ignored
[0.844s] Level 1:colcon.colcon_core.package_identification:_identify(/home/hgj/arm_ws/log) by extensions ['ignore', 'ignore_ament_install']
[0.844s] Level 1:colcon.colcon_core.package_identification:_identify(/home/hgj/arm_ws/log) by extension 'ignore'
[0.844s] Level 1:colcon.colcon_core.package_identification:_identify(/home/hgj/arm_ws/log) ignored
[0.844s] Level 1:colcon.colcon_core.package_identification:_identify(/home/hgj/arm_ws/src) by extensions ['ignore', 'ignore_ament_install']
[0.844s] Level 1:colcon.colcon_core.package_identification:_identify(/home/hgj/arm_ws/src) by extension 'ignore'
[0.844s] Level 1:colcon.colcon_core.package_identification:_identify(/home/hgj/arm_ws/src) by extension 'ignore_ament_install'
[0.844s] Level 1:colcon.colcon_core.package_identification:_identify(/home/hgj/arm_ws/src) by extensions ['colcon_pkg']
[0.844s] Level 1:colcon.colcon_core.package_identification:_identify(/home/hgj/arm_ws/src) by extension 'colcon_pkg'
[0.844s] Level 1:colcon.colcon_core.package_identification:_identify(/home/hgj/arm_ws/src) by extensions ['colcon_meta']
[0.844s] Level 1:colcon.colcon_core.package_identification:_identify(/home/hgj/arm_ws/src) by extension 'colcon_meta'
[0.844s] Level 1:colcon.colcon_core.package_identification:_identify(/home/hgj/arm_ws/src) by extensions ['ros']
[0.844s] Level 1:colcon.colcon_core.package_identification:_identify(/home/hgj/arm_ws/src) by extension 'ros'
[0.845s] Level 1:colcon.colcon_core.package_identification:_identify(/home/hgj/arm_ws/src) by extensions ['cmake', 'python']
[0.845s] Level 1:colcon.colcon_core.package_identification:_identify(/home/hgj/arm_ws/src) by extension 'cmake'
[0.845s] Level 1:colcon.colcon_core.package_identification:_identify(/home/hgj/arm_ws/src) by extension 'python'
[0.845s] Level 1:colcon.colcon_core.package_identification:_identify(/home/hgj/arm_ws/src) by extensions ['python_setup_py']
[0.845s] Level 1:colcon.colcon_core.package_identification:_identify(/home/hgj/arm_ws/src) by extension 'python_setup_py'
[0.845s] Level 1:colcon.colcon_core.package_identification:_identify(/home/hgj/arm_ws/src/arm_gripper_moveit2_config) by extensions ['ignore', 'ignore_ament_install']
[0.845s] Level 1:colcon.colcon_core.package_identification:_identify(/home/hgj/arm_ws/src/arm_gripper_moveit2_config) by extension 'ignore'
[0.845s] Level 1:colcon.colcon_core.package_identification:_identify(/home/hgj/arm_ws/src/arm_gripper_moveit2_config) by extension 'ignore_ament_install'
[0.845s] Level 1:colcon.colcon_core.package_identification:_identify(/home/hgj/arm_ws/src/arm_gripper_moveit2_config) by extensions ['colcon_pkg']
[0.845s] Level 1:colcon.colcon_core.package_identification:_identify(/home/hgj/arm_ws/src/arm_gripper_moveit2_config) by extension 'colcon_pkg'
[0.845s] Level 1:colcon.colcon_core.package_identification:_identify(/home/hgj/arm_ws/src/arm_gripper_moveit2_config) by extensions ['colcon_meta']
[0.845s] Level 1:colcon.colcon_core.package_identification:_identify(/home/hgj/arm_ws/src/arm_gripper_moveit2_config) by extension 'colcon_meta'
[0.845s] Level 1:colcon.colcon_core.package_identification:_identify(/home/hgj/arm_ws/src/arm_gripper_moveit2_config) by extensions ['ros']
[0.845s] Level 1:colcon.colcon_core.package_identification:_identify(/home/hgj/arm_ws/src/arm_gripper_moveit2_config) by extension 'ros'
[0.849s] DEBUG:colcon.colcon_core.package_identification:Package '/home/hgj/arm_ws/src/arm_gripper_moveit2_config' with type 'ros.ament_cmake' and name 'arm_gripper_moveit2_config'
[0.849s] Level 1:colcon.colcon_core.package_identification:_identify(/home/hgj/arm_ws/src/elite_robot_ros2) by extensions ['ignore', 'ignore_ament_install']
[0.849s] Level 1:colcon.colcon_core.package_identification:_identify(/home/hgj/arm_ws/src/elite_robot_ros2) by extension 'ignore'
[0.849s] Level 1:colcon.colcon_core.package_identification:_identify(/home/hgj/arm_ws/src/elite_robot_ros2) by extension 'ignore_ament_install'
[0.850s] Level 1:colcon.colcon_core.package_identification:_identify(/home/hgj/arm_ws/src/elite_robot_ros2) by extensions ['colcon_pkg']
[0.850s] Level 1:colcon.colcon_core.package_identification:_identify(/home/hgj/arm_ws/src/elite_robot_ros2) by extension 'colcon_pkg'
[0.850s] Level 1:colcon.colcon_core.package_identification:_identify(/home/hgj/arm_ws/src/elite_robot_ros2) by extensions ['colcon_meta']
[0.850s] Level 1:colcon.colcon_core.package_identification:_identify(/home/hgj/arm_ws/src/elite_robot_ros2) by extension 'colcon_meta'
[0.850s] Level 1:colcon.colcon_core.package_identification:_identify(/home/hgj/arm_ws/src/elite_robot_ros2) by extensions ['ros']
[0.850s] Level 1:colcon.colcon_core.package_identification:_identify(/home/hgj/arm_ws/src/elite_robot_ros2) by extension 'ros'
[0.850s] Level 1:colcon.colcon_core.package_identification:_identify(/home/hgj/arm_ws/src/elite_robot_ros2) by extensions ['cmake', 'python']
[0.850s] Level 1:colcon.colcon_core.package_identification:_identify(/home/hgj/arm_ws/src/elite_robot_ros2) by extension 'cmake'
[0.850s] Level 1:colcon.colcon_core.package_identification:_identify(/home/hgj/arm_ws/src/elite_robot_ros2) by extension 'python'
[0.850s] Level 1:colcon.colcon_core.package_identification:_identify(/home/hgj/arm_ws/src/elite_robot_ros2) by extensions ['python_setup_py']
[0.850s] Level 1:colcon.colcon_core.package_identification:_identify(/home/hgj/arm_ws/src/elite_robot_ros2) by extension 'python_setup_py'
[0.850s] Level 1:colcon.colcon_core.package_identification:_identify(/home/hgj/arm_ws/src/elite_robot_ros2/config) by extensions ['ignore', 'ignore_ament_install']
[0.850s] Level 1:colcon.colcon_core.package_identification:_identify(/home/hgj/arm_ws/src/elite_robot_ros2/config) by extension 'ignore'
[0.850s] Level 1:colcon.colcon_core.package_identification:_identify(/home/hgj/arm_ws/src/elite_robot_ros2/config) by extension 'ignore_ament_install'
[0.850s] Level 1:colcon.colcon_core.package_identification:_identify(/home/hgj/arm_ws/src/elite_robot_ros2/config) by extensions ['colcon_pkg']
[0.850s] Level 1:colcon.colcon_core.package_identification:_identify(/home/hgj/arm_ws/src/elite_robot_ros2/config) by extension 'colcon_pkg'
[0.850s] Level 1:colcon.colcon_core.package_identification:_identify(/home/hgj/arm_ws/src/elite_robot_ros2/config) by extensions ['colcon_meta']
[0.850s] Level 1:colcon.colcon_core.package_identification:_identify(/home/hgj/arm_ws/src/elite_robot_ros2/config) by extension 'colcon_meta'
[0.851s] Level 1:colcon.colcon_core.package_identification:_identify(/home/hgj/arm_ws/src/elite_robot_ros2/config) by extensions ['ros']
[0.851s] Level 1:colcon.colcon_core.package_identification:_identify(/home/hgj/arm_ws/src/elite_robot_ros2/config) by extension 'ros'
[0.851s] Level 1:colcon.colcon_core.package_identification:_identify(/home/hgj/arm_ws/src/elite_robot_ros2/config) by extensions ['cmake', 'python']
[0.851s] Level 1:colcon.colcon_core.package_identification:_identify(/home/hgj/arm_ws/src/elite_robot_ros2/config) by extension 'cmake'
[0.851s] Level 1:colcon.colcon_core.package_identification:_identify(/home/hgj/arm_ws/src/elite_robot_ros2/config) by extension 'python'
[0.851s] Level 1:colcon.colcon_core.package_identification:_identify(/home/hgj/arm_ws/src/elite_robot_ros2/config) by extensions ['python_setup_py']
[0.851s] Level 1:colcon.colcon_core.package_identification:_identify(/home/hgj/arm_ws/src/elite_robot_ros2/config) by extension 'python_setup_py'
[0.851s] Level 1:colcon.colcon_core.package_identification:_identify(/home/hgj/arm_ws/src/elite_robot_ros2/launch) by extensions ['ignore', 'ignore_ament_install']
[0.851s] Level 1:colcon.colcon_core.package_identification:_identify(/home/hgj/arm_ws/src/elite_robot_ros2/launch) by extension 'ignore'
[0.851s] Level 1:colcon.colcon_core.package_identification:_identify(/home/hgj/arm_ws/src/elite_robot_ros2/launch) by extension 'ignore_ament_install'
[0.851s] Level 1:colcon.colcon_core.package_identification:_identify(/home/hgj/arm_ws/src/elite_robot_ros2/launch) by extensions ['colcon_pkg']
[0.851s] Level 1:colcon.colcon_core.package_identification:_identify(/home/hgj/arm_ws/src/elite_robot_ros2/launch) by extension 'colcon_pkg'
[0.851s] Level 1:colcon.colcon_core.package_identification:_identify(/home/hgj/arm_ws/src/elite_robot_ros2/launch) by extensions ['colcon_meta']
[0.851s] Level 1:colcon.colcon_core.package_identification:_identify(/home/hgj/arm_ws/src/elite_robot_ros2/launch) by extension 'colcon_meta'
[0.851s] Level 1:colcon.colcon_core.package_identification:_identify(/home/hgj/arm_ws/src/elite_robot_ros2/launch) by extensions ['ros']
[0.851s] Level 1:colcon.colcon_core.package_identification:_identify(/home/hgj/arm_ws/src/elite_robot_ros2/launch) by extension 'ros'
[0.851s] Level 1:colcon.colcon_core.package_identification:_identify(/home/hgj/arm_ws/src/elite_robot_ros2/launch) by extensions ['cmake', 'python']
[0.851s] Level 1:colcon.colcon_core.package_identification:_identify(/home/hgj/arm_ws/src/elite_robot_ros2/launch) by extension 'cmake'
[0.851s] Level 1:colcon.colcon_core.package_identification:_identify(/home/hgj/arm_ws/src/elite_robot_ros2/launch) by extension 'python'
[0.852s] Level 1:colcon.colcon_core.package_identification:_identify(/home/hgj/arm_ws/src/elite_robot_ros2/launch) by extensions ['python_setup_py']
[0.852s] Level 1:colcon.colcon_core.package_identification:_identify(/home/hgj/arm_ws/src/elite_robot_ros2/launch) by extension 'python_setup_py'
[0.852s] Level 1:colcon.colcon_core.package_identification:_identify(/home/hgj/arm_ws/src/elite_robot_ros2/src) by extensions ['ignore', 'ignore_ament_install']
[0.852s] Level 1:colcon.colcon_core.package_identification:_identify(/home/hgj/arm_ws/src/elite_robot_ros2/src) by extension 'ignore'
[0.852s] Level 1:colcon.colcon_core.package_identification:_identify(/home/hgj/arm_ws/src/elite_robot_ros2/src) by extension 'ignore_ament_install'
[0.852s] Level 1:colcon.colcon_core.package_identification:_identify(/home/hgj/arm_ws/src/elite_robot_ros2/src) by extensions ['colcon_pkg']
[0.852s] Level 1:colcon.colcon_core.package_identification:_identify(/home/hgj/arm_ws/src/elite_robot_ros2/src) by extension 'colcon_pkg'
[0.852s] Level 1:colcon.colcon_core.package_identification:_identify(/home/hgj/arm_ws/src/elite_robot_ros2/src) by extensions ['colcon_meta']
[0.852s] Level 1:colcon.colcon_core.package_identification:_identify(/home/hgj/arm_ws/src/elite_robot_ros2/src) by extension 'colcon_meta'
[0.852s] Level 1:colcon.colcon_core.package_identification:_identify(/home/hgj/arm_ws/src/elite_robot_ros2/src) by extensions ['ros']
[0.852s] Level 1:colcon.colcon_core.package_identification:_identify(/home/hgj/arm_ws/src/elite_robot_ros2/src) by extension 'ros'
[0.852s] Level 1:colcon.colcon_core.package_identification:_identify(/home/hgj/arm_ws/src/elite_robot_ros2/src) by extensions ['cmake', 'python']
[0.852s] Level 1:colcon.colcon_core.package_identification:_identify(/home/hgj/arm_ws/src/elite_robot_ros2/src) by extension 'cmake'
[0.852s] Level 1:colcon.colcon_core.package_identification:_identify(/home/hgj/arm_ws/src/elite_robot_ros2/src) by extension 'python'
[0.852s] Level 1:colcon.colcon_core.package_identification:_identify(/home/hgj/arm_ws/src/elite_robot_ros2/src) by extensions ['python_setup_py']
[0.852s] Level 1:colcon.colcon_core.package_identification:_identify(/home/hgj/arm_ws/src/elite_robot_ros2/src) by extension 'python_setup_py'
[0.852s] Level 1:colcon.colcon_core.package_identification:_identify(/home/hgj/arm_ws/src/elite_robot_ros2/src/arm_moveit2_config) by extensions ['ignore', 'ignore_ament_install']
[0.852s] Level 1:colcon.colcon_core.package_identification:_identify(/home/hgj/arm_ws/src/elite_robot_ros2/src/arm_moveit2_config) by extension 'ignore'
[0.853s] Level 1:colcon.colcon_core.package_identification:_identify(/home/hgj/arm_ws/src/elite_robot_ros2/src/arm_moveit2_config) by extension 'ignore_ament_install'
[0.853s] Level 1:colcon.colcon_core.package_identification:_identify(/home/hgj/arm_ws/src/elite_robot_ros2/src/arm_moveit2_config) by extensions ['colcon_pkg']
[0.853s] Level 1:colcon.colcon_core.package_identification:_identify(/home/hgj/arm_ws/src/elite_robot_ros2/src/arm_moveit2_config) by extension 'colcon_pkg'
[0.853s] Level 1:colcon.colcon_core.package_identification:_identify(/home/hgj/arm_ws/src/elite_robot_ros2/src/arm_moveit2_config) by extensions ['colcon_meta']
[0.853s] Level 1:colcon.colcon_core.package_identification:_identify(/home/hgj/arm_ws/src/elite_robot_ros2/src/arm_moveit2_config) by extension 'colcon_meta'
[0.853s] Level 1:colcon.colcon_core.package_identification:_identify(/home/hgj/arm_ws/src/elite_robot_ros2/src/arm_moveit2_config) by extensions ['ros']
[0.853s] Level 1:colcon.colcon_core.package_identification:_identify(/home/hgj/arm_ws/src/elite_robot_ros2/src/arm_moveit2_config) by extension 'ros'
[0.854s] DEBUG:colcon.colcon_core.package_identification:Package '/home/hgj/arm_ws/src/elite_robot_ros2/src/arm_moveit2_config' with type 'ros.ament_cmake' and name 'arm_moveit2_config'
[0.854s] Level 1:colcon.colcon_core.package_identification:_identify(/home/hgj/arm_ws/src/elite_robot_ros2/src/elite_description) by extensions ['ignore', 'ignore_ament_install']
[0.854s] Level 1:colcon.colcon_core.package_identification:_identify(/home/hgj/arm_ws/src/elite_robot_ros2/src/elite_description) by extension 'ignore'
[0.854s] Level 1:colcon.colcon_core.package_identification:_identify(/home/hgj/arm_ws/src/elite_robot_ros2/src/elite_description) by extension 'ignore_ament_install'
[0.854s] Level 1:colcon.colcon_core.package_identification:_identify(/home/hgj/arm_ws/src/elite_robot_ros2/src/elite_description) by extensions ['colcon_pkg']
[0.854s] Level 1:colcon.colcon_core.package_identification:_identify(/home/hgj/arm_ws/src/elite_robot_ros2/src/elite_description) by extension 'colcon_pkg'
[0.854s] Level 1:colcon.colcon_core.package_identification:_identify(/home/hgj/arm_ws/src/elite_robot_ros2/src/elite_description) by extensions ['colcon_meta']
[0.854s] Level 1:colcon.colcon_core.package_identification:_identify(/home/hgj/arm_ws/src/elite_robot_ros2/src/elite_description) by extension 'colcon_meta'
[0.854s] Level 1:colcon.colcon_core.package_identification:_identify(/home/hgj/arm_ws/src/elite_robot_ros2/src/elite_description) by extensions ['ros']
[0.854s] Level 1:colcon.colcon_core.package_identification:_identify(/home/hgj/arm_ws/src/elite_robot_ros2/src/elite_description) by extension 'ros'
[0.855s] DEBUG:colcon.colcon_core.package_identification:Package '/home/hgj/arm_ws/src/elite_robot_ros2/src/elite_description' with type 'ros.ament_cmake' and name 'elite_description'
[0.855s] Level 1:colcon.colcon_core.package_identification:_identify(/home/hgj/arm_ws/src/elite_robot_ros2/src/elite_moveit2) by extensions ['ignore', 'ignore_ament_install']
[0.855s] Level 1:colcon.colcon_core.package_identification:_identify(/home/hgj/arm_ws/src/elite_robot_ros2/src/elite_moveit2) by extension 'ignore'
[0.855s] Level 1:colcon.colcon_core.package_identification:_identify(/home/hgj/arm_ws/src/elite_robot_ros2/src/elite_moveit2) by extension 'ignore_ament_install'
[0.855s] Level 1:colcon.colcon_core.package_identification:_identify(/home/hgj/arm_ws/src/elite_robot_ros2/src/elite_moveit2) by extensions ['colcon_pkg']
[0.855s] Level 1:colcon.colcon_core.package_identification:_identify(/home/hgj/arm_ws/src/elite_robot_ros2/src/elite_moveit2) by extension 'colcon_pkg'
[0.855s] Level 1:colcon.colcon_core.package_identification:_identify(/home/hgj/arm_ws/src/elite_robot_ros2/src/elite_moveit2) by extensions ['colcon_meta']
[0.855s] Level 1:colcon.colcon_core.package_identification:_identify(/home/hgj/arm_ws/src/elite_robot_ros2/src/elite_moveit2) by extension 'colcon_meta'
[0.855s] Level 1:colcon.colcon_core.package_identification:_identify(/home/hgj/arm_ws/src/elite_robot_ros2/src/elite_moveit2) by extensions ['ros']
[0.855s] Level 1:colcon.colcon_core.package_identification:_identify(/home/hgj/arm_ws/src/elite_robot_ros2/src/elite_moveit2) by extension 'ros'
[0.856s] Level 1:colcon.colcon_core.package_identification:_identify(/home/hgj/arm_ws/src/elite_robot_ros2/src/elite_moveit2) by extensions ['cmake', 'python']
[0.856s] Level 1:colcon.colcon_core.package_identification:_identify(/home/hgj/arm_ws/src/elite_robot_ros2/src/elite_moveit2) by extension 'cmake'
[0.856s] Level 1:colcon.colcon_core.package_identification:_identify(/home/hgj/arm_ws/src/elite_robot_ros2/src/elite_moveit2) by extension 'python'
[0.856s] Level 1:colcon.colcon_core.package_identification:_identify(/home/hgj/arm_ws/src/elite_robot_ros2/src/elite_moveit2) by extensions ['python_setup_py']
[0.856s] Level 1:colcon.colcon_core.package_identification:_identify(/home/hgj/arm_ws/src/elite_robot_ros2/src/elite_moveit2) by extension 'python_setup_py'
[0.856s] Level 1:colcon.colcon_core.package_identification:_identify(/home/hgj/arm_ws/src/elite_robot_ros2/src/elite_moveit2/elite_ec66_moveit_config) by extensions ['ignore', 'ignore_ament_install']
[0.856s] Level 1:colcon.colcon_core.package_identification:_identify(/home/hgj/arm_ws/src/elite_robot_ros2/src/elite_moveit2/elite_ec66_moveit_config) by extension 'ignore'
[0.856s] Level 1:colcon.colcon_core.package_identification:_identify(/home/hgj/arm_ws/src/elite_robot_ros2/src/elite_moveit2/elite_ec66_moveit_config) by extension 'ignore_ament_install'
[0.856s] Level 1:colcon.colcon_core.package_identification:_identify(/home/hgj/arm_ws/src/elite_robot_ros2/src/elite_moveit2/elite_ec66_moveit_config) by extensions ['colcon_pkg']
[0.856s] Level 1:colcon.colcon_core.package_identification:_identify(/home/hgj/arm_ws/src/elite_robot_ros2/src/elite_moveit2/elite_ec66_moveit_config) by extension 'colcon_pkg'
[0.856s] Level 1:colcon.colcon_core.package_identification:_identify(/home/hgj/arm_ws/src/elite_robot_ros2/src/elite_moveit2/elite_ec66_moveit_config) by extensions ['colcon_meta']
[0.856s] Level 1:colcon.colcon_core.package_identification:_identify(/home/hgj/arm_ws/src/elite_robot_ros2/src/elite_moveit2/elite_ec66_moveit_config) by extension 'colcon_meta'
[0.856s] Level 1:colcon.colcon_core.package_identification:_identify(/home/hgj/arm_ws/src/elite_robot_ros2/src/elite_moveit2/elite_ec66_moveit_config) by extensions ['ros']
[0.856s] Level 1:colcon.colcon_core.package_identification:_identify(/home/hgj/arm_ws/src/elite_robot_ros2/src/elite_moveit2/elite_ec66_moveit_config) by extension 'ros'
[0.859s] DEBUG:colcon.colcon_core.package_identification:Package '/home/hgj/arm_ws/src/elite_robot_ros2/src/elite_moveit2/elite_ec66_moveit_config' with type 'ros.ament_cmake' and name 'elite_ec66_moveit_config'
[0.860s] Level 1:colcon.colcon_core.package_discovery:discover_packages(recursive) using defaults
[0.937s] Level 1:colcon.colcon_core.package_discovery:discover_packages(prefix_path) check parameters
[0.938s] Level 1:colcon.colcon_core.package_discovery:discover_packages(prefix_path) discover
[0.962s] DEBUG:colcon.colcon_installed_package_information.package_discovery:Found 4 installed packages in /home/hgj/arm_ws/install
[0.973s] DEBUG:colcon.colcon_installed_package_information.package_discovery:Found 9 installed packages in /home/hgj/ros2_ws/install
[0.999s] DEBUG:colcon.colcon_installed_package_information.package_discovery:Found 12 installed packages in /home/hgj/ros_ws/install
[1.010s] DEBUG:colcon.colcon_installed_package_information.package_discovery:Found 1 installed packages in /home/hgj/ES_ws/install
[1.023s] DEBUG:colcon.colcon_installed_package_information.package_discovery:Found 460 installed packages in /opt/ros/humble
[1.025s] Level 1:colcon.colcon_core.package_discovery:discover_packages(prefix_path) using defaults
[1.105s] Level 5:colcon.colcon_core.verb:set package 'elite_description' build argument 'cmake_args' from command line to '['-DCMAKE_BUILD_TYPE=RelWithDebInfo']'
[1.105s] Level 5:colcon.colcon_core.verb:set package 'elite_description' build argument 'cmake_target' from command line to 'None'
[1.105s] Level 5:colcon.colcon_core.verb:set package 'elite_description' build argument 'cmake_target_skip_unavailable' from command line to 'False'
[1.105s] Level 5:colcon.colcon_core.verb:set package 'elite_description' build argument 'cmake_clean_cache' from command line to 'False'
[1.105s] Level 5:colcon.colcon_core.verb:set package 'elite_description' build argument 'cmake_clean_first' from command line to 'False'
[1.105s] Level 5:colcon.colcon_core.verb:set package 'elite_description' build argument 'cmake_force_configure' from command line to 'False'
[1.105s] Level 5:colcon.colcon_core.verb:set package 'elite_description' build argument 'ament_cmake_args' from command line to 'None'
[1.105s] Level 5:colcon.colcon_core.verb:set package 'elite_description' build argument 'catkin_cmake_args' from command line to 'None'
[1.105s] Level 5:colcon.colcon_core.verb:set package 'elite_description' build argument 'catkin_skip_building_tests' from command line to 'False'
[1.105s] DEBUG:colcon.colcon_core.verb:Building package 'elite_description' with the following arguments: {'ament_cmake_args': None, 'build_base': '/home/hgj/arm_ws/build/elite_description', 'catkin_cmake_args': None, 'catkin_skip_building_tests': False, 'cmake_args': ['-DCMAKE_BUILD_TYPE=RelWithDebInfo'], 'cmake_clean_cache': False, 'cmake_clean_first': False, 'cmake_force_configure': False, 'cmake_target': None, 'cmake_target_skip_unavailable': False, 'install_base': '/home/hgj/arm_ws/install/elite_description', 'merge_install': False, 'path': '/home/hgj/arm_ws/src/elite_robot_ros2/src/elite_description', 'symlink_install': True, 'test_result_base': None}
[1.117s] Level 5:colcon.colcon_core.verb:set package 'arm_gripper_moveit2_config' build argument 'cmake_args' from command line to '['-DCMAKE_BUILD_TYPE=RelWithDebInfo']'
[1.117s] Level 5:colcon.colcon_core.verb:set package 'arm_gripper_moveit2_config' build argument 'cmake_target' from command line to 'None'
[1.117s] Level 5:colcon.colcon_core.verb:set package 'arm_gripper_moveit2_config' build argument 'cmake_target_skip_unavailable' from command line to 'False'
[1.117s] Level 5:colcon.colcon_core.verb:set package 'arm_gripper_moveit2_config' build argument 'cmake_clean_cache' from command line to 'False'
[1.117s] Level 5:colcon.colcon_core.verb:set package 'arm_gripper_moveit2_config' build argument 'cmake_clean_first' from command line to 'False'
[1.117s] Level 5:colcon.colcon_core.verb:set package 'arm_gripper_moveit2_config' build argument 'cmake_force_configure' from command line to 'False'
[1.117s] Level 5:colcon.colcon_core.verb:set package 'arm_gripper_moveit2_config' build argument 'ament_cmake_args' from command line to 'None'
[1.117s] Level 5:colcon.colcon_core.verb:set package 'arm_gripper_moveit2_config' build argument 'catkin_cmake_args' from command line to 'None'
[1.117s] Level 5:colcon.colcon_core.verb:set package 'arm_gripper_moveit2_config' build argument 'catkin_skip_building_tests' from command line to 'False'
[1.117s] DEBUG:colcon.colcon_core.verb:Building package 'arm_gripper_moveit2_config' with the following arguments: {'ament_cmake_args': None, 'build_base': '/home/hgj/arm_ws/build/arm_gripper_moveit2_config', 'catkin_cmake_args': None, 'catkin_skip_building_tests': False, 'cmake_args': ['-DCMAKE_BUILD_TYPE=RelWithDebInfo'], 'cmake_clean_cache': False, 'cmake_clean_first': False, 'cmake_force_configure': False, 'cmake_target': None, 'cmake_target_skip_unavailable': False, 'install_base': '/home/hgj/arm_ws/install/arm_gripper_moveit2_config', 'merge_install': False, 'path': '/home/hgj/arm_ws/src/arm_gripper_moveit2_config', 'symlink_install': True, 'test_result_base': None}
[1.128s] Level 5:colcon.colcon_core.verb:set package 'arm_moveit2_config' build argument 'cmake_args' from command line to '['-DCMAKE_BUILD_TYPE=RelWithDebInfo']'
[1.128s] Level 5:colcon.colcon_core.verb:set package 'arm_moveit2_config' build argument 'cmake_target' from command line to 'None'
[1.128s] Level 5:colcon.colcon_core.verb:set package 'arm_moveit2_config' build argument 'cmake_target_skip_unavailable' from command line to 'False'
[1.128s] Level 5:colcon.colcon_core.verb:set package 'arm_moveit2_config' build argument 'cmake_clean_cache' from command line to 'False'
[1.128s] Level 5:colcon.colcon_core.verb:set package 'arm_moveit2_config' build argument 'cmake_clean_first' from command line to 'False'
[1.128s] Level 5:colcon.colcon_core.verb:set package 'arm_moveit2_config' build argument 'cmake_force_configure' from command line to 'False'
[1.128s] Level 5:colcon.colcon_core.verb:set package 'arm_moveit2_config' build argument 'ament_cmake_args' from command line to 'None'
[1.128s] Level 5:colcon.colcon_core.verb:set package 'arm_moveit2_config' build argument 'catkin_cmake_args' from command line to 'None'
[1.128s] Level 5:colcon.colcon_core.verb:set package 'arm_moveit2_config' build argument 'catkin_skip_building_tests' from command line to 'False'
[1.128s] DEBUG:colcon.colcon_core.verb:Building package 'arm_moveit2_config' with the following arguments: {'ament_cmake_args': None, 'build_base': '/home/hgj/arm_ws/build/arm_moveit2_config', 'catkin_cmake_args': None, 'catkin_skip_building_tests': False, 'cmake_args': ['-DCMAKE_BUILD_TYPE=RelWithDebInfo'], 'cmake_clean_cache': False, 'cmake_clean_first': False, 'cmake_force_configure': False, 'cmake_target': None, 'cmake_target_skip_unavailable': False, 'install_base': '/home/hgj/arm_ws/install/arm_moveit2_config', 'merge_install': False, 'path': '/home/hgj/arm_ws/src/elite_robot_ros2/src/arm_moveit2_config', 'symlink_install': True, 'test_result_base': None}
[1.139s] Level 5:colcon.colcon_core.verb:set package 'elite_ec66_moveit_config' build argument 'cmake_args' from command line to '['-DCMAKE_BUILD_TYPE=RelWithDebInfo']'
[1.139s] Level 5:colcon.colcon_core.verb:set package 'elite_ec66_moveit_config' build argument 'cmake_target' from command line to 'None'
[1.139s] Level 5:colcon.colcon_core.verb:set package 'elite_ec66_moveit_config' build argument 'cmake_target_skip_unavailable' from command line to 'False'
[1.139s] Level 5:colcon.colcon_core.verb:set package 'elite_ec66_moveit_config' build argument 'cmake_clean_cache' from command line to 'False'
[1.139s] Level 5:colcon.colcon_core.verb:set package 'elite_ec66_moveit_config' build argument 'cmake_clean_first' from command line to 'False'
[1.139s] Level 5:colcon.colcon_core.verb:set package 'elite_ec66_moveit_config' build argument 'cmake_force_configure' from command line to 'False'
[1.139s] Level 5:colcon.colcon_core.verb:set package 'elite_ec66_moveit_config' build argument 'ament_cmake_args' from command line to 'None'
[1.139s] Level 5:colcon.colcon_core.verb:set package 'elite_ec66_moveit_config' build argument 'catkin_cmake_args' from command line to 'None'
[1.139s] Level 5:colcon.colcon_core.verb:set package 'elite_ec66_moveit_config' build argument 'catkin_skip_building_tests' from command line to 'False'
[1.139s] DEBUG:colcon.colcon_core.verb:Building package 'elite_ec66_moveit_config' with the following arguments: {'ament_cmake_args': None, 'build_base': '/home/hgj/arm_ws/build/elite_ec66_moveit_config', 'catkin_cmake_args': None, 'catkin_skip_building_tests': False, 'cmake_args': ['-DCMAKE_BUILD_TYPE=RelWithDebInfo'], 'cmake_clean_cache': False, 'cmake_clean_first': False, 'cmake_force_configure': False, 'cmake_target': None, 'cmake_target_skip_unavailable': False, 'install_base': '/home/hgj/arm_ws/install/elite_ec66_moveit_config', 'merge_install': False, 'path': '/home/hgj/arm_ws/src/elite_robot_ros2/src/elite_moveit2/elite_ec66_moveit_config', 'symlink_install': True, 'test_result_base': None}
[1.150s] INFO:colcon.colcon_core.executor:Executing jobs using 'parallel' executor
[1.162s] DEBUG:colcon.colcon_parallel_executor.executor.parallel:run_until_complete
[1.162s] INFO:colcon.colcon_ros.task.ament_cmake.build:Building ROS package in '/home/hgj/arm_ws/src/elite_robot_ros2/src/elite_description' with build type 'ament_cmake'
[1.162s] INFO:colcon.colcon_cmake.task.cmake.build:Building CMake package in '/home/hgj/arm_ws/src/elite_robot_ros2/src/elite_description'
[1.175s] INFO:colcon.colcon_core.plugin_system:Skipping extension 'colcon_core.shell.bat': Not used on non-Windows systems
[1.175s] INFO:colcon.colcon_core.shell:Skip shell extension 'powershell' for command environment: Not usable outside of PowerShell
[1.175s] DEBUG:colcon.colcon_core.shell:Skip shell extension 'dsv' for command environment
[1.252s] DEBUG:colcon.colcon_core.event_handler.log_command:Invoking command in '/home/hgj/arm_ws/build/elite_description': CMAKE_PREFIX_PATH=${CMAKE_PREFIX_PATH}:/home/hgj/ros2_ws/install/fishbot_description:/home/hgj/ros_ws/install/rm_decision:/opt/ros/humble /usr/bin/cmake --build /home/hgj/arm_ws/build/elite_description -- -j8 -l8
[1.290s] DEBUG:colcon.colcon_core.event_handler.log_command:Invoked command in '/home/hgj/arm_ws/build/elite_description' returned '0': CMAKE_PREFIX_PATH=${CMAKE_PREFIX_PATH}:/home/hgj/ros2_ws/install/fishbot_description:/home/hgj/ros_ws/install/rm_decision:/opt/ros/humble /usr/bin/cmake --build /home/hgj/arm_ws/build/elite_description -- -j8 -l8
[1.324s] DEBUG:colcon.colcon_core.event_handler.log_command:Invoking command in '/home/hgj/arm_ws/build/elite_description': CMAKE_PREFIX_PATH=${CMAKE_PREFIX_PATH}:/home/hgj/ros2_ws/install/fishbot_description:/home/hgj/ros_ws/install/rm_decision:/opt/ros/humble /usr/bin/cmake --install /home/hgj/arm_ws/build/elite_description
[1.349s] Level 1:colcon.colcon_core.environment:create_environment_scripts_only(elite_description)
[1.350s] DEBUG:colcon.colcon_core.event_handler.log_command:Invoked command in '/home/hgj/arm_ws/build/elite_description' returned '0': CMAKE_PREFIX_PATH=${CMAKE_PREFIX_PATH}:/home/hgj/ros2_ws/install/fishbot_description:/home/hgj/ros_ws/install/rm_decision:/opt/ros/humble /usr/bin/cmake --install /home/hgj/arm_ws/build/elite_description
[1.366s] Level 1:colcon.colcon_core.environment:checking '/home/hgj/arm_ws/install/elite_description' for CMake module files
[1.366s] Level 1:colcon.colcon_core.environment:checking '/home/hgj/arm_ws/install/elite_description' for CMake config files
[1.366s] Level 1:colcon.colcon_core.shell:create_environment_hook('elite_description', 'cmake_prefix_path')
[1.380s] INFO:colcon.colcon_core.shell:Creating environment hook '/home/hgj/arm_ws/install/elite_description/share/elite_description/hook/cmake_prefix_path.ps1'
[1.381s] INFO:colcon.colcon_core.shell:Creating environment descriptor '/home/hgj/arm_ws/install/elite_description/share/elite_description/hook/cmake_prefix_path.dsv'
[1.381s] INFO:colcon.colcon_core.shell:Creating environment hook '/home/hgj/arm_ws/install/elite_description/share/elite_description/hook/cmake_prefix_path.sh'
[1.382s] Level 1:colcon.colcon_core.environment:checking '/home/hgj/arm_ws/install/elite_description/bin'
[1.382s] Level 1:colcon.colcon_core.environment:checking '/home/hgj/arm_ws/install/elite_description/lib/pkgconfig/elite_description.pc'
[1.382s] Level 1:colcon.colcon_core.environment:checking '/home/hgj/arm_ws/install/elite_description/lib/python3.10/site-packages'
[1.382s] Level 1:colcon.colcon_core.environment:checking '/home/hgj/arm_ws/install/elite_description/bin'
[1.394s] INFO:colcon.colcon_core.shell:Creating package script '/home/hgj/arm_ws/install/elite_description/share/elite_description/package.ps1'
[1.395s] INFO:colcon.colcon_core.shell:Creating package descriptor '/home/hgj/arm_ws/install/elite_description/share/elite_description/package.dsv'
[1.395s] INFO:colcon.colcon_core.shell:Creating package script '/home/hgj/arm_ws/install/elite_description/share/elite_description/package.sh'
[1.396s] INFO:colcon.colcon_core.shell:Creating package script '/home/hgj/arm_ws/install/elite_description/share/elite_description/package.bash'
[1.396s] INFO:colcon.colcon_core.shell:Creating package script '/home/hgj/arm_ws/install/elite_description/share/elite_description/package.zsh'
[1.397s] Level 1:colcon.colcon_core.environment:create_file_with_runtime_dependencies(/home/hgj/arm_ws/install/elite_description/share/colcon-core/packages/elite_description)
[1.459s] Level 1:colcon.colcon_core.environment:create_environment_scripts_only(elite_description)
[1.473s] Level 1:colcon.colcon_core.environment:checking '/home/hgj/arm_ws/install/elite_description' for CMake module files
[1.474s] Level 1:colcon.colcon_core.environment:checking '/home/hgj/arm_ws/install/elite_description' for CMake config files
[1.474s] Level 1:colcon.colcon_core.shell:create_environment_hook('elite_description', 'cmake_prefix_path')
[1.487s] INFO:colcon.colcon_core.shell:Creating environment hook '/home/hgj/arm_ws/install/elite_description/share/elite_description/hook/cmake_prefix_path.ps1'
[1.487s] INFO:colcon.colcon_core.shell:Creating environment descriptor '/home/hgj/arm_ws/install/elite_description/share/elite_description/hook/cmake_prefix_path.dsv'
[1.487s] INFO:colcon.colcon_core.shell:Creating environment hook '/home/hgj/arm_ws/install/elite_description/share/elite_description/hook/cmake_prefix_path.sh'
[1.488s] Level 1:colcon.colcon_core.environment:checking '/home/hgj/arm_ws/install/elite_description/bin'
[1.488s] Level 1:colcon.colcon_core.environment:checking '/home/hgj/arm_ws/install/elite_description/lib/pkgconfig/elite_description.pc'
[1.488s] Level 1:colcon.colcon_core.environment:checking '/home/hgj/arm_ws/install/elite_description/lib/python3.10/site-packages'
[1.488s] Level 1:colcon.colcon_core.environment:checking '/home/hgj/arm_ws/install/elite_description/bin'
[1.500s] INFO:colcon.colcon_core.shell:Creating package script '/home/hgj/arm_ws/install/elite_description/share/elite_description/package.ps1'
[1.500s] INFO:colcon.colcon_core.shell:Creating package descriptor '/home/hgj/arm_ws/install/elite_description/share/elite_description/package.dsv'
[1.501s] INFO:colcon.colcon_core.shell:Creating package script '/home/hgj/arm_ws/install/elite_description/share/elite_description/package.sh'
[1.501s] INFO:colcon.colcon_core.shell:Creating package script '/home/hgj/arm_ws/install/elite_description/share/elite_description/package.bash'
[1.501s] INFO:colcon.colcon_core.shell:Creating package script '/home/hgj/arm_ws/install/elite_description/share/elite_description/package.zsh'
[1.502s] Level 1:colcon.colcon_core.environment:create_file_with_runtime_dependencies(/home/hgj/arm_ws/install/elite_description/share/colcon-core/packages/elite_description)
[1.502s] INFO:colcon.colcon_ros.task.ament_cmake.build:Building ROS package in '/home/hgj/arm_ws/src/arm_gripper_moveit2_config' with build type 'ament_cmake'
[1.502s] INFO:colcon.colcon_cmake.task.cmake.build:Building CMake package in '/home/hgj/arm_ws/src/arm_gripper_moveit2_config'
[1.516s] INFO:colcon.colcon_core.shell:Skip shell extension 'powershell' for command environment: Not usable outside of PowerShell
[1.516s] DEBUG:colcon.colcon_core.shell:Skip shell extension 'dsv' for command environment
[1.589s] INFO:colcon.colcon_ros.task.ament_cmake.build:Building ROS package in '/home/hgj/arm_ws/src/elite_robot_ros2/src/arm_moveit2_config' with build type 'ament_cmake'
[1.590s] INFO:colcon.colcon_cmake.task.cmake.build:Building CMake package in '/home/hgj/arm_ws/src/elite_robot_ros2/src/arm_moveit2_config'
[1.605s] INFO:colcon.colcon_core.shell:Skip shell extension 'powershell' for command environment: Not usable outside of PowerShell
[1.605s] DEBUG:colcon.colcon_core.shell:Skip shell extension 'dsv' for command environment
[1.681s] INFO:colcon.colcon_ros.task.ament_cmake.build:Building ROS package in '/home/hgj/arm_ws/src/elite_robot_ros2/src/elite_moveit2/elite_ec66_moveit_config' with build type 'ament_cmake'
[1.682s] INFO:colcon.colcon_cmake.task.cmake.build:Building CMake package in '/home/hgj/arm_ws/src/elite_robot_ros2/src/elite_moveit2/elite_ec66_moveit_config'
[1.695s] INFO:colcon.colcon_core.shell:Skip shell extension 'powershell' for command environment: Not usable outside of PowerShell
[1.696s] DEBUG:colcon.colcon_core.shell:Skip shell extension 'dsv' for command environment
[1.774s] DEBUG:colcon.colcon_core.event_handler.log_command:Invoking command in '/home/hgj/arm_ws/build/arm_gripper_moveit2_config': CMAKE_PREFIX_PATH=/home/hgj/arm_ws/install/elite_description:/home/hgj/arm_ws/install/elite_ec66_moveit_config:/home/hgj/arm_ws/install/arm_moveit2_config:/home/hgj/arm_ws/install/arm_gripper_moveit2_config:/home/hgj/ros2_ws/install/fishbot_navigation2:/home/hgj/ros2_ws/install/fishbot_cartographer:/home/hgj/ros2_ws/install/elite_ec66_moveit_config:/home/hgj/ros2_ws/install/elite_description:/home/hgj/ros2_ws/install/cartographer_rviz:/home/hgj/ros2_ws/install/cartographer_ros:/home/hgj/ros2_ws/install/cartographer_ros_msgs:/home/hgj/ros2_ws/install/cartographer:/home/hgj/ros_ws/install/ros2_livox_simulation:/home/hgj/ros_ws/install/rm_navigation:/home/hgj/ros_ws/install/rm_decision_interfaces:/home/hgj/ros_ws/install/pointcloud_to_laserscan:/home/hgj/ros_ws/install/pb_rm_simulation:/home/hgj/ros_ws/install/fast_lio:/home/hgj/ros_ws/install/livox_ros_driver2:/home/hgj/ros_ws/install/linefit_ground_segmentation_ros:/home/hgj/ros_ws/install/linefit_ground_segmentation:/home/hgj/ros_ws/install/icp_localization_ros2:/home/hgj/ros2_ws/install/fishbot_description:/home/hgj/ros_ws/install/rm_decision:/opt/ros/humble /usr/bin/cmake --build /home/hgj/arm_ws/build/arm_gripper_moveit2_config -- -j8 -l8
[1.781s] DEBUG:colcon.colcon_core.event_handler.log_command:Invoking command in '/home/hgj/arm_ws/build/arm_moveit2_config': CMAKE_PREFIX_PATH=/home/hgj/arm_ws/install/elite_description:/home/hgj/arm_ws/install/elite_ec66_moveit_config:/home/hgj/arm_ws/install/arm_moveit2_config:/home/hgj/arm_ws/install/arm_gripper_moveit2_config:/home/hgj/ros2_ws/install/fishbot_navigation2:/home/hgj/ros2_ws/install/fishbot_cartographer:/home/hgj/ros2_ws/install/elite_ec66_moveit_config:/home/hgj/ros2_ws/install/elite_description:/home/hgj/ros2_ws/install/cartographer_rviz:/home/hgj/ros2_ws/install/cartographer_ros:/home/hgj/ros2_ws/install/cartographer_ros_msgs:/home/hgj/ros2_ws/install/cartographer:/home/hgj/ros_ws/install/ros2_livox_simulation:/home/hgj/ros_ws/install/rm_navigation:/home/hgj/ros_ws/install/rm_decision_interfaces:/home/hgj/ros_ws/install/pointcloud_to_laserscan:/home/hgj/ros_ws/install/pb_rm_simulation:/home/hgj/ros_ws/install/fast_lio:/home/hgj/ros_ws/install/livox_ros_driver2:/home/hgj/ros_ws/install/linefit_ground_segmentation_ros:/home/hgj/ros_ws/install/linefit_ground_segmentation:/home/hgj/ros_ws/install/icp_localization_ros2:/home/hgj/ros2_ws/install/fishbot_description:/home/hgj/ros_ws/install/rm_decision:/opt/ros/humble /usr/bin/cmake --build /home/hgj/arm_ws/build/arm_moveit2_config -- -j8 -l8
[1.785s] DEBUG:colcon.colcon_core.event_handler.log_command:Invoking command in '/home/hgj/arm_ws/build/elite_ec66_moveit_config': CMAKE_PREFIX_PATH=/home/hgj/arm_ws/install/elite_description:/home/hgj/arm_ws/install/elite_ec66_moveit_config:/home/hgj/arm_ws/install/arm_moveit2_config:/home/hgj/arm_ws/install/arm_gripper_moveit2_config:/home/hgj/ros2_ws/install/fishbot_navigation2:/home/hgj/ros2_ws/install/fishbot_cartographer:/home/hgj/ros2_ws/install/elite_ec66_moveit_config:/home/hgj/ros2_ws/install/elite_description:/home/hgj/ros2_ws/install/cartographer_rviz:/home/hgj/ros2_ws/install/cartographer_ros:/home/hgj/ros2_ws/install/cartographer_ros_msgs:/home/hgj/ros2_ws/install/cartographer:/home/hgj/ros_ws/install/ros2_livox_simulation:/home/hgj/ros_ws/install/rm_navigation:/home/hgj/ros_ws/install/rm_decision_interfaces:/home/hgj/ros_ws/install/pointcloud_to_laserscan:/home/hgj/ros_ws/install/pb_rm_simulation:/home/hgj/ros_ws/install/fast_lio:/home/hgj/ros_ws/install/livox_ros_driver2:/home/hgj/ros_ws/install/linefit_ground_segmentation_ros:/home/hgj/ros_ws/install/linefit_ground_segmentation:/home/hgj/ros_ws/install/icp_localization_ros2:/home/hgj/ros2_ws/install/fishbot_description:/home/hgj/ros_ws/install/rm_decision:/opt/ros/humble /usr/bin/cmake --build /home/hgj/arm_ws/build/elite_ec66_moveit_config -- -j8 -l8
[1.819s] DEBUG:colcon.colcon_core.event_handler.log_command:Invoked command in '/home/hgj/arm_ws/build/arm_gripper_moveit2_config' returned '0': CMAKE_PREFIX_PATH=/home/hgj/arm_ws/install/elite_description:/home/hgj/arm_ws/install/elite_ec66_moveit_config:/home/hgj/arm_ws/install/arm_moveit2_config:/home/hgj/arm_ws/install/arm_gripper_moveit2_config:/home/hgj/ros2_ws/install/fishbot_navigation2:/home/hgj/ros2_ws/install/fishbot_cartographer:/home/hgj/ros2_ws/install/elite_ec66_moveit_config:/home/hgj/ros2_ws/install/elite_description:/home/hgj/ros2_ws/install/cartographer_rviz:/home/hgj/ros2_ws/install/cartographer_ros:/home/hgj/ros2_ws/install/cartographer_ros_msgs:/home/hgj/ros2_ws/install/cartographer:/home/hgj/ros_ws/install/ros2_livox_simulation:/home/hgj/ros_ws/install/rm_navigation:/home/hgj/ros_ws/install/rm_decision_interfaces:/home/hgj/ros_ws/install/pointcloud_to_laserscan:/home/hgj/ros_ws/install/pb_rm_simulation:/home/hgj/ros_ws/install/fast_lio:/home/hgj/ros_ws/install/livox_ros_driver2:/home/hgj/ros_ws/install/linefit_ground_segmentation_ros:/home/hgj/ros_ws/install/linefit_ground_segmentation:/home/hgj/ros_ws/install/icp_localization_ros2:/home/hgj/ros2_ws/install/fishbot_description:/home/hgj/ros_ws/install/rm_decision:/opt/ros/humble /usr/bin/cmake --build /home/hgj/arm_ws/build/arm_gripper_moveit2_config -- -j8 -l8
[1.821s] DEBUG:colcon.colcon_core.event_handler.log_command:Invoked command in '/home/hgj/arm_ws/build/arm_moveit2_config' returned '0': CMAKE_PREFIX_PATH=/home/hgj/arm_ws/install/elite_description:/home/hgj/arm_ws/install/elite_ec66_moveit_config:/home/hgj/arm_ws/install/arm_moveit2_config:/home/hgj/arm_ws/install/arm_gripper_moveit2_config:/home/hgj/ros2_ws/install/fishbot_navigation2:/home/hgj/ros2_ws/install/fishbot_cartographer:/home/hgj/ros2_ws/install/elite_ec66_moveit_config:/home/hgj/ros2_ws/install/elite_description:/home/hgj/ros2_ws/install/cartographer_rviz:/home/hgj/ros2_ws/install/cartographer_ros:/home/hgj/ros2_ws/install/cartographer_ros_msgs:/home/hgj/ros2_ws/install/cartographer:/home/hgj/ros_ws/install/ros2_livox_simulation:/home/hgj/ros_ws/install/rm_navigation:/home/hgj/ros_ws/install/rm_decision_interfaces:/home/hgj/ros_ws/install/pointcloud_to_laserscan:/home/hgj/ros_ws/install/pb_rm_simulation:/home/hgj/ros_ws/install/fast_lio:/home/hgj/ros_ws/install/livox_ros_driver2:/home/hgj/ros_ws/install/linefit_ground_segmentation_ros:/home/hgj/ros_ws/install/linefit_ground_segmentation:/home/hgj/ros_ws/install/icp_localization_ros2:/home/hgj/ros2_ws/install/fishbot_description:/home/hgj/ros_ws/install/rm_decision:/opt/ros/humble /usr/bin/cmake --build /home/hgj/arm_ws/build/arm_moveit2_config -- -j8 -l8
[1.831s] DEBUG:colcon.colcon_core.event_handler.log_command:Invoked command in '/home/hgj/arm_ws/build/elite_ec66_moveit_config' returned '0': CMAKE_PREFIX_PATH=/home/hgj/arm_ws/install/elite_description:/home/hgj/arm_ws/install/elite_ec66_moveit_config:/home/hgj/arm_ws/install/arm_moveit2_config:/home/hgj/arm_ws/install/arm_gripper_moveit2_config:/home/hgj/ros2_ws/install/fishbot_navigation2:/home/hgj/ros2_ws/install/fishbot_cartographer:/home/hgj/ros2_ws/install/elite_ec66_moveit_config:/home/hgj/ros2_ws/install/elite_description:/home/hgj/ros2_ws/install/cartographer_rviz:/home/hgj/ros2_ws/install/cartographer_ros:/home/hgj/ros2_ws/install/cartographer_ros_msgs:/home/hgj/ros2_ws/install/cartographer:/home/hgj/ros_ws/install/ros2_livox_simulation:/home/hgj/ros_ws/install/rm_navigation:/home/hgj/ros_ws/install/rm_decision_interfaces:/home/hgj/ros_ws/install/pointcloud_to_laserscan:/home/hgj/ros_ws/install/pb_rm_simulation:/home/hgj/ros_ws/install/fast_lio:/home/hgj/ros_ws/install/livox_ros_driver2:/home/hgj/ros_ws/install/linefit_ground_segmentation_ros:/home/hgj/ros_ws/install/linefit_ground_segmentation:/home/hgj/ros_ws/install/icp_localization_ros2:/home/hgj/ros2_ws/install/fishbot_description:/home/hgj/ros_ws/install/rm_decision:/opt/ros/humble /usr/bin/cmake --build /home/hgj/arm_ws/build/elite_ec66_moveit_config -- -j8 -l8
[1.846s] DEBUG:colcon.colcon_core.event_handler.log_command:Invoking command in '/home/hgj/arm_ws/build/arm_gripper_moveit2_config': CMAKE_PREFIX_PATH=/home/hgj/arm_ws/install/elite_description:/home/hgj/arm_ws/install/elite_ec66_moveit_config:/home/hgj/arm_ws/install/arm_moveit2_config:/home/hgj/arm_ws/install/arm_gripper_moveit2_config:/home/hgj/ros2_ws/install/fishbot_navigation2:/home/hgj/ros2_ws/install/fishbot_cartographer:/home/hgj/ros2_ws/install/elite_ec66_moveit_config:/home/hgj/ros2_ws/install/elite_description:/home/hgj/ros2_ws/install/cartographer_rviz:/home/hgj/ros2_ws/install/cartographer_ros:/home/hgj/ros2_ws/install/cartographer_ros_msgs:/home/hgj/ros2_ws/install/cartographer:/home/hgj/ros_ws/install/ros2_livox_simulation:/home/hgj/ros_ws/install/rm_navigation:/home/hgj/ros_ws/install/rm_decision_interfaces:/home/hgj/ros_ws/install/pointcloud_to_laserscan:/home/hgj/ros_ws/install/pb_rm_simulation:/home/hgj/ros_ws/install/fast_lio:/home/hgj/ros_ws/install/livox_ros_driver2:/home/hgj/ros_ws/install/linefit_ground_segmentation_ros:/home/hgj/ros_ws/install/linefit_ground_segmentation:/home/hgj/ros_ws/install/icp_localization_ros2:/home/hgj/ros2_ws/install/fishbot_description:/home/hgj/ros_ws/install/rm_decision:/opt/ros/humble /usr/bin/cmake --install /home/hgj/arm_ws/build/arm_gripper_moveit2_config
[1.850s] DEBUG:colcon.colcon_core.event_handler.log_command:Invoking command in '/home/hgj/arm_ws/build/arm_moveit2_config': CMAKE_PREFIX_PATH=/home/hgj/arm_ws/install/elite_description:/home/hgj/arm_ws/install/elite_ec66_moveit_config:/home/hgj/arm_ws/install/arm_moveit2_config:/home/hgj/arm_ws/install/arm_gripper_moveit2_config:/home/hgj/ros2_ws/install/fishbot_navigation2:/home/hgj/ros2_ws/install/fishbot_cartographer:/home/hgj/ros2_ws/install/elite_ec66_moveit_config:/home/hgj/ros2_ws/install/elite_description:/home/hgj/ros2_ws/install/cartographer_rviz:/home/hgj/ros2_ws/install/cartographer_ros:/home/hgj/ros2_ws/install/cartographer_ros_msgs:/home/hgj/ros2_ws/install/cartographer:/home/hgj/ros_ws/install/ros2_livox_simulation:/home/hgj/ros_ws/install/rm_navigation:/home/hgj/ros_ws/install/rm_decision_interfaces:/home/hgj/ros_ws/install/pointcloud_to_laserscan:/home/hgj/ros_ws/install/pb_rm_simulation:/home/hgj/ros_ws/install/fast_lio:/home/hgj/ros_ws/install/livox_ros_driver2:/home/hgj/ros_ws/install/linefit_ground_segmentation_ros:/home/hgj/ros_ws/install/linefit_ground_segmentation:/home/hgj/ros_ws/install/icp_localization_ros2:/home/hgj/ros2_ws/install/fishbot_description:/home/hgj/ros_ws/install/rm_decision:/opt/ros/humble /usr/bin/cmake --install /home/hgj/arm_ws/build/arm_moveit2_config
[1.854s] DEBUG:colcon.colcon_core.event_handler.log_command:Invoking command in '/home/hgj/arm_ws/build/elite_ec66_moveit_config': CMAKE_PREFIX_PATH=/home/hgj/arm_ws/install/elite_description:/home/hgj/arm_ws/install/elite_ec66_moveit_config:/home/hgj/arm_ws/install/arm_moveit2_config:/home/hgj/arm_ws/install/arm_gripper_moveit2_config:/home/hgj/ros2_ws/install/fishbot_navigation2:/home/hgj/ros2_ws/install/fishbot_cartographer:/home/hgj/ros2_ws/install/elite_ec66_moveit_config:/home/hgj/ros2_ws/install/elite_description:/home/hgj/ros2_ws/install/cartographer_rviz:/home/hgj/ros2_ws/install/cartographer_ros:/home/hgj/ros2_ws/install/cartographer_ros_msgs:/home/hgj/ros2_ws/install/cartographer:/home/hgj/ros_ws/install/ros2_livox_simulation:/home/hgj/ros_ws/install/rm_navigation:/home/hgj/ros_ws/install/rm_decision_interfaces:/home/hgj/ros_ws/install/pointcloud_to_laserscan:/home/hgj/ros_ws/install/pb_rm_simulation:/home/hgj/ros_ws/install/fast_lio:/home/hgj/ros_ws/install/livox_ros_driver2:/home/hgj/ros_ws/install/linefit_ground_segmentation_ros:/home/hgj/ros_ws/install/linefit_ground_segmentation:/home/hgj/ros_ws/install/icp_localization_ros2:/home/hgj/ros2_ws/install/fishbot_description:/home/hgj/ros_ws/install/rm_decision:/opt/ros/humble /usr/bin/cmake --install /home/hgj/arm_ws/build/elite_ec66_moveit_config
[1.872s] Level 1:colcon.colcon_core.environment:create_environment_scripts_only(arm_gripper_moveit2_config)
[1.877s] DEBUG:colcon.colcon_core.event_handler.log_command:Invoked command in '/home/hgj/arm_ws/build/arm_gripper_moveit2_config' returned '0': CMAKE_PREFIX_PATH=/home/hgj/arm_ws/install/elite_description:/home/hgj/arm_ws/install/elite_ec66_moveit_config:/home/hgj/arm_ws/install/arm_moveit2_config:/home/hgj/arm_ws/install/arm_gripper_moveit2_config:/home/hgj/ros2_ws/install/fishbot_navigation2:/home/hgj/ros2_ws/install/fishbot_cartographer:/home/hgj/ros2_ws/install/elite_ec66_moveit_config:/home/hgj/ros2_ws/install/elite_description:/home/hgj/ros2_ws/install/cartographer_rviz:/home/hgj/ros2_ws/install/cartographer_ros:/home/hgj/ros2_ws/install/cartographer_ros_msgs:/home/hgj/ros2_ws/install/cartographer:/home/hgj/ros_ws/install/ros2_livox_simulation:/home/hgj/ros_ws/install/rm_navigation:/home/hgj/ros_ws/install/rm_decision_interfaces:/home/hgj/ros_ws/install/pointcloud_to_laserscan:/home/hgj/ros_ws/install/pb_rm_simulation:/home/hgj/ros_ws/install/fast_lio:/home/hgj/ros_ws/install/livox_ros_driver2:/home/hgj/ros_ws/install/linefit_ground_segmentation_ros:/home/hgj/ros_ws/install/linefit_ground_segmentation:/home/hgj/ros_ws/install/icp_localization_ros2:/home/hgj/ros2_ws/install/fishbot_description:/home/hgj/ros_ws/install/rm_decision:/opt/ros/humble /usr/bin/cmake --install /home/hgj/arm_ws/build/arm_gripper_moveit2_config
[1.893s] Level 1:colcon.colcon_core.environment:checking '/home/hgj/arm_ws/install/arm_gripper_moveit2_config' for CMake module files
[1.894s] Level 1:colcon.colcon_core.environment:checking '/home/hgj/arm_ws/install/arm_gripper_moveit2_config' for CMake config files
[1.895s] Level 1:colcon.colcon_core.shell:create_environment_hook('arm_gripper_moveit2_config', 'cmake_prefix_path')
[1.906s] INFO:colcon.colcon_core.shell:Creating environment hook '/home/hgj/arm_ws/install/arm_gripper_moveit2_config/share/arm_gripper_moveit2_config/hook/cmake_prefix_path.ps1'
[1.907s] INFO:colcon.colcon_core.shell:Creating environment descriptor '/home/hgj/arm_ws/install/arm_gripper_moveit2_config/share/arm_gripper_moveit2_config/hook/cmake_prefix_path.dsv'
[1.908s] INFO:colcon.colcon_core.shell:Creating environment hook '/home/hgj/arm_ws/install/arm_gripper_moveit2_config/share/arm_gripper_moveit2_config/hook/cmake_prefix_path.sh'
[1.908s] Level 1:colcon.colcon_core.environment:checking '/home/hgj/arm_ws/install/arm_gripper_moveit2_config/bin'
[1.909s] Level 1:colcon.colcon_core.environment:checking '/home/hgj/arm_ws/install/arm_gripper_moveit2_config/lib/pkgconfig/arm_gripper_moveit2_config.pc'
[1.909s] Level 1:colcon.colcon_core.environment:checking '/home/hgj/arm_ws/install/arm_gripper_moveit2_config/lib/python3.10/site-packages'
[1.909s] Level 1:colcon.colcon_core.environment:checking '/home/hgj/arm_ws/install/arm_gripper_moveit2_config/bin'
[1.921s] INFO:colcon.colcon_core.shell:Creating package script '/home/hgj/arm_ws/install/arm_gripper_moveit2_config/share/arm_gripper_moveit2_config/package.ps1'
[1.921s] INFO:colcon.colcon_core.shell:Creating package descriptor '/home/hgj/arm_ws/install/arm_gripper_moveit2_config/share/arm_gripper_moveit2_config/package.dsv'
[1.921s] INFO:colcon.colcon_core.shell:Creating package script '/home/hgj/arm_ws/install/arm_gripper_moveit2_config/share/arm_gripper_moveit2_config/package.sh'
[1.922s] INFO:colcon.colcon_core.shell:Creating package script '/home/hgj/arm_ws/install/arm_gripper_moveit2_config/share/arm_gripper_moveit2_config/package.bash'
[1.922s] INFO:colcon.colcon_core.shell:Creating package script '/home/hgj/arm_ws/install/arm_gripper_moveit2_config/share/arm_gripper_moveit2_config/package.zsh'
[1.922s] Level 1:colcon.colcon_core.environment:create_file_with_runtime_dependencies(/home/hgj/arm_ws/install/arm_gripper_moveit2_config/share/colcon-core/packages/arm_gripper_moveit2_config)
[1.924s] Level 1:colcon.colcon_core.environment:create_environment_scripts_only(elite_ec66_moveit_config)
[1.925s] DEBUG:colcon.colcon_core.event_handler.log_command:Invoked command in '/home/hgj/arm_ws/build/elite_ec66_moveit_config' returned '0': CMAKE_PREFIX_PATH=/home/hgj/arm_ws/install/elite_description:/home/hgj/arm_ws/install/elite_ec66_moveit_config:/home/hgj/arm_ws/install/arm_moveit2_config:/home/hgj/arm_ws/install/arm_gripper_moveit2_config:/home/hgj/ros2_ws/install/fishbot_navigation2:/home/hgj/ros2_ws/install/fishbot_cartographer:/home/hgj/ros2_ws/install/elite_ec66_moveit_config:/home/hgj/ros2_ws/install/elite_description:/home/hgj/ros2_ws/install/cartographer_rviz:/home/hgj/ros2_ws/install/cartographer_ros:/home/hgj/ros2_ws/install/cartographer_ros_msgs:/home/hgj/ros2_ws/install/cartographer:/home/hgj/ros_ws/install/ros2_livox_simulation:/home/hgj/ros_ws/install/rm_navigation:/home/hgj/ros_ws/install/rm_decision_interfaces:/home/hgj/ros_ws/install/pointcloud_to_laserscan:/home/hgj/ros_ws/install/pb_rm_simulation:/home/hgj/ros_ws/install/fast_lio:/home/hgj/ros_ws/install/livox_ros_driver2:/home/hgj/ros_ws/install/linefit_ground_segmentation_ros:/home/hgj/ros_ws/install/linefit_ground_segmentation:/home/hgj/ros_ws/install/icp_localization_ros2:/home/hgj/ros2_ws/install/fishbot_description:/home/hgj/ros_ws/install/rm_decision:/opt/ros/humble /usr/bin/cmake --install /home/hgj/arm_ws/build/elite_ec66_moveit_config
[1.953s] Level 1:colcon.colcon_core.environment:checking '/home/hgj/arm_ws/install/elite_ec66_moveit_config' for CMake module files
[1.954s] Level 1:colcon.colcon_core.environment:checking '/home/hgj/arm_ws/install/elite_ec66_moveit_config' for CMake config files
[1.954s] Level 1:colcon.colcon_core.shell:create_environment_hook('elite_ec66_moveit_config', 'cmake_prefix_path')
[1.968s] INFO:colcon.colcon_core.shell:Creating environment hook '/home/hgj/arm_ws/install/elite_ec66_moveit_config/share/elite_ec66_moveit_config/hook/cmake_prefix_path.ps1'
[1.968s] INFO:colcon.colcon_core.shell:Creating environment descriptor '/home/hgj/arm_ws/install/elite_ec66_moveit_config/share/elite_ec66_moveit_config/hook/cmake_prefix_path.dsv'
[1.969s] INFO:colcon.colcon_core.shell:Creating environment hook '/home/hgj/arm_ws/install/elite_ec66_moveit_config/share/elite_ec66_moveit_config/hook/cmake_prefix_path.sh'
[1.969s] Level 1:colcon.colcon_core.environment:checking '/home/hgj/arm_ws/install/elite_ec66_moveit_config/bin'
[1.969s] Level 1:colcon.colcon_core.environment:checking '/home/hgj/arm_ws/install/elite_ec66_moveit_config/lib/pkgconfig/elite_ec66_moveit_config.pc'
[1.969s] Level 1:colcon.colcon_core.environment:checking '/home/hgj/arm_ws/install/elite_ec66_moveit_config/lib/python3.10/site-packages'
[1.969s] Level 1:colcon.colcon_core.environment:checking '/home/hgj/arm_ws/install/elite_ec66_moveit_config/bin'
[1.981s] INFO:colcon.colcon_core.shell:Creating package script '/home/hgj/arm_ws/install/elite_ec66_moveit_config/share/elite_ec66_moveit_config/package.ps1'
[1.982s] INFO:colcon.colcon_core.shell:Creating package descriptor '/home/hgj/arm_ws/install/elite_ec66_moveit_config/share/elite_ec66_moveit_config/package.dsv'
[1.982s] INFO:colcon.colcon_core.shell:Creating package script '/home/hgj/arm_ws/install/elite_ec66_moveit_config/share/elite_ec66_moveit_config/package.sh'
[1.982s] INFO:colcon.colcon_core.shell:Creating package script '/home/hgj/arm_ws/install/elite_ec66_moveit_config/share/elite_ec66_moveit_config/package.bash'
[1.983s] INFO:colcon.colcon_core.shell:Creating package script '/home/hgj/arm_ws/install/elite_ec66_moveit_config/share/elite_ec66_moveit_config/package.zsh'
[1.983s] Level 1:colcon.colcon_core.environment:create_file_with_runtime_dependencies(/home/hgj/arm_ws/install/elite_ec66_moveit_config/share/colcon-core/packages/elite_ec66_moveit_config)
[1.984s] Level 1:colcon.colcon_core.environment:create_environment_scripts_only(arm_moveit2_config)
[1.985s] DEBUG:colcon.colcon_core.event_handler.log_command:Invoked command in '/home/hgj/arm_ws/build/arm_moveit2_config' returned '0': CMAKE_PREFIX_PATH=/home/hgj/arm_ws/install/elite_description:/home/hgj/arm_ws/install/elite_ec66_moveit_config:/home/hgj/arm_ws/install/arm_moveit2_config:/home/hgj/arm_ws/install/arm_gripper_moveit2_config:/home/hgj/ros2_ws/install/fishbot_navigation2:/home/hgj/ros2_ws/install/fishbot_cartographer:/home/hgj/ros2_ws/install/elite_ec66_moveit_config:/home/hgj/ros2_ws/install/elite_description:/home/hgj/ros2_ws/install/cartographer_rviz:/home/hgj/ros2_ws/install/cartographer_ros:/home/hgj/ros2_ws/install/cartographer_ros_msgs:/home/hgj/ros2_ws/install/cartographer:/home/hgj/ros_ws/install/ros2_livox_simulation:/home/hgj/ros_ws/install/rm_navigation:/home/hgj/ros_ws/install/rm_decision_interfaces:/home/hgj/ros_ws/install/pointcloud_to_laserscan:/home/hgj/ros_ws/install/pb_rm_simulation:/home/hgj/ros_ws/install/fast_lio:/home/hgj/ros_ws/install/livox_ros_driver2:/home/hgj/ros_ws/install/linefit_ground_segmentation_ros:/home/hgj/ros_ws/install/linefit_ground_segmentation:/home/hgj/ros_ws/install/icp_localization_ros2:/home/hgj/ros2_ws/install/fishbot_description:/home/hgj/ros_ws/install/rm_decision:/opt/ros/humble /usr/bin/cmake --install /home/hgj/arm_ws/build/arm_moveit2_config
[1.998s] Level 1:colcon.colcon_core.environment:checking '/home/hgj/arm_ws/install/arm_moveit2_config' for CMake module files
[1.998s] Level 1:colcon.colcon_core.environment:checking '/home/hgj/arm_ws/install/arm_moveit2_config' for CMake config files
[1.998s] Level 1:colcon.colcon_core.shell:create_environment_hook('arm_moveit2_config', 'cmake_prefix_path')
[2.012s] INFO:colcon.colcon_core.shell:Creating environment hook '/home/hgj/arm_ws/install/arm_moveit2_config/share/arm_moveit2_config/hook/cmake_prefix_path.ps1'
[2.012s] INFO:colcon.colcon_core.shell:Creating environment descriptor '/home/hgj/arm_ws/install/arm_moveit2_config/share/arm_moveit2_config/hook/cmake_prefix_path.dsv'
[2.013s] INFO:colcon.colcon_core.shell:Creating environment hook '/home/hgj/arm_ws/install/arm_moveit2_config/share/arm_moveit2_config/hook/cmake_prefix_path.sh'
[2.013s] Level 1:colcon.colcon_core.environment:checking '/home/hgj/arm_ws/install/arm_moveit2_config/bin'
[2.013s] Level 1:colcon.colcon_core.environment:checking '/home/hgj/arm_ws/install/arm_moveit2_config/lib/pkgconfig/arm_moveit2_config.pc'
[2.013s] Level 1:colcon.colcon_core.environment:checking '/home/hgj/arm_ws/install/arm_moveit2_config/lib/python3.10/site-packages'
[2.014s] Level 1:colcon.colcon_core.environment:checking '/home/hgj/arm_ws/install/arm_moveit2_config/bin'
[2.026s] INFO:colcon.colcon_core.shell:Creating package script '/home/hgj/arm_ws/install/arm_moveit2_config/share/arm_moveit2_config/package.ps1'
[2.026s] INFO:colcon.colcon_core.shell:Creating package descriptor '/home/hgj/arm_ws/install/arm_moveit2_config/share/arm_moveit2_config/package.dsv'
[2.027s] INFO:colcon.colcon_core.shell:Creating package script '/home/hgj/arm_ws/install/arm_moveit2_config/share/arm_moveit2_config/package.sh'
[2.027s] INFO:colcon.colcon_core.shell:Creating package script '/home/hgj/arm_ws/install/arm_moveit2_config/share/arm_moveit2_config/package.bash'
[2.027s] INFO:colcon.colcon_core.shell:Creating package script '/home/hgj/arm_ws/install/arm_moveit2_config/share/arm_moveit2_config/package.zsh'
[2.028s] Level 1:colcon.colcon_core.environment:create_file_with_runtime_dependencies(/home/hgj/arm_ws/install/arm_moveit2_config/share/colcon-core/packages/arm_moveit2_config)
[2.040s] Level 1:colcon.colcon_core.environment:create_environment_scripts_only(arm_gripper_moveit2_config)
[2.053s] Level 1:colcon.colcon_core.environment:checking '/home/hgj/arm_ws/install/arm_gripper_moveit2_config' for CMake module files
[2.053s] Level 1:colcon.colcon_core.environment:checking '/home/hgj/arm_ws/install/arm_gripper_moveit2_config' for CMake config files
[2.054s] Level 1:colcon.colcon_core.shell:create_environment_hook('arm_gripper_moveit2_config', 'cmake_prefix_path')
[2.066s] INFO:colcon.colcon_core.shell:Creating environment hook '/home/hgj/arm_ws/install/arm_gripper_moveit2_config/share/arm_gripper_moveit2_config/hook/cmake_prefix_path.ps1'
[2.067s] INFO:colcon.colcon_core.shell:Creating environment descriptor '/home/hgj/arm_ws/install/arm_gripper_moveit2_config/share/arm_gripper_moveit2_config/hook/cmake_prefix_path.dsv'
[2.067s] INFO:colcon.colcon_core.shell:Creating environment hook '/home/hgj/arm_ws/install/arm_gripper_moveit2_config/share/arm_gripper_moveit2_config/hook/cmake_prefix_path.sh'
[2.067s] Level 1:colcon.colcon_core.environment:checking '/home/hgj/arm_ws/install/arm_gripper_moveit2_config/bin'
[2.067s] Level 1:colcon.colcon_core.environment:checking '/home/hgj/arm_ws/install/arm_gripper_moveit2_config/lib/pkgconfig/arm_gripper_moveit2_config.pc'
[2.068s] Level 1:colcon.colcon_core.environment:checking '/home/hgj/arm_ws/install/arm_gripper_moveit2_config/lib/python3.10/site-packages'
[2.068s] Level 1:colcon.colcon_core.environment:checking '/home/hgj/arm_ws/install/arm_gripper_moveit2_config/bin'
[2.080s] INFO:colcon.colcon_core.shell:Creating package script '/home/hgj/arm_ws/install/arm_gripper_moveit2_config/share/arm_gripper_moveit2_config/package.ps1'
[2.080s] INFO:colcon.colcon_core.shell:Creating package descriptor '/home/hgj/arm_ws/install/arm_gripper_moveit2_config/share/arm_gripper_moveit2_config/package.dsv'
[2.081s] INFO:colcon.colcon_core.shell:Creating package script '/home/hgj/arm_ws/install/arm_gripper_moveit2_config/share/arm_gripper_moveit2_config/package.sh'
[2.081s] INFO:colcon.colcon_core.shell:Creating package script '/home/hgj/arm_ws/install/arm_gripper_moveit2_config/share/arm_gripper_moveit2_config/package.bash'
[2.081s] INFO:colcon.colcon_core.shell:Creating package script '/home/hgj/arm_ws/install/arm_gripper_moveit2_config/share/arm_gripper_moveit2_config/package.zsh'
[2.081s] Level 1:colcon.colcon_core.environment:create_file_with_runtime_dependencies(/home/hgj/arm_ws/install/arm_gripper_moveit2_config/share/colcon-core/packages/arm_gripper_moveit2_config)
[2.094s] Level 1:colcon.colcon_core.environment:create_environment_scripts_only(elite_ec66_moveit_config)
[2.105s] Level 1:colcon.colcon_core.environment:checking '/home/hgj/arm_ws/install/elite_ec66_moveit_config' for CMake module files
[2.106s] Level 1:colcon.colcon_core.environment:checking '/home/hgj/arm_ws/install/elite_ec66_moveit_config' for CMake config files
[2.106s] Level 1:colcon.colcon_core.shell:create_environment_hook('elite_ec66_moveit_config', 'cmake_prefix_path')
[2.118s] INFO:colcon.colcon_core.shell:Creating environment hook '/home/hgj/arm_ws/install/elite_ec66_moveit_config/share/elite_ec66_moveit_config/hook/cmake_prefix_path.ps1'
[2.118s] INFO:colcon.colcon_core.shell:Creating environment descriptor '/home/hgj/arm_ws/install/elite_ec66_moveit_config/share/elite_ec66_moveit_config/hook/cmake_prefix_path.dsv'
[2.118s] INFO:colcon.colcon_core.shell:Creating environment hook '/home/hgj/arm_ws/install/elite_ec66_moveit_config/share/elite_ec66_moveit_config/hook/cmake_prefix_path.sh'
[2.119s] Level 1:colcon.colcon_core.environment:checking '/home/hgj/arm_ws/install/elite_ec66_moveit_config/bin'
[2.119s] Level 1:colcon.colcon_core.environment:checking '/home/hgj/arm_ws/install/elite_ec66_moveit_config/lib/pkgconfig/elite_ec66_moveit_config.pc'
[2.119s] Level 1:colcon.colcon_core.environment:checking '/home/hgj/arm_ws/install/elite_ec66_moveit_config/lib/python3.10/site-packages'
[2.119s] Level 1:colcon.colcon_core.environment:checking '/home/hgj/arm_ws/install/elite_ec66_moveit_config/bin'
[2.131s] INFO:colcon.colcon_core.shell:Creating package script '/home/hgj/arm_ws/install/elite_ec66_moveit_config/share/elite_ec66_moveit_config/package.ps1'
[2.132s] INFO:colcon.colcon_core.shell:Creating package descriptor '/home/hgj/arm_ws/install/elite_ec66_moveit_config/share/elite_ec66_moveit_config/package.dsv'
[2.133s] INFO:colcon.colcon_core.shell:Creating package script '/home/hgj/arm_ws/install/elite_ec66_moveit_config/share/elite_ec66_moveit_config/package.sh'
[2.133s] INFO:colcon.colcon_core.shell:Creating package script '/home/hgj/arm_ws/install/elite_ec66_moveit_config/share/elite_ec66_moveit_config/package.bash'
[2.133s] INFO:colcon.colcon_core.shell:Creating package script '/home/hgj/arm_ws/install/elite_ec66_moveit_config/share/elite_ec66_moveit_config/package.zsh'
[2.133s] Level 1:colcon.colcon_core.environment:create_file_with_runtime_dependencies(/home/hgj/arm_ws/install/elite_ec66_moveit_config/share/colcon-core/packages/elite_ec66_moveit_config)
[2.147s] Level 1:colcon.colcon_core.environment:create_environment_scripts_only(arm_moveit2_config)
[2.158s] Level 1:colcon.colcon_core.environment:checking '/home/hgj/arm_ws/install/arm_moveit2_config' for CMake module files
[2.159s] Level 1:colcon.colcon_core.environment:checking '/home/hgj/arm_ws/install/arm_moveit2_config' for CMake config files
[2.159s] Level 1:colcon.colcon_core.shell:create_environment_hook('arm_moveit2_config', 'cmake_prefix_path')
[2.173s] INFO:colcon.colcon_core.shell:Creating environment hook '/home/hgj/arm_ws/install/arm_moveit2_config/share/arm_moveit2_config/hook/cmake_prefix_path.ps1'
[2.173s] INFO:colcon.colcon_core.shell:Creating environment descriptor '/home/hgj/arm_ws/install/arm_moveit2_config/share/arm_moveit2_config/hook/cmake_prefix_path.dsv'
[2.174s] INFO:colcon.colcon_core.shell:Creating environment hook '/home/hgj/arm_ws/install/arm_moveit2_config/share/arm_moveit2_config/hook/cmake_prefix_path.sh'
[2.174s] Level 1:colcon.colcon_core.environment:checking '/home/hgj/arm_ws/install/arm_moveit2_config/bin'
[2.174s] Level 1:colcon.colcon_core.environment:checking '/home/hgj/arm_ws/install/arm_moveit2_config/lib/pkgconfig/arm_moveit2_config.pc'
[2.174s] Level 1:colcon.colcon_core.environment:checking '/home/hgj/arm_ws/install/arm_moveit2_config/lib/python3.10/site-packages'
[2.174s] Level 1:colcon.colcon_core.environment:checking '/home/hgj/arm_ws/install/arm_moveit2_config/bin'
[2.187s] INFO:colcon.colcon_core.shell:Creating package script '/home/hgj/arm_ws/install/arm_moveit2_config/share/arm_moveit2_config/package.ps1'
[2.188s] INFO:colcon.colcon_core.shell:Creating package descriptor '/home/hgj/arm_ws/install/arm_moveit2_config/share/arm_moveit2_config/package.dsv'
[2.188s] INFO:colcon.colcon_core.shell:Creating package script '/home/hgj/arm_ws/install/arm_moveit2_config/share/arm_moveit2_config/package.sh'
[2.188s] INFO:colcon.colcon_core.shell:Creating package script '/home/hgj/arm_ws/install/arm_moveit2_config/share/arm_moveit2_config/package.bash'
[2.189s] INFO:colcon.colcon_core.shell:Creating package script '/home/hgj/arm_ws/install/arm_moveit2_config/share/arm_moveit2_config/package.zsh'
[2.189s] Level 1:colcon.colcon_core.environment:create_file_with_runtime_dependencies(/home/hgj/arm_ws/install/arm_moveit2_config/share/colcon-core/packages/arm_moveit2_config)
[2.189s] DEBUG:colcon.colcon_parallel_executor.executor.parallel:closing loop
[2.189s] DEBUG:colcon.colcon_parallel_executor.executor.parallel:loop closed
[2.189s] DEBUG:colcon.colcon_parallel_executor.executor.parallel:run_until_complete finished with '0'
[2.190s] DEBUG:colcon.colcon_core.event_reactor:joining thread
[2.209s] INFO:colcon.colcon_core.plugin_system:Skipping extension 'colcon_notification.desktop_notification.terminal_notifier': Not used on non-Darwin systems
[2.209s] INFO:colcon.colcon_core.plugin_system:Skipping extension 'colcon_notification.desktop_notification.win32': Not used on non-Windows systems
[2.209s] INFO:colcon.colcon_notification.desktop_notification:Sending desktop notification using 'notify2'
[2.217s] DEBUG:colcon.colcon_core.event_reactor:joined thread
[2.229s] INFO:colcon.colcon_core.shell:Creating prefix script '/home/hgj/arm_ws/install/local_setup.ps1'
[2.230s] INFO:colcon.colcon_core.shell:Creating prefix util module '/home/hgj/arm_ws/install/_local_setup_util_ps1.py'
[2.231s] INFO:colcon.colcon_core.shell:Creating prefix chain script '/home/hgj/arm_ws/install/setup.ps1'
[2.245s] INFO:colcon.colcon_core.shell:Creating prefix script '/home/hgj/arm_ws/install/local_setup.sh'
[2.245s] INFO:colcon.colcon_core.shell:Creating prefix util module '/home/hgj/arm_ws/install/_local_setup_util_sh.py'
[2.245s] INFO:colcon.colcon_core.shell:Creating prefix chain script '/home/hgj/arm_ws/install/setup.sh'
[2.257s] INFO:colcon.colcon_core.shell:Creating prefix script '/home/hgj/arm_ws/install/local_setup.bash'
[2.258s] INFO:colcon.colcon_core.shell:Creating prefix chain script '/home/hgj/arm_ws/install/setup.bash'
[2.271s] INFO:colcon.colcon_core.shell:Creating prefix script '/home/hgj/arm_ws/install/local_setup.zsh'
[2.271s] INFO:colcon.colcon_core.shell:Creating prefix chain script '/home/hgj/arm_ws/install/setup.zsh'
