[0.336s] Invoking command in '/home/hgj/arm_ws/build/arm_gripper_moveit2_config': CMAKE_PREFIX_PATH=/home/hgj/arm_ws/install/elite_description:/home/hgj/arm_ws/install/elite_ec66_moveit_config:/home/hgj/arm_ws/install/arm_moveit2_config:/home/hgj/arm_ws/install/arm_gripper_moveit2_config:/home/hgj/ros2_ws/install/fishbot_navigation2:/home/hgj/ros2_ws/install/fishbot_cartographer:/home/hgj/ros2_ws/install/elite_ec66_moveit_config:/home/hgj/ros2_ws/install/elite_description:/home/hgj/ros2_ws/install/cartographer_rviz:/home/hgj/ros2_ws/install/cartographer_ros:/home/hgj/ros2_ws/install/cartographer_ros_msgs:/home/hgj/ros2_ws/install/cartographer:/home/hgj/ros_ws/install/ros2_livox_simulation:/home/hgj/ros_ws/install/rm_navigation:/home/hgj/ros_ws/install/rm_decision_interfaces:/home/hgj/ros_ws/install/pointcloud_to_laserscan:/home/hgj/ros_ws/install/pb_rm_simulation:/home/hgj/ros_ws/install/fast_lio:/home/hgj/ros_ws/install/livox_ros_driver2:/home/hgj/ros_ws/install/linefit_ground_segmentation_ros:/home/hgj/ros_ws/install/linefit_ground_segmentation:/home/hgj/ros_ws/install/icp_localization_ros2:/home/hgj/ros2_ws/install/fishbot_description:/home/hgj/ros_ws/install/rm_decision:/opt/ros/humble /usr/bin/cmake /home/hgj/arm_ws/src/arm_gripper_moveit2_config -DCMAKE_BUILD_TYPE=RelWithDebInfo -DAMENT_CMAKE_SYMLINK_INSTALL=1 -DCMAKE_INSTALL_PREFIX=/home/hgj/arm_ws/install/arm_gripper_moveit2_config
[0.351s] -- Found ament_cmake: 1.3.5 (/opt/ros/humble/share/ament_cmake/cmake)
[0.569s] -- Override CMake install command with custom implementation using symlinks instead of copying resources
[0.686s] -- Configuring done
[0.691s] -- Generating done
[0.692s] -- Build files have been written to: /home/hgj/arm_ws/build/arm_gripper_moveit2_config
[0.700s] Invoked command in '/home/hgj/arm_ws/build/arm_gripper_moveit2_config' returned '0': CMAKE_PREFIX_PATH=/home/hgj/arm_ws/install/elite_description:/home/hgj/arm_ws/install/elite_ec66_moveit_config:/home/hgj/arm_ws/install/arm_moveit2_config:/home/hgj/arm_ws/install/arm_gripper_moveit2_config:/home/hgj/ros2_ws/install/fishbot_navigation2:/home/hgj/ros2_ws/install/fishbot_cartographer:/home/hgj/ros2_ws/install/elite_ec66_moveit_config:/home/hgj/ros2_ws/install/elite_description:/home/hgj/ros2_ws/install/cartographer_rviz:/home/hgj/ros2_ws/install/cartographer_ros:/home/hgj/ros2_ws/install/cartographer_ros_msgs:/home/hgj/ros2_ws/install/cartographer:/home/hgj/ros_ws/install/ros2_livox_simulation:/home/hgj/ros_ws/install/rm_navigation:/home/hgj/ros_ws/install/rm_decision_interfaces:/home/hgj/ros_ws/install/pointcloud_to_laserscan:/home/hgj/ros_ws/install/pb_rm_simulation:/home/hgj/ros_ws/install/fast_lio:/home/hgj/ros_ws/install/livox_ros_driver2:/home/hgj/ros_ws/install/linefit_ground_segmentation_ros:/home/hgj/ros_ws/install/linefit_ground_segmentation:/home/hgj/ros_ws/install/icp_localization_ros2:/home/hgj/ros2_ws/install/fishbot_description:/home/hgj/ros_ws/install/rm_decision:/opt/ros/humble /usr/bin/cmake /home/hgj/arm_ws/src/arm_gripper_moveit2_config -DCMAKE_BUILD_TYPE=RelWithDebInfo -DAMENT_CMAKE_SYMLINK_INSTALL=1 -DCMAKE_INSTALL_PREFIX=/home/hgj/arm_ws/install/arm_gripper_moveit2_config
[0.704s] Invoking command in '/home/hgj/arm_ws/build/arm_gripper_moveit2_config': CMAKE_PREFIX_PATH=/home/hgj/arm_ws/install/elite_description:/home/hgj/arm_ws/install/elite_ec66_moveit_config:/home/hgj/arm_ws/install/arm_moveit2_config:/home/hgj/arm_ws/install/arm_gripper_moveit2_config:/home/hgj/ros2_ws/install/fishbot_navigation2:/home/hgj/ros2_ws/install/fishbot_cartographer:/home/hgj/ros2_ws/install/elite_ec66_moveit_config:/home/hgj/ros2_ws/install/elite_description:/home/hgj/ros2_ws/install/cartographer_rviz:/home/hgj/ros2_ws/install/cartographer_ros:/home/hgj/ros2_ws/install/cartographer_ros_msgs:/home/hgj/ros2_ws/install/cartographer:/home/hgj/ros_ws/install/ros2_livox_simulation:/home/hgj/ros_ws/install/rm_navigation:/home/hgj/ros_ws/install/rm_decision_interfaces:/home/hgj/ros_ws/install/pointcloud_to_laserscan:/home/hgj/ros_ws/install/pb_rm_simulation:/home/hgj/ros_ws/install/fast_lio:/home/hgj/ros_ws/install/livox_ros_driver2:/home/hgj/ros_ws/install/linefit_ground_segmentation_ros:/home/hgj/ros_ws/install/linefit_ground_segmentation:/home/hgj/ros_ws/install/icp_localization_ros2:/home/hgj/ros2_ws/install/fishbot_description:/home/hgj/ros_ws/install/rm_decision:/opt/ros/humble /usr/bin/cmake --build /home/hgj/arm_ws/build/arm_gripper_moveit2_config -- -j8 -l8
[0.778s] Invoked command in '/home/hgj/arm_ws/build/arm_gripper_moveit2_config' returned '0': CMAKE_PREFIX_PATH=/home/hgj/arm_ws/install/elite_description:/home/hgj/arm_ws/install/elite_ec66_moveit_config:/home/hgj/arm_ws/install/arm_moveit2_config:/home/hgj/arm_ws/install/arm_gripper_moveit2_config:/home/hgj/ros2_ws/install/fishbot_navigation2:/home/hgj/ros2_ws/install/fishbot_cartographer:/home/hgj/ros2_ws/install/elite_ec66_moveit_config:/home/hgj/ros2_ws/install/elite_description:/home/hgj/ros2_ws/install/cartographer_rviz:/home/hgj/ros2_ws/install/cartographer_ros:/home/hgj/ros2_ws/install/cartographer_ros_msgs:/home/hgj/ros2_ws/install/cartographer:/home/hgj/ros_ws/install/ros2_livox_simulation:/home/hgj/ros_ws/install/rm_navigation:/home/hgj/ros_ws/install/rm_decision_interfaces:/home/hgj/ros_ws/install/pointcloud_to_laserscan:/home/hgj/ros_ws/install/pb_rm_simulation:/home/hgj/ros_ws/install/fast_lio:/home/hgj/ros_ws/install/livox_ros_driver2:/home/hgj/ros_ws/install/linefit_ground_segmentation_ros:/home/hgj/ros_ws/install/linefit_ground_segmentation:/home/hgj/ros_ws/install/icp_localization_ros2:/home/hgj/ros2_ws/install/fishbot_description:/home/hgj/ros_ws/install/rm_decision:/opt/ros/humble /usr/bin/cmake --build /home/hgj/arm_ws/build/arm_gripper_moveit2_config -- -j8 -l8
[0.827s] Invoking command in '/home/hgj/arm_ws/build/arm_gripper_moveit2_config': CMAKE_PREFIX_PATH=/home/hgj/arm_ws/install/elite_description:/home/hgj/arm_ws/install/elite_ec66_moveit_config:/home/hgj/arm_ws/install/arm_moveit2_config:/home/hgj/arm_ws/install/arm_gripper_moveit2_config:/home/hgj/ros2_ws/install/fishbot_navigation2:/home/hgj/ros2_ws/install/fishbot_cartographer:/home/hgj/ros2_ws/install/elite_ec66_moveit_config:/home/hgj/ros2_ws/install/elite_description:/home/hgj/ros2_ws/install/cartographer_rviz:/home/hgj/ros2_ws/install/cartographer_ros:/home/hgj/ros2_ws/install/cartographer_ros_msgs:/home/hgj/ros2_ws/install/cartographer:/home/hgj/ros_ws/install/ros2_livox_simulation:/home/hgj/ros_ws/install/rm_navigation:/home/hgj/ros_ws/install/rm_decision_interfaces:/home/hgj/ros_ws/install/pointcloud_to_laserscan:/home/hgj/ros_ws/install/pb_rm_simulation:/home/hgj/ros_ws/install/fast_lio:/home/hgj/ros_ws/install/livox_ros_driver2:/home/hgj/ros_ws/install/linefit_ground_segmentation_ros:/home/hgj/ros_ws/install/linefit_ground_segmentation:/home/hgj/ros_ws/install/icp_localization_ros2:/home/hgj/ros2_ws/install/fishbot_description:/home/hgj/ros_ws/install/rm_decision:/opt/ros/humble /usr/bin/cmake --install /home/hgj/arm_ws/build/arm_gripper_moveit2_config
[0.846s] -- Install configuration: "RelWithDebInfo"
[0.846s] -- Execute custom install script
[0.847s] -- Symlinking: /home/hgj/arm_ws/install/arm_gripper_moveit2_config/share/ament_index/resource_index/package_run_dependencies/arm_gripper_moveit2_config
[0.869s] -- Symlinking: /home/hgj/arm_ws/install/arm_gripper_moveit2_config/share/ament_index/resource_index/parent_prefix_path/arm_gripper_moveit2_config
[0.893s] -- Symlinking: /home/hgj/arm_ws/install/arm_gripper_moveit2_config/share/arm_gripper_moveit2_config/environment/ament_prefix_path.sh
[0.913s] -- Symlinking: /home/hgj/arm_ws/install/arm_gripper_moveit2_config/share/arm_gripper_moveit2_config/environment/ament_prefix_path.dsv
[0.934s] -- Symlinking: /home/hgj/arm_ws/install/arm_gripper_moveit2_config/share/arm_gripper_moveit2_config/environment/path.sh
[0.952s] -- Symlinking: /home/hgj/arm_ws/install/arm_gripper_moveit2_config/share/arm_gripper_moveit2_config/environment/path.dsv
[0.968s] -- Symlinking: /home/hgj/arm_ws/install/arm_gripper_moveit2_config/share/arm_gripper_moveit2_config/local_setup.bash
[1.001s] -- Symlinking: /home/hgj/arm_ws/install/arm_gripper_moveit2_config/share/arm_gripper_moveit2_config/local_setup.sh
[1.024s] -- Symlinking: /home/hgj/arm_ws/install/arm_gripper_moveit2_config/share/arm_gripper_moveit2_config/local_setup.zsh
[1.039s] -- Symlinking: /home/hgj/arm_ws/install/arm_gripper_moveit2_config/share/arm_gripper_moveit2_config/local_setup.dsv
[1.053s] -- Symlinking: /home/hgj/arm_ws/install/arm_gripper_moveit2_config/share/arm_gripper_moveit2_config/package.dsv
[1.070s] -- Symlinking: /home/hgj/arm_ws/install/arm_gripper_moveit2_config/share/ament_index/resource_index/packages/arm_gripper_moveit2_config
[1.086s] -- Symlinking: /home/hgj/arm_ws/install/arm_gripper_moveit2_config/share/arm_gripper_moveit2_config/cmake/arm_gripper_moveit2_configConfig.cmake
[1.104s] -- Symlinking: /home/hgj/arm_ws/install/arm_gripper_moveit2_config/share/arm_gripper_moveit2_config/cmake/arm_gripper_moveit2_configConfig-version.cmake
[1.121s] -- Symlinking: /home/hgj/arm_ws/install/arm_gripper_moveit2_config/share/arm_gripper_moveit2_config/package.xml
[1.135s] -- Symlinking: /home/hgj/arm_ws/install/arm_gripper_moveit2_config/share/arm_gripper_moveit2_config/launch/demo.launch.py
[1.153s] -- Symlinking: /home/hgj/arm_ws/install/arm_gripper_moveit2_config/share/arm_gripper_moveit2_config/launch/move_group.launch.py
[1.170s] -- Symlinking: /home/hgj/arm_ws/install/arm_gripper_moveit2_config/share/arm_gripper_moveit2_config/launch/moveit_rviz.launch.py
[1.187s] -- Symlinking: /home/hgj/arm_ws/install/arm_gripper_moveit2_config/share/arm_gripper_moveit2_config/launch/rsp.launch.py
[1.205s] -- Symlinking: /home/hgj/arm_ws/install/arm_gripper_moveit2_config/share/arm_gripper_moveit2_config/launch/setup_assistant.launch.py
[1.222s] -- Symlinking: /home/hgj/arm_ws/install/arm_gripper_moveit2_config/share/arm_gripper_moveit2_config/launch/spawn_controllers.launch.py
[1.243s] -- Symlinking: /home/hgj/arm_ws/install/arm_gripper_moveit2_config/share/arm_gripper_moveit2_config/launch/static_virtual_joint_tfs.launch.py
[1.261s] -- Symlinking: /home/hgj/arm_ws/install/arm_gripper_moveit2_config/share/arm_gripper_moveit2_config/launch/warehouse_db.launch.py
[1.279s] -- Symlinking: /home/hgj/arm_ws/install/arm_gripper_moveit2_config/share/arm_gripper_moveit2_config/config/ec66.ros2_control.xacro
[1.294s] -- Symlinking: /home/hgj/arm_ws/install/arm_gripper_moveit2_config/share/arm_gripper_moveit2_config/config/ec66.srdf
[1.312s] -- Symlinking: /home/hgj/arm_ws/install/arm_gripper_moveit2_config/share/arm_gripper_moveit2_config/config/ec66.urdf.xacro
[1.326s] -- Symlinking: /home/hgj/arm_ws/install/arm_gripper_moveit2_config/share/arm_gripper_moveit2_config/config/initial_positions.yaml
[1.341s] -- Symlinking: /home/hgj/arm_ws/install/arm_gripper_moveit2_config/share/arm_gripper_moveit2_config/config/joint_limits.yaml
[1.354s] -- Symlinking: /home/hgj/arm_ws/install/arm_gripper_moveit2_config/share/arm_gripper_moveit2_config/config/kinematics.yaml
[1.370s] -- Symlinking: /home/hgj/arm_ws/install/arm_gripper_moveit2_config/share/arm_gripper_moveit2_config/config/moveit.rviz
[1.388s] -- Symlinking: /home/hgj/arm_ws/install/arm_gripper_moveit2_config/share/arm_gripper_moveit2_config/config/moveit_controllers.yaml
[1.404s] -- Symlinking: /home/hgj/arm_ws/install/arm_gripper_moveit2_config/share/arm_gripper_moveit2_config/config/pilz_cartesian_limits.yaml
[1.422s] -- Symlinking: /home/hgj/arm_ws/install/arm_gripper_moveit2_config/share/arm_gripper_moveit2_config/config/ros2_controllers.yaml
[1.436s] -- Symlinking: /home/hgj/arm_ws/install/arm_gripper_moveit2_config/share/arm_gripper_moveit2_config/config/sensors_3d.yaml
[1.451s] -- Symlinking: /home/hgj/arm_ws/install/arm_gripper_moveit2_config/share/arm_gripper_moveit2_config/.setup_assistant
[1.466s] Invoked command in '/home/hgj/arm_ws/build/arm_gripper_moveit2_config' returned '0': CMAKE_PREFIX_PATH=/home/hgj/arm_ws/install/elite_description:/home/hgj/arm_ws/install/elite_ec66_moveit_config:/home/hgj/arm_ws/install/arm_moveit2_config:/home/hgj/arm_ws/install/arm_gripper_moveit2_config:/home/hgj/ros2_ws/install/fishbot_navigation2:/home/hgj/ros2_ws/install/fishbot_cartographer:/home/hgj/ros2_ws/install/elite_ec66_moveit_config:/home/hgj/ros2_ws/install/elite_description:/home/hgj/ros2_ws/install/cartographer_rviz:/home/hgj/ros2_ws/install/cartographer_ros:/home/hgj/ros2_ws/install/cartographer_ros_msgs:/home/hgj/ros2_ws/install/cartographer:/home/hgj/ros_ws/install/ros2_livox_simulation:/home/hgj/ros_ws/install/rm_navigation:/home/hgj/ros_ws/install/rm_decision_interfaces:/home/hgj/ros_ws/install/pointcloud_to_laserscan:/home/hgj/ros_ws/install/pb_rm_simulation:/home/hgj/ros_ws/install/fast_lio:/home/hgj/ros_ws/install/livox_ros_driver2:/home/hgj/ros_ws/install/linefit_ground_segmentation_ros:/home/hgj/ros_ws/install/linefit_ground_segmentation:/home/hgj/ros_ws/install/icp_localization_ros2:/home/hgj/ros2_ws/install/fishbot_description:/home/hgj/ros_ws/install/rm_decision:/opt/ros/humble /usr/bin/cmake --install /home/hgj/arm_ws/build/arm_gripper_moveit2_config
