[0.841s] DEBUG:colcon:Command line arguments: ['/usr/bin/colcon', 'build', '--symlink-install', '--event-handlers', 'console_cohesion+', '--base-paths', '/home/hgj/arm_ws', '--cmake-args', '-DCMAKE_BUILD_TYPE=RelWithDebInfo']
[0.841s] DEBUG:colcon:Parsed command line arguments: Namespace(log_base=None, log_level=None, verb_name='build', build_base='build', install_base='install', merge_install=False, symlink_install=True, test_result_base=None, continue_on_error=False, executor='parallel', parallel_workers=8, event_handlers=['console_cohesion+'], ignore_user_meta=False, metas=['./colcon.meta'], base_paths=['/home/hgj/arm_ws'], packages_ignore=None, packages_ignore_regex=None, paths=None, packages_up_to=None, packages_up_to_regex=None, packages_above=None, packages_above_and_dependencies=None, packages_above_depth=None, packages_select_by_dep=None, packages_skip_by_dep=None, packages_skip_up_to=None, packages_select_build_failed=False, packages_skip_build_finished=False, packages_select_test_failures=False, packages_skip_test_passed=False, packages_select=None, packages_skip=None, packages_select_regex=None, packages_skip_regex=None, packages_start=None, packages_end=None, allow_overriding=[], cmake_args=['-DCMAKE_BUILD_TYPE=RelWithDebInfo'], cmake_target=None, cmake_target_skip_unavailable=False, cmake_clean_cache=False, cmake_clean_first=False, cmake_force_configure=False, ament_cmake_args=None, catkin_cmake_args=None, catkin_skip_building_tests=False, verb_parser=<colcon_defaults.argument_parser.defaults.DefaultArgumentsDecorator object at 0x7f9a674a02b0>, verb_extension=<colcon_core.verb.build.BuildVerb object at 0x7f9a673fbf10>, main=<bound method BuildVerb.main of <colcon_core.verb.build.BuildVerb object at 0x7f9a673fbf10>>)
[0.879s] Level 1:colcon.colcon_core.package_discovery:discover_packages(colcon_meta) check parameters
[0.879s] Level 1:colcon.colcon_core.package_discovery:discover_packages(recursive) check parameters
[0.879s] Level 1:colcon.colcon_core.package_discovery:discover_packages(ignore) check parameters
[0.879s] Level 1:colcon.colcon_core.package_discovery:discover_packages(path) check parameters
[0.879s] Level 1:colcon.colcon_core.package_discovery:discover_packages(recursive) discover
[0.879s] INFO:colcon.colcon_core.package_discovery:Crawling recursively for packages in '/home/hgj/arm_ws'
[0.879s] Level 1:colcon.colcon_core.package_identification:_identify(/home/hgj/arm_ws) by extensions ['ignore', 'ignore_ament_install']
[0.879s] Level 1:colcon.colcon_core.package_identification:_identify(/home/hgj/arm_ws) by extension 'ignore'
[0.880s] Level 1:colcon.colcon_core.package_identification:_identify(/home/hgj/arm_ws) by extension 'ignore_ament_install'
[0.880s] Level 1:colcon.colcon_core.package_identification:_identify(/home/hgj/arm_ws) by extensions ['colcon_pkg']
[0.880s] Level 1:colcon.colcon_core.package_identification:_identify(/home/hgj/arm_ws) by extension 'colcon_pkg'
[0.880s] Level 1:colcon.colcon_core.package_identification:_identify(/home/hgj/arm_ws) by extensions ['colcon_meta']
[0.880s] Level 1:colcon.colcon_core.package_identification:_identify(/home/hgj/arm_ws) by extension 'colcon_meta'
[0.880s] Level 1:colcon.colcon_core.package_identification:_identify(/home/hgj/arm_ws) by extensions ['ros']
[0.880s] Level 1:colcon.colcon_core.package_identification:_identify(/home/hgj/arm_ws) by extension 'ros'
[0.890s] Level 1:colcon.colcon_core.package_identification:_identify(/home/hgj/arm_ws) by extensions ['cmake', 'python']
[0.890s] Level 1:colcon.colcon_core.package_identification:_identify(/home/hgj/arm_ws) by extension 'cmake'
[0.890s] Level 1:colcon.colcon_core.package_identification:_identify(/home/hgj/arm_ws) by extension 'python'
[0.890s] Level 1:colcon.colcon_core.package_identification:_identify(/home/hgj/arm_ws) by extensions ['python_setup_py']
[0.890s] Level 1:colcon.colcon_core.package_identification:_identify(/home/hgj/arm_ws) by extension 'python_setup_py'
[0.890s] Level 1:colcon.colcon_core.package_identification:_identify(/home/hgj/arm_ws/build) by extensions ['ignore', 'ignore_ament_install']
[0.890s] Level 1:colcon.colcon_core.package_identification:_identify(/home/hgj/arm_ws/build) by extension 'ignore'
[0.890s] Level 1:colcon.colcon_core.package_identification:_identify(/home/hgj/arm_ws/build) ignored
[0.890s] Level 1:colcon.colcon_core.package_identification:_identify(/home/hgj/arm_ws/install) by extensions ['ignore', 'ignore_ament_install']
[0.890s] Level 1:colcon.colcon_core.package_identification:_identify(/home/hgj/arm_ws/install) by extension 'ignore'
[0.890s] Level 1:colcon.colcon_core.package_identification:_identify(/home/hgj/arm_ws/install) ignored
[0.891s] Level 1:colcon.colcon_core.package_identification:_identify(/home/hgj/arm_ws/log) by extensions ['ignore', 'ignore_ament_install']
[0.891s] Level 1:colcon.colcon_core.package_identification:_identify(/home/hgj/arm_ws/log) by extension 'ignore'
[0.891s] Level 1:colcon.colcon_core.package_identification:_identify(/home/hgj/arm_ws/log) ignored
[0.891s] Level 1:colcon.colcon_core.package_identification:_identify(/home/hgj/arm_ws/src) by extensions ['ignore', 'ignore_ament_install']
[0.891s] Level 1:colcon.colcon_core.package_identification:_identify(/home/hgj/arm_ws/src) by extension 'ignore'
[0.891s] Level 1:colcon.colcon_core.package_identification:_identify(/home/hgj/arm_ws/src) by extension 'ignore_ament_install'
[0.891s] Level 1:colcon.colcon_core.package_identification:_identify(/home/hgj/arm_ws/src) by extensions ['colcon_pkg']
[0.891s] Level 1:colcon.colcon_core.package_identification:_identify(/home/hgj/arm_ws/src) by extension 'colcon_pkg'
[0.891s] Level 1:colcon.colcon_core.package_identification:_identify(/home/hgj/arm_ws/src) by extensions ['colcon_meta']
[0.891s] Level 1:colcon.colcon_core.package_identification:_identify(/home/hgj/arm_ws/src) by extension 'colcon_meta'
[0.891s] Level 1:colcon.colcon_core.package_identification:_identify(/home/hgj/arm_ws/src) by extensions ['ros']
[0.891s] Level 1:colcon.colcon_core.package_identification:_identify(/home/hgj/arm_ws/src) by extension 'ros'
[0.891s] Level 1:colcon.colcon_core.package_identification:_identify(/home/hgj/arm_ws/src) by extensions ['cmake', 'python']
[0.891s] Level 1:colcon.colcon_core.package_identification:_identify(/home/hgj/arm_ws/src) by extension 'cmake'
[0.891s] Level 1:colcon.colcon_core.package_identification:_identify(/home/hgj/arm_ws/src) by extension 'python'
[0.891s] Level 1:colcon.colcon_core.package_identification:_identify(/home/hgj/arm_ws/src) by extensions ['python_setup_py']
[0.891s] Level 1:colcon.colcon_core.package_identification:_identify(/home/hgj/arm_ws/src) by extension 'python_setup_py'
[0.891s] Level 1:colcon.colcon_core.package_identification:_identify(/home/hgj/arm_ws/src/arm_gripper_moveit2_config) by extensions ['ignore', 'ignore_ament_install']
[0.891s] Level 1:colcon.colcon_core.package_identification:_identify(/home/hgj/arm_ws/src/arm_gripper_moveit2_config) by extension 'ignore'
[0.891s] Level 1:colcon.colcon_core.package_identification:_identify(/home/hgj/arm_ws/src/arm_gripper_moveit2_config) by extension 'ignore_ament_install'
[0.891s] Level 1:colcon.colcon_core.package_identification:_identify(/home/hgj/arm_ws/src/arm_gripper_moveit2_config) by extensions ['colcon_pkg']
[0.891s] Level 1:colcon.colcon_core.package_identification:_identify(/home/hgj/arm_ws/src/arm_gripper_moveit2_config) by extension 'colcon_pkg'
[0.891s] Level 1:colcon.colcon_core.package_identification:_identify(/home/hgj/arm_ws/src/arm_gripper_moveit2_config) by extensions ['colcon_meta']
[0.891s] Level 1:colcon.colcon_core.package_identification:_identify(/home/hgj/arm_ws/src/arm_gripper_moveit2_config) by extension 'colcon_meta'
[0.891s] Level 1:colcon.colcon_core.package_identification:_identify(/home/hgj/arm_ws/src/arm_gripper_moveit2_config) by extensions ['ros']
[0.892s] Level 1:colcon.colcon_core.package_identification:_identify(/home/hgj/arm_ws/src/arm_gripper_moveit2_config) by extension 'ros'
[0.894s] DEBUG:colcon.colcon_core.package_identification:Package '/home/hgj/arm_ws/src/arm_gripper_moveit2_config' with type 'ros.ament_cmake' and name 'arm_gripper_moveit2_config'
[0.894s] Level 1:colcon.colcon_core.package_identification:_identify(/home/hgj/arm_ws/src/elite_robot_ros2) by extensions ['ignore', 'ignore_ament_install']
[0.894s] Level 1:colcon.colcon_core.package_identification:_identify(/home/hgj/arm_ws/src/elite_robot_ros2) by extension 'ignore'
[0.894s] Level 1:colcon.colcon_core.package_identification:_identify(/home/hgj/arm_ws/src/elite_robot_ros2) by extension 'ignore_ament_install'
[0.894s] Level 1:colcon.colcon_core.package_identification:_identify(/home/hgj/arm_ws/src/elite_robot_ros2) by extensions ['colcon_pkg']
[0.894s] Level 1:colcon.colcon_core.package_identification:_identify(/home/hgj/arm_ws/src/elite_robot_ros2) by extension 'colcon_pkg'
[0.894s] Level 1:colcon.colcon_core.package_identification:_identify(/home/hgj/arm_ws/src/elite_robot_ros2) by extensions ['colcon_meta']
[0.894s] Level 1:colcon.colcon_core.package_identification:_identify(/home/hgj/arm_ws/src/elite_robot_ros2) by extension 'colcon_meta'
[0.894s] Level 1:colcon.colcon_core.package_identification:_identify(/home/hgj/arm_ws/src/elite_robot_ros2) by extensions ['ros']
[0.894s] Level 1:colcon.colcon_core.package_identification:_identify(/home/hgj/arm_ws/src/elite_robot_ros2) by extension 'ros'
[0.894s] Level 1:colcon.colcon_core.package_identification:_identify(/home/hgj/arm_ws/src/elite_robot_ros2) by extensions ['cmake', 'python']
[0.894s] Level 1:colcon.colcon_core.package_identification:_identify(/home/hgj/arm_ws/src/elite_robot_ros2) by extension 'cmake'
[0.894s] Level 1:colcon.colcon_core.package_identification:_identify(/home/hgj/arm_ws/src/elite_robot_ros2) by extension 'python'
[0.894s] Level 1:colcon.colcon_core.package_identification:_identify(/home/hgj/arm_ws/src/elite_robot_ros2) by extensions ['python_setup_py']
[0.894s] Level 1:colcon.colcon_core.package_identification:_identify(/home/hgj/arm_ws/src/elite_robot_ros2) by extension 'python_setup_py'
[0.894s] Level 1:colcon.colcon_core.package_identification:_identify(/home/hgj/arm_ws/src/elite_robot_ros2/config) by extensions ['ignore', 'ignore_ament_install']
[0.894s] Level 1:colcon.colcon_core.package_identification:_identify(/home/hgj/arm_ws/src/elite_robot_ros2/config) by extension 'ignore'
[0.894s] Level 1:colcon.colcon_core.package_identification:_identify(/home/hgj/arm_ws/src/elite_robot_ros2/config) by extension 'ignore_ament_install'
[0.894s] Level 1:colcon.colcon_core.package_identification:_identify(/home/hgj/arm_ws/src/elite_robot_ros2/config) by extensions ['colcon_pkg']
[0.894s] Level 1:colcon.colcon_core.package_identification:_identify(/home/hgj/arm_ws/src/elite_robot_ros2/config) by extension 'colcon_pkg'
[0.894s] Level 1:colcon.colcon_core.package_identification:_identify(/home/hgj/arm_ws/src/elite_robot_ros2/config) by extensions ['colcon_meta']
[0.894s] Level 1:colcon.colcon_core.package_identification:_identify(/home/hgj/arm_ws/src/elite_robot_ros2/config) by extension 'colcon_meta'
[0.894s] Level 1:colcon.colcon_core.package_identification:_identify(/home/hgj/arm_ws/src/elite_robot_ros2/config) by extensions ['ros']
[0.894s] Level 1:colcon.colcon_core.package_identification:_identify(/home/hgj/arm_ws/src/elite_robot_ros2/config) by extension 'ros'
[0.894s] Level 1:colcon.colcon_core.package_identification:_identify(/home/hgj/arm_ws/src/elite_robot_ros2/config) by extensions ['cmake', 'python']
[0.894s] Level 1:colcon.colcon_core.package_identification:_identify(/home/hgj/arm_ws/src/elite_robot_ros2/config) by extension 'cmake'
[0.895s] Level 1:colcon.colcon_core.package_identification:_identify(/home/hgj/arm_ws/src/elite_robot_ros2/config) by extension 'python'
[0.895s] Level 1:colcon.colcon_core.package_identification:_identify(/home/hgj/arm_ws/src/elite_robot_ros2/config) by extensions ['python_setup_py']
[0.895s] Level 1:colcon.colcon_core.package_identification:_identify(/home/hgj/arm_ws/src/elite_robot_ros2/config) by extension 'python_setup_py'
[0.895s] Level 1:colcon.colcon_core.package_identification:_identify(/home/hgj/arm_ws/src/elite_robot_ros2/launch) by extensions ['ignore', 'ignore_ament_install']
[0.895s] Level 1:colcon.colcon_core.package_identification:_identify(/home/hgj/arm_ws/src/elite_robot_ros2/launch) by extension 'ignore'
[0.895s] Level 1:colcon.colcon_core.package_identification:_identify(/home/hgj/arm_ws/src/elite_robot_ros2/launch) by extension 'ignore_ament_install'
[0.895s] Level 1:colcon.colcon_core.package_identification:_identify(/home/hgj/arm_ws/src/elite_robot_ros2/launch) by extensions ['colcon_pkg']
[0.895s] Level 1:colcon.colcon_core.package_identification:_identify(/home/hgj/arm_ws/src/elite_robot_ros2/launch) by extension 'colcon_pkg'
[0.895s] Level 1:colcon.colcon_core.package_identification:_identify(/home/hgj/arm_ws/src/elite_robot_ros2/launch) by extensions ['colcon_meta']
[0.895s] Level 1:colcon.colcon_core.package_identification:_identify(/home/hgj/arm_ws/src/elite_robot_ros2/launch) by extension 'colcon_meta'
[0.895s] Level 1:colcon.colcon_core.package_identification:_identify(/home/hgj/arm_ws/src/elite_robot_ros2/launch) by extensions ['ros']
[0.895s] Level 1:colcon.colcon_core.package_identification:_identify(/home/hgj/arm_ws/src/elite_robot_ros2/launch) by extension 'ros'
[0.895s] Level 1:colcon.colcon_core.package_identification:_identify(/home/hgj/arm_ws/src/elite_robot_ros2/launch) by extensions ['cmake', 'python']
[0.895s] Level 1:colcon.colcon_core.package_identification:_identify(/home/hgj/arm_ws/src/elite_robot_ros2/launch) by extension 'cmake'
[0.895s] Level 1:colcon.colcon_core.package_identification:_identify(/home/hgj/arm_ws/src/elite_robot_ros2/launch) by extension 'python'
[0.895s] Level 1:colcon.colcon_core.package_identification:_identify(/home/hgj/arm_ws/src/elite_robot_ros2/launch) by extensions ['python_setup_py']
[0.895s] Level 1:colcon.colcon_core.package_identification:_identify(/home/hgj/arm_ws/src/elite_robot_ros2/launch) by extension 'python_setup_py'
[0.895s] Level 1:colcon.colcon_core.package_identification:_identify(/home/hgj/arm_ws/src/elite_robot_ros2/src) by extensions ['ignore', 'ignore_ament_install']
[0.895s] Level 1:colcon.colcon_core.package_identification:_identify(/home/hgj/arm_ws/src/elite_robot_ros2/src) by extension 'ignore'
[0.895s] Level 1:colcon.colcon_core.package_identification:_identify(/home/hgj/arm_ws/src/elite_robot_ros2/src) by extension 'ignore_ament_install'
[0.895s] Level 1:colcon.colcon_core.package_identification:_identify(/home/hgj/arm_ws/src/elite_robot_ros2/src) by extensions ['colcon_pkg']
[0.895s] Level 1:colcon.colcon_core.package_identification:_identify(/home/hgj/arm_ws/src/elite_robot_ros2/src) by extension 'colcon_pkg'
[0.895s] Level 1:colcon.colcon_core.package_identification:_identify(/home/hgj/arm_ws/src/elite_robot_ros2/src) by extensions ['colcon_meta']
[0.895s] Level 1:colcon.colcon_core.package_identification:_identify(/home/hgj/arm_ws/src/elite_robot_ros2/src) by extension 'colcon_meta'
[0.895s] Level 1:colcon.colcon_core.package_identification:_identify(/home/hgj/arm_ws/src/elite_robot_ros2/src) by extensions ['ros']
[0.895s] Level 1:colcon.colcon_core.package_identification:_identify(/home/hgj/arm_ws/src/elite_robot_ros2/src) by extension 'ros'
[0.895s] Level 1:colcon.colcon_core.package_identification:_identify(/home/hgj/arm_ws/src/elite_robot_ros2/src) by extensions ['cmake', 'python']
[0.895s] Level 1:colcon.colcon_core.package_identification:_identify(/home/hgj/arm_ws/src/elite_robot_ros2/src) by extension 'cmake'
[0.895s] Level 1:colcon.colcon_core.package_identification:_identify(/home/hgj/arm_ws/src/elite_robot_ros2/src) by extension 'python'
[0.896s] Level 1:colcon.colcon_core.package_identification:_identify(/home/hgj/arm_ws/src/elite_robot_ros2/src) by extensions ['python_setup_py']
[0.896s] Level 1:colcon.colcon_core.package_identification:_identify(/home/hgj/arm_ws/src/elite_robot_ros2/src) by extension 'python_setup_py'
[0.896s] Level 1:colcon.colcon_core.package_identification:_identify(/home/hgj/arm_ws/src/elite_robot_ros2/src/arm_moveit2_config) by extensions ['ignore', 'ignore_ament_install']
[0.896s] Level 1:colcon.colcon_core.package_identification:_identify(/home/hgj/arm_ws/src/elite_robot_ros2/src/arm_moveit2_config) by extension 'ignore'
[0.896s] Level 1:colcon.colcon_core.package_identification:_identify(/home/hgj/arm_ws/src/elite_robot_ros2/src/arm_moveit2_config) by extension 'ignore_ament_install'
[0.896s] Level 1:colcon.colcon_core.package_identification:_identify(/home/hgj/arm_ws/src/elite_robot_ros2/src/arm_moveit2_config) by extensions ['colcon_pkg']
[0.896s] Level 1:colcon.colcon_core.package_identification:_identify(/home/hgj/arm_ws/src/elite_robot_ros2/src/arm_moveit2_config) by extension 'colcon_pkg'
[0.896s] Level 1:colcon.colcon_core.package_identification:_identify(/home/hgj/arm_ws/src/elite_robot_ros2/src/arm_moveit2_config) by extensions ['colcon_meta']
[0.896s] Level 1:colcon.colcon_core.package_identification:_identify(/home/hgj/arm_ws/src/elite_robot_ros2/src/arm_moveit2_config) by extension 'colcon_meta'
[0.896s] Level 1:colcon.colcon_core.package_identification:_identify(/home/hgj/arm_ws/src/elite_robot_ros2/src/arm_moveit2_config) by extensions ['ros']
[0.896s] Level 1:colcon.colcon_core.package_identification:_identify(/home/hgj/arm_ws/src/elite_robot_ros2/src/arm_moveit2_config) by extension 'ros'
[0.896s] DEBUG:colcon.colcon_core.package_identification:Package '/home/hgj/arm_ws/src/elite_robot_ros2/src/arm_moveit2_config' with type 'ros.ament_cmake' and name 'arm_moveit2_config'
[0.896s] Level 1:colcon.colcon_core.package_identification:_identify(/home/hgj/arm_ws/src/elite_robot_ros2/src/elite_description) by extensions ['ignore', 'ignore_ament_install']
[0.897s] Level 1:colcon.colcon_core.package_identification:_identify(/home/hgj/arm_ws/src/elite_robot_ros2/src/elite_description) by extension 'ignore'
[0.897s] Level 1:colcon.colcon_core.package_identification:_identify(/home/hgj/arm_ws/src/elite_robot_ros2/src/elite_description) by extension 'ignore_ament_install'
[0.897s] Level 1:colcon.colcon_core.package_identification:_identify(/home/hgj/arm_ws/src/elite_robot_ros2/src/elite_description) by extensions ['colcon_pkg']
[0.897s] Level 1:colcon.colcon_core.package_identification:_identify(/home/hgj/arm_ws/src/elite_robot_ros2/src/elite_description) by extension 'colcon_pkg'
[0.897s] Level 1:colcon.colcon_core.package_identification:_identify(/home/hgj/arm_ws/src/elite_robot_ros2/src/elite_description) by extensions ['colcon_meta']
[0.897s] Level 1:colcon.colcon_core.package_identification:_identify(/home/hgj/arm_ws/src/elite_robot_ros2/src/elite_description) by extension 'colcon_meta'
[0.897s] Level 1:colcon.colcon_core.package_identification:_identify(/home/hgj/arm_ws/src/elite_robot_ros2/src/elite_description) by extensions ['ros']
[0.897s] Level 1:colcon.colcon_core.package_identification:_identify(/home/hgj/arm_ws/src/elite_robot_ros2/src/elite_description) by extension 'ros'
[0.897s] DEBUG:colcon.colcon_core.package_identification:Package '/home/hgj/arm_ws/src/elite_robot_ros2/src/elite_description' with type 'ros.ament_cmake' and name 'elite_description'
[0.897s] Level 1:colcon.colcon_core.package_identification:_identify(/home/hgj/arm_ws/src/elite_robot_ros2/src/elite_moveit2) by extensions ['ignore', 'ignore_ament_install']
[0.897s] Level 1:colcon.colcon_core.package_identification:_identify(/home/hgj/arm_ws/src/elite_robot_ros2/src/elite_moveit2) by extension 'ignore'
[0.897s] Level 1:colcon.colcon_core.package_identification:_identify(/home/hgj/arm_ws/src/elite_robot_ros2/src/elite_moveit2) by extension 'ignore_ament_install'
[0.897s] Level 1:colcon.colcon_core.package_identification:_identify(/home/hgj/arm_ws/src/elite_robot_ros2/src/elite_moveit2) by extensions ['colcon_pkg']
[0.897s] Level 1:colcon.colcon_core.package_identification:_identify(/home/hgj/arm_ws/src/elite_robot_ros2/src/elite_moveit2) by extension 'colcon_pkg'
[0.897s] Level 1:colcon.colcon_core.package_identification:_identify(/home/hgj/arm_ws/src/elite_robot_ros2/src/elite_moveit2) by extensions ['colcon_meta']
[0.897s] Level 1:colcon.colcon_core.package_identification:_identify(/home/hgj/arm_ws/src/elite_robot_ros2/src/elite_moveit2) by extension 'colcon_meta'
[0.897s] Level 1:colcon.colcon_core.package_identification:_identify(/home/hgj/arm_ws/src/elite_robot_ros2/src/elite_moveit2) by extensions ['ros']
[0.897s] Level 1:colcon.colcon_core.package_identification:_identify(/home/hgj/arm_ws/src/elite_robot_ros2/src/elite_moveit2) by extension 'ros'
[0.897s] Level 1:colcon.colcon_core.package_identification:_identify(/home/hgj/arm_ws/src/elite_robot_ros2/src/elite_moveit2) by extensions ['cmake', 'python']
[0.898s] Level 1:colcon.colcon_core.package_identification:_identify(/home/hgj/arm_ws/src/elite_robot_ros2/src/elite_moveit2) by extension 'cmake'
[0.898s] Level 1:colcon.colcon_core.package_identification:_identify(/home/hgj/arm_ws/src/elite_robot_ros2/src/elite_moveit2) by extension 'python'
[0.898s] Level 1:colcon.colcon_core.package_identification:_identify(/home/hgj/arm_ws/src/elite_robot_ros2/src/elite_moveit2) by extensions ['python_setup_py']
[0.898s] Level 1:colcon.colcon_core.package_identification:_identify(/home/hgj/arm_ws/src/elite_robot_ros2/src/elite_moveit2) by extension 'python_setup_py'
[0.898s] Level 1:colcon.colcon_core.package_identification:_identify(/home/hgj/arm_ws/src/elite_robot_ros2/src/elite_moveit2/elite_ec66_moveit_config) by extensions ['ignore', 'ignore_ament_install']
[0.898s] Level 1:colcon.colcon_core.package_identification:_identify(/home/hgj/arm_ws/src/elite_robot_ros2/src/elite_moveit2/elite_ec66_moveit_config) by extension 'ignore'
[0.898s] Level 1:colcon.colcon_core.package_identification:_identify(/home/hgj/arm_ws/src/elite_robot_ros2/src/elite_moveit2/elite_ec66_moveit_config) by extension 'ignore_ament_install'
[0.898s] Level 1:colcon.colcon_core.package_identification:_identify(/home/hgj/arm_ws/src/elite_robot_ros2/src/elite_moveit2/elite_ec66_moveit_config) by extensions ['colcon_pkg']
[0.898s] Level 1:colcon.colcon_core.package_identification:_identify(/home/hgj/arm_ws/src/elite_robot_ros2/src/elite_moveit2/elite_ec66_moveit_config) by extension 'colcon_pkg'
[0.898s] Level 1:colcon.colcon_core.package_identification:_identify(/home/hgj/arm_ws/src/elite_robot_ros2/src/elite_moveit2/elite_ec66_moveit_config) by extensions ['colcon_meta']
[0.898s] Level 1:colcon.colcon_core.package_identification:_identify(/home/hgj/arm_ws/src/elite_robot_ros2/src/elite_moveit2/elite_ec66_moveit_config) by extension 'colcon_meta'
[0.898s] Level 1:colcon.colcon_core.package_identification:_identify(/home/hgj/arm_ws/src/elite_robot_ros2/src/elite_moveit2/elite_ec66_moveit_config) by extensions ['ros']
[0.898s] Level 1:colcon.colcon_core.package_identification:_identify(/home/hgj/arm_ws/src/elite_robot_ros2/src/elite_moveit2/elite_ec66_moveit_config) by extension 'ros'
[0.901s] DEBUG:colcon.colcon_core.package_identification:Package '/home/hgj/arm_ws/src/elite_robot_ros2/src/elite_moveit2/elite_ec66_moveit_config' with type 'ros.ament_cmake' and name 'elite_ec66_moveit_config'
[0.901s] Level 1:colcon.colcon_core.package_discovery:discover_packages(recursive) using defaults
[0.974s] Level 1:colcon.colcon_core.package_discovery:discover_packages(prefix_path) check parameters
[0.975s] Level 1:colcon.colcon_core.package_discovery:discover_packages(prefix_path) discover
[1.005s] DEBUG:colcon.colcon_installed_package_information.package_discovery:Found 4 installed packages in /home/hgj/arm_ws/install
[1.019s] DEBUG:colcon.colcon_installed_package_information.package_discovery:Found 9 installed packages in /home/hgj/ros2_ws/install
[1.051s] DEBUG:colcon.colcon_installed_package_information.package_discovery:Found 12 installed packages in /home/hgj/ros_ws/install
[1.065s] DEBUG:colcon.colcon_installed_package_information.package_discovery:Found 1 installed packages in /home/hgj/ES_ws/install
[1.078s] DEBUG:colcon.colcon_installed_package_information.package_discovery:Found 460 installed packages in /opt/ros/humble
[1.080s] Level 1:colcon.colcon_core.package_discovery:discover_packages(prefix_path) using defaults
[1.166s] Level 5:colcon.colcon_core.verb:set package 'elite_description' build argument 'cmake_args' from command line to '['-DCMAKE_BUILD_TYPE=RelWithDebInfo']'
[1.166s] Level 5:colcon.colcon_core.verb:set package 'elite_description' build argument 'cmake_target' from command line to 'None'
[1.166s] Level 5:colcon.colcon_core.verb:set package 'elite_description' build argument 'cmake_target_skip_unavailable' from command line to 'False'
[1.166s] Level 5:colcon.colcon_core.verb:set package 'elite_description' build argument 'cmake_clean_cache' from command line to 'False'
[1.166s] Level 5:colcon.colcon_core.verb:set package 'elite_description' build argument 'cmake_clean_first' from command line to 'False'
[1.166s] Level 5:colcon.colcon_core.verb:set package 'elite_description' build argument 'cmake_force_configure' from command line to 'False'
[1.166s] Level 5:colcon.colcon_core.verb:set package 'elite_description' build argument 'ament_cmake_args' from command line to 'None'
[1.166s] Level 5:colcon.colcon_core.verb:set package 'elite_description' build argument 'catkin_cmake_args' from command line to 'None'
[1.166s] Level 5:colcon.colcon_core.verb:set package 'elite_description' build argument 'catkin_skip_building_tests' from command line to 'False'
[1.166s] DEBUG:colcon.colcon_core.verb:Building package 'elite_description' with the following arguments: {'ament_cmake_args': None, 'build_base': '/home/hgj/arm_ws/build/elite_description', 'catkin_cmake_args': None, 'catkin_skip_building_tests': False, 'cmake_args': ['-DCMAKE_BUILD_TYPE=RelWithDebInfo'], 'cmake_clean_cache': False, 'cmake_clean_first': False, 'cmake_force_configure': False, 'cmake_target': None, 'cmake_target_skip_unavailable': False, 'install_base': '/home/hgj/arm_ws/install/elite_description', 'merge_install': False, 'path': '/home/hgj/arm_ws/src/elite_robot_ros2/src/elite_description', 'symlink_install': True, 'test_result_base': None}
[1.177s] Level 5:colcon.colcon_core.verb:set package 'arm_gripper_moveit2_config' build argument 'cmake_args' from command line to '['-DCMAKE_BUILD_TYPE=RelWithDebInfo']'
[1.177s] Level 5:colcon.colcon_core.verb:set package 'arm_gripper_moveit2_config' build argument 'cmake_target' from command line to 'None'
[1.177s] Level 5:colcon.colcon_core.verb:set package 'arm_gripper_moveit2_config' build argument 'cmake_target_skip_unavailable' from command line to 'False'
[1.177s] Level 5:colcon.colcon_core.verb:set package 'arm_gripper_moveit2_config' build argument 'cmake_clean_cache' from command line to 'False'
[1.177s] Level 5:colcon.colcon_core.verb:set package 'arm_gripper_moveit2_config' build argument 'cmake_clean_first' from command line to 'False'
[1.177s] Level 5:colcon.colcon_core.verb:set package 'arm_gripper_moveit2_config' build argument 'cmake_force_configure' from command line to 'False'
[1.177s] Level 5:colcon.colcon_core.verb:set package 'arm_gripper_moveit2_config' build argument 'ament_cmake_args' from command line to 'None'
[1.177s] Level 5:colcon.colcon_core.verb:set package 'arm_gripper_moveit2_config' build argument 'catkin_cmake_args' from command line to 'None'
[1.178s] Level 5:colcon.colcon_core.verb:set package 'arm_gripper_moveit2_config' build argument 'catkin_skip_building_tests' from command line to 'False'
[1.178s] DEBUG:colcon.colcon_core.verb:Building package 'arm_gripper_moveit2_config' with the following arguments: {'ament_cmake_args': None, 'build_base': '/home/hgj/arm_ws/build/arm_gripper_moveit2_config', 'catkin_cmake_args': None, 'catkin_skip_building_tests': False, 'cmake_args': ['-DCMAKE_BUILD_TYPE=RelWithDebInfo'], 'cmake_clean_cache': False, 'cmake_clean_first': False, 'cmake_force_configure': False, 'cmake_target': None, 'cmake_target_skip_unavailable': False, 'install_base': '/home/hgj/arm_ws/install/arm_gripper_moveit2_config', 'merge_install': False, 'path': '/home/hgj/arm_ws/src/arm_gripper_moveit2_config', 'symlink_install': True, 'test_result_base': None}
[1.191s] Level 5:colcon.colcon_core.verb:set package 'arm_moveit2_config' build argument 'cmake_args' from command line to '['-DCMAKE_BUILD_TYPE=RelWithDebInfo']'
[1.191s] Level 5:colcon.colcon_core.verb:set package 'arm_moveit2_config' build argument 'cmake_target' from command line to 'None'
[1.191s] Level 5:colcon.colcon_core.verb:set package 'arm_moveit2_config' build argument 'cmake_target_skip_unavailable' from command line to 'False'
[1.191s] Level 5:colcon.colcon_core.verb:set package 'arm_moveit2_config' build argument 'cmake_clean_cache' from command line to 'False'
[1.191s] Level 5:colcon.colcon_core.verb:set package 'arm_moveit2_config' build argument 'cmake_clean_first' from command line to 'False'
[1.191s] Level 5:colcon.colcon_core.verb:set package 'arm_moveit2_config' build argument 'cmake_force_configure' from command line to 'False'
[1.191s] Level 5:colcon.colcon_core.verb:set package 'arm_moveit2_config' build argument 'ament_cmake_args' from command line to 'None'
[1.191s] Level 5:colcon.colcon_core.verb:set package 'arm_moveit2_config' build argument 'catkin_cmake_args' from command line to 'None'
[1.191s] Level 5:colcon.colcon_core.verb:set package 'arm_moveit2_config' build argument 'catkin_skip_building_tests' from command line to 'False'
[1.191s] DEBUG:colcon.colcon_core.verb:Building package 'arm_moveit2_config' with the following arguments: {'ament_cmake_args': None, 'build_base': '/home/hgj/arm_ws/build/arm_moveit2_config', 'catkin_cmake_args': None, 'catkin_skip_building_tests': False, 'cmake_args': ['-DCMAKE_BUILD_TYPE=RelWithDebInfo'], 'cmake_clean_cache': False, 'cmake_clean_first': False, 'cmake_force_configure': False, 'cmake_target': None, 'cmake_target_skip_unavailable': False, 'install_base': '/home/hgj/arm_ws/install/arm_moveit2_config', 'merge_install': False, 'path': '/home/hgj/arm_ws/src/elite_robot_ros2/src/arm_moveit2_config', 'symlink_install': True, 'test_result_base': None}
[1.203s] Level 5:colcon.colcon_core.verb:set package 'elite_ec66_moveit_config' build argument 'cmake_args' from command line to '['-DCMAKE_BUILD_TYPE=RelWithDebInfo']'
[1.203s] Level 5:colcon.colcon_core.verb:set package 'elite_ec66_moveit_config' build argument 'cmake_target' from command line to 'None'
[1.203s] Level 5:colcon.colcon_core.verb:set package 'elite_ec66_moveit_config' build argument 'cmake_target_skip_unavailable' from command line to 'False'
[1.203s] Level 5:colcon.colcon_core.verb:set package 'elite_ec66_moveit_config' build argument 'cmake_clean_cache' from command line to 'False'
[1.203s] Level 5:colcon.colcon_core.verb:set package 'elite_ec66_moveit_config' build argument 'cmake_clean_first' from command line to 'False'
[1.203s] Level 5:colcon.colcon_core.verb:set package 'elite_ec66_moveit_config' build argument 'cmake_force_configure' from command line to 'False'
[1.203s] Level 5:colcon.colcon_core.verb:set package 'elite_ec66_moveit_config' build argument 'ament_cmake_args' from command line to 'None'
[1.203s] Level 5:colcon.colcon_core.verb:set package 'elite_ec66_moveit_config' build argument 'catkin_cmake_args' from command line to 'None'
[1.203s] Level 5:colcon.colcon_core.verb:set package 'elite_ec66_moveit_config' build argument 'catkin_skip_building_tests' from command line to 'False'
[1.203s] DEBUG:colcon.colcon_core.verb:Building package 'elite_ec66_moveit_config' with the following arguments: {'ament_cmake_args': None, 'build_base': '/home/hgj/arm_ws/build/elite_ec66_moveit_config', 'catkin_cmake_args': None, 'catkin_skip_building_tests': False, 'cmake_args': ['-DCMAKE_BUILD_TYPE=RelWithDebInfo'], 'cmake_clean_cache': False, 'cmake_clean_first': False, 'cmake_force_configure': False, 'cmake_target': None, 'cmake_target_skip_unavailable': False, 'install_base': '/home/hgj/arm_ws/install/elite_ec66_moveit_config', 'merge_install': False, 'path': '/home/hgj/arm_ws/src/elite_robot_ros2/src/elite_moveit2/elite_ec66_moveit_config', 'symlink_install': True, 'test_result_base': None}
[1.213s] INFO:colcon.colcon_core.executor:Executing jobs using 'parallel' executor
[1.226s] DEBUG:colcon.colcon_parallel_executor.executor.parallel:run_until_complete
[1.226s] INFO:colcon.colcon_ros.task.ament_cmake.build:Building ROS package in '/home/hgj/arm_ws/src/elite_robot_ros2/src/elite_description' with build type 'ament_cmake'
[1.226s] INFO:colcon.colcon_cmake.task.cmake.build:Building CMake package in '/home/hgj/arm_ws/src/elite_robot_ros2/src/elite_description'
[1.240s] INFO:colcon.colcon_core.plugin_system:Skipping extension 'colcon_core.shell.bat': Not used on non-Windows systems
[1.240s] INFO:colcon.colcon_core.shell:Skip shell extension 'powershell' for command environment: Not usable outside of PowerShell
[1.240s] DEBUG:colcon.colcon_core.shell:Skip shell extension 'dsv' for command environment
[1.321s] DEBUG:colcon.colcon_core.event_handler.log_command:Invoking command in '/home/hgj/arm_ws/build/elite_description': CMAKE_PREFIX_PATH=${CMAKE_PREFIX_PATH}:/home/hgj/ros2_ws/install/fishbot_description:/home/hgj/ros_ws/install/rm_decision:/opt/ros/humble /usr/bin/cmake --build /home/hgj/arm_ws/build/elite_description -- -j8 -l8
[1.358s] DEBUG:colcon.colcon_core.event_handler.log_command:Invoked command in '/home/hgj/arm_ws/build/elite_description' returned '0': CMAKE_PREFIX_PATH=${CMAKE_PREFIX_PATH}:/home/hgj/ros2_ws/install/fishbot_description:/home/hgj/ros_ws/install/rm_decision:/opt/ros/humble /usr/bin/cmake --build /home/hgj/arm_ws/build/elite_description -- -j8 -l8
[1.389s] DEBUG:colcon.colcon_core.event_handler.log_command:Invoking command in '/home/hgj/arm_ws/build/elite_description': CMAKE_PREFIX_PATH=${CMAKE_PREFIX_PATH}:/home/hgj/ros2_ws/install/fishbot_description:/home/hgj/ros_ws/install/rm_decision:/opt/ros/humble /usr/bin/cmake --install /home/hgj/arm_ws/build/elite_description
[1.409s] Level 1:colcon.colcon_core.environment:create_environment_scripts_only(elite_description)
[1.409s] DEBUG:colcon.colcon_core.event_handler.log_command:Invoked command in '/home/hgj/arm_ws/build/elite_description' returned '0': CMAKE_PREFIX_PATH=${CMAKE_PREFIX_PATH}:/home/hgj/ros2_ws/install/fishbot_description:/home/hgj/ros_ws/install/rm_decision:/opt/ros/humble /usr/bin/cmake --install /home/hgj/arm_ws/build/elite_description
[1.422s] Level 1:colcon.colcon_core.environment:checking '/home/hgj/arm_ws/install/elite_description' for CMake module files
[1.422s] Level 1:colcon.colcon_core.environment:checking '/home/hgj/arm_ws/install/elite_description' for CMake config files
[1.423s] Level 1:colcon.colcon_core.shell:create_environment_hook('elite_description', 'cmake_prefix_path')
[1.436s] INFO:colcon.colcon_core.shell:Creating environment hook '/home/hgj/arm_ws/install/elite_description/share/elite_description/hook/cmake_prefix_path.ps1'
[1.437s] INFO:colcon.colcon_core.shell:Creating environment descriptor '/home/hgj/arm_ws/install/elite_description/share/elite_description/hook/cmake_prefix_path.dsv'
[1.437s] INFO:colcon.colcon_core.shell:Creating environment hook '/home/hgj/arm_ws/install/elite_description/share/elite_description/hook/cmake_prefix_path.sh'
[1.438s] Level 1:colcon.colcon_core.environment:checking '/home/hgj/arm_ws/install/elite_description/bin'
[1.438s] Level 1:colcon.colcon_core.environment:checking '/home/hgj/arm_ws/install/elite_description/lib/pkgconfig/elite_description.pc'
[1.438s] Level 1:colcon.colcon_core.environment:checking '/home/hgj/arm_ws/install/elite_description/lib/python3.10/site-packages'
[1.439s] Level 1:colcon.colcon_core.environment:checking '/home/hgj/arm_ws/install/elite_description/bin'
[1.451s] INFO:colcon.colcon_core.shell:Creating package script '/home/hgj/arm_ws/install/elite_description/share/elite_description/package.ps1'
[1.452s] INFO:colcon.colcon_core.shell:Creating package descriptor '/home/hgj/arm_ws/install/elite_description/share/elite_description/package.dsv'
[1.453s] INFO:colcon.colcon_core.shell:Creating package script '/home/hgj/arm_ws/install/elite_description/share/elite_description/package.sh'
[1.454s] INFO:colcon.colcon_core.shell:Creating package script '/home/hgj/arm_ws/install/elite_description/share/elite_description/package.bash'
[1.454s] INFO:colcon.colcon_core.shell:Creating package script '/home/hgj/arm_ws/install/elite_description/share/elite_description/package.zsh'
[1.455s] Level 1:colcon.colcon_core.environment:create_file_with_runtime_dependencies(/home/hgj/arm_ws/install/elite_description/share/colcon-core/packages/elite_description)
[1.491s] Level 1:colcon.colcon_core.environment:create_environment_scripts_only(elite_description)
[1.503s] Level 1:colcon.colcon_core.environment:checking '/home/hgj/arm_ws/install/elite_description' for CMake module files
[1.503s] Level 1:colcon.colcon_core.environment:checking '/home/hgj/arm_ws/install/elite_description' for CMake config files
[1.504s] Level 1:colcon.colcon_core.shell:create_environment_hook('elite_description', 'cmake_prefix_path')
[1.515s] INFO:colcon.colcon_core.shell:Creating environment hook '/home/hgj/arm_ws/install/elite_description/share/elite_description/hook/cmake_prefix_path.ps1'
[1.516s] INFO:colcon.colcon_core.shell:Creating environment descriptor '/home/hgj/arm_ws/install/elite_description/share/elite_description/hook/cmake_prefix_path.dsv'
[1.516s] INFO:colcon.colcon_core.shell:Creating environment hook '/home/hgj/arm_ws/install/elite_description/share/elite_description/hook/cmake_prefix_path.sh'
[1.517s] Level 1:colcon.colcon_core.environment:checking '/home/hgj/arm_ws/install/elite_description/bin'
[1.517s] Level 1:colcon.colcon_core.environment:checking '/home/hgj/arm_ws/install/elite_description/lib/pkgconfig/elite_description.pc'
[1.518s] Level 1:colcon.colcon_core.environment:checking '/home/hgj/arm_ws/install/elite_description/lib/python3.10/site-packages'
[1.518s] Level 1:colcon.colcon_core.environment:checking '/home/hgj/arm_ws/install/elite_description/bin'
[1.531s] INFO:colcon.colcon_core.shell:Creating package script '/home/hgj/arm_ws/install/elite_description/share/elite_description/package.ps1'
[1.532s] INFO:colcon.colcon_core.shell:Creating package descriptor '/home/hgj/arm_ws/install/elite_description/share/elite_description/package.dsv'
[1.533s] INFO:colcon.colcon_core.shell:Creating package script '/home/hgj/arm_ws/install/elite_description/share/elite_description/package.sh'
[1.533s] INFO:colcon.colcon_core.shell:Creating package script '/home/hgj/arm_ws/install/elite_description/share/elite_description/package.bash'
[1.533s] INFO:colcon.colcon_core.shell:Creating package script '/home/hgj/arm_ws/install/elite_description/share/elite_description/package.zsh'
[1.534s] Level 1:colcon.colcon_core.environment:create_file_with_runtime_dependencies(/home/hgj/arm_ws/install/elite_description/share/colcon-core/packages/elite_description)
[1.535s] INFO:colcon.colcon_ros.task.ament_cmake.build:Building ROS package in '/home/hgj/arm_ws/src/arm_gripper_moveit2_config' with build type 'ament_cmake'
[1.535s] INFO:colcon.colcon_cmake.task.cmake.build:Building CMake package in '/home/hgj/arm_ws/src/arm_gripper_moveit2_config'
[1.548s] INFO:colcon.colcon_core.shell:Skip shell extension 'powershell' for command environment: Not usable outside of PowerShell
[1.548s] DEBUG:colcon.colcon_core.shell:Skip shell extension 'dsv' for command environment
[1.625s] INFO:colcon.colcon_ros.task.ament_cmake.build:Building ROS package in '/home/hgj/arm_ws/src/elite_robot_ros2/src/arm_moveit2_config' with build type 'ament_cmake'
[1.625s] INFO:colcon.colcon_cmake.task.cmake.build:Building CMake package in '/home/hgj/arm_ws/src/elite_robot_ros2/src/arm_moveit2_config'
[1.637s] INFO:colcon.colcon_core.shell:Skip shell extension 'powershell' for command environment: Not usable outside of PowerShell
[1.637s] DEBUG:colcon.colcon_core.shell:Skip shell extension 'dsv' for command environment
[1.708s] INFO:colcon.colcon_ros.task.ament_cmake.build:Building ROS package in '/home/hgj/arm_ws/src/elite_robot_ros2/src/elite_moveit2/elite_ec66_moveit_config' with build type 'ament_cmake'
[1.708s] INFO:colcon.colcon_cmake.task.cmake.build:Building CMake package in '/home/hgj/arm_ws/src/elite_robot_ros2/src/elite_moveit2/elite_ec66_moveit_config'
[1.720s] INFO:colcon.colcon_core.shell:Skip shell extension 'powershell' for command environment: Not usable outside of PowerShell
[1.720s] DEBUG:colcon.colcon_core.shell:Skip shell extension 'dsv' for command environment
[1.796s] DEBUG:colcon.colcon_core.event_handler.log_command:Invoking command in '/home/hgj/arm_ws/build/arm_gripper_moveit2_config': CMAKE_PREFIX_PATH=/home/hgj/arm_ws/install/elite_description:/home/hgj/arm_ws/install/elite_ec66_moveit_config:/home/hgj/arm_ws/install/arm_moveit2_config:/home/hgj/arm_ws/install/arm_gripper_moveit2_config:/home/hgj/ros2_ws/install/fishbot_navigation2:/home/hgj/ros2_ws/install/fishbot_cartographer:/home/hgj/ros2_ws/install/elite_ec66_moveit_config:/home/hgj/ros2_ws/install/elite_description:/home/hgj/ros2_ws/install/cartographer_rviz:/home/hgj/ros2_ws/install/cartographer_ros:/home/hgj/ros2_ws/install/cartographer_ros_msgs:/home/hgj/ros2_ws/install/cartographer:/home/hgj/ros_ws/install/ros2_livox_simulation:/home/hgj/ros_ws/install/rm_navigation:/home/hgj/ros_ws/install/rm_decision_interfaces:/home/hgj/ros_ws/install/pointcloud_to_laserscan:/home/hgj/ros_ws/install/pb_rm_simulation:/home/hgj/ros_ws/install/fast_lio:/home/hgj/ros_ws/install/livox_ros_driver2:/home/hgj/ros_ws/install/linefit_ground_segmentation_ros:/home/hgj/ros_ws/install/linefit_ground_segmentation:/home/hgj/ros_ws/install/icp_localization_ros2:/home/hgj/ros2_ws/install/fishbot_description:/home/hgj/ros_ws/install/rm_decision:/opt/ros/humble /usr/bin/cmake --build /home/hgj/arm_ws/build/arm_gripper_moveit2_config -- -j8 -l8
[1.799s] DEBUG:colcon.colcon_core.event_handler.log_command:Invoking command in '/home/hgj/arm_ws/build/arm_moveit2_config': CMAKE_PREFIX_PATH=/home/hgj/arm_ws/install/elite_description:/home/hgj/arm_ws/install/elite_ec66_moveit_config:/home/hgj/arm_ws/install/arm_moveit2_config:/home/hgj/arm_ws/install/arm_gripper_moveit2_config:/home/hgj/ros2_ws/install/fishbot_navigation2:/home/hgj/ros2_ws/install/fishbot_cartographer:/home/hgj/ros2_ws/install/elite_ec66_moveit_config:/home/hgj/ros2_ws/install/elite_description:/home/hgj/ros2_ws/install/cartographer_rviz:/home/hgj/ros2_ws/install/cartographer_ros:/home/hgj/ros2_ws/install/cartographer_ros_msgs:/home/hgj/ros2_ws/install/cartographer:/home/hgj/ros_ws/install/ros2_livox_simulation:/home/hgj/ros_ws/install/rm_navigation:/home/hgj/ros_ws/install/rm_decision_interfaces:/home/hgj/ros_ws/install/pointcloud_to_laserscan:/home/hgj/ros_ws/install/pb_rm_simulation:/home/hgj/ros_ws/install/fast_lio:/home/hgj/ros_ws/install/livox_ros_driver2:/home/hgj/ros_ws/install/linefit_ground_segmentation_ros:/home/hgj/ros_ws/install/linefit_ground_segmentation:/home/hgj/ros_ws/install/icp_localization_ros2:/home/hgj/ros2_ws/install/fishbot_description:/home/hgj/ros_ws/install/rm_decision:/opt/ros/humble /usr/bin/cmake --build /home/hgj/arm_ws/build/arm_moveit2_config -- -j8 -l8
[1.801s] DEBUG:colcon.colcon_core.event_handler.log_command:Invoking command in '/home/hgj/arm_ws/build/elite_ec66_moveit_config': CMAKE_PREFIX_PATH=/home/hgj/arm_ws/install/elite_description:/home/hgj/arm_ws/install/elite_ec66_moveit_config:/home/hgj/arm_ws/install/arm_moveit2_config:/home/hgj/arm_ws/install/arm_gripper_moveit2_config:/home/hgj/ros2_ws/install/fishbot_navigation2:/home/hgj/ros2_ws/install/fishbot_cartographer:/home/hgj/ros2_ws/install/elite_ec66_moveit_config:/home/hgj/ros2_ws/install/elite_description:/home/hgj/ros2_ws/install/cartographer_rviz:/home/hgj/ros2_ws/install/cartographer_ros:/home/hgj/ros2_ws/install/cartographer_ros_msgs:/home/hgj/ros2_ws/install/cartographer:/home/hgj/ros_ws/install/ros2_livox_simulation:/home/hgj/ros_ws/install/rm_navigation:/home/hgj/ros_ws/install/rm_decision_interfaces:/home/hgj/ros_ws/install/pointcloud_to_laserscan:/home/hgj/ros_ws/install/pb_rm_simulation:/home/hgj/ros_ws/install/fast_lio:/home/hgj/ros_ws/install/livox_ros_driver2:/home/hgj/ros_ws/install/linefit_ground_segmentation_ros:/home/hgj/ros_ws/install/linefit_ground_segmentation:/home/hgj/ros_ws/install/icp_localization_ros2:/home/hgj/ros2_ws/install/fishbot_description:/home/hgj/ros_ws/install/rm_decision:/opt/ros/humble /usr/bin/cmake --build /home/hgj/arm_ws/build/elite_ec66_moveit_config -- -j8 -l8
[1.837s] DEBUG:colcon.colcon_core.event_handler.log_command:Invoked command in '/home/hgj/arm_ws/build/arm_gripper_moveit2_config' returned '0': CMAKE_PREFIX_PATH=/home/hgj/arm_ws/install/elite_description:/home/hgj/arm_ws/install/elite_ec66_moveit_config:/home/hgj/arm_ws/install/arm_moveit2_config:/home/hgj/arm_ws/install/arm_gripper_moveit2_config:/home/hgj/ros2_ws/install/fishbot_navigation2:/home/hgj/ros2_ws/install/fishbot_cartographer:/home/hgj/ros2_ws/install/elite_ec66_moveit_config:/home/hgj/ros2_ws/install/elite_description:/home/hgj/ros2_ws/install/cartographer_rviz:/home/hgj/ros2_ws/install/cartographer_ros:/home/hgj/ros2_ws/install/cartographer_ros_msgs:/home/hgj/ros2_ws/install/cartographer:/home/hgj/ros_ws/install/ros2_livox_simulation:/home/hgj/ros_ws/install/rm_navigation:/home/hgj/ros_ws/install/rm_decision_interfaces:/home/hgj/ros_ws/install/pointcloud_to_laserscan:/home/hgj/ros_ws/install/pb_rm_simulation:/home/hgj/ros_ws/install/fast_lio:/home/hgj/ros_ws/install/livox_ros_driver2:/home/hgj/ros_ws/install/linefit_ground_segmentation_ros:/home/hgj/ros_ws/install/linefit_ground_segmentation:/home/hgj/ros_ws/install/icp_localization_ros2:/home/hgj/ros2_ws/install/fishbot_description:/home/hgj/ros_ws/install/rm_decision:/opt/ros/humble /usr/bin/cmake --build /home/hgj/arm_ws/build/arm_gripper_moveit2_config -- -j8 -l8
[1.842s] DEBUG:colcon.colcon_core.event_handler.log_command:Invoked command in '/home/hgj/arm_ws/build/arm_moveit2_config' returned '0': CMAKE_PREFIX_PATH=/home/hgj/arm_ws/install/elite_description:/home/hgj/arm_ws/install/elite_ec66_moveit_config:/home/hgj/arm_ws/install/arm_moveit2_config:/home/hgj/arm_ws/install/arm_gripper_moveit2_config:/home/hgj/ros2_ws/install/fishbot_navigation2:/home/hgj/ros2_ws/install/fishbot_cartographer:/home/hgj/ros2_ws/install/elite_ec66_moveit_config:/home/hgj/ros2_ws/install/elite_description:/home/hgj/ros2_ws/install/cartographer_rviz:/home/hgj/ros2_ws/install/cartographer_ros:/home/hgj/ros2_ws/install/cartographer_ros_msgs:/home/hgj/ros2_ws/install/cartographer:/home/hgj/ros_ws/install/ros2_livox_simulation:/home/hgj/ros_ws/install/rm_navigation:/home/hgj/ros_ws/install/rm_decision_interfaces:/home/hgj/ros_ws/install/pointcloud_to_laserscan:/home/hgj/ros_ws/install/pb_rm_simulation:/home/hgj/ros_ws/install/fast_lio:/home/hgj/ros_ws/install/livox_ros_driver2:/home/hgj/ros_ws/install/linefit_ground_segmentation_ros:/home/hgj/ros_ws/install/linefit_ground_segmentation:/home/hgj/ros_ws/install/icp_localization_ros2:/home/hgj/ros2_ws/install/fishbot_description:/home/hgj/ros_ws/install/rm_decision:/opt/ros/humble /usr/bin/cmake --build /home/hgj/arm_ws/build/arm_moveit2_config -- -j8 -l8
[1.844s] DEBUG:colcon.colcon_core.event_handler.log_command:Invoked command in '/home/hgj/arm_ws/build/elite_ec66_moveit_config' returned '0': CMAKE_PREFIX_PATH=/home/hgj/arm_ws/install/elite_description:/home/hgj/arm_ws/install/elite_ec66_moveit_config:/home/hgj/arm_ws/install/arm_moveit2_config:/home/hgj/arm_ws/install/arm_gripper_moveit2_config:/home/hgj/ros2_ws/install/fishbot_navigation2:/home/hgj/ros2_ws/install/fishbot_cartographer:/home/hgj/ros2_ws/install/elite_ec66_moveit_config:/home/hgj/ros2_ws/install/elite_description:/home/hgj/ros2_ws/install/cartographer_rviz:/home/hgj/ros2_ws/install/cartographer_ros:/home/hgj/ros2_ws/install/cartographer_ros_msgs:/home/hgj/ros2_ws/install/cartographer:/home/hgj/ros_ws/install/ros2_livox_simulation:/home/hgj/ros_ws/install/rm_navigation:/home/hgj/ros_ws/install/rm_decision_interfaces:/home/hgj/ros_ws/install/pointcloud_to_laserscan:/home/hgj/ros_ws/install/pb_rm_simulation:/home/hgj/ros_ws/install/fast_lio:/home/hgj/ros_ws/install/livox_ros_driver2:/home/hgj/ros_ws/install/linefit_ground_segmentation_ros:/home/hgj/ros_ws/install/linefit_ground_segmentation:/home/hgj/ros_ws/install/icp_localization_ros2:/home/hgj/ros2_ws/install/fishbot_description:/home/hgj/ros_ws/install/rm_decision:/opt/ros/humble /usr/bin/cmake --build /home/hgj/arm_ws/build/elite_ec66_moveit_config -- -j8 -l8
[1.866s] DEBUG:colcon.colcon_core.event_handler.log_command:Invoking command in '/home/hgj/arm_ws/build/arm_gripper_moveit2_config': CMAKE_PREFIX_PATH=/home/hgj/arm_ws/install/elite_description:/home/hgj/arm_ws/install/elite_ec66_moveit_config:/home/hgj/arm_ws/install/arm_moveit2_config:/home/hgj/arm_ws/install/arm_gripper_moveit2_config:/home/hgj/ros2_ws/install/fishbot_navigation2:/home/hgj/ros2_ws/install/fishbot_cartographer:/home/hgj/ros2_ws/install/elite_ec66_moveit_config:/home/hgj/ros2_ws/install/elite_description:/home/hgj/ros2_ws/install/cartographer_rviz:/home/hgj/ros2_ws/install/cartographer_ros:/home/hgj/ros2_ws/install/cartographer_ros_msgs:/home/hgj/ros2_ws/install/cartographer:/home/hgj/ros_ws/install/ros2_livox_simulation:/home/hgj/ros_ws/install/rm_navigation:/home/hgj/ros_ws/install/rm_decision_interfaces:/home/hgj/ros_ws/install/pointcloud_to_laserscan:/home/hgj/ros_ws/install/pb_rm_simulation:/home/hgj/ros_ws/install/fast_lio:/home/hgj/ros_ws/install/livox_ros_driver2:/home/hgj/ros_ws/install/linefit_ground_segmentation_ros:/home/hgj/ros_ws/install/linefit_ground_segmentation:/home/hgj/ros_ws/install/icp_localization_ros2:/home/hgj/ros2_ws/install/fishbot_description:/home/hgj/ros_ws/install/rm_decision:/opt/ros/humble /usr/bin/cmake --install /home/hgj/arm_ws/build/arm_gripper_moveit2_config
[1.870s] DEBUG:colcon.colcon_core.event_handler.log_command:Invoking command in '/home/hgj/arm_ws/build/arm_moveit2_config': CMAKE_PREFIX_PATH=/home/hgj/arm_ws/install/elite_description:/home/hgj/arm_ws/install/elite_ec66_moveit_config:/home/hgj/arm_ws/install/arm_moveit2_config:/home/hgj/arm_ws/install/arm_gripper_moveit2_config:/home/hgj/ros2_ws/install/fishbot_navigation2:/home/hgj/ros2_ws/install/fishbot_cartographer:/home/hgj/ros2_ws/install/elite_ec66_moveit_config:/home/hgj/ros2_ws/install/elite_description:/home/hgj/ros2_ws/install/cartographer_rviz:/home/hgj/ros2_ws/install/cartographer_ros:/home/hgj/ros2_ws/install/cartographer_ros_msgs:/home/hgj/ros2_ws/install/cartographer:/home/hgj/ros_ws/install/ros2_livox_simulation:/home/hgj/ros_ws/install/rm_navigation:/home/hgj/ros_ws/install/rm_decision_interfaces:/home/hgj/ros_ws/install/pointcloud_to_laserscan:/home/hgj/ros_ws/install/pb_rm_simulation:/home/hgj/ros_ws/install/fast_lio:/home/hgj/ros_ws/install/livox_ros_driver2:/home/hgj/ros_ws/install/linefit_ground_segmentation_ros:/home/hgj/ros_ws/install/linefit_ground_segmentation:/home/hgj/ros_ws/install/icp_localization_ros2:/home/hgj/ros2_ws/install/fishbot_description:/home/hgj/ros_ws/install/rm_decision:/opt/ros/humble /usr/bin/cmake --install /home/hgj/arm_ws/build/arm_moveit2_config
[1.875s] DEBUG:colcon.colcon_core.event_handler.log_command:Invoking command in '/home/hgj/arm_ws/build/elite_ec66_moveit_config': CMAKE_PREFIX_PATH=/home/hgj/arm_ws/install/elite_description:/home/hgj/arm_ws/install/elite_ec66_moveit_config:/home/hgj/arm_ws/install/arm_moveit2_config:/home/hgj/arm_ws/install/arm_gripper_moveit2_config:/home/hgj/ros2_ws/install/fishbot_navigation2:/home/hgj/ros2_ws/install/fishbot_cartographer:/home/hgj/ros2_ws/install/elite_ec66_moveit_config:/home/hgj/ros2_ws/install/elite_description:/home/hgj/ros2_ws/install/cartographer_rviz:/home/hgj/ros2_ws/install/cartographer_ros:/home/hgj/ros2_ws/install/cartographer_ros_msgs:/home/hgj/ros2_ws/install/cartographer:/home/hgj/ros_ws/install/ros2_livox_simulation:/home/hgj/ros_ws/install/rm_navigation:/home/hgj/ros_ws/install/rm_decision_interfaces:/home/hgj/ros_ws/install/pointcloud_to_laserscan:/home/hgj/ros_ws/install/pb_rm_simulation:/home/hgj/ros_ws/install/fast_lio:/home/hgj/ros_ws/install/livox_ros_driver2:/home/hgj/ros_ws/install/linefit_ground_segmentation_ros:/home/hgj/ros_ws/install/linefit_ground_segmentation:/home/hgj/ros_ws/install/icp_localization_ros2:/home/hgj/ros2_ws/install/fishbot_description:/home/hgj/ros_ws/install/rm_decision:/opt/ros/humble /usr/bin/cmake --install /home/hgj/arm_ws/build/elite_ec66_moveit_config
[1.890s] Level 1:colcon.colcon_core.environment:create_environment_scripts_only(arm_gripper_moveit2_config)
[1.891s] DEBUG:colcon.colcon_core.event_handler.log_command:Invoked command in '/home/hgj/arm_ws/build/arm_gripper_moveit2_config' returned '0': CMAKE_PREFIX_PATH=/home/hgj/arm_ws/install/elite_description:/home/hgj/arm_ws/install/elite_ec66_moveit_config:/home/hgj/arm_ws/install/arm_moveit2_config:/home/hgj/arm_ws/install/arm_gripper_moveit2_config:/home/hgj/ros2_ws/install/fishbot_navigation2:/home/hgj/ros2_ws/install/fishbot_cartographer:/home/hgj/ros2_ws/install/elite_ec66_moveit_config:/home/hgj/ros2_ws/install/elite_description:/home/hgj/ros2_ws/install/cartographer_rviz:/home/hgj/ros2_ws/install/cartographer_ros:/home/hgj/ros2_ws/install/cartographer_ros_msgs:/home/hgj/ros2_ws/install/cartographer:/home/hgj/ros_ws/install/ros2_livox_simulation:/home/hgj/ros_ws/install/rm_navigation:/home/hgj/ros_ws/install/rm_decision_interfaces:/home/hgj/ros_ws/install/pointcloud_to_laserscan:/home/hgj/ros_ws/install/pb_rm_simulation:/home/hgj/ros_ws/install/fast_lio:/home/hgj/ros_ws/install/livox_ros_driver2:/home/hgj/ros_ws/install/linefit_ground_segmentation_ros:/home/hgj/ros_ws/install/linefit_ground_segmentation:/home/hgj/ros_ws/install/icp_localization_ros2:/home/hgj/ros2_ws/install/fishbot_description:/home/hgj/ros_ws/install/rm_decision:/opt/ros/humble /usr/bin/cmake --install /home/hgj/arm_ws/build/arm_gripper_moveit2_config
[1.909s] Level 1:colcon.colcon_core.environment:checking '/home/hgj/arm_ws/install/arm_gripper_moveit2_config' for CMake module files
[1.909s] Level 1:colcon.colcon_core.environment:checking '/home/hgj/arm_ws/install/arm_gripper_moveit2_config' for CMake config files
[1.909s] Level 1:colcon.colcon_core.shell:create_environment_hook('arm_gripper_moveit2_config', 'cmake_prefix_path')
[1.923s] INFO:colcon.colcon_core.shell:Creating environment hook '/home/hgj/arm_ws/install/arm_gripper_moveit2_config/share/arm_gripper_moveit2_config/hook/cmake_prefix_path.ps1'
[1.923s] INFO:colcon.colcon_core.shell:Creating environment descriptor '/home/hgj/arm_ws/install/arm_gripper_moveit2_config/share/arm_gripper_moveit2_config/hook/cmake_prefix_path.dsv'
[1.924s] INFO:colcon.colcon_core.shell:Creating environment hook '/home/hgj/arm_ws/install/arm_gripper_moveit2_config/share/arm_gripper_moveit2_config/hook/cmake_prefix_path.sh'
[1.924s] Level 1:colcon.colcon_core.environment:checking '/home/hgj/arm_ws/install/arm_gripper_moveit2_config/bin'
[1.924s] Level 1:colcon.colcon_core.environment:checking '/home/hgj/arm_ws/install/arm_gripper_moveit2_config/lib/pkgconfig/arm_gripper_moveit2_config.pc'
[1.924s] Level 1:colcon.colcon_core.environment:checking '/home/hgj/arm_ws/install/arm_gripper_moveit2_config/lib/python3.10/site-packages'
[1.924s] Level 1:colcon.colcon_core.environment:checking '/home/hgj/arm_ws/install/arm_gripper_moveit2_config/bin'
[1.938s] INFO:colcon.colcon_core.shell:Creating package script '/home/hgj/arm_ws/install/arm_gripper_moveit2_config/share/arm_gripper_moveit2_config/package.ps1'
[1.939s] INFO:colcon.colcon_core.shell:Creating package descriptor '/home/hgj/arm_ws/install/arm_gripper_moveit2_config/share/arm_gripper_moveit2_config/package.dsv'
[1.939s] INFO:colcon.colcon_core.shell:Creating package script '/home/hgj/arm_ws/install/arm_gripper_moveit2_config/share/arm_gripper_moveit2_config/package.sh'
[1.939s] INFO:colcon.colcon_core.shell:Creating package script '/home/hgj/arm_ws/install/arm_gripper_moveit2_config/share/arm_gripper_moveit2_config/package.bash'
[1.940s] INFO:colcon.colcon_core.shell:Creating package script '/home/hgj/arm_ws/install/arm_gripper_moveit2_config/share/arm_gripper_moveit2_config/package.zsh'
[1.940s] Level 1:colcon.colcon_core.environment:create_file_with_runtime_dependencies(/home/hgj/arm_ws/install/arm_gripper_moveit2_config/share/colcon-core/packages/arm_gripper_moveit2_config)
[1.941s] Level 1:colcon.colcon_core.environment:create_environment_scripts_only(elite_ec66_moveit_config)
[1.942s] DEBUG:colcon.colcon_core.event_handler.log_command:Invoked command in '/home/hgj/arm_ws/build/elite_ec66_moveit_config' returned '0': CMAKE_PREFIX_PATH=/home/hgj/arm_ws/install/elite_description:/home/hgj/arm_ws/install/elite_ec66_moveit_config:/home/hgj/arm_ws/install/arm_moveit2_config:/home/hgj/arm_ws/install/arm_gripper_moveit2_config:/home/hgj/ros2_ws/install/fishbot_navigation2:/home/hgj/ros2_ws/install/fishbot_cartographer:/home/hgj/ros2_ws/install/elite_ec66_moveit_config:/home/hgj/ros2_ws/install/elite_description:/home/hgj/ros2_ws/install/cartographer_rviz:/home/hgj/ros2_ws/install/cartographer_ros:/home/hgj/ros2_ws/install/cartographer_ros_msgs:/home/hgj/ros2_ws/install/cartographer:/home/hgj/ros_ws/install/ros2_livox_simulation:/home/hgj/ros_ws/install/rm_navigation:/home/hgj/ros_ws/install/rm_decision_interfaces:/home/hgj/ros_ws/install/pointcloud_to_laserscan:/home/hgj/ros_ws/install/pb_rm_simulation:/home/hgj/ros_ws/install/fast_lio:/home/hgj/ros_ws/install/livox_ros_driver2:/home/hgj/ros_ws/install/linefit_ground_segmentation_ros:/home/hgj/ros_ws/install/linefit_ground_segmentation:/home/hgj/ros_ws/install/icp_localization_ros2:/home/hgj/ros2_ws/install/fishbot_description:/home/hgj/ros_ws/install/rm_decision:/opt/ros/humble /usr/bin/cmake --install /home/hgj/arm_ws/build/elite_ec66_moveit_config
[1.970s] Level 1:colcon.colcon_core.environment:checking '/home/hgj/arm_ws/install/elite_ec66_moveit_config' for CMake module files
[1.970s] Level 1:colcon.colcon_core.environment:checking '/home/hgj/arm_ws/install/elite_ec66_moveit_config' for CMake config files
[1.971s] Level 1:colcon.colcon_core.shell:create_environment_hook('elite_ec66_moveit_config', 'cmake_prefix_path')
[1.982s] INFO:colcon.colcon_core.shell:Creating environment hook '/home/hgj/arm_ws/install/elite_ec66_moveit_config/share/elite_ec66_moveit_config/hook/cmake_prefix_path.ps1'
[1.983s] INFO:colcon.colcon_core.shell:Creating environment descriptor '/home/hgj/arm_ws/install/elite_ec66_moveit_config/share/elite_ec66_moveit_config/hook/cmake_prefix_path.dsv'
[1.984s] INFO:colcon.colcon_core.shell:Creating environment hook '/home/hgj/arm_ws/install/elite_ec66_moveit_config/share/elite_ec66_moveit_config/hook/cmake_prefix_path.sh'
[1.984s] Level 1:colcon.colcon_core.environment:checking '/home/hgj/arm_ws/install/elite_ec66_moveit_config/bin'
[1.984s] Level 1:colcon.colcon_core.environment:checking '/home/hgj/arm_ws/install/elite_ec66_moveit_config/lib/pkgconfig/elite_ec66_moveit_config.pc'
[1.985s] Level 1:colcon.colcon_core.environment:checking '/home/hgj/arm_ws/install/elite_ec66_moveit_config/lib/python3.10/site-packages'
[1.985s] Level 1:colcon.colcon_core.environment:checking '/home/hgj/arm_ws/install/elite_ec66_moveit_config/bin'
[1.996s] INFO:colcon.colcon_core.shell:Creating package script '/home/hgj/arm_ws/install/elite_ec66_moveit_config/share/elite_ec66_moveit_config/package.ps1'
[1.996s] INFO:colcon.colcon_core.shell:Creating package descriptor '/home/hgj/arm_ws/install/elite_ec66_moveit_config/share/elite_ec66_moveit_config/package.dsv'
[1.997s] INFO:colcon.colcon_core.shell:Creating package script '/home/hgj/arm_ws/install/elite_ec66_moveit_config/share/elite_ec66_moveit_config/package.sh'
[1.997s] INFO:colcon.colcon_core.shell:Creating package script '/home/hgj/arm_ws/install/elite_ec66_moveit_config/share/elite_ec66_moveit_config/package.bash'
[1.997s] INFO:colcon.colcon_core.shell:Creating package script '/home/hgj/arm_ws/install/elite_ec66_moveit_config/share/elite_ec66_moveit_config/package.zsh'
[1.997s] Level 1:colcon.colcon_core.environment:create_file_with_runtime_dependencies(/home/hgj/arm_ws/install/elite_ec66_moveit_config/share/colcon-core/packages/elite_ec66_moveit_config)
[1.999s] Level 1:colcon.colcon_core.environment:create_environment_scripts_only(arm_moveit2_config)
[2.001s] DEBUG:colcon.colcon_core.event_handler.log_command:Invoked command in '/home/hgj/arm_ws/build/arm_moveit2_config' returned '0': CMAKE_PREFIX_PATH=/home/hgj/arm_ws/install/elite_description:/home/hgj/arm_ws/install/elite_ec66_moveit_config:/home/hgj/arm_ws/install/arm_moveit2_config:/home/hgj/arm_ws/install/arm_gripper_moveit2_config:/home/hgj/ros2_ws/install/fishbot_navigation2:/home/hgj/ros2_ws/install/fishbot_cartographer:/home/hgj/ros2_ws/install/elite_ec66_moveit_config:/home/hgj/ros2_ws/install/elite_description:/home/hgj/ros2_ws/install/cartographer_rviz:/home/hgj/ros2_ws/install/cartographer_ros:/home/hgj/ros2_ws/install/cartographer_ros_msgs:/home/hgj/ros2_ws/install/cartographer:/home/hgj/ros_ws/install/ros2_livox_simulation:/home/hgj/ros_ws/install/rm_navigation:/home/hgj/ros_ws/install/rm_decision_interfaces:/home/hgj/ros_ws/install/pointcloud_to_laserscan:/home/hgj/ros_ws/install/pb_rm_simulation:/home/hgj/ros_ws/install/fast_lio:/home/hgj/ros_ws/install/livox_ros_driver2:/home/hgj/ros_ws/install/linefit_ground_segmentation_ros:/home/hgj/ros_ws/install/linefit_ground_segmentation:/home/hgj/ros_ws/install/icp_localization_ros2:/home/hgj/ros2_ws/install/fishbot_description:/home/hgj/ros_ws/install/rm_decision:/opt/ros/humble /usr/bin/cmake --install /home/hgj/arm_ws/build/arm_moveit2_config
[2.013s] Level 1:colcon.colcon_core.environment:checking '/home/hgj/arm_ws/install/arm_moveit2_config' for CMake module files
[2.013s] Level 1:colcon.colcon_core.environment:checking '/home/hgj/arm_ws/install/arm_moveit2_config' for CMake config files
[2.014s] Level 1:colcon.colcon_core.shell:create_environment_hook('arm_moveit2_config', 'cmake_prefix_path')
[2.025s] INFO:colcon.colcon_core.shell:Creating environment hook '/home/hgj/arm_ws/install/arm_moveit2_config/share/arm_moveit2_config/hook/cmake_prefix_path.ps1'
[2.026s] INFO:colcon.colcon_core.shell:Creating environment descriptor '/home/hgj/arm_ws/install/arm_moveit2_config/share/arm_moveit2_config/hook/cmake_prefix_path.dsv'
[2.026s] INFO:colcon.colcon_core.shell:Creating environment hook '/home/hgj/arm_ws/install/arm_moveit2_config/share/arm_moveit2_config/hook/cmake_prefix_path.sh'
[2.026s] Level 1:colcon.colcon_core.environment:checking '/home/hgj/arm_ws/install/arm_moveit2_config/bin'
[2.026s] Level 1:colcon.colcon_core.environment:checking '/home/hgj/arm_ws/install/arm_moveit2_config/lib/pkgconfig/arm_moveit2_config.pc'
[2.027s] Level 1:colcon.colcon_core.environment:checking '/home/hgj/arm_ws/install/arm_moveit2_config/lib/python3.10/site-packages'
[2.027s] Level 1:colcon.colcon_core.environment:checking '/home/hgj/arm_ws/install/arm_moveit2_config/bin'
[2.038s] INFO:colcon.colcon_core.shell:Creating package script '/home/hgj/arm_ws/install/arm_moveit2_config/share/arm_moveit2_config/package.ps1'
[2.039s] INFO:colcon.colcon_core.shell:Creating package descriptor '/home/hgj/arm_ws/install/arm_moveit2_config/share/arm_moveit2_config/package.dsv'
[2.039s] INFO:colcon.colcon_core.shell:Creating package script '/home/hgj/arm_ws/install/arm_moveit2_config/share/arm_moveit2_config/package.sh'
[2.039s] INFO:colcon.colcon_core.shell:Creating package script '/home/hgj/arm_ws/install/arm_moveit2_config/share/arm_moveit2_config/package.bash'
[2.039s] INFO:colcon.colcon_core.shell:Creating package script '/home/hgj/arm_ws/install/arm_moveit2_config/share/arm_moveit2_config/package.zsh'
[2.040s] Level 1:colcon.colcon_core.environment:create_file_with_runtime_dependencies(/home/hgj/arm_ws/install/arm_moveit2_config/share/colcon-core/packages/arm_moveit2_config)
[2.053s] Level 1:colcon.colcon_core.environment:create_environment_scripts_only(arm_gripper_moveit2_config)
[2.065s] Level 1:colcon.colcon_core.environment:checking '/home/hgj/arm_ws/install/arm_gripper_moveit2_config' for CMake module files
[2.066s] Level 1:colcon.colcon_core.environment:checking '/home/hgj/arm_ws/install/arm_gripper_moveit2_config' for CMake config files
[2.067s] Level 1:colcon.colcon_core.shell:create_environment_hook('arm_gripper_moveit2_config', 'cmake_prefix_path')
[2.078s] INFO:colcon.colcon_core.shell:Creating environment hook '/home/hgj/arm_ws/install/arm_gripper_moveit2_config/share/arm_gripper_moveit2_config/hook/cmake_prefix_path.ps1'
[2.079s] INFO:colcon.colcon_core.shell:Creating environment descriptor '/home/hgj/arm_ws/install/arm_gripper_moveit2_config/share/arm_gripper_moveit2_config/hook/cmake_prefix_path.dsv'
[2.079s] INFO:colcon.colcon_core.shell:Creating environment hook '/home/hgj/arm_ws/install/arm_gripper_moveit2_config/share/arm_gripper_moveit2_config/hook/cmake_prefix_path.sh'
[2.079s] Level 1:colcon.colcon_core.environment:checking '/home/hgj/arm_ws/install/arm_gripper_moveit2_config/bin'
[2.079s] Level 1:colcon.colcon_core.environment:checking '/home/hgj/arm_ws/install/arm_gripper_moveit2_config/lib/pkgconfig/arm_gripper_moveit2_config.pc'
[2.080s] Level 1:colcon.colcon_core.environment:checking '/home/hgj/arm_ws/install/arm_gripper_moveit2_config/lib/python3.10/site-packages'
[2.080s] Level 1:colcon.colcon_core.environment:checking '/home/hgj/arm_ws/install/arm_gripper_moveit2_config/bin'
[2.091s] INFO:colcon.colcon_core.shell:Creating package script '/home/hgj/arm_ws/install/arm_gripper_moveit2_config/share/arm_gripper_moveit2_config/package.ps1'
[2.092s] INFO:colcon.colcon_core.shell:Creating package descriptor '/home/hgj/arm_ws/install/arm_gripper_moveit2_config/share/arm_gripper_moveit2_config/package.dsv'
[2.092s] INFO:colcon.colcon_core.shell:Creating package script '/home/hgj/arm_ws/install/arm_gripper_moveit2_config/share/arm_gripper_moveit2_config/package.sh'
[2.092s] INFO:colcon.colcon_core.shell:Creating package script '/home/hgj/arm_ws/install/arm_gripper_moveit2_config/share/arm_gripper_moveit2_config/package.bash'
[2.093s] INFO:colcon.colcon_core.shell:Creating package script '/home/hgj/arm_ws/install/arm_gripper_moveit2_config/share/arm_gripper_moveit2_config/package.zsh'
[2.093s] Level 1:colcon.colcon_core.environment:create_file_with_runtime_dependencies(/home/hgj/arm_ws/install/arm_gripper_moveit2_config/share/colcon-core/packages/arm_gripper_moveit2_config)
[2.105s] Level 1:colcon.colcon_core.environment:create_environment_scripts_only(elite_ec66_moveit_config)
[2.118s] Level 1:colcon.colcon_core.environment:checking '/home/hgj/arm_ws/install/elite_ec66_moveit_config' for CMake module files
[2.119s] Level 1:colcon.colcon_core.environment:checking '/home/hgj/arm_ws/install/elite_ec66_moveit_config' for CMake config files
[2.119s] Level 1:colcon.colcon_core.shell:create_environment_hook('elite_ec66_moveit_config', 'cmake_prefix_path')
[2.130s] INFO:colcon.colcon_core.shell:Creating environment hook '/home/hgj/arm_ws/install/elite_ec66_moveit_config/share/elite_ec66_moveit_config/hook/cmake_prefix_path.ps1'
[2.130s] INFO:colcon.colcon_core.shell:Creating environment descriptor '/home/hgj/arm_ws/install/elite_ec66_moveit_config/share/elite_ec66_moveit_config/hook/cmake_prefix_path.dsv'
[2.131s] INFO:colcon.colcon_core.shell:Creating environment hook '/home/hgj/arm_ws/install/elite_ec66_moveit_config/share/elite_ec66_moveit_config/hook/cmake_prefix_path.sh'
[2.131s] Level 1:colcon.colcon_core.environment:checking '/home/hgj/arm_ws/install/elite_ec66_moveit_config/bin'
[2.131s] Level 1:colcon.colcon_core.environment:checking '/home/hgj/arm_ws/install/elite_ec66_moveit_config/lib/pkgconfig/elite_ec66_moveit_config.pc'
[2.131s] Level 1:colcon.colcon_core.environment:checking '/home/hgj/arm_ws/install/elite_ec66_moveit_config/lib/python3.10/site-packages'
[2.132s] Level 1:colcon.colcon_core.environment:checking '/home/hgj/arm_ws/install/elite_ec66_moveit_config/bin'
[2.143s] INFO:colcon.colcon_core.shell:Creating package script '/home/hgj/arm_ws/install/elite_ec66_moveit_config/share/elite_ec66_moveit_config/package.ps1'
[2.144s] INFO:colcon.colcon_core.shell:Creating package descriptor '/home/hgj/arm_ws/install/elite_ec66_moveit_config/share/elite_ec66_moveit_config/package.dsv'
[2.144s] INFO:colcon.colcon_core.shell:Creating package script '/home/hgj/arm_ws/install/elite_ec66_moveit_config/share/elite_ec66_moveit_config/package.sh'
[2.144s] INFO:colcon.colcon_core.shell:Creating package script '/home/hgj/arm_ws/install/elite_ec66_moveit_config/share/elite_ec66_moveit_config/package.bash'
[2.145s] INFO:colcon.colcon_core.shell:Creating package script '/home/hgj/arm_ws/install/elite_ec66_moveit_config/share/elite_ec66_moveit_config/package.zsh'
[2.145s] Level 1:colcon.colcon_core.environment:create_file_with_runtime_dependencies(/home/hgj/arm_ws/install/elite_ec66_moveit_config/share/colcon-core/packages/elite_ec66_moveit_config)
[2.159s] Level 1:colcon.colcon_core.environment:create_environment_scripts_only(arm_moveit2_config)
[2.170s] Level 1:colcon.colcon_core.environment:checking '/home/hgj/arm_ws/install/arm_moveit2_config' for CMake module files
[2.171s] Level 1:colcon.colcon_core.environment:checking '/home/hgj/arm_ws/install/arm_moveit2_config' for CMake config files
[2.171s] Level 1:colcon.colcon_core.shell:create_environment_hook('arm_moveit2_config', 'cmake_prefix_path')
[2.183s] INFO:colcon.colcon_core.shell:Creating environment hook '/home/hgj/arm_ws/install/arm_moveit2_config/share/arm_moveit2_config/hook/cmake_prefix_path.ps1'
[2.184s] INFO:colcon.colcon_core.shell:Creating environment descriptor '/home/hgj/arm_ws/install/arm_moveit2_config/share/arm_moveit2_config/hook/cmake_prefix_path.dsv'
[2.184s] INFO:colcon.colcon_core.shell:Creating environment hook '/home/hgj/arm_ws/install/arm_moveit2_config/share/arm_moveit2_config/hook/cmake_prefix_path.sh'
[2.185s] Level 1:colcon.colcon_core.environment:checking '/home/hgj/arm_ws/install/arm_moveit2_config/bin'
[2.185s] Level 1:colcon.colcon_core.environment:checking '/home/hgj/arm_ws/install/arm_moveit2_config/lib/pkgconfig/arm_moveit2_config.pc'
[2.185s] Level 1:colcon.colcon_core.environment:checking '/home/hgj/arm_ws/install/arm_moveit2_config/lib/python3.10/site-packages'
[2.185s] Level 1:colcon.colcon_core.environment:checking '/home/hgj/arm_ws/install/arm_moveit2_config/bin'
[2.196s] INFO:colcon.colcon_core.shell:Creating package script '/home/hgj/arm_ws/install/arm_moveit2_config/share/arm_moveit2_config/package.ps1'
[2.197s] INFO:colcon.colcon_core.shell:Creating package descriptor '/home/hgj/arm_ws/install/arm_moveit2_config/share/arm_moveit2_config/package.dsv'
[2.197s] INFO:colcon.colcon_core.shell:Creating package script '/home/hgj/arm_ws/install/arm_moveit2_config/share/arm_moveit2_config/package.sh'
[2.198s] INFO:colcon.colcon_core.shell:Creating package script '/home/hgj/arm_ws/install/arm_moveit2_config/share/arm_moveit2_config/package.bash'
[2.198s] INFO:colcon.colcon_core.shell:Creating package script '/home/hgj/arm_ws/install/arm_moveit2_config/share/arm_moveit2_config/package.zsh'
[2.198s] Level 1:colcon.colcon_core.environment:create_file_with_runtime_dependencies(/home/hgj/arm_ws/install/arm_moveit2_config/share/colcon-core/packages/arm_moveit2_config)
[2.199s] DEBUG:colcon.colcon_parallel_executor.executor.parallel:closing loop
[2.200s] DEBUG:colcon.colcon_parallel_executor.executor.parallel:loop closed
[2.200s] DEBUG:colcon.colcon_parallel_executor.executor.parallel:run_until_complete finished with '0'
[2.200s] DEBUG:colcon.colcon_core.event_reactor:joining thread
[2.219s] INFO:colcon.colcon_core.plugin_system:Skipping extension 'colcon_notification.desktop_notification.terminal_notifier': Not used on non-Darwin systems
[2.219s] INFO:colcon.colcon_core.plugin_system:Skipping extension 'colcon_notification.desktop_notification.win32': Not used on non-Windows systems
[2.219s] INFO:colcon.colcon_notification.desktop_notification:Sending desktop notification using 'notify2'
[2.227s] DEBUG:colcon.colcon_core.event_reactor:joined thread
[2.241s] INFO:colcon.colcon_core.shell:Creating prefix script '/home/hgj/arm_ws/install/local_setup.ps1'
[2.242s] INFO:colcon.colcon_core.shell:Creating prefix util module '/home/hgj/arm_ws/install/_local_setup_util_ps1.py'
[2.243s] INFO:colcon.colcon_core.shell:Creating prefix chain script '/home/hgj/arm_ws/install/setup.ps1'
[2.257s] INFO:colcon.colcon_core.shell:Creating prefix script '/home/hgj/arm_ws/install/local_setup.sh'
[2.258s] INFO:colcon.colcon_core.shell:Creating prefix util module '/home/hgj/arm_ws/install/_local_setup_util_sh.py'
[2.258s] INFO:colcon.colcon_core.shell:Creating prefix chain script '/home/hgj/arm_ws/install/setup.sh'
[2.271s] INFO:colcon.colcon_core.shell:Creating prefix script '/home/hgj/arm_ws/install/local_setup.bash'
[2.272s] INFO:colcon.colcon_core.shell:Creating prefix chain script '/home/hgj/arm_ws/install/setup.bash'
[2.284s] INFO:colcon.colcon_core.shell:Creating prefix script '/home/hgj/arm_ws/install/local_setup.zsh'
[2.285s] INFO:colcon.colcon_core.shell:Creating prefix chain script '/home/hgj/arm_ws/install/setup.zsh'
