[1.113s] DEBUG:colcon:Command line arguments: ['/usr/bin/colcon', 'list', '-p', '--base-paths', '/home/hgj/arm_ws']
[1.114s] DEBUG:colcon:Parsed command line arguments: Namespace(log_base=None, log_level=None, verb_name='list', build_base='build', ignore_user_meta=False, metas=['./colcon.meta'], base_paths=['/home/hgj/arm_ws'], packages_ignore=None, packages_ignore_regex=None, paths=None, packages_up_to=None, packages_up_to_regex=None, packages_above=None, packages_above_and_dependencies=None, packages_above_depth=None, packages_select_by_dep=None, packages_skip_by_dep=None, packages_skip_up_to=None, packages_select_build_failed=False, packages_skip_build_finished=False, packages_select_test_failures=False, packages_skip_test_passed=False, packages_select=None, packages_skip=None, packages_select_regex=None, packages_skip_regex=None, packages_start=None, packages_end=None, allow_overriding=[], topological_order=False, names_only=False, paths_only=True, topological_graph=False, topological_graph_dot=False, topological_graph_density=False, topological_graph_legend=False, topological_graph_dot_cluster=False, topological_graph_dot_include_skipped=False, verb_parser=<colcon_defaults.argument_parser.defaults.DefaultArgumentsDecorator object at 0x7fcf067ad900>, verb_extension=<colcon_package_information.verb.list.ListVerb object at 0x7fcf0672cdc0>, main=<bound method ListVerb.main of <colcon_package_information.verb.list.ListVerb object at 0x7fcf0672cdc0>>)
[1.178s] Level 1:colcon.colcon_core.package_discovery:discover_packages(colcon_meta) check parameters
[1.178s] Level 1:colcon.colcon_core.package_discovery:discover_packages(recursive) check parameters
[1.178s] Level 1:colcon.colcon_core.package_discovery:discover_packages(ignore) check parameters
[1.178s] Level 1:colcon.colcon_core.package_discovery:discover_packages(path) check parameters
[1.178s] Level 1:colcon.colcon_core.package_discovery:discover_packages(recursive) discover
[1.178s] INFO:colcon.colcon_core.package_discovery:Crawling recursively for packages in '/home/hgj/arm_ws'
[1.178s] Level 1:colcon.colcon_core.package_identification:_identify(/home/hgj/arm_ws) by extensions ['ignore', 'ignore_ament_install']
[1.178s] Level 1:colcon.colcon_core.package_identification:_identify(/home/hgj/arm_ws) by extension 'ignore'
[1.178s] Level 1:colcon.colcon_core.package_identification:_identify(/home/hgj/arm_ws) by extension 'ignore_ament_install'
[1.178s] Level 1:colcon.colcon_core.package_identification:_identify(/home/hgj/arm_ws) by extensions ['colcon_pkg']
[1.179s] Level 1:colcon.colcon_core.package_identification:_identify(/home/hgj/arm_ws) by extension 'colcon_pkg'
[1.179s] Level 1:colcon.colcon_core.package_identification:_identify(/home/hgj/arm_ws) by extensions ['colcon_meta']
[1.179s] Level 1:colcon.colcon_core.package_identification:_identify(/home/hgj/arm_ws) by extension 'colcon_meta'
[1.179s] Level 1:colcon.colcon_core.package_identification:_identify(/home/hgj/arm_ws) by extensions ['ros']
[1.179s] Level 1:colcon.colcon_core.package_identification:_identify(/home/hgj/arm_ws) by extension 'ros'
[1.193s] Level 1:colcon.colcon_core.package_identification:_identify(/home/hgj/arm_ws) by extensions ['cmake', 'python']
[1.193s] Level 1:colcon.colcon_core.package_identification:_identify(/home/hgj/arm_ws) by extension 'cmake'
[1.193s] Level 1:colcon.colcon_core.package_identification:_identify(/home/hgj/arm_ws) by extension 'python'
[1.193s] Level 1:colcon.colcon_core.package_identification:_identify(/home/hgj/arm_ws) by extensions ['python_setup_py']
[1.193s] Level 1:colcon.colcon_core.package_identification:_identify(/home/hgj/arm_ws) by extension 'python_setup_py'
[1.193s] Level 1:colcon.colcon_core.package_identification:_identify(/home/hgj/arm_ws/build) by extensions ['ignore', 'ignore_ament_install']
[1.194s] Level 1:colcon.colcon_core.package_identification:_identify(/home/hgj/arm_ws/build) by extension 'ignore'
[1.194s] Level 1:colcon.colcon_core.package_identification:_identify(/home/hgj/arm_ws/build) ignored
[1.194s] Level 1:colcon.colcon_core.package_identification:_identify(/home/hgj/arm_ws/install) by extensions ['ignore', 'ignore_ament_install']
[1.194s] Level 1:colcon.colcon_core.package_identification:_identify(/home/hgj/arm_ws/install) by extension 'ignore'
[1.194s] Level 1:colcon.colcon_core.package_identification:_identify(/home/hgj/arm_ws/install) ignored
[1.194s] Level 1:colcon.colcon_core.package_identification:_identify(/home/hgj/arm_ws/log) by extensions ['ignore', 'ignore_ament_install']
[1.194s] Level 1:colcon.colcon_core.package_identification:_identify(/home/hgj/arm_ws/log) by extension 'ignore'
[1.194s] Level 1:colcon.colcon_core.package_identification:_identify(/home/hgj/arm_ws/log) ignored
[1.194s] Level 1:colcon.colcon_core.package_identification:_identify(/home/hgj/arm_ws/src) by extensions ['ignore', 'ignore_ament_install']
[1.194s] Level 1:colcon.colcon_core.package_identification:_identify(/home/hgj/arm_ws/src) by extension 'ignore'
[1.194s] Level 1:colcon.colcon_core.package_identification:_identify(/home/hgj/arm_ws/src) by extension 'ignore_ament_install'
[1.194s] Level 1:colcon.colcon_core.package_identification:_identify(/home/hgj/arm_ws/src) by extensions ['colcon_pkg']
[1.194s] Level 1:colcon.colcon_core.package_identification:_identify(/home/hgj/arm_ws/src) by extension 'colcon_pkg'
[1.194s] Level 1:colcon.colcon_core.package_identification:_identify(/home/hgj/arm_ws/src) by extensions ['colcon_meta']
[1.194s] Level 1:colcon.colcon_core.package_identification:_identify(/home/hgj/arm_ws/src) by extension 'colcon_meta'
[1.194s] Level 1:colcon.colcon_core.package_identification:_identify(/home/hgj/arm_ws/src) by extensions ['ros']
[1.194s] Level 1:colcon.colcon_core.package_identification:_identify(/home/hgj/arm_ws/src) by extension 'ros'
[1.194s] Level 1:colcon.colcon_core.package_identification:_identify(/home/hgj/arm_ws/src) by extensions ['cmake', 'python']
[1.195s] Level 1:colcon.colcon_core.package_identification:_identify(/home/hgj/arm_ws/src) by extension 'cmake'
[1.195s] Level 1:colcon.colcon_core.package_identification:_identify(/home/hgj/arm_ws/src) by extension 'python'
[1.195s] Level 1:colcon.colcon_core.package_identification:_identify(/home/hgj/arm_ws/src) by extensions ['python_setup_py']
[1.195s] Level 1:colcon.colcon_core.package_identification:_identify(/home/hgj/arm_ws/src) by extension 'python_setup_py'
[1.195s] Level 1:colcon.colcon_core.package_identification:_identify(/home/hgj/arm_ws/src/arm_gripper_moveit2_config) by extensions ['ignore', 'ignore_ament_install']
[1.195s] Level 1:colcon.colcon_core.package_identification:_identify(/home/hgj/arm_ws/src/arm_gripper_moveit2_config) by extension 'ignore'
[1.195s] Level 1:colcon.colcon_core.package_identification:_identify(/home/hgj/arm_ws/src/arm_gripper_moveit2_config) by extension 'ignore_ament_install'
[1.195s] Level 1:colcon.colcon_core.package_identification:_identify(/home/hgj/arm_ws/src/arm_gripper_moveit2_config) by extensions ['colcon_pkg']
[1.195s] Level 1:colcon.colcon_core.package_identification:_identify(/home/hgj/arm_ws/src/arm_gripper_moveit2_config) by extension 'colcon_pkg'
[1.195s] Level 1:colcon.colcon_core.package_identification:_identify(/home/hgj/arm_ws/src/arm_gripper_moveit2_config) by extensions ['colcon_meta']
[1.195s] Level 1:colcon.colcon_core.package_identification:_identify(/home/hgj/arm_ws/src/arm_gripper_moveit2_config) by extension 'colcon_meta'
[1.195s] Level 1:colcon.colcon_core.package_identification:_identify(/home/hgj/arm_ws/src/arm_gripper_moveit2_config) by extensions ['ros']
[1.195s] Level 1:colcon.colcon_core.package_identification:_identify(/home/hgj/arm_ws/src/arm_gripper_moveit2_config) by extension 'ros'
[1.202s] DEBUG:colcon.colcon_core.package_identification:Package '/home/hgj/arm_ws/src/arm_gripper_moveit2_config' with type 'ros.ament_cmake' and name 'arm_gripper_moveit2_config'
[1.202s] Level 1:colcon.colcon_core.package_identification:_identify(/home/hgj/arm_ws/src/elite_robot_ros2) by extensions ['ignore', 'ignore_ament_install']
[1.202s] Level 1:colcon.colcon_core.package_identification:_identify(/home/hgj/arm_ws/src/elite_robot_ros2) by extension 'ignore'
[1.202s] Level 1:colcon.colcon_core.package_identification:_identify(/home/hgj/arm_ws/src/elite_robot_ros2) by extension 'ignore_ament_install'
[1.202s] Level 1:colcon.colcon_core.package_identification:_identify(/home/hgj/arm_ws/src/elite_robot_ros2) by extensions ['colcon_pkg']
[1.202s] Level 1:colcon.colcon_core.package_identification:_identify(/home/hgj/arm_ws/src/elite_robot_ros2) by extension 'colcon_pkg'
[1.202s] Level 1:colcon.colcon_core.package_identification:_identify(/home/hgj/arm_ws/src/elite_robot_ros2) by extensions ['colcon_meta']
[1.202s] Level 1:colcon.colcon_core.package_identification:_identify(/home/hgj/arm_ws/src/elite_robot_ros2) by extension 'colcon_meta'
[1.202s] Level 1:colcon.colcon_core.package_identification:_identify(/home/hgj/arm_ws/src/elite_robot_ros2) by extensions ['ros']
[1.202s] Level 1:colcon.colcon_core.package_identification:_identify(/home/hgj/arm_ws/src/elite_robot_ros2) by extension 'ros'
[1.202s] Level 1:colcon.colcon_core.package_identification:_identify(/home/hgj/arm_ws/src/elite_robot_ros2) by extensions ['cmake', 'python']
[1.202s] Level 1:colcon.colcon_core.package_identification:_identify(/home/hgj/arm_ws/src/elite_robot_ros2) by extension 'cmake'
[1.202s] Level 1:colcon.colcon_core.package_identification:_identify(/home/hgj/arm_ws/src/elite_robot_ros2) by extension 'python'
[1.202s] Level 1:colcon.colcon_core.package_identification:_identify(/home/hgj/arm_ws/src/elite_robot_ros2) by extensions ['python_setup_py']
[1.202s] Level 1:colcon.colcon_core.package_identification:_identify(/home/hgj/arm_ws/src/elite_robot_ros2) by extension 'python_setup_py'
[1.203s] Level 1:colcon.colcon_core.package_identification:_identify(/home/hgj/arm_ws/src/elite_robot_ros2/src) by extensions ['ignore', 'ignore_ament_install']
[1.203s] Level 1:colcon.colcon_core.package_identification:_identify(/home/hgj/arm_ws/src/elite_robot_ros2/src) by extension 'ignore'
[1.203s] Level 1:colcon.colcon_core.package_identification:_identify(/home/hgj/arm_ws/src/elite_robot_ros2/src) by extension 'ignore_ament_install'
[1.203s] Level 1:colcon.colcon_core.package_identification:_identify(/home/hgj/arm_ws/src/elite_robot_ros2/src) by extensions ['colcon_pkg']
[1.203s] Level 1:colcon.colcon_core.package_identification:_identify(/home/hgj/arm_ws/src/elite_robot_ros2/src) by extension 'colcon_pkg'
[1.203s] Level 1:colcon.colcon_core.package_identification:_identify(/home/hgj/arm_ws/src/elite_robot_ros2/src) by extensions ['colcon_meta']
[1.203s] Level 1:colcon.colcon_core.package_identification:_identify(/home/hgj/arm_ws/src/elite_robot_ros2/src) by extension 'colcon_meta'
[1.203s] Level 1:colcon.colcon_core.package_identification:_identify(/home/hgj/arm_ws/src/elite_robot_ros2/src) by extensions ['ros']
[1.203s] Level 1:colcon.colcon_core.package_identification:_identify(/home/hgj/arm_ws/src/elite_robot_ros2/src) by extension 'ros'
[1.203s] Level 1:colcon.colcon_core.package_identification:_identify(/home/hgj/arm_ws/src/elite_robot_ros2/src) by extensions ['cmake', 'python']
[1.203s] Level 1:colcon.colcon_core.package_identification:_identify(/home/hgj/arm_ws/src/elite_robot_ros2/src) by extension 'cmake'
[1.203s] Level 1:colcon.colcon_core.package_identification:_identify(/home/hgj/arm_ws/src/elite_robot_ros2/src) by extension 'python'
[1.203s] Level 1:colcon.colcon_core.package_identification:_identify(/home/hgj/arm_ws/src/elite_robot_ros2/src) by extensions ['python_setup_py']
[1.203s] Level 1:colcon.colcon_core.package_identification:_identify(/home/hgj/arm_ws/src/elite_robot_ros2/src) by extension 'python_setup_py'
[1.203s] Level 1:colcon.colcon_core.package_identification:_identify(/home/hgj/arm_ws/src/elite_robot_ros2/src/arm_moveit2_config) by extensions ['ignore', 'ignore_ament_install']
[1.203s] Level 1:colcon.colcon_core.package_identification:_identify(/home/hgj/arm_ws/src/elite_robot_ros2/src/arm_moveit2_config) by extension 'ignore'
[1.203s] Level 1:colcon.colcon_core.package_identification:_identify(/home/hgj/arm_ws/src/elite_robot_ros2/src/arm_moveit2_config) by extension 'ignore_ament_install'
[1.203s] Level 1:colcon.colcon_core.package_identification:_identify(/home/hgj/arm_ws/src/elite_robot_ros2/src/arm_moveit2_config) by extensions ['colcon_pkg']
[1.203s] Level 1:colcon.colcon_core.package_identification:_identify(/home/hgj/arm_ws/src/elite_robot_ros2/src/arm_moveit2_config) by extension 'colcon_pkg'
[1.203s] Level 1:colcon.colcon_core.package_identification:_identify(/home/hgj/arm_ws/src/elite_robot_ros2/src/arm_moveit2_config) by extensions ['colcon_meta']
[1.203s] Level 1:colcon.colcon_core.package_identification:_identify(/home/hgj/arm_ws/src/elite_robot_ros2/src/arm_moveit2_config) by extension 'colcon_meta'
[1.203s] Level 1:colcon.colcon_core.package_identification:_identify(/home/hgj/arm_ws/src/elite_robot_ros2/src/arm_moveit2_config) by extensions ['ros']
[1.203s] Level 1:colcon.colcon_core.package_identification:_identify(/home/hgj/arm_ws/src/elite_robot_ros2/src/arm_moveit2_config) by extension 'ros'
[1.204s] DEBUG:colcon.colcon_core.package_identification:Package '/home/hgj/arm_ws/src/elite_robot_ros2/src/arm_moveit2_config' with type 'ros.ament_cmake' and name 'arm_moveit2_config'
[1.205s] Level 1:colcon.colcon_core.package_identification:_identify(/home/hgj/arm_ws/src/elite_robot_ros2/src/elite_description) by extensions ['ignore', 'ignore_ament_install']
[1.205s] Level 1:colcon.colcon_core.package_identification:_identify(/home/hgj/arm_ws/src/elite_robot_ros2/src/elite_description) by extension 'ignore'
[1.205s] Level 1:colcon.colcon_core.package_identification:_identify(/home/hgj/arm_ws/src/elite_robot_ros2/src/elite_description) by extension 'ignore_ament_install'
[1.205s] Level 1:colcon.colcon_core.package_identification:_identify(/home/hgj/arm_ws/src/elite_robot_ros2/src/elite_description) by extensions ['colcon_pkg']
[1.205s] Level 1:colcon.colcon_core.package_identification:_identify(/home/hgj/arm_ws/src/elite_robot_ros2/src/elite_description) by extension 'colcon_pkg'
[1.206s] Level 1:colcon.colcon_core.package_identification:_identify(/home/hgj/arm_ws/src/elite_robot_ros2/src/elite_description) by extensions ['colcon_meta']
[1.206s] Level 1:colcon.colcon_core.package_identification:_identify(/home/hgj/arm_ws/src/elite_robot_ros2/src/elite_description) by extension 'colcon_meta'
[1.206s] Level 1:colcon.colcon_core.package_identification:_identify(/home/hgj/arm_ws/src/elite_robot_ros2/src/elite_description) by extensions ['ros']
[1.206s] Level 1:colcon.colcon_core.package_identification:_identify(/home/hgj/arm_ws/src/elite_robot_ros2/src/elite_description) by extension 'ros'
[1.207s] DEBUG:colcon.colcon_core.package_identification:Package '/home/hgj/arm_ws/src/elite_robot_ros2/src/elite_description' with type 'ros.ament_cmake' and name 'elite_description'
[1.207s] Level 1:colcon.colcon_core.package_identification:_identify(/home/hgj/arm_ws/src/elite_robot_ros2/src/elite_moveit2) by extensions ['ignore', 'ignore_ament_install']
[1.207s] Level 1:colcon.colcon_core.package_identification:_identify(/home/hgj/arm_ws/src/elite_robot_ros2/src/elite_moveit2) by extension 'ignore'
[1.207s] Level 1:colcon.colcon_core.package_identification:_identify(/home/hgj/arm_ws/src/elite_robot_ros2/src/elite_moveit2) by extension 'ignore_ament_install'
[1.208s] Level 1:colcon.colcon_core.package_identification:_identify(/home/hgj/arm_ws/src/elite_robot_ros2/src/elite_moveit2) by extensions ['colcon_pkg']
[1.208s] Level 1:colcon.colcon_core.package_identification:_identify(/home/hgj/arm_ws/src/elite_robot_ros2/src/elite_moveit2) by extension 'colcon_pkg'
[1.208s] Level 1:colcon.colcon_core.package_identification:_identify(/home/hgj/arm_ws/src/elite_robot_ros2/src/elite_moveit2) by extensions ['colcon_meta']
[1.208s] Level 1:colcon.colcon_core.package_identification:_identify(/home/hgj/arm_ws/src/elite_robot_ros2/src/elite_moveit2) by extension 'colcon_meta'
[1.208s] Level 1:colcon.colcon_core.package_identification:_identify(/home/hgj/arm_ws/src/elite_robot_ros2/src/elite_moveit2) by extensions ['ros']
[1.208s] Level 1:colcon.colcon_core.package_identification:_identify(/home/hgj/arm_ws/src/elite_robot_ros2/src/elite_moveit2) by extension 'ros'
[1.208s] Level 1:colcon.colcon_core.package_identification:_identify(/home/hgj/arm_ws/src/elite_robot_ros2/src/elite_moveit2) by extensions ['cmake', 'python']
[1.208s] Level 1:colcon.colcon_core.package_identification:_identify(/home/hgj/arm_ws/src/elite_robot_ros2/src/elite_moveit2) by extension 'cmake'
[1.208s] Level 1:colcon.colcon_core.package_identification:_identify(/home/hgj/arm_ws/src/elite_robot_ros2/src/elite_moveit2) by extension 'python'
[1.208s] Level 1:colcon.colcon_core.package_identification:_identify(/home/hgj/arm_ws/src/elite_robot_ros2/src/elite_moveit2) by extensions ['python_setup_py']
[1.208s] Level 1:colcon.colcon_core.package_identification:_identify(/home/hgj/arm_ws/src/elite_robot_ros2/src/elite_moveit2) by extension 'python_setup_py'
[1.208s] Level 1:colcon.colcon_core.package_identification:_identify(/home/hgj/arm_ws/src/elite_robot_ros2/src/elite_moveit2/elite_ec66_moveit_config) by extensions ['ignore', 'ignore_ament_install']
[1.208s] Level 1:colcon.colcon_core.package_identification:_identify(/home/hgj/arm_ws/src/elite_robot_ros2/src/elite_moveit2/elite_ec66_moveit_config) by extension 'ignore'
[1.208s] Level 1:colcon.colcon_core.package_identification:_identify(/home/hgj/arm_ws/src/elite_robot_ros2/src/elite_moveit2/elite_ec66_moveit_config) by extension 'ignore_ament_install'
[1.208s] Level 1:colcon.colcon_core.package_identification:_identify(/home/hgj/arm_ws/src/elite_robot_ros2/src/elite_moveit2/elite_ec66_moveit_config) by extensions ['colcon_pkg']
[1.208s] Level 1:colcon.colcon_core.package_identification:_identify(/home/hgj/arm_ws/src/elite_robot_ros2/src/elite_moveit2/elite_ec66_moveit_config) by extension 'colcon_pkg'
[1.208s] Level 1:colcon.colcon_core.package_identification:_identify(/home/hgj/arm_ws/src/elite_robot_ros2/src/elite_moveit2/elite_ec66_moveit_config) by extensions ['colcon_meta']
[1.208s] Level 1:colcon.colcon_core.package_identification:_identify(/home/hgj/arm_ws/src/elite_robot_ros2/src/elite_moveit2/elite_ec66_moveit_config) by extension 'colcon_meta'
[1.208s] Level 1:colcon.colcon_core.package_identification:_identify(/home/hgj/arm_ws/src/elite_robot_ros2/src/elite_moveit2/elite_ec66_moveit_config) by extensions ['ros']
[1.208s] Level 1:colcon.colcon_core.package_identification:_identify(/home/hgj/arm_ws/src/elite_robot_ros2/src/elite_moveit2/elite_ec66_moveit_config) by extension 'ros'
[1.211s] DEBUG:colcon.colcon_core.package_identification:Package '/home/hgj/arm_ws/src/elite_robot_ros2/src/elite_moveit2/elite_ec66_moveit_config' with type 'ros.ament_cmake' and name 'elite_ec66_moveit_config'
[1.211s] Level 1:colcon.colcon_core.package_discovery:discover_packages(recursive) using defaults
